1
1000
2
3
4
5
999
6
7
8
9
10
11
12
13
998
14
15
16
17
997
996
995
994
993
18
992
991
990
989
988
987
986
985
984
983
982
981
19
20
980
979
978
977
976
21
975
22
23
24
25
26
27
28
29
30
974
973
972
971
31
970
32
33
34
35
36
37
969
968
967
966
965
964
963
962
961
960
959
38
39
40
41
958
957
956
42
43
44
45
46
47
48
49
50
51
52
53
54
55
56
57
58
59
60
955
954
953
61
952
951
950
949
948
947
946
945
944
943
942
941
940
939
938
937
936
935
934
933
932
931
930
929
62
63
64
65
66
928
927
926
925
67
924
923
68
922
921
69
920
919
70
71
72
73
918
917
916
915
914
913
912
911
910
909
908
74
907
906
905
904
903
75
76
77
902
78
901
900
899
79
80
898
81
897
896
82
83
84
895
894
893
85
892
891
890
889
888
86
887
886
885
87
88
884
883
882
881
89
90
91
92
93
880
879
878
877
876
875
94
95
874
96
97
98
99
100
101
102
103
104
873
872
871
870
869
868
105
106
107
867
866
865
864
863
862
861
860
859
858
857
108
856
855
109
110
111
112
113
854
853
114
115
116
852
851
117
850
849
118
119
120
121
122
123
124
125
126
127
848
847
846
845
844
843
842
841
840
128
129
130
839
838
837
836
835
131
132
834
833
832
831
133
134
135
830
136
137
138
139
140
141
142
143
144
145
146
147
829
828
827
148
149
826
825
150
824
151
152
153
154
155
823
156
157
822
821
158
159
160
161
162
163
164
165
166
820
167
168
169
170
819
818
817
816
815
171
172
173
174
175
176
177
178
814
813
812
811
810
809
808
807
806
805
179
180
181
804
182
803
802
801
800
799
798
797
796
183
795
794
793
792
791
184
185
186
790
789
788
787
786
187
188
189
190
191
192
193
194
195
196
197
198
785
784
783
782
199
200
201
781
202
780
203
204
205
206
207
208
209
210
211
779
212
213
214
778
215
216
777
776
775
774
773
217
218
219
220
221
772
222
223
224
225
226
227
228
771
770
769
229
768
767
766
765
764
763
762
761
230
760
759
758
231
232
757
233
234
235
756
755
236
754
753
752
751
750
237
238
239
240
241
242
749
243
748
747
746
745
244
245
246
744
743
247
248
249
250
251
252
253
742
741
740
739
738
737
736
735
254
255
256
257
258
734
733
259
260
732
261
731
730
729
728
727
726
725
724
262
723
722
721
720
719
718
717
263
264
265
266
267
268
716
269
270
715
714
713
712
711
710
709
708
271
272
273
274
707
706
705
275
704
276
277
278
703
702
701
700
699
698
697
696
695
694
693
279
280
692
281
282
283
691
284
690
689
688
687
686
685
684
683
682
285
286
287
288
289
290
291
681
680
679
292
293
294
295
296
297
298
299
300
678
301
302
303
304
677
305
306
676
675
674
673
672
671
670
307
669
668
308
309
310
311
667
666
312
313
665
664
663
662
661
314
315
316
317
318
319
320
321
660
659
658
657
656
655
654
322
323
324
325
653
652
651
650
649
648
647
646
645
326
327
644
328
329
330
643
331
332
333
642
641
640
639
638
637
334
335
336
636
635
634
633
632
631
337
630
629
628
627
626
625
624
623
622
621
620
619
618
617
338
616
615
614
339
340
341
342
343
344
613
612
611
610
609
608
607
606
605
345
346
347
604
348
349
350
351
352
353
354
603
355
602
601
600
599
598
597
356
357
358
359
360
361
362
363
364
365
366
367
368
369
370
596
595
594
593
592
591
590
589
371
372
373
374
375
376
377
378
379
380
381
382
383
384
588
587
586
585
584
583
582
581
580
579
578
577
576
575
574
573
572
571
570
569
568
567
566
565
564
563
562
561
560
559
558
557
385
386
556
555
387
554
553
552
551
550
549
548
547
388
546
545
544
543
542
541
389
390
391
392
540
539
393
394
538
395
396
537
397
536
535
534
533
532
531
398
399
400
401
402
530
529
528
527
526
525
524
523
403
404
405
406
522
521
520
519
518
407
517
516
408
409
410
411
515
514
513
512
511
510
509
508
507
506
505
504
412
413
503
502
501
500
499
498
497
414
415
416
417
418
419
420
421
422
496
423
495
494
493
492
491
490
489
488
487
486
485
484
483
482
481
480
479
424
478
477
476
425
475
474
473
472
426
427
471
428
470
469
468
467
466
465
464
463
429
430
462
461
431
460
459
458
457
456
432
433
434
435
436
437
438
455
439
440
441
442
443
444
445
446
447
454
453
452
448
451
449
450
