3
1
0
2
3
1
0
2
5 6 7 8 -1 -2 -3 -4 
  ++ 1 += 1
  ++ 2 += 1
  ++ 4 += 1
  ++ 8 += 1
  ++ 16 += 1
  ++ 32 += 1
  ++ 64 += 1
  ++ 128 += 1
  ++ 256 += 1
  ++ 512 += 1
  ++ 1024 += 1
  ++ 2048 += 1
  ++ 4096 += 1
  ++ 8192 += 1
  ++ 16384 += 1
  ++ 32768 += 1
  ++ 65536 += 1
  ++ 131072 += 1
  ++ 2 += 1
  ++ 4 += 1
  ++ 8 += 1
  ++ 16 += 1
  ++ 32 += 1
  ++ 64 += 1
  ++ 128 += 1
  ++ 256 += 1
  ++ 512 += 1
  ++ 1024 += 1
  ++ 2048 += 1
  ++ 4096 += 1
  ++ 8192 += 1
  ++ 16384 += 1
  ++ 32768 += 1
  ++ 65536 += 1
  ++ 131072 += 1
  ++ 3 += 1
  ++ 4 += 1
  ++ 8 += 1
  ++ 16 += 1
  ++ 32 += 1
  ++ 64 += 1
  ++ 128 += 1
  ++ 256 += 1
  ++ 512 += 1
  ++ 1024 += 1
  ++ 2048 += 1
  ++ 4096 += 1
  ++ 8192 += 1
  ++ 16384 += 1
  ++ 32768 += 1
  ++ 65536 += 1
  ++ 131072 += 1
  ++ 4 += 1
  ++ 8 += 1
  ++ 16 += 1
  ++ 32 += 1
  ++ 64 += 1
  ++ 128 += 1
  ++ 256 += 1
  ++ 512 += 1
  ++ 1024 += 1
  ++ 2048 += 1
  ++ 4096 += 1
  ++ 8192 += 1
  ++ 16384 += 1
  ++ 32768 += 1
  ++ 65536 += 1
  ++ 131072 += 1
  ++ 1 += -1
  ++ 2 += -1
  ++ 4 += -1
  ++ 8 += -1
  ++ 16 += -1
  ++ 32 += -1
  ++ 64 += -1
  ++ 128 += -1
  ++ 256 += -1
  ++ 512 += -1
  ++ 1024 += -1
  ++ 2048 += -1
  ++ 4096 += -1
  ++ 8192 += -1
  ++ 16384 += -1
  ++ 32768 += -1
  ++ 65536 += -1
  ++ 131072 += -1
  ++ 2 += -1
  ++ 4 += -1
  ++ 8 += -1
  ++ 16 += -1
  ++ 32 += -1
  ++ 64 += -1
  ++ 128 += -1
  ++ 256 += -1
  ++ 512 += -1
  ++ 1024 += -1
  ++ 2048 += -1
  ++ 4096 += -1
  ++ 8192 += -1
  ++ 16384 += -1
  ++ 32768 += -1
  ++ 65536 += -1
  ++ 131072 += -1
  ++ 3 += -1
  ++ 4 += -1
  ++ 8 += -1
  ++ 16 += -1
  ++ 32 += -1
  ++ 64 += -1
  ++ 128 += -1
  ++ 256 += -1
  ++ 512 += -1
  ++ 1024 += -1
  ++ 2048 += -1
  ++ 4096 += -1
  ++ 8192 += -1
  ++ 16384 += -1
  ++ 32768 += -1
  ++ 65536 += -1
  ++ 131072 += -1
  ++ 4 += -1
  ++ 8 += -1
  ++ 16 += -1
  ++ 32 += -1
  ++ 64 += -1
  ++ 128 += -1
  ++ 256 += -1
  ++ 512 += -1
  ++ 1024 += -1
  ++ 2048 += -1
  ++ 4096 += -1
  ++ 8192 += -1
  ++ 16384 += -1
  ++ 32768 += -1
  ++ 65536 += -1
  ++ 131072 += -1
6
8
