
Session Start: Wed Jun 09 20:05:53 2004
Session Ident: #ioi2004
* Now talking in #ioi2004
<Prince_of_Dawn> no nqmame Velin
<VelinTzanov> Zdrasti banda.
<Prince_of_Dawn> e eto edin
<VelinTzanov> Izviniavaite che zakusniah.
* Logging #ioi2004 to 'logs\ioi_2004_06_10.log'
<Prince_of_Dawn> pravi log che sam w klub
<VelinTzanov> Pravia, da.
<Swetko> az pravia
<VelinTzanov> Zashto ne si mi pratil domashno be, Borisov?
<Swetko> dashe i na vtorata grupa pravia log
<Prince_of_Dawn> mi nqmam net
<VelinTzanov> Zashto taka?
<Prince_of_Dawn> w sofiq wali mnogo
<Prince_of_Dawn> i burii
<VelinTzanov> Swetko, kak vyrvi drugata grupa? Az sym tolkova zalisan s rabota, che niamam vreme dori da pitam Ivo.
<Swetko> i tuka valia
<VelinTzanov> I zatova niamash Net?!
<Swetko> ami     te vchera biaha ot 7 ama se biaha subrali bez riskov ot 5 i obsyshdaha razni  zadachi
<VelinTzanov> Tvoia Net po satelita li idva? :)
<Swetko> i stana 5 chasa IRC
<Prince_of_Dawn> mi ne po kabel
<VelinTzanov> A pone napisa li go domashnoto?
<Prince_of_Dawn> rods da
<Prince_of_Dawn> a dwarfs sam go pisal predi (skoro )
<Prince_of_Dawn> i hexa napisah
<Swetko> i bachka li
<Prince_of_Dawn> a double ne moga da kompliram i na 98
<Prince_of_Dawn> parwite tri da 
<Prince_of_Dawn> ( hexa ne sam q testwal 
<Prince_of_Dawn> ma mislq che raboti
<Swetko> :)
<VelinTzanov> A sega shte mi gi pratish li?
<Swetko> testvai
<Prince_of_Dawn> ne moga
<Prince_of_Dawn> w klub sam
<VelinTzanov> OK. Kogato ti trygne Net-a shte mi gi pratish.
<Prince_of_Dawn> razbirase
<VelinTzanov> Niakakvi vyprosi po vcherashnia material?
<Prince_of_Dawn> dawai napred 
<rangel__> az maj nqmam
<Prince_of_Dawn> che rangel wzema wlaka w 8
<VelinTzanov> Off, OK
<VelinTzanov> Vlado tuk li e?
<sssa88> tuk
<VelinTzanov> Kajete samo byrzo koi kakvo e pravil dnes. Swetko?
<Swetko> ami pochti napisah wireless
<Prince_of_Dawn> (wchera)
<VelinTzanov> Ako ste imali niakakvi problemi prez denia, zadyljitelno triabva da gi chuia.
<VelinTzanov> Da, vchera. :)
<VelinTzanov> Drugo, Swetko?
<Swetko> i se probvah da si promenia malko Dwarves  ama nesto ia sbygnah 
<Swetko> a vecherta ne biah v sustoianie da mislia
<VelinTzanov> Wireless zashto ne uspia da ia donapishesh?
<Swetko> ami zastoto mi se speshe
<Swetko> i sega ia donapisvam
<Swetko> niama strashno
<Swetko> ste uspeia da  ia napisha
<VelinTzanov> Vlado?
<VelinTzanov> Ti?
<sssa88> az domashnoto napravih
<VelinTzanov> Za drugo niamashe vreme? :)
<sssa88> e ne che nqmah
<VelinTzanov> Jelanie li niamashe? >:)
<VelinTzanov> Borisov, ti?
<sssa88> sutrinta mi se speshe
<sssa88> i chak sledobqd pochnah
<Prince_of_Dawn> mi napisah rods
<Prince_of_Dawn> proraboti
<VelinTzanov> Aa, ti mi kaza gore, da.
<Swetko> az puk na uchiliste spia v polovinata chasove
<VelinTzanov> Rangel?
<Prince_of_Dawn> i wchera wecherta sled kato prez denq hodih po zadaljeniq i si chetoh twoq sorce na hexa
<VelinTzanov> Da, Swetko, i az taka polzvah uchilishteto za syn... :)
<Prince_of_Dawn> razbrah hesha
<Prince_of_Dawn> i napisah hexa
<rangel__> osven che si napisah domashnoto prekaleno bavno, posle poglednah Shumen 2001 zadachite
<rangel__> i kato se ubedih che ne znam elementarni neshta ot teoriq na grafite sednah da cheta namirane tochka na sychelqvane na graf
<VelinTzanov> :) Dobre, dobre...
<VelinTzanov> Vie dvamata s Vlado triabva taka po-razshireno da ia karate, shtoto si niamate druga rabota.
<VelinTzanov> Standartnia raboten den e 8 chasa.
<sssa88> hubavo
<VelinTzanov> Ako priemem che tova vi e rabotata, ochakva se da i otdeliate po 8 chasa...
<Swetko> da ama na men mi otiva v uchiliste :)
<VelinTzanov> 2-3 otivat v sesii, znachi ostavat 5-6 za vas.
<Swetko> ne che rabotia ama me natovarva susto tolkova
<VelinTzanov> Da, vie s Borisov ste izvineni. Ot vas samo domashnite.
<VelinTzanov> Vsyshtnost ot teb triabva i neshto samostoiatelno, che domashnite si mi gi predal oshte minalata godina... :)
<Swetko> ami nali pravia
<Swetko> dneska ste se opitam nesto poveche da napravia
<VelinTzanov> Btw, Rangele, drugite 2 zadachi ot Shumen shte gi pravim na podgotovkata po niakoe vreme.
<VelinTzanov> Mislia che chak sled BOI i predi IOI obache.
<Prince_of_Dawn> ;)
<Prince_of_Dawn> shte moje li i togawa da ochastwame dori da ne sme w 4
<Prince_of_Dawn> ili pone log-cheta
<Prince_of_Dawn> molq
<VelinTzanov> Kakvi sa tia planove da ne vlizash v 4-kata?!
<VelinTzanov> Porajencheskoto mislene tuk e zabraneno!
<Prince_of_Dawn> nqmam takiwa
<VelinTzanov> Gotvite se za zlatni medali na IOI.
<Prince_of_Dawn> ma minalata godina ne wlqzah 
<VelinTzanov> Ako ste za zlato na IOI, mojete da ste sigurni che shte se klasirate.
<VelinTzanov> Ama minalata godina ne ti triabvaha 20 tochki za da vlezesh.
<Prince_of_Dawn> no pomisli po waprosa
<Prince_of_Dawn> nie s swetko sme mladi
<VelinTzanov> OK - prehvyrliam diskusiata na lichno, che Rangel niama vreme da ni chete glupostite.
<VelinTzanov> Pochvame po syshtestvo.
<Swetko> da
<VelinTzanov> Veche go znaete dvoichnoto tyrsene, nali?
<sssa88> da
<Prince_of_Dawn> da
<VelinTzanov> Greshen otgovor. :)
<Swetko> da
<Prince_of_Dawn> rabirase
<VelinTzanov> Vchera definirahme formalno dvoichno tyrsene.
<Swetko> haah
<Swetko> kakvo oste ima
<VelinTzanov> Dneska shte se opitame da go "usetim".
<rangel__> nqkoq izvratena forma predpolagam :-)
<VelinTzanov> Swetko, ti tova go znaesh. :)
<Swetko> otkude li
<VelinTzanov> Dvoichnoto tyrsene si ima ideia.
<Swetko> a da be - setih se
<VelinTzanov> Ideiata e taka da atakuvame problema, che kakvoto i da stane (dori da stane nai-loshoto) shtetite za nas da sa minimalni.
<VelinTzanov> Celeiki po sredata vie znaete, che nai-loshoto koeto moje da vi se sluchi e da si namalite prostranstvoto za tyrsene 2 pyti. A tova e dosta hubavo neshto. :)
<VelinTzanov> Dnes shte se uchim da prilagame syshtia podhod i otvyrd dvoichnoto tyrsene.
<VelinTzanov> T.e. kogato sme postaveni v situaciata da celim v tymnoto, nie vinagi shte celim taka che nai-loshia sluchai da e vyzmojno nai-dobyr.
<VelinTzanov> Za celta shte razgledame tri zadachki s narastvashta trudnost.
<Swetko> :) haha
<VelinTzanov> Pyrvata zadachka e Mountain ot 2-ro kontrolno 2003.
<VelinTzanov> Iskate li link?
<Swetko> che to dvoichno tyrsene li beshe - dokolkoto pomnia az ne sumpisal dvoichno a imam poveche tochki ot tvoiata programa
<rangel__> tazi maj vsichki sme q cheli :-)
<Prince_of_Dawn> da
<sssa88> aha
<VelinTzanov> http://infoman.musala.com/contests/noi/2003/kont2_tasks.html
<VelinTzanov> A, viarno be. :)
<VelinTzanov> Tezi deto ne biaha nacionali minalata godina sa vse pri Ivo. :)
<VelinTzanov> Vsichki ia reshihte togava, nali?
<VelinTzanov> Swetko, niamash poveche ot men. Moiata programa imashe syshto 96.
<Prince_of_Dawn> az da
<sssa88> az kato za 70
<rangel__> maj imah 80 i neshto
<Swetko> hm ok , ama vesko imashe 97
<Prince_of_Dawn> ne znam za kolko
<VelinTzanov> Dobre, niama da vi karam da ia pishete.
<VelinTzanov> No nakratko:
<VelinTzanov> Ideiata e da gledate vinagi taka, che kakvoto i da stane nai=loshia sluchai da e minimalno losh.
<VelinTzanov> Iasno? :)
<rangel__> ideqta opredeleno e qsna :-) samo che ponqkoga na praktika ne e tolkova lesno :-)
<Swetko> ami az gledam vinagi maximalnia vrah
<Prince_of_Dawn> mi az si mislih che wihagi se opitwash da otselish nai wisokoto mqsto
<VelinTzanov> Swetko, i az taka pravia. ;)
<VelinTzanov> Vse taia be hora.
<VelinTzanov> Vajnoto e da go pravite taka che nai-loshia sluchai da ne e mnogo losh.
<VelinTzanov> Sledvashtata zadacha:
<VelinTzanov> Imate 12 moneti.
<VelinTzanov> 1 ot tiah e falshiva.
<VelinTzanov> Ne se znae dali e po-leka ili po-tejka.
<VelinTzanov> Imate edna vezna.
<VelinTzanov> Obiknovenna vezna s dve bluda.
<VelinTzanov> Niamate teglilki.
<VelinTzanov> Imate pravo na 3 teglenia.
<VelinTzanov> Triabva da opredelite koia ot monetite e falshiva, a syshto i dali e po-leka ili po-tejka.
<Prince_of_Dawn> samo 3
<VelinTzanov> Tri podred se povtaria slednoto:
<VelinTzanov> Zadavate monetite za teglene na veznata:
<VelinTzanov> Na edin red pishete chisloto K i posle 2*K chisla.
<VelinTzanov> Pyrvite ot tezi K chisla pokazvat koi moneti sa ot liavata strana.
<VelinTzanov> Vtorite K chisla - koi moneti sa ot diasnata strana.
<VelinTzanov> Chislata sa ot 1 do 12.
<VelinTzanov> Posle pravite fflush(stdout) - ZADYLJITELNO!
<VelinTzanov> Posle na stdin vi chaka rezultata ot tegleneto.
<VelinTzanov> Edin red s edinstven simvol na nego.
<VelinTzanov> <
<VelinTzanov> =
<VelinTzanov> ili
<VelinTzanov> >
<VelinTzanov> Simvola pokazva kakvo kazvat veznite.
<VelinTzanov> < znachi che liavata vezna e po-leka.
<VelinTzanov> Nakraia, triabva da otpechatate na edin red nomera na falshivata moneta, edin space i znak < ili >
<VelinTzanov> I pak fflush(stdout)
<VelinTzanov> Uslovieto iasno li e?
<rangel__> da
<sssa88> da
<Prince_of_Dawn> da
<Prince_of_Dawn> ma 12/2^3
<Prince_of_Dawn> dawa 1.5 ;)
<Swetko> ama ti imash 3 rezultata
<Swetko> 12/3^3 <1
<VelinTzanov> I 24 vyzmojni otgovora, a ne 12. :)
<VelinTzanov> 24 / 27 :)
<VelinTzanov> Zadachata ima reshenie.
<Swetko> meshdu drugoto   (3^n-3)e nai-golemia broi monei za n teglenia
<VelinTzanov> Taka, zadachkata shte ia izmislite sami obache.
<Swetko> da be obyrkah
<Prince_of_Dawn> gotowo
<Prince_of_Dawn> opa
<Swetko> meshdu drugoto   (3^n-3)/2 e nai-golemia broi monei za n teglenia
<VelinTzanov> OK
<VelinTzanov> Chakam ia predadena za domashno.
<VelinTzanov> Sega tretata zadacha.
<VelinTzanov> BOI 2002, den 2, Sequences
<VelinTzanov> Ops! Den 1. :)
<VelinTzanov> http://infoman.musala.com/contests/boi/2002/problems_bg.zip
<Prince_of_Dawn> da tazi zadacha ot otdawna iskam da znam kak se reshawam
<Prince_of_Dawn> az nqmam word tuk
<Prince_of_Dawn> nito wordpade
<Prince_of_Dawn> pad
<VelinTzanov> Ohh... niakoi moje li da go convert-ne na HTML?
<Prince_of_Dawn> ne nqma
<Prince_of_Dawn> nujada imashe nqkolko sortirani reditsi
<Prince_of_Dawn> i se iskashe da namerish K-toto po golemina chislo waobshte
<VelinTzanov> Az uspiah
<VelinTzanov> Sega shte ti ia upload-na kato HTML
<Swetko> az mu ia pratih v IRC-to
<Prince_of_Dawn> kakto kajesh
<VelinTzanov> tzanov.com/ioi2004/zad2.htm
<VelinTzanov> Kogato ste gotovi i ste razbrali - signaliziraite/
<sssa88> gotovo procetena]
<rangel__> gotovo
<Prince_of_Dawn> ok
<Prince_of_Dawn> samo w kakaw inerwal sa chislata w reditsite
<sssa88> 2^31-1
<VelinTzanov> Ot 0 do 2^31-1
<Prince_of_Dawn> ok
<VelinTzanov> Vsichki sme gotovi znachi.
<VelinTzanov> Idei?
<rangel__> ne
<VelinTzanov> Kakvo ni e dadeno? Kakvo se tyrsi?
<VelinTzanov> Mai ne ni e dadeno mnogo... :)
<VelinTzanov> Daite da vidim kakvo se tyrsi. :)
<VelinTzanov> Kakvo shte ni reshi zadachata?
<VelinTzanov> Tochno predi da kajete otgovoryt, kakvo triabva da znaete?
<Swetko> ako namerim kolko e chisloto koeto e otgovoryt
<Swetko> i kude e
<VelinTzanov> Kakvo e neobhodimo i dostatychno uslovie za da otgovorite?
<VelinTzanov> E, tova iasno. Dai malko po-dylboko.
<Prince_of_Dawn> ako mojem da sleem reditsite
<VelinTzanov> Vsyshtnost po-dobre ne davai, shtoto ti znaesh.
<Swetko> da znaem che ima K-1 chisla po malki ot tiah
<rangel__> da zneam che imame tochno k-1 chisla po-malki ot nqkoe drugo
<Swetko> t.e. po malki ot otgovora
<VelinTzanov> Kak shte razbera che imam tochno K-1 takiva chisla?
<sssa88> d bsearch za vseka redica
<rangel__> kato znaem kolko chisla vyv vsqka redica sa po-malki ot tova chislo
<VelinTzanov> Vlado, kakvo tyrsia s tozi BSearch? :)
<VelinTzanov> Nedeite celi naposoki. :)
<sssa88> ami mqstoto na razglezdanoto v momenta chislo v redicata
<VelinTzanov> Dobre.
<sssa88> kyde bihme go dobavili
<Swetko> i az imah podobna ideia ama ama nesto ne stana
<VelinTzanov> I kato namerish che razglejdanoto chislo e na miasto 350, a ti triabva miasto 223 kakvo?
<sssa88> ami znachi e nqkoe chislo po-malko ot tekushtoto
<VelinTzanov> Rangele, da prav si - triabva za vsiaka redica da imame dve sysedni chisla - ednoto po-malko, drugoto po-goliamo ot chisloto.
<VelinTzanov> I obshtia broi na po-malkite v otdelnite redici da e K-1
<VelinTzanov> Vlado, i kakvo kato e? Posle kak probvash?
<VelinTzanov> Vlado, Swetko minalata godina pisa neshto takova... no mai ne izleze mnogo dobre.
<sssa88> napraktika imash vlozeni dvoichni tyrseniq - pyrvoto tyrsi otgovora - vtoroto za vseki potencialen otgovor tyrsi kolko sa po-malki ot nego
<Swetko> ne izleze po dobro - ama mai inache steshe da raboti
<VelinTzanov> No loshoto, Vlado, e che taka nai-loshia sluchai ti e izvyn kontrola.
<sssa88> ami az tova kato go napisah edno vreme i ne raboteshe poglednah avtorovoto
<VelinTzanov> Pyrvoto dvoichno tyrsene ne e nikakvo dvoichno tyrsene, zashtoto niamash red.
<VelinTzanov> Vzimash niakakvo tam chislo i vmesto na 170-to miasto se okazvash na 340-to.
<VelinTzanov> Posle 330-to...
<sssa88> e zashto da nqmash - te po redici sa sortirane
<VelinTzanov> No redicite pomejdu si sa izvyn kontrol.
<VelinTzanov> A dnes se uchim tochno da ne pravim taka. :)
<Swetko> za vsiakoo chislo ot vsiaka redica tyrsim kolko po malki ot nego ima
<sssa88> dobre
<VelinTzanov> Vajno e nai-loshia sluchai da vi e pod kontrol (ili algorithm-a vi da e taka randomiziran, che da niama kak da mu se sluchi nai-loshia sluchai niakolko pyti podred)
<Swetko> ama za vsiaka redica moshe da se napravi dvoichno tyrsene
<VelinTzanov> Moje. Prosto stava malko tromavko.
<VelinTzanov> Ne che moeto ne e de... :)
<sssa88> ta avtorovoto beshe syshtot samo che v nachaloto imashe edno shashkynsko izbirane na nachalen elemnent za proverka deto ne go razbrah kak raboti ama mnogo podobrqva
<Swetko> ami sam da popitam - tazi zadacha takava li e deto ti naglasiat vhoda povreme na izpulnenieto s cel da maximizirat broia na pitaniata ti
<VelinTzanov> No kakto sym kazval mnogo pyti - ako zadachata moje da se reshi i po drug nachin, tova ne e prichina da ne podhodim metodichno kym neia.
<VelinTzanov> Swetko, mislia che ne e takava.
<VelinTzanov> Vlado, moeto reshenie bie avtorovoto na vsichki testove.
<Swetko> togava moshem da zamenim binsearch s interploacionno i ste uskorim nestata malko
<VelinTzanov> Posle ako ne se lyja Anev (moje bi Ivo) napisa edno koeto bie moeto na povecheto testove.
<VelinTzanov> Swetko, dai da si predam metoda sega, pyk posle moje da si cheshem ezicite na tazi zadacha kolkoto si iskame. :)
<VelinTzanov> Celta ne e da reshim tazi zadacha.
<Swetko> iasno
<VelinTzanov> Celta e da se nauchite da pravite inteligentni celenia v tymnoto.
<VelinTzanov> Samo za motivacia - na IOI 2003 i 4-mata ni iunaci (Swetko edinia ot tiah) udarih ot 60 do 85 na zadacha koiato ne biaha reshili s tozi podhod. :)
<VelinTzanov> udarih = udariha
<VelinTzanov> T.e. udariha s tozi podhod, a inache ne ia biaha reshili. :)
<VelinTzanov> A na tozi BOI az udarih 70 na tazi zadacha, samo zashtoto bugiasah edno <= s <
<VelinTzanov> I na 3 testa deleshe 0 na 0 :)
<VelinTzanov> Taka, sega obratno na zadachata
<Swetko> ami 85 da ne bi da e losho za 30 minuti pisane
<Swetko> kato vidish drugite zadachi na koito triabva da otdelish poveche vreme
<VelinTzanov> Tochno tova kazvam, Swetko - idealno e.
<VelinTzanov> Ako Ivo ne beshe bugiasal labirinta sega shteshe da e svetoven shampion i to s edna prednina ot 70-tina tochki!
<Swetko> ama az ne se merih mnogo i zatova samo 60 inache stiah da imam 85
<VelinTzanov> Aide po syshtestvo sega, che nali Rangel niama mnogo vreme:
<VelinTzanov> Tyrsim na vsiaka redica po dve sysedni chisla - po-malko i po-goliamo ot otgovora.
<VelinTzanov> T.e. ot nas se ochakva da razcepim vsiaka redica na dve chasti.
<VelinTzanov> I cepkata ni da ima slednite dve svoistva:
<VelinTzanov> Vsichki chisla ot liavata strana da sa po-malki ot vsichki chisla ot diasnata strana
<VelinTzanov> Broiat na chislata vliavo da e K-1
<VelinTzanov> (moje i K, no shte go napravim s K-1. S K e absolutno analogichno)
<VelinTzanov> Razbrahte li kakvo razcepvane na redicite (cepka) tyrsim?
<rangel__> da
<Prince_of_Dawn> da
<sssa88> da
<VelinTzanov> OK
<VelinTzanov> Kakvo pravim kato tyrsim neshto?
<VelinTzanov> Ami - probvame. :)
<Prince_of_Dawn> moje nqkoq reditsa da nqma tolkowa elementi?
<VelinTzanov> E, togava ili ia vzimash cialata ili ne vzimash nishto ot neia.
<VelinTzanov> Ne kazvam vsiaka da ima po K-1 elementi otliavo! Kazvam vsichki sumarno da imat K-1 elementi otliavo.
<VelinTzanov> Prosto na vsiaka redica mojesh izkustveno da si dobavish po edin bezkraino goliam element nakraia.
<VelinTzanov> Taka shte izbegnesh pisaneto na specialni sluchai.
<VelinTzanov> Taka - tova koeto tyrsim e unikalno.
<VelinTzanov> T.e. niamame dva vyzmojni verni otgovora (cepki)
<VelinTzanov> Sega shte napravim kato v dvoichnoto tyrsene. Tam na vsiaka stypka imame granici v koito moje da e otgovoryt.
<VelinTzanov> Tuk za vsiaka redica shte si pazim granici v koito moje da ni e otgovoryt.
<VelinTzanov> T.e. v koito moje da e tyrsenoto razcepvane.
<VelinTzanov> V dvoichnoto tyrsene e iasno kakvo ni kazva probata - ako e po-malka ot tyrsenoto pravim probata dolna granica, inache ia pravim gorna granica.
<VelinTzanov> A tuk kakvo ni kazva probata?
<rangel__> kolko chisla sa otlqvo
<VelinTzanov> Ako probvame edna cepka s K-1 chisla otliavo i vidim kakvo e polojenieto kakva informacia ni dava tova?
<VelinTzanov> Kakvo mojem da zakluchim?
<VelinTzanov> Kak shte ni pomogne tova da si sykratim granicite za koito govorih gore?
<rangel__> ako cepkata e s poveche ot k-1 chisla vzimame leviq interval, inache desniq (za vsqka redica)
<Prince_of_Dawn> mi reditsata s nai0golemite elementi trqbwa da q namalim
<Prince_of_Dawn> a tazi s nai -malkoto posledno chislo trqbwa da se razshiri
<VelinTzanov> Borisov pokazva zavidna logika. :)
<VelinTzanov> Kakto vijdame ot logikata na Borisov mai ne ni triabva ciala cepka (s po 2 chisla na red).
<Prince_of_Dawn> koe to dwete pravim
<VelinTzanov> Moje da vzemem po edno chislo na red.
<VelinTzanov> I dvete. ;)
<VelinTzanov> Neka izberem po edno chislo ot vseki red, taka che broia na chislata vliavo ot izbranite (vkl. izbranite) da e K.
<VelinTzanov> Togava kakvo znaem za nai-goliamoto ot tezi K chisla?
<VelinTzanov> Znaem, che to e v diasnata polovina na tyrsenata cepka.
<VelinTzanov> Zashtoto sys sigurnost ima pone K-1 chisla po-malki ot nego.
<VelinTzanov> Tova iasno li e?
<rangel__> da
<Prince_of_Dawn> da
<sssa88> da
<Swetko> da
<VelinTzanov> Podobna logika ima i za nai-malkoto ot chislata "na frontovata linia", no tova shte go obiasnia posle.
<VelinTzanov> Kakto veche stana duma - na vsiaka redica i pomnim dvete granici.
<VelinTzanov> Kogato dvete granici se sreshtnat kakvo pravim?
<VelinTzanov> Zabraviame za tazi redica i rabotim samo s ostanalite.
<VelinTzanov> Edin vid - sveli sme zadachata do podzadacha.
<VelinTzanov> Udobstvoto e, che vyv vseki moment shte rabotim:
<VelinTzanov> 1) Samo s redici, koito imat razstoianie mejdu dvete granci
<VelinTzanov> 2) S pone 2 redici. Shtoto ako ostane samo 1, to niama kakvo da mu tyrsim poveche.
<VelinTzanov> Tezi dve uslovia ni kazvat slednoto:
<VelinTzanov> 1) Vinagi mojem da izberem probna cepka, taka che vsiako chislo da e mejdu dvete granici na svoia red (ne tochno - vsiako chislo e ili mejdu dvete granici ili na ednata granica. No vinagi moje taka da gi izberem, che da niamame chisla i na dvete granici)
<VelinTzanov> 2) Ako razgledame chislata "na frontovata linia" (tezi chisla koito praviat broiat na chislata vliavo ot tiah (vkl. tiah) da e K), to nai-malkoto ot tezi chisla sys sigurnost e vliavata polovina na tyrsenata cepka.
<VelinTzanov> Zashtoto ima ne poveche ot K-2 chisla po-malki ot nego.
<VelinTzanov> Zatova na vsiaka proba imame dve novi parcheta informacia:
<VelinTzanov> - Edi koe si chislo e vdiasnata polovina
<VelinTzanov> - Edi koe si chislo e v liavata polovina
<VelinTzanov> Predvid che mojem da izberem chislata taka che da niama chisla i ot dvete granici, znaem che na vsiaka stypka niakoia granica shte stane po-malka.
<VelinTzanov> Koeto znachi che v kraina smetka vsichki granici shte se syberat.
<VelinTzanov> I zatova algorityma ni shte nameri tyrsenata cepka.
<VelinTzanov> Ostava samo da reshim kak tochno izbirame probnata cepka, no tova e podrobnost koiato shte utochnim sled malko.
<VelinTzanov> Inache iasno li e?
<Prince_of_Dawn> da
<sssa88> men ne mi stana mnogo qsno
<VelinTzanov> Chuvstvaite se okurajeni da zadavate vyprosi.
<VelinTzanov> OK. shte se opitam po-iasno.
<rangel__> otkyde namiram chisloto vlqvo ot koeto ima ne poveche ot K-2 chisla?
<VelinTzanov> Na vsiaka stypka, za vseki red imame granici - dolna i gorna - zatova kyde se namira tyrsenata cepka.
<VelinTzanov> Tova iasno li e?
<rangel__> da
<sssa88> toest kyde moze da se namira?
<VelinTzanov> Vlado?
<VelinTzanov> Da
<sssa88> qsno
<VelinTzanov> Sega - az moga taka da napravia cepka (s K chisla), che da ne stypvam na desnite granici.
<VelinTzanov> Shte obiasnia kak tochno sega.
<VelinTzanov> No vajnoto e che moga.
<VelinTzanov> Izbiram ot vsiaka redica po 1 chislo.
<VelinTzanov> Taka che vsiako chislo ot izbranite e vliavo ot diasnata granica na redicata si.
<VelinTzanov> I taka che obshtia broi na chislata vliavo ot izbranite (vkl. tiah) e K.
<VelinTzanov> Tova moga da go napravia.
<VelinTzanov> Ako ne moga, to moga da izbera chislata taka che vsichki da sa vdiasno ot levite granici (ne pomnia koe tochno ot dvete beshe - no tova niama znachenie)
<VelinTzanov> Misylta mi e che tezi chisla moga da gi izbera taka, che da ne sym stypil na niakoia ot dvete granici.
<VelinTzanov> Tova iasno li e?
<rangel__> da
<VelinTzanov> Vlado?
<sssa88> chislata shte sa mezdu dvete granici naili taka?
<VelinTzanov> Da
<Prince_of_Dawn> shte ni obesnish sled malko kak gi izbirash
<VelinTzanov> Niama problem da stypvat na ednata granica, stiga da e samo na ednata.
<VelinTzanov> Da, shte obiasnia sled malko.
<VelinTzanov> No neka e iasno po princip kakvo pravi algorityma.
<VelinTzanov> Iasno li e dotuk?
<rangel__> da
<sssa88> da
<Prince_of_Dawn> da
<VelinTzanov> Taka sega poglejdame tezi chisla koito sme izbrali ot vsiaka redica.
<VelinTzanov> Kakvo mojem da kajem za nai-goliamoto ot tiah.
<VelinTzanov> Mojem da kajem, che ima pone K-1 chisla po-malki.
<VelinTzanov> po-malki ot nego.
<VelinTzanov> Nali?
<sssa88> zashto pone
<rangel__> da
<VelinTzanov> Zashtoto nishto ne ti prechi da imash poveche.
<VelinTzanov> Ideiata e che tova chislo stava diasna granica na negovata redica.
<Prince_of_Dawn> moje w nqkoq ot drugite reditsi zad granitsata da ima po-malko chislo ot towa ( nai - golqmoto ) po granitsata
<sssa88> maj razbrah
<VelinTzanov> Taka. Hubavoto e, che mojem da kajem podobno neshto i za nai-malkoto ot tezi chisla.
<Prince_of_Dawn> poneje moje nqkoq ot drugite reditsi da e w momenta s po-malka granitsa ot reshenieto ta imenno w tazi reditsa sledwashtiq element sled granichniq moje da e po-malak ot nai golemiq
<VelinTzanov> Tezi chisla sa pone 2
<VelinTzanov> Znachi chislata po-malki ot tova nai-malko chislo sa nai-mnogo K-2
<VelinTzanov> Koeto oznachava, che to sys sigurnost e v liavata polovina v kraia na kraishtata.
<VelinTzanov> T.e. pravim go da e liava granica na redicata si.
<VelinTzanov> OK?
<rangel__> da
<Prince_of_Dawn> da
<VelinTzanov> Valdoi?
<VelinTzanov> Vlado?
<sssa88> da
<Swetko> d
<Swetko> a
<VelinTzanov> T.e. sega ostava samo da reshim kak izbirame probnata cepka.
<VelinTzanov> To ne e tochno cepka de.
<Prince_of_Dawn> obeche ne mi e qsno kakwo stawa kato premestim granitsite
<VelinTzanov> Prosto kak izbirame po edno chislo ot vsiaka redica.
<VelinTzanov> Kato premestish granicite povtariash pak.
<VelinTzanov> I pak premestvash granicite.
<VelinTzanov> I pak...
<VelinTzanov> ... dokato ne se sreshtnat vsichki granici.
<Prince_of_Dawn> koe probwame pak
<Prince_of_Dawn> mestim mi probnata tsepka
<VelinTzanov> Ami vzimash novi chisla.
<VelinTzanov> Da, tochno taka.
<Prince_of_Dawn> ma po kakaw nachin q mestim ne znam
<VelinTzanov> Ostava samo da reshim za dadeni granici kyde triabva da slojim cepkata.
<VelinTzanov> Ami iasno e po kakyv - taka che v nai-loshia sluchai da e nai-malko losho za nas. :)
<Swetko> ne ia mestim ami pravim nova
<VelinTzanov> Gledate da imate maximalno razstoianie ot dvete strani na cepkata.
<Prince_of_Dawn> towa pitam ? po nachina po koito pravim parwat taka li
<VelinTzanov> T.e. slagate cepkata niakyde po sredata mejdu granicite.
<Swetko> da
<VelinTzanov> Kak tochno shte go ostavia na vasheto vyobrajenie.
<VelinTzanov> Vajnoto e ako stypvate niakyde na granica vinagi da stypvate nai-mnogo na ednata ot dvete granici.
<VelinTzanov> Inache moje da ne podobrite nishto i da prodyljite do bezkrai.
<Swetko> ami kak da e na sredatasled kato moshe da ne mogat da se sloshat na sredata i da stanat K elementa
<Prince_of_Dawn> i az towa iskam da znam
<Prince_of_Dawn> ma mojebi velin iska sami da si go pomislim
<rangel__> mi qvno nqma da e syvsem na sredata :-)
<Swetko> proporcionalno
<Swetko> ama tezi proporcii tolkova me omotaha
<Prince_of_Dawn> kak tochno da kaja na kompilatora "ne sawsem w sredata"
<Prince_of_Dawn> ;)
<VelinTzanov> Da, proporcionalno.
<VelinTzanov> Eto primer:
<VelinTzanov> 3 redici
<VelinTzanov> Granicite sa slednite:
<VelinTzanov> [5 10]
<VelinTzanov> [100 150]
<VelinTzanov> [20 40]
<VelinTzanov> K = 155
<VelinTzanov> Izbirame:
<VelinTzanov> 7
<VelinTzanov> 120
<Swetko> zastoto deleneto e celochisleno a puk kato ima primerno 2 elementa vinagi ste e purvia da kashem
<VelinTzanov> 28
<VelinTzanov> Iziasni li se? :)
<Swetko> abe da
<VelinTzanov> Rangel, Vlado, Brorisov?
<sssa88> kak gi izbirame taka
<Swetko> ama kato sa malko elementite delenieto niama da poluchi tochko K sbor
<VelinTzanov> Svetko, shte razpredelish ostatycite be. :)
<VelinTzanov> Vlado, sega obiasniavam:
<Swetko> i posle triabva da donaglasiame i oste tam raboti i stava debelo
<Prince_of_Dawn> zashto
<Prince_of_Dawn> 7 120 28
<VelinTzanov> Sega obiasniavam:
<VelinTzanov> 5 + 100 + 20 = 125
<VelinTzanov> Ostava da razpredelim oshte 30 broiki.
<VelinTzanov> Intervalite sa sys slednata golemina:
<VelinTzanov> 5
<Prince_of_Dawn> aha
<VelinTzanov> 50
<VelinTzanov> 20
<VelinTzanov> Kak razpredeliash 30 broiki na 5, 50 i 20?
<VelinTzanov> Ami kakto namerish za dobre. :)
<VelinTzanov> Gledash da si dalech ot granicite.
<Swetko> izmislih - kato stane redica s po malko ot 5-6 elementa prosto ste gi vidia i ste ia ostavia
<VelinTzanov> Swetko, shte se precakash ti niakoi den na niakoe systezanie taka... >:-[  Dano da ne e IOI.
<VelinTzanov> Kakvo tolkova te trevojat malkite chisla?
<Swetko> ami op dobre taka otkolkoto da precakam cialoto dvoichno tyrsene i da imam 0
<VelinTzanov> Spomniam si che daje dvoichnoto tyrsene go pisheshe doakto ostanat malko chisla i posle praskashe lineino!
<Swetko> tova go napravih na dwarves
<VelinTzanov> VSe taia.
<Swetko> i samknah granicata do 3
<VelinTzanov> Po-dobre se nauchi kato horata.
<VelinTzanov> Che niakoi pyt niama da moje.
* Prince_of_Dawn has quit IRC (Read error: 104 (Connection reset by peer))
<VelinTzanov> Rangele, ti poneje trygvash skoro kaji - iasno li e?
<rangel__> da, pone taka mi se struva
<VelinTzanov> OK
<VelinTzanov> Nali shte ia imam napisana za utre?
<rangel__> da
* Prince_of_Dawn has joined #ioi2004
<rangel__> samo che sega otivam na dyrzhaven izpit. chao.
<Prince_of_Dawn> molq powtorete
<Prince_of_Dawn> chao
<Swetko> chao
* rangel__ has left #ioi2004
<Prince_of_Dawn> ili ako towa e wsichko edin log ako moje da mi pratish na e-maila velio
<sssa88> chao
<VelinTzanov> Razbra li ia, Borisov?
<Prince_of_Dawn> chao
<VelinTzanov> Vlado, s teb iasno li e vsichko?
<Prince_of_Dawn> da
<Prince_of_Dawn> mail
<Prince_of_Dawn> mai
<VelinTzanov> Da, shte imash log.
<VelinTzanov> Ako imate vyprosi sega pitaite.
<sssa88> da
<Prince_of_Dawn> trqbwa da izchistq momentite s granitsite 
<Prince_of_Dawn> w nedelq mnogo li e tejka programata
<VelinTzanov> V Nedelia imate kontrolno.
<sssa88> e ne bash vsichko ama tova deto ne mi e qsno mislq kato sedna da q pisha sam da si go doizesnq
<Prince_of_Dawn> losho
<Prince_of_Dawn> znachi nqma togawa da hodq do Blagoew grad
<Prince_of_Dawn> a w sabota?
<VelinTzanov> OK, Vlado, shte imash i log s moite neiasni obiasnenia pod ryka. :)
<VelinTzanov> V Sybota shte vi skysam zadnicite. :)
<sssa88> te ne sa neqsni prosto bavno mislq
<VelinTzanov> Utre samo shte e leko.
<VelinTzanov> Ne be - ne e mnogo trudno v Sybota. :)
<VelinTzanov> Konceptualno e po-trudnichko, no inache koda e lesen.
<Prince_of_Dawn> mi az shte si hodq
<Prince_of_Dawn> togawa
<Prince_of_Dawn> da pospq malko
<Prince_of_Dawn> ti kolko chasa spish
<VelinTzanov> Ne pitai. :)
<sssa88> koj?
<VelinTzanov> 6-7 niakyde.
<VelinTzanov> Ama ne mi stigat..
<Prince_of_Dawn> i na men
<Swetko> az dneska spah 6,5 chasa
<VelinTzanov> V MIT kato biah spah po 4 i po 3 (a poniakoga i po 0) i mi stigaha. :)
<sssa88> i az tolkoz
<sssa88> 6.5
<Swetko> ama ako se broi tova i na uchiliste stavat kum 7.5
<Prince_of_Dawn> az 5.5
<Swetko> kak taka ne spish i ti stigat
<Swetko> i az iskam taka
<Prince_of_Dawn> az dnes imam klasno
<Prince_of_Dawn> a utre izpitwane
<VelinTzanov> Swetko, vzemi si jena. ;)
<Swetko> az vchera
<Prince_of_Dawn> i za dwete ne sam pipnal
<VelinTzanov> Az sega kato niamam jena (v Bulgaria shte e oshte 1 mesec) i ne mi stigat - vypreki che spia poveche,.
<Prince_of_Dawn> otiwam da spq
<Prince_of_Dawn> leka i bezawariirna
<sssa88> leka
<VelinTzanov> Chao!
<VelinTzanov> Vie? Vyprosi?
<VelinTzanov> Ako ne - uspeh i chao!
<Swetko> ne
<Prince_of_Dawn> ne znam dali utre shte imam net
<sssa88> ne
<VelinTzanov> Gledai da gi pratish tia zadachi niakak.
<Prince_of_Dawn> poneje mi se struwa che moshtno se e schupil
<Prince_of_Dawn> shte mu mislq
<VelinTzanov> Vzemi si Dial-up.
<VelinTzanov> Karti za Internet ima na vsiaka budka.
<Prince_of_Dawn> ma modem nqmam weche
<VelinTzanov> Ako vzemesh takiva za koito noshtnia dostyp e po-evtin si gotov - shtoto nie nali sme v 6:00 :)
<Prince_of_Dawn> shte mu mislq
<VelinTzanov> Misli mu.
<VelinTzanov> I gledai da niamash 2 po niakoi predmet.
<Prince_of_Dawn> leka
<VelinTzanov> Che nali znaesh - niama BOI.
<VelinTzanov> Chao na vsichki!
<Prince_of_Dawn> spoko
<sssa88> v nedelq kontrolnoto po koe vreme shte e?
<Prince_of_Dawn> 3 na wsichki
<VelinTzanov> Ne znam Vlado. Iamsh li ideia?
<VelinTzanov> Ia kajete sega.
<VelinTzanov> Koga da go napravim v Nedelia?
<Prince_of_Dawn> w 8:30
<VelinTzanov> Imate li niakakvi iziskvania i/ili predpochitania?
<Swetko> 8
<sssa88> 8:30 e dobre
<VelinTzanov> Sutrinta e po-dobre, nali?
<VelinTzanov> OK - shte byde mejdu 8 i 9:30 niakyde.
<Swetko> che sum na urok
<VelinTzanov> T.e. shte svyrshi mejdu 13:00 i 14:30
<Swetko> ama 5 chasa li ste e
<VelinTzanov> Aha
<VelinTzanov> Koga si na urok?
<Swetko> ami moshe li da e predi 14:00 
<Swetko> che imam rabota
<VelinTzanov> T.e. nai-kysno 9:00, taka li?
<Swetko> ot 2 chasa
<Swetko> ami da
<VelinTzanov> OK. Shte gledam da e v 8:30
<VelinTzanov> Triabva da vidim i drugata grupa kakvo misli obache.
* Prince_of_Dawn has quit IRC
* Disconnected
Session Close: Wed Jun 09 22:36:13 2004
