
Session Start: Mon Jun 21 22:30:40 2004
Session Ident: #ioi
* Now talking in #ioi
* CS sets mode: +o VelinTzanov
<valo_bg> main[]: ako iskash da ti vynna kato pochnem ?
<VelinTzanov> Momcheta, kakvo pravite tolkova rano tuk?
* Kashmir has joined #ioi
* CS sets mode: +v Kashmir
<Kashmir> Zdraweite
<tony`> zadravej!
<tony`> da ne bi da sme ot 8:30
<Prince_of_Dawn> zdrawei rosti
<valo_bg> emi nali v 7:30 shteshe da pochva?
<VelinTzanov> Koi vi kaza 7:30?!
<tony`> swetko taka kaza
<VelinTzanov> 8:30 e po princip/
<Prince_of_Dawn> swetko
<Kashmir> aaaaaa
<VelinTzanov> Az na Swetko shte mu otseka glavata.
<tony`> znaeh si az
* Swetko_uchi has joined #ioi
* Swetko_uchi is now known as Swetko
<Kashmir> nqma li e da e sega?
<valo_bg> eto go!!!!
<Prince_of_Dawn> sega sgte e
<VelinTzanov> Swetko, zashto si kazal na momchetata che sme ot 7:30 be?!
<VelinTzanov> Samo ti si ot 7:30. Te biaha ot 8:30.
<Prince_of_Dawn> mi toi ni popita dali iskame
<Swetko> aaa, ok
<Swetko> ami ne znaeh
<VelinTzanov> A na men zashto ne mi kazahte?
<Swetko> ami kakto iskat
<VelinTzanov> Ami prashtaite mi kopia ot tia e-mails da znaia kakvo stava.
<Swetko> ne dyrsha da go pravia zaedno s tiah
<VelinTzanov> 7 ste. Koi go niama?
<Swetko> Vlado
<VelinTzanov> Aha
<tony`> vlado
<Swetko> ne uspiah da se svarsha s nego
<Prince_of_Dawn> ;)
<Prince_of_Dawn> ;)))
<valo_bg> da mu zvynna?
<tony`> az mu kazah ama toj sigurno e zabravil
<Swetko> ami sega li ste go pravite]
<Swetko> kakto iskate
<VelinTzanov> Ne, ne go budi.
<Swetko> ok
<main[]> pri men e 7:30
<main[]> ops
<main[]> 7:28
<Swetko> i pri men
<main[]> tyi che..
<VelinTzanov> Daite mi sekunda da vidia kakvo shte pravim...
<Swetko> pri men e7:32
<valo_bg> main[]: cheti gore
<VelinTzanov> Pri men e :32 veche. Ama vie me shashnahte - az ochakvah samo Swetko, a vie ste pochti vsichki 
  tuk... :)
<Swetko> az gi pridumah
<main[]> axxxxa
<main[]> abe shto ne kazaxte be....
<Prince_of_Dawn> be mai e po-dobre da sabudite wlado za da obesnqwa anew na wsichki
<valo_bg> az moje i da ne doida na obqsneniqta...
<valo_bg> trqq s voenni da se opravqm
<VelinTzanov> Swetko, tova ne go razbiram az. Specialno iskame systezaniata da sa v 8:30 po syshtoto vreme 
  kato IOI.
<Swetko> aa, ne znaeh
<VelinTzanov> A e-mail-a mi e iasen che stava vypros samo za teb.
<Prince_of_Dawn> 7:30 e kato 8:30
<VelinTzanov> Kakto i da e. Za drug pyt shte znaesh.
<Swetko> dobre
<Swetko> misleh si che triabva da sme zaedno
<VelinTzanov> Da, za hora koito stavat v 5:30 sigurno e vse taia, Borisov... ama grupata na Ivo ne e 
  sviknala taka.
<VelinTzanov> Ia kajete - kak predpochitate sega - 7:30 ili 8:30?
<Prince_of_Dawn> haide dawai zadachite kazwam az
<valo_bg> vse mi e edno... chestno kazano shtom sym stanal sega...
<valo_bg> za kakvo da chakam
<Kashmir> i az sym taka.
<Prince_of_Dawn> int main() {
<tony`> to niama da e bash 7:30, malko po-kasno shte e, zashtoto tozi chas veche minava
<Swetko> ami da pochvame togava
<VelinTzanov> Da de. 7:40 primerno.
<Swetko> return 0;}
<VelinTzanov> Rangel i Slavi ne otgovoriha.
<rangel__> mi az sym ot tezi deto stavat v 5:30 i im e vse taq :-)
<Prince_of_Dawn> te sa zaspali obratno
<valo_bg> az na slavi shte mu zvynna kato pochnem
<valo_bg> sega si dospiva choveka :)
<valo_bg> za nego predpolagam che shte iska po-kysno :)
<VelinTzanov> Tochno tova me pritesniavashe... :(
<valo_bg> toi mi kaza da mu zvynna kato pochnem taka che kazvate i mu zvynq....
<VelinTzanov> OK. Shte vi prashtam adresa sys zadachite lichno na vseki po otdelno.
<VelinTzanov> Neka se naspi be. :)
<VelinTzanov> Vlado taka ili inache go niama.
<Prince_of_Dawn> toi moje da e v banqta ;)
<Kashmir> :))
* valo_bg has quit IRC (Read error: 104 (Connection reset by peer))
<Kashmir> VelinTzanov kakwo prawim posledno?
* valo_bg has joined #ioi
<VelinTzanov> Koito iska da pochva sega da mi pishe lichno syobshtenie i mu davam link sys zadachite.
<valo_bg> opa, re
<Kashmir> re ti
<VelinTzanov> Pochvame
<valo_bg> na main da zvynq li?
<VelinTzanov> Koito e tuk da mi pishe lichno.
<VelinTzanov> Nedei
<VelinTzanov> Zvynni mu v 8:25
<valo_bg> ok
<Prince_of_Dawn> urungel ??? ;)
<VelinTzanov> Shte ti otkysna glavata
<VelinTzanov> Rosti, ti shte pochvash li sega?
<VelinTzanov> Pishi mi lichno kato doidesh.
<VelinTzanov> OK
<VelinTzanov> Imate 5 chasa.
<VelinTzanov> Schitano ot sega.
<VelinTzanov> I, molia vi, chestno.
<VelinTzanov> Ako ima problemi - pitaite.
<VelinTzanov> Vreme za vyprosi - edin chas.
<VelinTzanov> Schitano pak ot sega. :)
* Kashmir has quit IRC
<valo_bg> kyde da gi prashtame?
<valo_bg> resheniqta
<VelinTzanov> NA men, na Ivo i nai-veche na Ivan.
<valo_bg> ok
<VelinTzanov> Ia kajete - ima li niakoi koito da e reshaval niakoia ot zadachite veche?
<VelinTzanov> V smisyl - da mu e super lesno s neia sega.
<VelinTzanov> Ako ima - pishete mi na lichno.
* sssa88 has joined #ioi
<sssa88> zfr
<sssa88> zdr
<VelinTzanov> Zdrasti Vlado.
<sssa88> pochnahme li?
<VelinTzanov> Drugite doidoha edin chas po-rano zaradi Svetko.
<VelinTzanov> Te pochnaha.
<VelinTzanov> Vie sys Slavi shte pochenete v 8:30
<sssa88> dobre
* VelinTzanov sets mode: +ooo main[] rangel__ sssa88
* VelinTzanov sets mode: +ooo Swetko tony` valo_bg
* VelinTzanov sets mode: +o Prince_of_Dawn
<main[]> po4wm li
<main[]> ?
<main[]> *po4wame
<VelinTzanov> Da
<sssa88> ami zadachite kyde sa?
<VelinTzanov> http://www.tzanov.com/ioi2004/urungel/
<VelinTzanov> Imate tochno 5 chasa schitano ot sega.
<VelinTzanov> 1 chas za vyprosi.
<VelinTzanov> Zadachite se prashtat do men, do Ivo i nai-veche do Anev.
<VelinTzanov> Ako ste reshavali niakoia ot zadachite i vi e super lesno da ia napishete mi kajete na lichno 
  syobshtenie.
* Logging #ioi to 'logs\ioi_2004_06_22.log'
<sssa88> vypros po voinicite - kazano e che ne trqbwa da zaemat edno i syshto kvdratche po edno i syshto vreme, obache v ulsovieto se iska da gi premestim s minimalen sumaren broj hodove. Tova oznachava li che mozem da si premestim pyrvo ediniq, posle vtoriq i t.n a ne naedno da mestim vsichki?
<VelinTzanov> Mislia che da.
<VelinTzanov> No ne moga da ti garantiram. :)
<main[]> oldiers can move - in one move, one soldier can go one unit up, down, left or right (hence, he can change either his x or his y coordinate by 1 or -1). 
<main[]> vlado
<main[]> ne prosto moje - to e taka
<main[]> mesteneto na 1 woinik se broi za 1 hod
* out_infinity has joined #ioi
* CS sets mode: +o out_infinity
<Prince_of_Dawn> zashto na sastezanie se dwa samo edin chas za waprosi
<VelinTzanov> Zashtoto vyprosite triabva da se prevejdat, a rykovoditelite ne mogat da kisnat 5 chasa na edno miasto.
<out_infinity> abe pitaj
<VelinTzanov> Ne, Anev, ne. Da se nauchi.
<out_infinity> na BOI imash celiq boi
<VelinTzanov> Taka li?!
<out_infinity> ami pri nas taka beshe
<Prince_of_Dawn> az samo pitam ;)
<VelinTzanov> I kakvo - rykovoditelite kisnat tam 5 chasa?!
<VelinTzanov> Adski negostopriemno ot strana na Rumyncite... :)
<VelinTzanov> Keleveda i Peev sa vidiali zora... :)
<VelinTzanov> Ne, Manev niama da byde tolkova jestok.
<VelinTzanov> 1 chas za vyprosi.
<VelinTzanov> VAJNO: Na BOI/IOI otgovorite na vyprosite sa samo YES, NO i NO COMMENT.
<out_infinity> na posledniq IOI go mahnaha :)))
<out_infinity> kazaha 4e moje da ima i free text
<out_infinity> na BOI beshe s YES/NO/NO COMMENT
<out_infinity> hajde neka Prince_of_Dawn da pita
<tony`> az sashto bih pital
<out_infinity> davaj
<out_infinity> 4e trqbva da izleza za malko :)
<out_infinity> pitaj dokato imash shans
<tony`> to maj e iasno ot uslovieto, ama na matrix, ako se dobereme sled hod x v telefon i sled hod x agent se dobere do sashtata kletka hvashta li ni ili izbiagvame?
<out_infinity> ami... v uslovieto kakvo pishe..
<tony`> che parvo nie pravim hod
<tony`> posle agentite
<out_infinity> ami ne sym pravil az testovete :)
<out_infinity> bi trqbvalo da e taka kakto e v uslovieto
<tony`> mislq che izbiagvame
<tony`> taka bi sledvalo da e
<out_infinity> az li4no bih go razbrah 4e uspqvash da izbqgash
<tony`> i az taka, emi taka shte go pisha
<out_infinity> Prince_of_Dawn pitaj :) imash 20 mins
<main[]> tony`: i az tka
<main[]> to si e izri4no kazano che ti mestish 1st...
<Prince_of_Dawn> be men prosto me interesuwashte zashto e edin chas ;)
<out_infinity> ok
<out_infinity> pishi
<out_infinity> nali znaete v 14 razbor tuk
* out_infinity sets mode: -ooo main[] Prince_of_Dawn rangel__
* out_infinity sets mode: -ooo sssa88 Swetko tony`
* out_infinity sets mode: -ooo valo_bg sssa88 Swetko
<out_infinity> az sega iz4ezvam... navlizam v matricata
<out_infinity> taka 4e ne o4akvajte otgovori ot men :)
* out_infinity is entering the matrix
* VelinTzanov sets mode: +ooo main[] rangel__ sssa88
* VelinTzanov sets mode: +ooo Swetko tony` valo_bg
* Prince_of_Dawn has quit IRC (Read error: 104 (Connection reset by peer))
* Prince_of_Dawn has joined #ioi
* CS sets mode: +v Prince_of_Dawn
* VelinTzanov sets mode: +o Prince_of_Dawn
<VelinTzanov> Momcheta, i az vi ostaviam.
<VelinTzanov> Bye! (ne otgovariaite)
* Disconnected
Session Close: Tue Jun 22 00:10:28 2004
