
Session Start: Fri Jun 11 20:05:42 2004
Session Ident: #ioi
* Now talking in #ioi
* CS sets mode: +o VelinTzanov
<rangel__> drugite dvama sa vyv #velin_ioi
<VelinTzanov> OK - sega shte doidat
* VelinTzanov sets mode: +oo Swetko rangel__
* sssa88 has joined #ioi
* Prince_of_Dawn has joined #ioi
* CS sets mode: +v Prince_of_Dawn
* VelinTzanov sets mode: +oo Prince_of_Dawn sssa88
<Prince_of_Dawn> swetko oshte spi spored men
<VelinTzanov> Vsichki li ste tuk?
* Logging #ioi to 'logs\ioi_2004_06_12.log'
<Prince_of_Dawn> imam mu GSM-a i se rabrahme ako nqkoq sutrin az se ospq toi da mi zwanne i obratno
<VelinTzanov> Ami zvynkai togava. :)
<sssa88> az da
<VelinTzanov> Az mejduvremenno shte vidia kakvo e polojenieto s vashite domashni...
<sssa88> Borisov, pogledna li v drugiq kanal kvo sym napisal?
<VelinTzanov> Swetko kyde e be?
<VelinTzanov> Borisov, Rangel, kyde vi e domashnoto be momcheta?
<VelinTzanov> Aaa, gledam Borisov reagira byrzo. :)
<Prince_of_Dawn> moito e sega ti go pratih
<VelinTzanov> A Rangel?
<rangel__> mi az trqbvashe i da pospq malko ;-(
<VelinTzanov> Hmm... cial Petyk samo spa li? :)
<Prince_of_Dawn> veline be toi swetko kaza che te e predopredil che nqma da doide
<VelinTzanov> AAaa, viarno be! :)
<Prince_of_Dawn> p;)
<VelinTzanov> Ami kakvo da se pravi - visiat mi 105 neshta na glavata, zabraviam poniakoga... :)
<rangel__> mi ne. spal sym mezhdu 12 i 5. i dnes mezhdu 1:40 i 5:30.
<VelinTzanov> !!! Zashto?!
<rangel__> mi zashtoto po-malko ne moga :-)
<VelinTzanov> Nali kaza che niamash druga rabota?
<rangel__> vchera sym se opitval 6 chasa da namerq bug i sled kato ne otkrih takyv ti pisah (i sled kato probvah pone 10 variiacii na reshenie)
<VelinTzanov> AAaa, blyskash si glavata s informatika... da, tova e dobre. :)
<VelinTzanov> Poluchi li mi otgovora? Shte ti pomogne li?
<rangel__> mi trqbva da probvam. az dosega go pisah sys zatvoreni intervali, a ti qvno polzvash otvoreni (mozhe pyk i da stane)
<VelinTzanov> Ami tova deto ti pisah e dosta chisto.
<VelinTzanov> Bi triabvalo da niama problemi.
<Prince_of_Dawn> az sashto imah problemi s tazi zadacha
<rangel__> mi tova e edinstvenata razlika s tova, koeto az pisha
<VelinTzanov> Pak shte povtoria, tozi pyt za vsichki: Vinagi vsichko triabva da e iasno definirano - da si ima RI i AF.
<VelinTzanov> Rangel veche se opari. Gledaite vie da ne se oparite na BOI.
<VelinTzanov> Niakoi drug ima li problem sys sequences?
<Prince_of_Dawn> AZ
<Prince_of_Dawn> prati i na men
<VelinTzanov> Borisov, ti si napishi sobstvena versia na modula.
<VelinTzanov> Ei sega ti fwd-vam.
<VelinTzanov> Shte go fwd-na na vsichki.
<Prince_of_Dawn> da
<Prince_of_Dawn> a..
<Prince_of_Dawn> e aide de dai mi modul za crazy
<Prince_of_Dawn> na men modula mi trqbwa za da si proweqrq weroqtno bug w reshenieto
<Prince_of_Dawn> a ne da si bugqswat zaedno 
<VelinTzanov> Pratih
<VelinTzanov> Imash publichnia modul, nali?
<VelinTzanov> Triabva da vi e dostatychen. :)
<VelinTzanov> Crazy ia ima v programata po-kysno.
<Prince_of_Dawn> ne nqmam
<VelinTzanov> Togava shte ia pravim.
<VelinTzanov> I vsichko shte vi dam togava.
<Prince_of_Dawn> ma ti ni q dade za domashno vchera be
<VelinTzanov> Ne okurajavam tova da pishete zadachite predi da sme gi obsydili... zashtoto ako neshto ne vi e iasno shte gi napishete po kofti nachina i shte vi ostane tova v glavite.
<VelinTzanov> Crazy?!
<VelinTzanov> Ne sym vi daval Crazy za domashno!
<VelinTzanov> Chisludnica imash predvid?
<Prince_of_Dawn> dade q. Kaza optional
<VelinTzanov> Stiga be!
<VelinTzanov> Circle sym dal.
<VelinTzanov> Ne Crazy.
<VelinTzanov> Circle ot Yambol 2003.
<rangel__> i dvete gi dade :-)
<VelinTzanov> Az sym se oplel neshto... :)
<VelinTzanov> Ia chakai da vidia loga.
<VelinTzanov> Offff, obyrkal sym se. :)
<Prince_of_Dawn> Znachi za utre imate Round i Mobiles i osven tova Crazy optional (za koito ne ia e pisal)
<VelinTzanov> Shtoto Vlado me e pital za 7-redovoto reshenie. :)
<VelinTzanov> Da be, vidiah.
<VelinTzanov> E ne vi li napravi vpechatlenie che ne spomenah CirclE!
<VelinTzanov> Ochevidno sym gi obyrkal!
<VelinTzanov> Offf, ujas, dano i Ivo da ne ia e dal...
<VelinTzanov> E ne vi li napravi vpechatlenie?!
<Prince_of_Dawn> ;))
<VelinTzanov> Zatova li nikoi ne mi e pratil Circle?!
<Prince_of_Dawn> mi chesno kazanao ti kazwash az pisha
<VelinTzanov> Ts, ts, ts.... eii, shte se grymna.
<Prince_of_Dawn> ne razsajdawam zashto 
<sssa88> che ti ni dade oshte optional "circle" i "moofest"
<Prince_of_Dawn> pak circla wsichki ti kazahme che sme q pisali ;)
<rangel__> mi az pratih circle vchera sutrinta
<VelinTzanov> Offff, e ne vi li napravi vpechatlenie che tova ne e index-no dyrvo!!!
<Prince_of_Dawn> da ma moje da iskash da ni kajesh nesto da ni podgotwish
<Prince_of_Dawn> ;)
<VelinTzanov> Aaaa, Rangele, ama ti vsichko si mi predal be!
<VelinTzanov> Az tozi e-mail ne go biah vidial.
<VelinTzanov> :)
<VelinTzanov> I si misleh che nishto ne si predal. :)
<rangel__> bez sequences drugoto sym go dal
<VelinTzanov> Sega razbiram zashto ne si spal... shtoto ti i Crazy si pisal sigurno... :)
<VelinTzanov> Hahahaa... o, Boje, izviniavaite momcheta.
<rangel__> neq smqtah da si q doopravq sled sequences ama sled tova spah :-)
<VelinTzanov> Eee, napylnihte mi syrceto. Ne ochakvah da pishete poveche ot tova deto sym vi dal. :)
<VelinTzanov> OK. Zabravete za Crazy sega. Iztriite si source-a ako iskate. :)
<VelinTzanov> Shte ia pravim skoro.
<VelinTzanov> Zaedno s oshte mnogo drugi neshta.,
<VelinTzanov> Aide sega po syshtestvo, che zagubihme sumati vreme v gluposti.
<VelinTzanov> Vlado, kakvo e polojenieto? Kakvo pravi vchera?
<sssa88> domshnoto deto sym ti go predal, wireless i edna "birds" deto e podobna na convex-a ot proletniq
<VelinTzanov> Xtra
<VelinTzanov> Rangele ti?
<sssa88> toj valio q beshe obqsnqval predi vreme, slavi sega q beshe obqsnil na drugata grupa i reshih da q napisha
<VelinTzanov> Domashnoto i blyskaneto na glavata sys sequences predpolagam?
<rangel__> da
<VelinTzanov> OK
<VelinTzanov> Borisov?
<Prince_of_Dawn> mi az uchih tsql den za kontrolnoto po Himiq
<VelinTzanov> Dobre. :)
<Prince_of_Dawn> no napisah mnogo krasivo moofest
<VelinTzanov> Imash sybota i nedelia. :)
<VelinTzanov> Radvam se.
<Prince_of_Dawn> i wecherta sednah da pisha crazy
<VelinTzanov> Chakai da vidia kakvo si mi predal...
<Prince_of_Dawn> poneje mobiles i curcle i round sam gi pisal za 100
<VelinTzanov> A, ama ti vsichko si predal be?!
<VelinTzanov> Vie neshto ne si popliuvate taka kato gledam... minalata godina biaha mnogo po-golemi myrzeli ot vas.
<Prince_of_Dawn> sega sam ti pradal mobiles s tqhnoto darwo (towa koeto izpolzwat)
<Prince_of_Dawn> pak iskah da si go napisha pak s obiknowenno za oprajnenie
<VelinTzanov> Sigurno shtoto togava biaha sigurni, pyk sega imate konkurencia i vi predstoiat kontrolni. :)
<VelinTzanov> OK
<Prince_of_Dawn> no ne mojah wchera da se preborq otnowo s namiraneto na probna raztsepka 
<Prince_of_Dawn> a dnes Nedev mi kaza kak
<VelinTzanov> Posledno: Poluchih edno oplakvane po e-mail-a ot edin izdyhnal. Vie kak ste? Chuvstvate li se preumoreni?
<sssa88> az dobre se chustvam - malko mi e stranno da lqgam v 10 becherta ama nishto
<Prince_of_Dawn> mi malko mi e umoreno ( wchera si legnah w 1)
<sssa88> pyk i vschera sprq toka i prinuditelno spah prediobed
<rangel__> na men mi e malko stranno che spq po 4 chasa i ne mi se spi mnogo :-) inache sym dobre
<VelinTzanov> Spokoino, Rangele... v MIT tova e normalnoto vreme za syn. :)
<VelinTzanov> Po niakoe vreme prosto svikvash i ne ti pravi vpechatlenie - toi organizmyt se adaptira...
<Prince_of_Dawn> men me boli krasta ot stola ped compa
<VelinTzanov> Vzemi drug stol.
<Prince_of_Dawn> toq e ot hubawite
<VelinTzanov> Ne znam dali vidiahte v edin ot e-mail-ite koito vi pratih, no e vajno da ne si natovarvate kitkite.
<VelinTzanov> Togava si premesti monitora ili klaviaturata ot neudobnata pozicia v koiato se sega, v po-udobna.
<sssa88> kak se razbira ako si gi natovarvame?
<VelinTzanov> Vijte niakoi pyt kato pishte koi stavi dvijite. Ako dvijite kitkite e mnogo losho. Ako dvijenieto e v ramenete i laktite e OK.
<Prince_of_Dawn> towa seriozno li beshe
<VelinTzanov> Da be - Repetitive Strain Injury - John Danaher (edin ACM-ski Teammate) go ima i zaradi tova mojeshe da ne hodi na ACM-ski systezania.
<VelinTzanov> Vajno e da ne si zalepiate kitkite za biuroto, a da sa svobodni.
<VelinTzanov> Povecheto hora niamat problemi... no niakoi si lepvat kitkite i kato pishat dylgo vreme i... posle e mnogo gadno.
<VelinTzanov> OK
<VelinTzanov> Aide na rabota.
<VelinTzanov> Vchera kazahme, che s indexnite dyrveta mojem da razdeliame mnojestvo ot elementi na 2, na 4 i t.n...
<VelinTzanov> No rabotihme samo s posledovatelni chisla.
<VelinTzanov> Sega shte "razchupim" malko modela.
<VelinTzanov> Traversal, BOI 2003
<VelinTzanov> http://infoman.musala.com/contests/boi/2003/traversal_bg.doc
<VelinTzanov> Kato prochetete i razberete, pishete.
<rangel__> gotovo
<Prince_of_Dawn> done
<sssa88> gotovo
<Prince_of_Dawn> tazi li e trudnata dnes?
<Prince_of_Dawn> wchera kaza edna trudna i edna lesna?
<VelinTzanov> Taka, v tazi zadachka ne e ochevidno kak se svejda do index-no dyrvo... no se svejda. :)
<VelinTzanov> Ne, Borisov, tazi e lesnata.
<VelinTzanov> Znaete li kak?
<VelinTzanov> Koito znae, da ne kazva kak.
<VelinTzanov> Kajete samo koi znae.
<Prince_of_Dawn> az ne
<rangel__> i az ne
<VelinTzanov> Vlado?
<sssa88> az sym q pisal obache sega da me pitash shte trqbwa da pomislq dokato se setq
<VelinTzanov> Taka. Imame zadacha s broene.
<VelinTzanov> Imame i fixiran red.
<VelinTzanov> Znachi e ochevidno kakvo pravim, nali?
<VelinTzanov> Dinamichno.
<VelinTzanov> Za vsiaka kutia smiatame po kolko nachina mojem da stignem ot neia do kraia.
<VelinTzanov> Elementarno N^2.
<VelinTzanov> Sega vijdate li koia chast moje da ia svalim ot N na LogN?
<sssa88> ah
<sssa88> a
<VelinTzanov> Borisov, Rangel?
<rangel__> tazi v koqto smqtame sumata na po-niskite kutii
<Prince_of_Dawn> mi tarseneto na broq na kotiite na koito mojem da skochim
<VelinTzanov> Rangel e po-tochen.
<Prince_of_Dawn> te moje i po-wisoko da sa rangele
<VelinTzanov> Aaa, da, znachi i Borisov e po-tochen. :)
<VelinTzanov> Toi ima predvid po-dalechnite kutii. :)
<rangel__> da de :-) tezi, koito sa na raztoqnie po-malko ot N po visochina
<VelinTzanov> Da, v tazi zadacha specifichnoto e che se iska sbor ot stoinostite na kutiite v daden interval.
<VelinTzanov> Interesnoto tuk e che index-noto dyrvo se pravi po visochinata na kutiite, a ne po samite kutii.
<VelinTzanov> Tova e osobenost na zadachata.
<Prince_of_Dawn> aha
<VelinTzanov> Ot vas kato umni nacionali se iziskva da se setite i da zakovete zadachata vypreki tezi neini nestandartnosti.
<VelinTzanov> Minalogodishnite nacionali se provaliha. Imaha obshto 110 na tazi zadacha. Vypreki che biahme im nabivali indexnite dyrveta...
<Prince_of_Dawn> az ne uspqh da se setq che e po-wisochinata 
<VelinTzanov> Tova e tipichen primer za tova kak neshto koeto uchim shte vi se padne izkriveno i uslojneno na BOI/IOI i niama da go napravie.
<VelinTzanov> Zatova - mislete mu,
<VelinTzanov> OK. Nadiavam se vseki veche e osmislil kak tochno e indexnoto dyrvo (po visochinite) i kak e dinamichnoto.
<VelinTzanov> Ako ima niakakvi vyprosi po tazi chast, ochakvam da gi chuia.
<VelinTzanov> Imate edna-dve minutki da si pomislite ako neshto ne e iasno.
<VelinTzanov> A moje i napravo da pitate.
<rangel__> nqmam vyprosi
<VelinTzanov> Vlado, Borisov?
<sssa88> i az nqmam
<VelinTzanov> Borisov obache ima. :)
<Prince_of_Dawn> iaz
<VelinTzanov> OK
<Prince_of_Dawn> nqmam
<VelinTzanov> Good! :)
<VelinTzanov> Kakto kazah v nachaloto, ima oshte edna razlika.
<VelinTzanov> Index-no dyrvo sys 100 000 000 chisla ne se pravi lesno. :)
<VelinTzanov> Niakoi seshta li se kak go pravim?
<sssa88> sortirame gi kutiite i dyrvoto e po-index im v sortiraniq masiv
<VelinTzanov> Nikoi mai... :(
<VelinTzanov> Eee, znaeh si che Vlado shte se obadi. :)
<sssa88> vse pak sym q reshaval
<VelinTzanov> Imame 100 000 000 chisla, no samo 100 000 ot tiah mogat da ni se padnat.
<sssa88> a predi mnogo vreme maj nqkoj mi q beshe obqsnqval
<VelinTzanov> Tova triabva da go zapomnite. Ako imate goliam set ot vyzmojnosti, vinagi se zamisliaite dali naistina e tolkova goliam.
<VelinTzanov> Taka. Sega s tezi 100 000 chisla pak mojete da si napravite index-noto dyrvo.
<Prince_of_Dawn> i sega s dwoichno
<VelinTzanov> Prosto na vsiaka kletka v dyrvoto triabva da si pazite i istinskata stoinost (chisloto) kydeto kletkata deli dyrvoto.
<VelinTzanov> (zashtoto vi triabva za da namerite tezi deto sa na razstoianie D ot visochinata na kutiata ot koiato skachate)
<Prince_of_Dawn> namirame dwete granitsi i pitame za mejdu tqh
<VelinTzanov> Taka de H, ne D. :)
<VelinTzanov> Ako nachalnata vi visochina e X.
<VelinTzanov> To smiatate kolko sa na visochina PO-MALKA ot X+H
<VelinTzanov> I kolko sa po-malki ot X-H
<VelinTzanov> Vadite dvete i ste gotovi.
<VelinTzanov> A za da mojete da gi razdeliate po visochina triabva na vsiaka kletka da i pishe kak razdelia chislata.
<VelinTzanov> Naprimer:
<VelinTzanov> Imate 8 chisla:
<VelinTzanov> 1 20 300 4000 50,000 600,000 7,000,000 i 80,000,000
<VelinTzanov> Na pyrvata kletka intervala se razdelia na dve chasti.
<VelinTzanov> Pyrvite 4 chisla i vtorite 4 chisla.
<VelinTzanov> No triabva v tazi kletka da zapishete i kakva e stoinostta - t.e. niakoe chislo mejdu 4000 i 50000
<VelinTzanov> Za da znaete po koe razklonenie da trygnete. :)
<VelinTzanov> IAsno?
<Prince_of_Dawn> aha
<sssa88> da
<VelinTzanov> Rangel?
<rangel__> kak taka po koe razklonenie da trygnem?
<VelinTzanov> Ami nali triabva da otdelish vsichki chisla koito sa sys stoinost po-malka ot X+H
<VelinTzanov> Naprimer ako X+H e 100,000/
<VelinTzanov> Togava triabva da sumirash kakvoto tam sumirash na vsichki sandyci sys stoinost (visochina) pod 100,000
<VelinTzanov> Ama kak da razberesh koi sa te?
<VelinTzanov> Znaesh che liavata polovina na dyrvoto e za pyrvite 4 sandyka.
<VelinTzanov> A vtorata polovina - za vtorite 4.
<VelinTzanov> Ama 100,000 v koia polovina e?
<VelinTzanov> Sega razbra li?
<rangel__> da
<VelinTzanov> Pak shte povtoria - index-nite dyrveta se prilagat za ogrooomen spektyr ot zadachi.
<VelinTzanov> Triabva da mojete da gi razpoznavate.
<VelinTzanov> I da gi reshavate.
<VelinTzanov> Za 100;
<VelinTzanov> :)
<VelinTzanov> Dnes shte zavyrshim s index-nite dyrveta, kato pipnem malko Advanced index-ni dyrveta.
<VelinTzanov> Zadachata e Mars ot BalticOI 2001
<VelinTzanov> http://www.ii.uni.wroc.pl/boi/task/marzad.phtml
<VelinTzanov> Kajete kato prochetete i razberete. Az otivam da pikaia... :)
<Prince_of_Dawn> ggotowo
<sssa88> ready
<VelinTzanov> I az sym gotov. :) Shte izchakame i drugite.
<rangel__> i az
<VelinTzanov> OK
<VelinTzanov> Zadachata, kakto i mnogo drugi zadachi ot tozi tip, se pravi s plane sweep (ili line sweep li se narichashe :-?)
<Prince_of_Dawn> scan line
<VelinTzanov> Obshto vzeto minavate s edna vertikalna linia po ravninata i "zabyrsvate" zadachata. :)
<VelinTzanov> Znaete za kakvo govoria, nali?
<Prince_of_Dawn> da
<sssa88> da
<rangel__> da
<VelinTzanov> (vajno e da znaete, shtoto inache shte govoria na prazno)
<VelinTzanov> OK
<VelinTzanov> Interesnite vertikalni linii sa tam kydeto zapochva ili zavyrshva pravoygylnik.
<VelinTzanov> Zatova skachame samo po interesnite linii.
<VelinTzanov> V primera:
<VelinTzanov> Interesni sa samo 10, 15, 20 i 25.
<VelinTzanov> Obshto vzeto ideiata e mejdu vseki 2 interesni linii da sumirame licata na pravoygylnicite koito syshtestvuvat mejdu tiah.
<VelinTzanov> Za celta triabva da znaete kakva sumarna dyljina ot vertikalnata linia e pokrita ot pravoygylnici.
<VelinTzanov> V primera:
<VelinTzanov> Ot 10 do 15 imame dyljina 10
<VelinTzanov> Posle ot 15 do 20 imame dyljina 20.
<VelinTzanov> Nakraia ot 20 do 25 imame dyljina 15.
<VelinTzanov> Zatova otgovoryt ni e (15-10)*10 + (20-15)*20 + (25-20)*15
<VelinTzanov> Iasno, nali?
<VelinTzanov> Ako ne e, nepremenno kajete.
<rangel__> da
<sssa88> da
<Prince_of_Dawn> da
<VelinTzanov> Dobre
<VelinTzanov> Sega vyprosyt e kak pazim tia intervali.
<VelinTzanov> Shtoto na primera dyljinata e neprekysnata, ama inache tia moje da si ima kolkoto si iska "dupki".
<VelinTzanov> Triabva ni struktura, v koiato da mojem da dobaviame intervali, da mahame dobaveni intervali i da smiatame kolko e obshtata dyljina na tezi intervali.
<VelinTzanov> Mirishe na index-no dyrvo.
<VelinTzanov> Ama index-noto dyrvo boravi s tochki, ne s intervali.
<VelinTzanov> V nego dobaviame zapisi. I tezi zapisi sa na edno, tochkovo miasto. Ne sa na interval.
<VelinTzanov> Zatova si pravim po-advanced index-no dyrvo, koeto da raboti i s intervali. :)
<VelinTzanov> Neka za moment zabravim za mahaneto na intervali.
<VelinTzanov> Ako triabvashe samo da dobaviame, kakvo shtiahme da pravim?
<VelinTzanov> Vsiaka kletka triabva da pazi informacia za gmejta pod neia.
<sssa88> gmejta?
<VelinTzanov> gmej = byrkotia, konglomerat ot vsiakakvi raboti
<sssa88> aha
<Prince_of_Dawn> mi shme da dobawim [a,b] kato go razdelim na [a,mid] i [mid,b]?
<VelinTzanov> Razbira se, nai-udachnata informacia e dyljinata na intervalite v syotvetnia interval (za koito otgovaria tazi kletka)
<VelinTzanov> shme = ???
<Prince_of_Dawn> shte
<rangel__> no taka se gubi informaciqta za samite intervali (t.e. ne moga da obedinqvam nagore)
<VelinTzanov> Iskash da pazish na vsiaka kletka kolko sumarna dyljina ima pod neia.
<VelinTzanov> Ne te razbrah neshto, Rangele.
<VelinTzanov> Neka se postaraem da izpylnim tozi invariant koito kazah - vsiaka kletka da pazi sumata za tova pod neia.
<VelinTzanov> Eto tova e Representation Invariant. :)
<VelinTzanov> Ili moje bi Abstraction Funkcion... :)
<VelinTzanov> Zavisi kak go gledate.
<VelinTzanov> RI e consistency-to mejdu razlichnite stoinosti.
<VelinTzanov> A tova koeto kazah gore e Abstraction Function.
<VelinTzanov> Vse taia... terminologia.
<VelinTzanov> Imame samo edna operacia - dobaviane.
<VelinTzanov> Mojem li da ia napravim?
<VelinTzanov> Ako da, kak? Idei?
<Prince_of_Dawn> mi moga ma stawa bawno
<VelinTzanov> LogN vreme.
<VelinTzanov> Inache za O(N) vreme e iasno che moje.
<Prince_of_Dawn> mi w nai loshia sluchai towa za koeto se seshtam e 2*N
<VelinTzanov> Ochevidno ne stava.
<VelinTzanov> TRiabva ni neshto po-dobro.
<VelinTzanov> Dobre, imame si dyrvo.
<VelinTzanov> Vsiaka kletka se razdelia na dve kletki.
<VelinTzanov> Tova mu e hubavoto.
<VelinTzanov> Hubavoto mu e, che ako si go napravil za decata, lesno mojesh da go napravish i za roditelia.
<VelinTzanov> Taka che neka mislim "otdolu nagore" - ako sme otrazili proimianata ot novia interval v dvete deca na edna kletka, mojem li da smetnem novata stoinost na kletkata?
<VelinTzanov> Ochevidno mojem - prosto sumirame dvete. :)
<VelinTzanov> Sega samo triabva da vidim kak da ne zasiagame vsichkite 2*N kletki (kydeto N e dyljinata na dobaviania interval)
<VelinTzanov> Niakoi ima li ideia?
<VelinTzanov> Narisuvaite si go na kartinka - ochevidno ne vi triabvat vsichkite O(N) kletki.
<VelinTzanov> Niakak si siakash O(LogN) shte sa dostatychni, a? :)
<VelinTzanov> Zashto?
<Prince_of_Dawn> mi na men anev mi q e razkazwal tazi zadacha
<VelinTzanov> OK, ti si traesh znachi. :)
<sssa88> az pyk sym chel avtorovoto reshenie ot handout-a
<VelinTzanov> :)
<sssa88> i sym q pisal
<VelinTzanov> Rangel?
<rangel__> mi az maj shte slusham :-)
<VelinTzanov> Nishto, vajno e da "izmislim" reshenieto zaedno, stypka po stypka. Zashtoto koi znae kakvo shte imate na BOI/IOI... triabva da mojete sami da go izmislite tam
<VelinTzanov> Dobre, neka si predstavim kak dobaviame intervala [1,7] v dyrvoto.
<VelinTzanov> Razdeliame na [1,4] i [4,7]
<VelinTzanov> [1,4] go razdeliame na [1,2] i [2,4]
<VelinTzanov> Posle tiah na [1], [2], [3] i [4].
<VelinTzanov> Malko e izlishno nali?
<VelinTzanov> Shtom celia interval [1,4] e v dobavenia interval, niama kakvo da mu mislim nadolu - prosto dyljinata pod [1,4] e 4 i tolkoz.
<VelinTzanov> Niama smisyl da se vika rekursiata nadolu i t.n.
<VelinTzanov> Nali taka?
<rangel__> da
<Prince_of_Dawn> da
<sssa88> da
<VelinTzanov> E, taka AF-a ni ne vaji za po-malkite kletchici, ama toi ne ni triabva veche tam.
<VelinTzanov> Shtoto nali imame samo dobaviane.
<VelinTzanov> Sega predstaviate li si kak shte dobavim interval [2,7] naprimer?
<VelinTzanov> [2,7] = [2] + [3,4] + [5,6] + [7]
<VelinTzanov> Za syjalenie tuk triabva [a,b] da si go gledate kato [a,b] - ne stava kato [1,b] - [1,a-1]
<VelinTzanov> Vijdate li go veche kak stava O(LogN)?
<rangel__> kak tochno go razbivam tochno na tezi intervali (qsno mi e che na tqh trqbva, no kak go pravq)
<VelinTzanov> Prosto rekursiata se vika samo kato ne porkivame dadena kletka izcialo.
<VelinTzanov> A imame nai-mnogo 2*LogN takiva kletki.
<VelinTzanov> Vikash rekursia za dvata intervala.
<VelinTzanov> S izkluchenie na sluchaia kogato veche is pokril celia interval.
<VelinTzanov> Togava ne vikash rekursiata, a prekratiavash.
<rangel__> aha, qsno
<VelinTzanov> E, nomeryt e che shte vikash rekursiata nai-mnogo 2*LogN pyti.
<VelinTzanov> Po 2 pyti (2 granici na intervala) na vsiako nivo.
<VelinTzanov> Obshto LogN niva.
<VelinTzanov> Chovek moje da si pomisli che imame dva tipa kletki sega. No vsyshtnost ne e taka.
<VelinTzanov> Hmm... vsyshtnost taka e. :)
<VelinTzanov> Zabravete gornia red. :)
<VelinTzanov> Ta imame dva tipa kletki.
<VelinTzanov> Pokriti i nepokriti.
<VelinTzanov> Za pokritite, otgovoryt e rameryt im (naprimer za [5,8] otgovoryt e 4, zashtoto celia e pokrit)
<sssa88> po-skoro nqmame li za vsqka kletka kolko pyti e pokrita - ot 0 nagore?
<VelinTzanov> A za nepokritite - sumata ot otgovorite na decata im (zashtoto ignorirame samo decata na pokritite kletki, za drugite AF-a si vaji)
<VelinTzanov> Vlado, vsichko s vremeto si.
<VelinTzanov> Zashto ti e takyv broiach?
<VelinTzanov> Oshte sme samo na dobaviane. :)
<sssa88> za da vadish
<VelinTzanov> :)
<VelinTzanov> Eto
<VelinTzanov> Ti si predi nas. :)
<VelinTzanov> Nie sme oshte na dobaviane.
<VelinTzanov> Znam che e bavno i moje da omryzne, no e vajno da razbirate zashto neshtata se praviat po nachina po koito se praviat.
<VelinTzanov> Zashtoto na IOI shte e razlichno ot tova koeto pravim sega.
<VelinTzanov> I togava shte triabva pak da go postroite... no po drug nachin.
<VelinTzanov> Anev taka beshe adski otegchen minalata godina i posle ne reshi Traversal na IOI...
<VelinTzanov> ... kazvashe "Ami narechi me typ ako iskash - ne se setih"... to ne e do typota - prosto ne vnimavashe kato mu beshe vremeto.
<VelinTzanov> Zatova me tyrpete kato sym baven i otegchitelen. OK?
<sssa88> ok
<Prince_of_Dawn> e chowechko e da ne se setish
<VelinTzanov> Rangel, Borisov?
<VelinTzanov> Choveshko e, da.
<VelinTzanov> Niama da vi zakolia ako ne se setite.
<rangel__> da
<VelinTzanov> Prosto vie niama da se klasirate na IOI, ne az. Za vashe dobro e, ne za moe.
<VelinTzanov> I za moe de... no moeto nishto ne e v sravnenie s vasheto.
<VelinTzanov> Taka.
<VelinTzanov> Neka sega da vidim kak shte vadim.
<VelinTzanov> Pak da pomislim "otdolu nagore"
<VelinTzanov> Ako sme nepokrita kletka i vadiat neshto ot nas kakvo pravim?
<VelinTzanov> Vadim go ot decata si i posle sumirame tehnite rezultati.
<VelinTzanov> Iasno, nali?
<Prince_of_Dawn> da
<VelinTzanov> Ako ne e kazvaite, che shte stava po-slojno.
<rangel__> da
<sssa88> da
<VelinTzanov> Problemyt e ako sme pokrita kletka.
<VelinTzanov> Togava niama kak da minem bez broiacha na Vlado, zashtoto ima znachenie dali intervala koito mahame shte ni napravi otkrita kletka ili ne.
<VelinTzanov> Zatova triabva da pazim broiach kolko intervala ni pokrivat.
<VelinTzanov> I kogato tozi broiach namalee na chislo po-goliamo ot 0 - niama problemi - otgovoryt si ostava syshtia (zashtoto vse oshte sme pokriti)
<VelinTzanov> A ako namalee na 0 (t.e. ako mahnem poslednia interval, koito ni pokriva), togava kakvo?
<VelinTzanov> Togava iasno - obryshtame se kym decata si.
<VelinTzanov> I sega triabva mnogo da se vnimava.
<VelinTzanov> Zashtoto AF-a e broken za decata ni.
<VelinTzanov> Kak se spraviame s tozi problem?
<VelinTzanov> Dotuk e iasno, nali?
<VelinTzanov> ako ne e - zadyljitelno signaliziraite.
<sssa88> da
<rangel__> da
<Prince_of_Dawn> ne razbiram kakwo se e schupilo
<VelinTzanov> NAli kato "pokriem" niakoia kletka i spirame da poddyrjame Abstaction Function-a na decata i.
<Prince_of_Dawn> prosto weche shte si polzwash drugata stoinost deto ti e zbor ot detsata
<rangel__> ami decata na pokrit interval sa v neopredeleno systoqnie
<VelinTzanov> Da.
<VelinTzanov> Decata ti ne e iasno kakva stoinost ima.
<VelinTzanov> Triabva da prekratim tazi praktika na neopredelenoto systoianie.
<VelinTzanov> Triabva da imame iasna definicia (abstraction function) na tova kakvo pazim v decata na pokritia interval.
<VelinTzanov> Idei?
<rangel__> no pri polozhenie che roditelq e bil pokrit ne mozhem li da schitame che decata sa bili pokriti ot edin interval i da prodylzhim nadolu?
<Prince_of_Dawn> mi az predlagam za wseki da si pomnim plosht pokrita bez da se polzwat wsepokriwashtite ineterwali
<Prince_of_Dawn> i broqcha na wlado
<VelinTzanov> Da, Borisov, ti si prav. No neka proumeia kakvo predloji Rangel pyrvo... :)
<sssa88> ami to ako roditelq e bil pokrit tova ne oznachava li che toq interval deto go e pokrival ne pokriva samite tqh => mozem prosto da vzemem stojnostite im takiva kakvito sa
<VelinTzanov> Da, Vlado, mojem.
<VelinTzanov> No propuskash edna podrobnost.
<sssa88> tqh toest naslednicite
<VelinTzanov> A imenno - che triabva da gi update-vame.
<Prince_of_Dawn> kato ni mahnat posledniq pokriwash interwal wzimame stoinostite na detsata
<VelinTzanov> T.e. ako se poiavi niakoi interval deto da minava chastichno prez tiah, triabva da go otrazim.
<VelinTzanov> Neka go izchistia, za da se iziasni i na Rangel.
<sssa88> da trqbwa
<VelinTzanov> Vyv vseki moment vyv vsiaka kletka pazim dve chisla.
<VelinTzanov> Ednoto e Vladov broiach - a imenno kolko intervala napylno pokrivat tozi.
<VelinTzanov> Vtoroto e otgovoryt, ako tezi intervali gi niamashe.
<VelinTzanov> Taka vseki pyt kato dobaviame (a i kato mahame) interval si tretirame 2*LogN-te granichni kletki po edin i syshti nachin, nezavisimo dali sa pokriti ili ne.
<VelinTzanov> A na drugite (negranichnite kletki) samo im uvelichavame (ili namaliavame) Vladobroiacha.
<VelinTzanov> Poiziasni li se?
<rangel__> aham
<sssa88> da
<VelinTzanov> Vlado, Borisov, na vas vi e iasno? :)
<Prince_of_Dawn> da
<VelinTzanov> OK
<VelinTzanov> Priemam che mojete da go napishete (i che shte go napishete za domashno)
<VelinTzanov> Tri uroka ot tazi zadacha:
<Prince_of_Dawn> za koga e towa domashno ?
<VelinTzanov> Za utre. Zaedno s Traversal.
<VelinTzanov> Ta taka - tri uroka:
<VelinTzanov> Hmm... neka sa 2, tretiat shte si go zapazia za posle. :)
<VelinTzanov> 1) Mnogo e vajno iasno da definirate neshtata predi da pishete.
<VelinTzanov> Triabva da imate iasna definicia kakvo tochno se zapisva vyv vsiaka kletka i da si dokajete che tazi definicia vi vyrshi rabota i vi reshava zadachata.
<VelinTzanov> Inache e mnogo lesno da se opletete i sys sigurnost shte se opletete ako ste na systezanie.
<VelinTzanov> Takiva (trudni) zadachi se izmisliat samo s mnogo podredena misyl.
<VelinTzanov> Sequences koiato ia pravihme vchera naprimer az ia napisah na samoto systezanie, zaedno s oshte 2 nikak ne lesni zadachi.
<VelinTzanov> Tova se pravi pyrvo s Bojiata pomosht i vtoro s mnogo red i disciplina.
<VelinTzanov> Bez da mislite podredeno i s iasni definicii prosto niama da stane.
<VelinTzanov> Pone ne na sredno-trudnite i na trudnite zadachi.,
<VelinTzanov> Iasno?
<sssa88> da
<Prince_of_Dawn> to e qsno 
<VelinTzanov> (Znam che se povtariam, prosto e vajno. Mnogo vajno)
<Prince_of_Dawn> ma...
<rangel__> da
<VelinTzanov> Kaji, Borisov?
<VelinTzanov> Ako mislish podredeno niamash problemi.
<Prince_of_Dawn> mi iska mi se az taka da gi reshawam
<VelinTzanov> Bojiata pomosht li ti e problema?
<VelinTzanov> Edna molitvichka predi systezanie i si gotov.
<VelinTzanov> I gledai da ne pushish, da ne kradesh i da ne hodish po jeni. :)
<Prince_of_Dawn> mi neznam opitwam se da sednq da pomislq hubawo zadachata predi da pisha i da mi se izqsni
<VelinTzanov> Pieneto ne e zabraneno... stiga da ne e prekaleno. :)
<Prince_of_Dawn> nqkoi zadachi stawat wednaga i ot parwi pat barzo i krasiwo
<VelinTzanov> Ne zabraviaite - imate 5 minutki na Velin na vsiaka zadacha!
<sssa88> v Amerika i pusheneto li se smqta za grqh veche?
<VelinTzanov> Siguren sym che pone 2-ma ot vas shte go zabraviat na systezanieto.
<Prince_of_Dawn> nie sega sme trima
<Prince_of_Dawn> ;)
<VelinTzanov> A, tuk pusheneto vinagi se e smiatalo za prostashtina... :)
<VelinTzanov> Kato pyrdeneto obshto vzeto.
<VelinTzanov> Syzdavash otvrat za okolnite.
<Prince_of_Dawn> ;)
<VelinTzanov> Borisov, ne gi misli tia zadachi deto stavat lesno i ot raz - misli za drugite.
<Prince_of_Dawn> mi za tqh mislq
<Prince_of_Dawn> stawa edna zanitsa
<VelinTzanov> Samo taka lesnite mogat da ti se storiat naistina lesni. Inache i na tiah moje da se opletesh.
<VelinTzanov> Vtori urok:
<VelinTzanov> Index-nite dyrveta i vyobshte Log-ideologiata gi ima navsiakyde.
<VelinTzanov> Navsiakyde.
<VelinTzanov> USACO, BOI, BalticOI, nashite systezania, IOI...
<VelinTzanov> I kakto vijdate pod vsiakakvi formi.
<VelinTzanov> Triabva da mojete da reshavate i nai-izvratenite formiu.
<VelinTzanov> formiu = formi
<VelinTzanov> Ako ima takova dyrvo na IOI nai-veroiatno niama da e v chist vid, a shte e zavoalirano - kato Traversal na BOI.
<VelinTzanov> Triabva da mojete da go reshite.
<VelinTzanov> Vie mu mislete kak tochno.
<VelinTzanov> :)
<VelinTzanov> Ako niamate vyprosi, tova e za dnes.
<VelinTzanov> Utre niamame sesia, zashtoto imate kontrolno.
<VelinTzanov> Veche stana duma, che e v 8:30 i sreshtata e v #ioi
<VelinTzanov> Nali taka?
<sssa88> da
<Prince_of_Dawn> da
<rangel__> da
<VelinTzanov> Ihaa, svyrshihme navreme nai-setne! :)
<VelinTzanov> Aide - zabavliavaite se! I uspeh na kontrolnoto (men moje da me niama togava)
<VelinTzanov> Nadiavam se che shte imam vsichki domashni ot vas dotogava.
<VelinTzanov> Chao!
<Prince_of_Dawn> chao
<rangel__> chao
<sssa88> chao
* Disconnected
Session Close: Fri Jun 11 22:03:26 2004
