TAK
135
54
103
147
175
102
100
112
105
175
14
34
16
24
84
147
110
118
72
32
56
170
78
95
121
109
69
95
154
115
56
101
132
48
127
151
10
22
155
68
95
38
36
34
158
59
22
146
24
69
53
68
56
142
17
172
146
99
154
70
111
83
8
100
60
6
160
111
135
74
100
110
160
98
156
144
4
2
117
30
40
96
114
68
159
143
130
138
121
41
147
175
48
48
146
159
48
48
83
146
134
53
8
92
64
135
154
10
159
41
49
91
106
54
144
51
60
175
59
158
27
150
111
30
122
123
117
132
5
8
168
112
114
4
24
70
7
94
158
50
54
43
69
142
48
103
24
101
69
56
43
17
114
150
41
53
38
142
111
146
158
135
20
29
72
27
155
7
56
173
34
54
24
117
8
