TAK
364
299
247
481
55
481
332
596
355
102
341
94
503
444
597
448
223
225
83
219
523
407
314
566
369
358
16
542
8
560
167
333
467
1
378
47
445
373
177
568
393
465
470
494
509
81
294
558
384
493
526
82
266
72
340
336
512
440
144
219
433
373
484
405
41
248
201
406
516
447
500
496
57
15
414
138
440
336
54
124
444
337
175
142
272
77
319
222
60
20
497
29
1
26
85
326
296
540
277
47
64
88
574
440
583
98
486
234
123
430
315
462
580
30
50
244
193
416
288
77
407
475
18
277
129
527
427
442
177
201
537
40
520
455
85
21
582
282
334
500
321
544
33
373
273
227
324
441
200
32
131
334
1
196
198
341
475
219
229
436
387
340
465
593
136
485
54
34
20
364
330
58
579
1
408
444
412
413
297
478
373
308
483
367
291
401
412
14
142
231
249
512
247
149
219
591
500
132
564
76
167
192
134
501
197
151
438
114
186
31
561
524
495
101
191
292
11
334
177
45
124
594
178
388
350
182
592
323
237
554
185
595
461
424
294
509
61
36
221
156
187
9
257
544
24
152
407
315
12
572
54
335
59
383
201
19
532
598
242
273
211
376
521
11
183
277
255
275
483
417
201
447
321
46
111
458
129
339
370
525
293
320
385
425
69
502
554
39
527
103
580
262
269
152
451
39
46
472
159
79
548
421
544
359
483
187
192
345
121
257
270
141
306
415
409
74
531
156
52
51
328
565
54
445
323
204
169
512
475
278
106
496
107
373
565
157
499
323
184
580
183
235
185
243
28
497
253
39
185
2
580
324
529
285
214
591
481
258
379
292
328
41
407
219
125
250
212
263
251
209
369
45
402
484
277
580
417
555
208
288
45
171
162
474
92
46
336
89
349
75
201
53
544
490
462
129
262
410
277
75
286
4
541
567
256
110
334
164
364
479
354
581
129
177
116
301
481
471
116
207
396
425
115
504
474
411
124
404
554
448
580
127
105
153
142
458
11
316
362
341
528
118
517
294
167
6
483
72
166
276
599
266
474
153
206
121
119
187
374
273
466
129
479
58
376
143
155
245
529
587
328
514
277
363
244
283
500
297
34
485
373
183
167
334
458
215
306
517
445
426
425
508
173
304
235
7
397
570
546
36
519
148
334
133
162
534
125
298
219
550
340
116
509
48
259
199
475
364
420
194
423
314
109
108
233
279
1
368
396
585
515
544
53
440
20
440
317
539
181
165
111
203
24
334
13
10
96
576
152
235
255
327
512
580
150
293
563
87
475
331
376
144
386
35
157
360
27
226
340
352
567
343
289
590
407
394
130
599
290
373
167
547
382
363
125
587
396
373
66
146
363
137
492
44
581
128
476
280
569
144
