TAK
408
276
883
860
257
505
491
944
718
576
911
544
7
523
695
725
95
587
65
707
371
1000
937
160
575
868
274
191
757
531
202
575
452
275
978
544
95
461
721
466
823
874
935
465
11
819
704
834
771
572
833
878
162
806
574
47
879
809
605
215
385
12
855
235
628
727
73
294
834
72
107
309
469
241
643
828
311
877
12
149
1000
544
495
79
47
397
377
834
830
558
197
444
530
707
574
526
398
495
861
860
32
522
465
350
790
904
464
207
723
69
21
86
780
142
829
764
884
407
449
247
594
401
875
635
741
235
586
486
294
710
244
492
90
837
644
444
933
733
79
168
731
686
257
88
785
248
707
785
581
350
150
767
191
709
870
899
845
323
137
945
983
629
968
271
432
900
624
370
355
470
588
311
205
371
460
625
796
242
924
773
682
586
713
397
739
973
579
95
460
643
707
768
459
75
127
262
74
191
287
491
207
248
725
85
145
722
371
354
35
699
409
718
13
494
306
401
625
301
234
258
25
1000
62
304
255
894
271
673
319
769
289
9
728
933
477
531
646
608
19
324
933
709
418
969
500
420
350
200
33
899
259
780
234
519
269
322
244
695
170
93
73
710
467
591
650
818
568
337
519
201
933
242
319
241
941
790
43
472
713
924
708
688
674
150
580
181
92
47
935
117
613
817
774
262
197
269
735
944
780
491
43
597
630
92
550
122
47
141
56
35
409
442
483
870
593
242
686
16
580
111
158
804
491
73
421
868
445
750
325
47
477
62
792
467
202
800
552
965
216
682
862
579
909
117
349
904
497
424
323
724
477
731
896
588
241
620
537
502
565
544
181
432
828
120
323
713
667
113
654
640
710
425
105
996
704
885
629
114
299
113
215
263
196
605
657
806
917
550
269
812
175
249
482
175
301
25
866
946
12
800
524
780
899
980
40
558
636
686
550
286
130
646
280
961
532
833
624
983
745
309
164
114
643
69
750
491
639
117
624
508
884
676
248
629
145
469
848
761
622
732
575
207
340
683
320
682
106
582
237
255
307
349
524
676
861
112
17
276
460
371
943
271
116
261
581
574
484
780
565
531
443
599
739
706
707
463
855
147
648
794
654
207
15
389
597
392
492
828
176
622
704
269
168
507
117
90
646
419
504
833
945
628
178
748
704
28
793
67
622
937
211
108
941
524
209
587
554
651
725
72
227
855
519
241
424
884
809
76
5
834
365
297
245
726
934
14
469
117
851
449
150
417
483
800
726
162
502
114
358
694
600
545
854
803
73
706
285
978
361
13
587
766
621
245
491
341
906
328
323
339
39
806
139
495
628
637
610
561
944
200
258
591
667
836
136
743
683
117
862
260
349
524
472
461
864
728
502
106
505
290
323
8
762
864
709
956
522
290
47
464
669
283
19
156
25
591
572
971
535
386
906
960
56
47
637
682
588
605
323
806
520
144
891
15
871
961
208
799
102
832
270
73
565
987
15
806
630
23
975
164
50
895
353
495
688
884
978
36
378
197
899
568
695
694
48
73
328
236
360
92
942
748
851
875
422
609
843
753
89
447
970
605
323
122
13
201
207
353
629
62
217
833
934
491
401
284
690
149
799
946
725
662
423
117
687
444
328
326
491
695
793
35
436
788
696
531
394
749
966
908
446
796
733
899
524
207
991
757
436
948
803
26
181
206
688
428
170
340
819
87
785
185
939
686
420
953
378
16
254
710
558
122
59
864
721
693
336
711
535
342
137
581
322
819
937
581
627
401
36
353
68
241
939
800
729
7
200
361
255
276
500
766
587
904
365
591
829
746
745
588
186
83
709
526
768
841
149
763
401
519
841
994
986
559
88
709
318
200
491
626
144
685
563
517
477
945
444
286
682
637
440
712
944
464
518
219
599
601
491
431
268
834
524
682
304
785
800
385
261
765
893
728
242
274
466
245
574
603
434
402
945
21
739
832
724
78
452
754
579
709
242
587
892
580
723
725
242
637
674
682
237
371
270
519
710
943
447
787
650
661
247
524
181
586
721
271
81
836
306
895
16
847
834
435
83
605
82
672
843
258
484
939
974
843
943
793
200
48
271
904
626
103
111
285
469
299
726
710
666
711
423
771
973
619
694
171
921
242
150
91
654
243
323
793
573
943
662
114
417
595
360
682
522
120
777
768
543
573
420
117
350
17
519
436
466
217
605
948
891
392
933
721
361
844
423
135
735
285
978
203
200
191
893
868
246
839
855
565
144
7
422
248
500
518
950
878
274
488
74
137
93
418
688
570
741
667
282
896
39
953
