TAK
799
922
267
310
3466
1008
1591
4074
539
4484
4117
1865
4086
1675
360
3384
3538
2358
980
1011
4037
2196
4166
4709
1753
346
4057
4991
1769
3908
4712
128
3321
3442
334
4103
4712
751
4136
2698
943
2955
3912
3126
2667
1045
3347
2389
2477
3667
4502
3983
2445
3204
930
1551
4729
3731
2813
288
1799
2769
3895
3706
4737
2402
1156
971
2944
3936
1846
1549
3385
2509
2319
3311
285
737
1778
182
4463
1704
3178
1155
3880
2164
4102
4251
2137
814
2611
4879
2647
2861
4991
385
810
1451
3550
1587
4562
885
4155
4367
3310
4897
3545
1270
2520
40
2737
4900
1964
984
282
3354
1710
3201
1245
1176
1576
844
164
3444
2083
3354
3990
402
1621
4037
4791
3108
3280
3746
618
281
4908
2908
4037
1215
3694
1653
3224
361
4715
4786
3344
3747
3660
1732
152
1254
4918
3334
751
3295
3453
2303
3311
4718
613
2040
4664
3332
1184
2580
2241
358
1985
567
2410
2109
2601
1449
2622
1900
1295
3311
3211
3095
3672
4355
3051
2897
1487
520
511
1551
1598
2040
1072
3715
532
584
2728
3626
3428
812
607
4661
1570
4431
4657
4016
405
358
722
79
178
1551
380
3228
380
1322
4166
323
3042
158
4078
4657
465
3643
4662
3765
1683
3412
3614
711
2375
4829
4907
4468
1191
1126
1685
4018
1755
2445
1305
25
727
4368
410
3310
674
3536
3051
4424
1306
3163
4359
3159
3225
3472
984
3660
4871
3331
2596
2072
2225
2945
1394
4672
4943
1779
4352
906
2181
13
1511
4518
2142
1537
2
964
2570
1499
2781
3339
2027
1463
3895
2383
1811
1350
1107
3759
356
2040
1853
3296
3953
2487
2790
1473
1200
2749
4451
2665
3848
3664
2947
2233
1430
2501
238
4983
1445
4044
1231
1740
2063
4047
365
4540
2556
373
1763
3248
881
3016
320
2258
2435
3697
1400
3890
1805
1536
2806
2903
1283
1858
1245
3060
455
3660
2154
1706
412
556
2405
3035
1405
1465
4395
4122
1371
2024
1157
2757
134
3934
1201
4841
285
2130
43
4540
25
916
2848
3642
190
63
2479
4527
620
2692
3097
2381
3991
4920
3717
3839
4251
3348
1240
1511
4258
1502
2979
4027
851
4878
759
412
4037
831
218
1771
4445
2569
2520
3143
215
3231
2658
4572
751
3267
489
4770
3519
4057
3339
863
1384
4484
813
4172
4088
4037
4484
916
3855
2692
1896
1725
4179
1362
4806
1303
1243
1086
2236
2574
4037
835
4403
715
4338
193
3575
2149
3057
3178
3074
3537
4099
754
3781
2036
2485
782
2990
911
4593
3388
607
2337
4652
3392
2740
2992
1603
1330
3741
112
2207
3934
2639
3755
4595
2104
2726
4362
2767
2893
4146
3302
4868
4037
1703
2044
4861
2604
4331
2406
2698
475
3495
3263
2189
2364
2153
3866
3881
640
1326
4555
888
2245
798
1369
558
3703
1959
3642
2635
1986
1304
4037
4124
2836
1702
4908
2526
4308
3545
4897
1453
4573
4662
793
3991
3432
4324
2133
2814
3576
2278
3570
4037
2405
4955
4244
4214
256
3906
1529
2403
311
4700
3504
4914
3565
3620
1161
1238
3385
3530
4610
1183
4818
2186
106
3777
2318
240
1838
4538
909
2812
3083
4357
3677
3000
2823
3310
3140
3902
1026
179
4037
4507
758
1440
4502
3415
3388
1676
2580
4037
2874
3042
3967
4631
3934
4911
4987
500
3126
3846
239
4677
4639
1167
239
2255
449
290
30
3243
612
447
4961
3168
1580
873
1207
1523
2149
373
4940
4605
640
3748
507
1220
2240
2334
1853
2843
1769
4274
1442
3934
3591
1603
598
2720
3375
2169
1305
4117
3325
2630
1232
191
2295
2406
457
879
2370
4568
4037
4273
1305
878
655
4526
2585
1499
4037
1619
4204
3435
885
2183
1481
4849
2922
4132
398
1299
2848
4365
3959
2833
2132
3332
1583
4231
1269
2071
4798
256
1203
1288
3353
4119
2216
4037
4965
2791
40
3453
4189
1589
4079
4875
4037
1312
4652
11
4231
4953
4956
1722
521
3459
3992
1154
4455
4117
3508
4504
2276
501
2610
3929
4994
101
4611
4905
2742
692
1223
2653
4469
4454
794
4367
1139
4748
1701
387
3269
2780
1052
2663
2509
4856
948
2081
1199
3928
712
3405
6
589
4955
4800
1582
1509
3000
4664
168
3331
2330
1385
4364
199
1614
288
2778
3979
3604
2040
1906
433
1874
106
140
1302
1095
1384
2180
1008
1766
2905
1826
2900
3221
2134
2279
1037
3960
2545
2842
38
2268
1364
1290
1508
1993
816
908
63
2258
369
4716
4037
4832
4894
1962
2566
1100
4844
3639
1517
4897
4693
2067
1657
3042
4589
1044
2365
4375
4967
1278
4481
4523
1809
1858
1339
3159
1966
1963
4434
1998
2611
1537
4473
285
1611
2922
639
737
2410
3774
1647
3385
4985
4161
422
3719
282
1616
3314
528
1309
4037
4285
3235
2479
1806
3490
3976
2705
4522
4283
2207
1852
4428
4432
2723
1737
4825
888
2830
327
469
2153
4946
1628
2783
2260
1230
3143
1726
4034
2020
4973
4175
3517
2979
4005
4037
2853
4364
4765
818
4587
1420
2959
1322
1940
3588
1073
1431
1377
1297
701
724
1008
3341
1788
4938
3214
3970
2603
3491
3826
1876
582
4390
2903
93
1993
3220
4793
1448
2831
2143
1190
4063
4403
4664
4196
378
2649
1980
837
2105
1603
723
3433
73
481
3035
2062
63
4926
1271
2854
3952
3060
4854
2893
4037
1812
754
1101
2660
196
1861
3948
4024
2291
2263
1643
1714
259
187
4252
4448
1435
383
2819
1470
1649
4911
4565
1182
60
3630
392
1126
2328
1478
4712
4037
4598
4467
4721
3927
1266
1282
2191
890
1045
4659
759
816
4593
3833
3236
2948
3129
1972
4517
4117
4037
4296
3056
4317
597
4982
4544
2738
3273
4051
3614
239
2172
3009
118
1828
4928
299
2234
141
4634
2978
1496
2837
3971
3262
4844
33
2720
1570
4085
2120
411
425
2097
2883
4037
1045
4662
3258
1312
670
4003
3956
2212
1093
1413
1546
2610
2038
1915
4696
1857
238
2028
956
743
1240
4473
3034
2870
2415
2260
1973
735
998
4575
2955
3358
461
3258
2560
3495
6
4547
399
508
4395
1221
4972
3613
53
1722
307
3205
3629
850
2749
4550
1612
4291
4729
742
3000
4998
1672
1142
3736
2515
3706
665
2822
484
1487
2111
1043
79
716
2550
2725
4386
686
4070
3365
1224
2611
366
2033
4372
526
215
3906
1155
2145
1649
4045
501
1607
2887
106
1318
1580
3754
2590
4037
170
1902
4125
1489
355
1351
2428
3460
360
2966
893
2486
1528
3027
2775
1978
2667
2906
2087
1676
2650
2667
789
2611
3670
981
4634
1471
4016
546
2913
3611
16
781
2701
640
2088
4037
4311
1626
2095
2627
1137
284
4293
4107
3288
4249
3991
4813
1403
1199
2720
1773
579
732
3834
462
1166
4934
1233
4308
1353
4186
3529
2196
4037
2890
147
4411
2711
480
2194
2643
1183
673
1487
2055
167
3529
953
4097
2313
4051
680
1312
3185
1708
779
54
4144
50
3556
518
2059
2464
1828
4125
3231
2555
4116
2627
1208
1857
3767
4495
4574
788
4326
3789
362
2088
1296
229
4401
4383
1822
2345
2234
1030
3108
913
833
4449
4744
1201
2725
255
298
4630
3934
1817
924
1116
2742
1132
3273
1008
4037
752
847
1945
2313
4297
4541
649
4449
1588
1183
4405
3971
695
2014
3461
3482
1777
3092
1707
3518
2818
2848
4928
4852
2086
4600
4456
3895
3858
1342
3898
1965
2633
2079
68
3506
4666
285
3225
2651
37
4817
1545
4647
4712
63
980
4716
1767
2071
90
1352
3889
4027
2253
786
4037
512
2720
933
3132
2847
2473
1735
2948
2505
840
3434
3382
1811
4647
2273
15
555
4662
4723
835
4484
2916
3631
2291
1477
4148
3288
4723
4089
1036
3310
1495
4681
1280
1621
2405
4573
4037
2811
4187
2919
51
3541
1452
3012
821
4351
4816
4175
1835
3319
3926
2692
2360
645
3448
286
104
1596
3207
2879
2357
2149
912
2443
4714
31
607
4042
4902
3984
3413
217
2831
180
2098
3767
1344
4094
1558
1415
4502
4239
2588
2807
1074
2650
4010
1929
3447
4764
3274
241
4329
3455
3273
2957
4555
2304
2692
4083
4965
3272
2041
2210
1822
440
4037
4037
3328
2960
3516
3535
2846
1353
2962
2181
2019
2569
2935
1474
3895
608
2094
1326
2733
664
1870
2011
1800
1834
861
1298
1656
1282
3202
2718
4763
2203
1700
3455
476
1487
870
2233
3323
4037
527
366
1016
1437
4818
4461
2613
212
3539
1757
4392
544
4220
159
4718
711
1017
4037
3211
2722
993
2713
1576
2660
268
3669
3694
2475
922
3679
1276
2802
2803
3435
1385
3964
1037
2394
4415
2348
1661
285
2619
3895
2019
4961
4905
1330
17
1117
406
3018
1767
2961
809
2242
3878
4964
3280
1931
3856
1428
4774
4180
1603
4037
1058
2747
1152
1549
1763
2045
1621
4479
1114
2453
4289
608
4207
948
3436
3688
2863
3256
1868
1800
3980
1028
1956
4918
2450
4343
488
4563
290
1015
2381
249
4993
4037
4042
954
4681
3150
2900
4791
2793
1177
2850
36
1803
3460
4143
3187
3616
1054
1968
262
4060
389
3626
4169
62
2302
2567
309
2983
377
3
380
3943
621
2560
4773
431
301
1487
3391
285
1344
2791
2052
703
1218
998
4555
2807
2967
1862
487
1633
121
2149
1015
3116
3241
2701
4024
4237
799
4132
1180
3157
732
2654
167
3464
2243
2650
3189
3677
4070
924
4121
3910
1740
3747
2055
2597
4789
239
3868
129
4172
4955
671
3214
2901
3682
3383
3688
2691
3366
3626
4953
586
215
1537
2362
3913
2863
3722
2023
4414
1526
1184
815
2039
3895
4838
1585
3310
3250
782
1465
4037
1994
4318
4484
4395
3351
1703
4681
2848
2448
2365
4911
1667
1045
1445
3787
4560
297
1955
3030
517
2552
1796
2884
2004
2035
4085
1778
2441
1062
121
4904
571
1597
1671
4037
230
3191
3328
1878
410
4871
1005
754
1747
2471
3821
65
4837
4001
3610
2461
377
3754
3811
1341
4204
4969
2094
586
3211
2149
419
4312
1552
2428
3216
740
3790
4172
2726
3671
2155
1613
4484
608
4037
1886
1574
2735
4415
1085
3656
1575
1360
988
1052
2321
3723
2505
152
4830
1183
1570
4121
1875
102
4211
2836
3231
2848
3217
1750
3890
4657
4665
2826
2052
1319
2471
1488
4712
4037
1640
2481
1444
4960
2653
1567
1061
3975
4167
4589
1384
4972
2439
3421
3977
2653
3367
2483
3980
3939
4623
2667
2380
1137
4354
3968
1687
2977
2206
4182
3305
3074
4957
1739
2615
1362
2847
4003
2181
3785
2030
2533
4610
4493
2713
3310
2171
3161
1237
4964
3177
2848
4839
2291
4037
1403
2804
748
689
2819
981
1633
3323
166
2466
4035
343
1563
337
4605
739
1727
2782
574
4037
2653
791
2298
3550
3077
1760
4044
2819
4128
1516
244
4155
3957
4536
3881
3374
51
4267
1762
4810
2158
2286
580
4823
3727
3223
4788
2039
1344
3999
2995
1213
3871
1663
2402
826
1570
3992
3741
4478
3538
1651
578
1736
791
1002
3642
2569
4817
3216
2190
1633
1582
4891
4589
1138
3067
2026
2526
4193
4483
1282
2584
1797
239
1256
2929
817
40
615
4955
1411
1410
1964
3251
2374
779
4271
2158
3893
3034
2310
4950
770
802
3961
704
4487
3288
1730
912
1656
3001
3725
1655
2595
2653
4208
386
401
1918
3120
4993
3811
586
2426
3958
3214
2254
766
366
2821
462
1760
647
369
2094
777
2653
461
4037
2240
4634
1949
2045
4602
1110
953
3331
2749
2807
1218
4037
4165
4730
3848
4995
1902
1807
824
4284
1902
649
2636
988
1405
2895
4618
4791
2949
2698
2650
2995
1181
2052
1517
4330
76
4914
1655
917
1685
1175
3065
3110
594
3311
3602
3415
138
2304
2090
2445
3828
3836
3477
3292
343
740
4214
1789
278
4967
2512
1803
2021
3472
2110
2544
4145
2191
2698
4898
933
4719
1115
2204
3338
3922
3685
335
768
2863
3889
3160
4607
1869
3137
2449
178
4586
3125
2569
2748
2791
2699
162
4264
4361
480
2728
3358
3991
4037
104
888
4204
3688
4307
4482
2301
2250
4961
3153
1788
2177
4829
3980
1803
4461
3482
2692
2379
3987
4037
4339
4037
1417
4431
1202
778
31
3423
3218
4037
2794
550
1220
1016
2175
2832
3538
3035
4160
1048
1730
4121
4224
4918
2543
224
2335
2210
918
1952
2156
2922
1379
632
2739
627
3382
3626
1730
4600
1980
4255
943
3211
4664
3955
4185
1223
968
3551
3740
1752
466
1846
2548
3143
1813
4382
4470
2230
1554
4403
2322
280
1312
4614
1767
40
3382
1772
2429
2938
1254
1691
569
4096
888
421
2206
4182
665
4905
908
1288
2560
3590
249
4487
3296
3033
1752
3084
4353
3202
1633
3056
1539
1350
4037
1978
1297
4261
2737
1511
1259
2749
4666
2170
3745
178
4501
4037
1730
4928
1547
1046
326
2060
340
2562
1103
3939
1711
4880
2551
1972
4757
846
3991
4580
1005
4160
166
4296
1741
1005
2088
316
2061
3163
4166
1368
4307
484
1200
3311
1517
1700
1466
1789
3447
2013
2119
2098
1525
2144
233
1247
865
4135
2353
4827
220
3510
3120
2206
375
3730
3613
2492
2822
829
2893
3824
1912
3093
2603
3176
3881
1551
1298
3893
3164
4328
2769
3637
299
3867
606
998
3786
3092
736
2706
609
2804
4733
3650
2191
461
4868
1189
2542
2052
4575
2591
1469
222
3939
2625
2147
42
846
321
4858
815
452
1387
3762
4344
1333
1986
1785
1755
4498
2443
423
1229
3199
2678
3707
587
4803
4104
765
3039
1735
1738
1726
2003
1459
3194
100
1868
3963
3641
1728
1602
226
4241
2079
3374
2667
3138
2851
807
26
2053
4532
4714
1978
4104
4171
1088
2291
624
72
1649
739
3102
1703
3780
755
311
711
2269
3385
2486
4493
1739
1077
4844
2026
1514
1704
4484
1510
198
2616
1015
3545
1145
2667
3785
4037
3511
2094
1199
1079
379
1313
530
2452
2280
1536
903
1704
1034
3701
1655
3393
285
10
926
2924
1736
1065
3718
3512
863
2285
4928
498
2411
1579
2412
1497
3992
3270
1598
2119
918
759
4987
3596
2505
4170
4487
1960
2822
96
3733
1052
4026
4311
4226
1603
800
3303
2225
2136
1252
2512
2691
1862
1864
4395
1301
31
739
945
1885
4214
2836
2779
3660
1417
3679
3380
1171
451
3615
3231
2737
1344
1012
1588
1611
2365
4681
1941
3154
2956
3652
696
796
2443
1755
581
2123
4006
1760
1288
4037
73
1559
3980
281
2346
310
4952
4259
300
4071
3520
4750
2849
4712
4631
2403
2250
4365
3747
4408
4574
1271
3986
3400
4877
4382
1540
4037
1239
3041
3435
4202
239
3514
4930
2785
4062
2692
1642
2732
2779
3881
1701
3003
374
2067
2779
4177
4111
2775
4037
2223
2543
2740
1679
480
1138
919
446
443
4058
4749
3660
4441
332
2221
4518
1588
3966
3086
3152
4756
4117
2720
835
4148
1026
1718
1008
58
849
3857
2560
1339
1327
1978
4037
3677
1682
4289
1767
1767
4924
161
1998
2722
152
2326
3614
3587
1644
481
1669
3157
2234
4051
2405
558
1921
2912
2650
142
4287
45
3308
349
810
2632
2274
279
1470
2121
6
3124
1453
4376
3300
4790
4914
2893
3415
3914
1920
1449
1632
2706
455
2771
576
945
3286
490
1811
3035
4106
1659
623
2624
1717
4037
2392
3851
4037
724
3362
2562
3969
2510
248
1906
2807
916
2501
582
1282
1020
2782
4101
2020
4654
3700
3207
3066
2200
2267
2179
3614
818
4325
4451
1237
1211
984
3891
3431
462
454
1537
4161
3710
247
1972
994
3817
3178
4472
1052
3796
3311
3927
1416
1877
488
2260
2400
3994
1132
1471
4484
3972
3878
3564
227
31
4173
4893
3456
2631
4368
461
1466
1252
1542
3179
152
2197
2464
3999
3775
3670
2452
904
1928
2452
3910
1912
4169
3124
1447
1880
1122
637
2109
2408
1641
926
11
724
3312
4037
1690
2879
3017
2895
1984
2569
4037
4037
2426
290
4980
4037
648
1042
4412
2492
4869
4464
3672
458
1126
2038
4327
2404
842
1787
4572
2285
2846
2004
4124
554
3397
4647
462
3793
1214
745
4037
4958
4978
1
2839
1472
308
3566
999
4680
2449
3357
4712
3796
3311
2259
1498
1565
870
1235
1061
1332
3059
1811
4614
2188
2879
3576
424
155
1302
2947
2958
297
2499
535
262
1368
2459
945
2331
816
4259
4232
358
3912
662
3892
4944
2862
659
3256
907
4473
4951
3327
3743
3388
3763
1282
2415
737
2243
4492
669
1204
2389
1037
1749
3980
3357
1616
1655
4828
2943
2393
2846
1487
2263
368
2692
556
3585
4037
1157
2298
1870
151
63
2459
4965
488
4625
2779
4037
1384
4860
3837
377
1649
621
238
358
1572
2189
1844
839
3151
2753
1229
1330
2596
2979
2321
1051
755
1478
1263
998
2323
4157
4301
3194
220
3056
3478
4972
3955
2639
3892
4717
4223
4636
2156
1903
4201
1774
2150
925
1156
3597
2771
752
4186
121
512
2010
3382
1565
650
285
1603
4240
1008
4117
1893
3913
2238
1316
3594
3042
616
2903
756
24
3507
1301
3675
2908
1775
161
60
1129
7
2957
559
1750
1404
4826
1240
2791
3955
74
3685
2737
1641
3713
4059
2069
1765
3409
221
751
1690
107
1439
2701
1585
4389
282
3881
759
4349
3600
1447
3785
3653
1001
2388
3970
1415
1377
891
486
4780
3281
3878
623
1856
3338
1909
2277
1157
3654
1262
933
902
1815
324
4096
3346
2615
3260
4100
1855
2637
1000
609
357
2863
2807
23
1959
3303
1700
412
4283
1797
4279
174
166
3974
1398
2208
1253
990
3300
4793
148
4582
1443
4733
1395
3818
2146
3709
3293
997
2111
3114
1019
3174
4927
2338
1160
2574
4426
1473
4797
3984
2521
1529
2940
4379
4604
855
4037
3974
2040
640
2027
2914
709
2749
238
1934
560
586
4395
4367
2399
2931
37
2243
4386
2474
1880
355
2488
4042
2510
2180
3429
4574
87
167
885
811
2836
3178
4037
1578
4395
4462
3264
3670
3163
465
1310
1030
1068
4086
4270
348
4403
53
4476
335
2892
2877
4825
4940
4740
4852
1469
2487
4415
4037
3211
3093
2838
4037
1494
2484
2698
1529
2587
4991
4472
254
3077
570
3231
4600
4976
2361
4259
1117
4182
4996
3219
240
4163
459
1660
4809
514
3140
1739
1954
4213
4987
365
2486
1417
3742
831
4037
1535
4037
151
441
1421
515
1397
4151
32
612
751
2334
4373
142
121
4037
2380
3919
3078
2485
2956
631
3549
2601
3939
4384
3325
2047
1803
3637
4251
2020
4809
4628
4041
4712
2774
3350
4735
1224
4650
797
4696
442
2191
2606
578
961
4712
830
4964
3153
4158
2459
858
1061
201
1438
4338
1485
2690
3431
2667
412
3195
2908
3159
1899
1144
1245
748
3131
4356
234
3876
2532
3225
641
998
2329
2263
654
2943
3093
2138
189
610
5000
4692
1363
3168
4659
3591
584
3074
2674
488
4086
511
4212
1789
2541
990
4477
2542
2485
3513
261
2978
2237
2034
3857
1739
4462
2027
4140
2863
3837
4277
1322
3448
2815
2197
1601
722
4440
4953
2945
512
1385
4759
4741
3385
3325
3152
4717
3030
1460
2156
1576
4101
1863
3741
3866
2995
3035
4037
4460
3382
107
891
874
2341
4037
107
4389
4415
3618
3021
2627
2794
4896
1377
318
3128
1838
590
4970
358
4061
1523
1704
4913
72
2610
2115
815
3364
4037
3312
53
3988
1769
540
122
2921
1627
1740
4717
2762
2817
3881
3357
4260
258
2475
3415
2151
3868
1384
1434
1532
724
1779
3173
4024
2285
889
2540
681
2362
37
1016
3917
1233
2840
4388
2655
3118
749
3859
3915
4177
63
963
4438
1043
2436
3430
2073
4332
2298
4526
2116
1021
2846
4944
3159
2827
1048
62
1795
3946
1479
3008
2342
3615
2907
262
524
2569
4250
2478
3424
4681
3516
360
2783
3574
1863
1546
1259
2165
3218
2234
2022
81
2532
4443
3805
948
3545
511
2953
963
1160
4774
3660
199
338
2455
2374
4867
4806
3431
487
3806
3052
3710
965
1747
3799
828
2343
110
4589
762
2525
232
888
2905
4117
297
1278
4835
993
2799
1761
2569
160
1551
1102
4557
1252
4489
2095
1201
2794
3328
645
149
2847
4301
4903
3298
1813
511
3513
2052
4403
1674
1047
586
2720
3327
3472
4807
2609
1138
3521
4345
3889
357
2509
143
3356
933
4463
2771
502
2319
243
4637
1358
1632
4452
3545
3848
2139
1962
4565
1598
4897
1597
1046
57
1939
4064
2106
4809
588
2128
3918
3176
4382
2260
2170
3035
3829
4037
883
1183
562
1907
3408
512
2486
4206
3511
1718
2405
3495
4229
2627
3048
1846
172
2970
1443
2302
1917
2129
2578
2970
601
2712
3826
2007
1856
428
2379
3358
4163
3980
3861
4037
3349
174
1511
2796
1924
2014
2535
907
1339
523
3012
3447
4944
791
828
3325
689
3611
3607
1240
254
1231
3357
666
3565
4531
1512
3779
2978
3701
4668
3110
2115
2653
1229
642
1250
3936
2733
496
3768
4037
856
4605
3145
183
3595
2086
13
877
4463
3907
800
1025
3404
1991
1729
2576
2489
1172
2872
2649
4231
3846
4473
1595
3303
3223
1951
2812
1192
4897
234
2807
38
1435
234
1104
4117
605
3365
2943
2989
1469
1683
839
4998
3946
3213
63
1441
201
1071
1042
1751
4074
2165
3631
3563
4109
343
3926
62
2908
3676
2328
4450
3700
2519
3373
4733
4117
3447
527
53
640
3633
1706
2401
4891
4489
1126
3802
297
2982
1035
1855
4230
3482
415
511
4734
1492
3618
3357
4149
3218
256
4244
3000
48
1763
2520
3112
4112
1568
1301
2365
2569
2532
4037
585
3488
62
1898
1440
3408
3921
2922
4194
3042
4885
4037
1839
177
817
1705
522
488
3565
220
1913
117
3252
2288
2451
1649
2947
4008
2599
83
582
2788
3967
4579
1767
4733
927
1942
3288
911
1814
31
3328
623
432
4742
769
4580
4119
3524
4775
1862
2102
458
2272
3467
3426
2521
517
175
4276
1633
4158
793
4740
3604
4420
1041
55
62
582
1797
2492
4726
1709
2102
3837
4428
4203
1593
2245
1224
3986
45
3230
605
2210
1305
3365
1803
3030
3403
2332
244
4370
3663
3173
4828
3785
2598
4696
1125
3405
2428
3254
3607
2130
4366
1027
4101
1205
302
2626
1633
1135
4037
4829
1603
4634
2649
732
4156
2525
446
3898
357
3867
4581
3848
4037
989
1779
298
1402
1655
4566
606
1624
4091
3178
1130
1889
307
3837
2569
2509
3928
1176
2793
4557
2094
621
920
889
4321
4860
4128
1251
1681
3398
3613
2490
3042
2861
3261
471
1157
3760
2483
4150
2692
1524
752
239
4037
3984
3713
3933
3660
4624
4009
1985
1779
3382
4998
3567
1804
1640
2019
2737
4673
475
4473
92
2378
1777
4705
3375
2905
3038
4369
196
871
3525
2415
3236
798
527
1923
4176
127
3893
989
4847
363
1832
1950
2298
104
3691
2225
412
4011
3670
484
2650
1490
3073
2034
1471
2486
2149
2130
3529
1487
107
4908
1860
734
373
2926
4172
3264
788
775
514
4580
1434
4580
1655
1830
4944
133
3359
110
2708
4010
4037
107
2031
2686
2001
3504
676
3538
472
3072
3097
1298
736
3157
83
4026
1039
4791
4037
2067
1044
4289
4290
2902
3957
3745
1751
3856
3168
3741
1584
3594
369
4421
3501
3876
4645
3236
3077
648
4386
4742
2633
2733
2415
281
4544
2067
4037
3415
671
4549
2482
4945
1312
4770
3082
6
3906
4230
3237
2479
4802
3957
818
4307
3773
388
4164
3171
2231
1575
3711
239
3094
3178
4211
4330
3327
2415
4835
4772
2892
3178
1377
228
2161
781
578
4763
313
671
3965
854
1102
2720
3028
1653
4037
2229
1722
1520
1217
2599
2800
220
2650
4436
4696
2884
4733
1423
3928
38
3933
2716
4415
4588
383
4337
4715
4818
3495
2963
1521
4835
926
478
273
1048
85
2278
2828
3058
4426
2858
1145
3031
4042
651
4389
3920
4916
1874
3775
1212
228
480
4773
2645
4573
4664
3889
3939
3310
1710
1570
2080
4941
3895
1811
4121
530
2822
205
1980
4022
1299
1811
272
4652
4481
260
531
66
1319
2722
1109
1500
285
1330
3945
2688
1998
131
4862
2575
4834
2862
2359
4481
1434
2480
3776
4634
2313
806
2040
131
3002
4513
4626
2019
1005
933
280
2052
1878
199
2254
892
2196
3758
4511
458
1638
730
578
4010
1772
329
1470
3218
2633
1402
1300
3303
4378
1048
1117
4905
3093
3103
1201
3586
2402
602
2191
4718
1395
3167
3419
804
1896
3063
4664
11
4367
1998
4834
4102
4647
818
4952
2426
4451
1015
1206
2782
2689
2530
3149
619
2847
4570
1373
391
2621
1648
1855
517
4086
1148
141
4728
1500
244
2038
1629
2614
814
2924
1100
1690
4402
1876
3561
4167
948
2905
600
2158
4370
2989
4259
4037
3339
4037
2098
4596
199
2022
3240
3967
933
3745
1714
1153
2745
893
2250
3180
1015
500
1649
4037
1721
1658
2678
2909
31
2178
4508
3661
2987
1758
3211
3922
711
4367
2046
2491
234
148
1195
4205
2588
4566
3291
2048
2376
383
2105
4742
3940
3809
4472
1246
4540
2462
2287
1293
4566
4037
1231
371
3034
358
190
3447
3934
4042
777
2398
3396
1986
2039
4602
1977
3854
129
2394
2968
743
4037
4163
2413
3501
4725
4510
3694
3183
3447
1735
3236
2102
2965
4119
107
3100
113
4019
2233
4631
1570
3087
3212
3716
2522
2006
2544
2352
4037
483
595
3709
4037
148
4712
1005
3791
149
3467
4145
1614
2187
4831
4152
4275
4012
3130
2313
255
2633
3357
1677
1494
4519
4311
4591
4107
2402
1855
4067
4810
763
4691
3462
522
148
2177
2177
2234
2244
2241
2181
3746
2525
1384
3948
4897
3637
4865
3120
1061
1384
2698
1881
81
453
1634
1863
2320
4948
181
2863
1535
2701
2302
2693
3080
1891
4512
4712
2611
841
2416
1529
83
3737
1649
4544
2883
1508
4841
2022
2189
4251
2455
1958
865
3465
1858
1543
4942
2753
3913
2020
4037
4283
3091
4694
2510
3785
2344
3170
720
1302
4759
4037
4147
1576
1009
967
4279
568
862
3382
3183
4001
4974
2560
244
179
409
2613
3981
1326
2078
2209
1025
3933
3419
888
1075
3552
2588
1326
2302
2143
2801
2253
2085
1292
2906
4167
744
2046
3202
1276
4091
1492
2413
4217
3948
4309
4968
3102
598
1797
3991
3054
1915
705
1999
4573
1074
4764
4759
1855
4528
3965
1570
1305
2903
2835
3455
2180
4965
3913
445
2047
4540
2612
2446
365
942
1684
3895
1695
2611
53
908
1399
2150
3939
3753
689
1575
367
4406
4278
3278
2782
649
921
1509
1143
3177
781
3263
1638
3748
2631
1570
2403
915
1764
1234
4371
4577
3385
1254
4306
1920
152
964
38
4037
2736
3862
2837
912
3202
4689
2455
764
2101
151
4373
3178
182
3942
1440
4883
4589
3063
2443
1779
4030
1870
4020
1718
3430
4775
10
3212
3035
4889
3934
4652
176
3331
4680
2785
4782
4069
4083
1788
708
3476
4817
2203
2250
1767
2084
499
1485
1874
1417
2240
3618
4113
1106
102
563
2580
2124
4037
606
4096
3539
1691
2198
919
2653
2057
1435
1301
239
2860
4829
974
4471
1735
933
1653
4086
1912
3137
1506
743
1178
4444
2922
4045
1044
4736
1857
1487
4574
2106
4838
1696
4819
2924
2945
4751
4227
4555
3527
2380
475
1944
846
3231
144
617
317
2931
665
264
4733
4327
2816
3991
1069
1006
1993
4801
2364
1856
527
2869
3688
3467
4998
250
3430
4053
3919
3092
6
4761
2677
1760
3928
4257
2206
3300
1769
2867
1981
3864
2189
305
818
3689
1487
2027
4999
3207
1744
4013
1427
2610
3431
42
596
3502
4855
3815
190
827
2679
3605
3165
310
515
2392
3134
2521
3118
4914
4991
3858
776
105
4774
3199
2667
818
1529
98
2086
4407
1581
895
2480
3305
325
117
338
3417
3708
1845
4037
1547
3359
3895
4966
2248
2002
781
2108
2424
2986
3448
4718
1417
635
3178
4818
4037
1353
1932
3556
2639
4500
298
2741
188
1826
697
1625
4702
23
3584
986
4023
1209
4204
1622
2055
4053
1537
3652
3530
1660
2623
952
1273
2607
1611
777
4494
500
3853
2672
536
1499
307
3271
4359
4614
2234
1800
1417
3855
1768
4712
4656
3788
4327
4874
125
2558
1903
3183
4037
4225
1435
1509
4623
2822
1384
3493
689
1470
201
4197
2940
186
18
853
2619
431
2589
136
1982
924
1627
988
4819
3398
2831
1637
4093
1787
41
1469
4423
3293
2601
2468
47
2772
398
3049
2368
4147
882
350
2933
1468
2067
131
1908
3545
1036
2700
3804
3618
3410
1517
3937
1512
788
4160
636
3094
4396
1825
1927
2054
1301
4504
2127
1113
2610
3745
3382
301
3930
4492
2857
2801
1643
1389
2433
1582
155
4098
4321
358
2737
2988
4134
4987
717
4615
3895
3318
2517
