TAK
10622
9159
9229
12145
13926
2343
12138
4524
4897
12861
3230
9853
5456
13119
930
8687
3645
3294
11323
9188
10732
14488
14773
5225
2853
2730
5748
9236
3690
13752
2559
14799
10795
12290
11631
5053
2117
14900
12446
4380
2356
12074
1362
3147
494
12848
9851
6672
14238
7151
14674
4378
6115
1974
12782
6324
14140
12893
377
10793
8308
8313
11778
2187
10015
170
1720
9830
2589
6196
2756
938
5060
4366
9465
4131
4340
1650
5041
12241
7320
10370
8658
10425
11371
7191
14729
11257
8224
14673
10138
11421
2821
5062
14449
3710
2057
1020
6541
14192
3015
2426
1834
9473
3374
10327
10341
4367
2909
4481
10924
4345
13307
3475
5496
6506
14573
1358
3269
10053
8823
11816
14759
14766
10464
10949
2589
11289
7267
6977
7854
2023
2528
7501
6924
8817
1445
5219
8931
8110
6312
11820
10769
12954
4881
10327
3863
13643
11779
9667
11409
12098
10558
2231
10985
12883
10697
6013
5311
9517
14121
2909
3424
2185
9754
14261
1528
1775
3051
7951
3088
2263
7140
13375
2290
2439
14198
4204
12564
12300
9027
6071
12658
3339
8354
3076
8978
14138
11879
711
11490
2656
9818
9470
2231
9465
11292
4061
4229
12102
3003
1669
10176
2707
1771
14353
3894
13242
8032
2942
138
9020
12901
11056
6184
7615
13118
14806
8747
8731
11392
615
10164
6300
13734
14579
5955
9965
11888
3349
6706
204
7902
7691
10149
14198
3338
9746
3792
6641
2473
3670
4724
7695
3655
5945
6810
2842
4505
13953
4267
8360
7064
1771
7684
9098
892
7933
7566
1273
10573
3580
9318
14139
10987
2589
840
6213
9479
12754
13996
9360
11294
2584
12328
4633
2489
8618
3474
2981
4526
14447
11290
11019
7723
13114
13848
9307
4226
2500
7329
12663
14788
12833
10794
4237
11786
4061
2051
4385
6105
12417
9201
7349
11239
8878
9033
12550
1045
5944
14756
7757
8256
7812
6022
3707
11274
7025
2132
6489
4994
5218
7306
9583
3314
1731
9081
10070
2868
11123
12375
6564
8340
7296
12181
12474
10243
13956
1916
11223
14384
8499
8179
1994
3376
3529
10582
4026
1134
11197
5914
8116
294
735
11220
3607
14730
1461
10185
7562
3267
2640
14712
9726
5061
14351
4004
14912
6117
13711
13502
2708
13688
13795
9796
6279
8708
13775
2468
12709
13671
9657
490
14724
8332
14270
6599
6604
12328
10492
2223
11381
9802
852
4997
654
1438
220
1536
9553
3707
9802
9822
12999
2388
10432
9802
6869
1341
6440
13922
2045
7522
13556
11013
6112
8823
1341
14623
8987
8645
4191
9277
13245
14330
4406
2622
2114
1380
1642
7022
14979
9702
4953
372
11023
5975
13269
12826
10794
2047
1188
7026
2843
8677
11995
5183
12307
6431
4734
4309
10580
13923
1234
7387
4694
9829
2772
8484
8535
4961
157
1006
1857
1022
5955
7281
12828
7382
1468
13268
13922
2925
14672
11033
12477
9414
13901
11963
6377
1387
12584
8023
13830
6456
14434
9199
3308
14264
1416
5533
13749
2591
12040
12757
2397
14410
9718
472
2100
13442
4144
11929
1973
239
10967
6099
6226
14900
3752
3409
7518
368
432
3482
1478
1016
6243
12429
784
13869
1372
13290
12421
759
3748
11380
484
14541
4180
8273
3234
8782
1546
1645
9087
12570
6211
2360
2169
12258
6658
10450
12980
9818
5836
6164
12693
9248
846
6046
2024
8490
13968
603
12643
2490
14509
14264
2056
3452
3956
4819
8621
10623
482
9023
9402
9678
4010
6769
13724
7430
8019
2997
734
14786
8608
12898
14974
3946
6710
11027
6015
1422
7211
7484
436
2760
14180
8908
4921
13606
9570
127
11278
2141
10849
6577
12834
2294
1244
10214
11890
12058
3665
11643
14984
8464
4924
5987
5996
7424
12548
8457
5407
14818
10186
12611
8428
6077
9362
367
10466
10008
11877
4157
4889
12017
10749
5126
13181
3927
12871
3783
7829
11923
9029
13053
11390
6236
9752
5831
3848
10339
6584
1220
14383
6840
1791
11969
2124
1367
11572
12137
3189
2834
12851
3043
4680
1968
4558
309
10939
9586
13372
2448
9644
13025
10240
8322
9962
11627
7926
12260
12553
6252
14070
1871
7188
2709
1058
9822
6158
9600
11709
313
4662
11262
13511
1034
3238
3936
9663
14675
8015
3721
51
1565
12818
4481
7774
4027
13385
14740
2122
1426
14546
12874
777
7690
2767
13895
1398
9690
4520
606
11077
12107
574
6634
5216
1695
9564
12182
9950
14394
12137
11771
14428
301
14927
1915
3645
443
10533
7814
7076
344
4364
2623
4972
10800
4677
14120
1278
7294
4212
4213
11027
10014
10045
13017
497
14603
13795
13338
1511
2386
2591
12564
7522
11643
3243
163
7479
331
5028
7470
13698
3794
1460
13601
7592
6985
5004
4510
8057
2187
4873
14799
5931
9179
13292
74
10172
14519
8138
5669
3296
13069
5067
7103
10177
13462
1417
2109
8735
14452
10850
1556
874
3695
136
3299
12201
10221
10028
13057
3811
12380
10651
10896
11355
4418
5708
7464
2575
770
2285
4612
8940
13396
4919
83
2085
14545
3116
5595
2277
6170
9217
12607
2520
8732
10585
4568
10786
9424
11917
11204
10483
14494
3470
10037
5915
7356
3172
8996
12307
11232
11892
1549
12082
10968
14906
12085
8909
2781
3732
11980
1214
1226
7106
11753
9469
1008
13620
11917
1458
3783
9351
12919
8991
8940
480
8809
10014
3125
6188
6141
12511
9049
3538
14610
7463
5128
10524
982
14158
7569
14345
4912
1420
7105
1353
9757
493
1235
570
892
7811
2694
5079
6332
5660
1629
2865
1494
4969
46
4672
13356
3726
5358
7369
5174
11465
5681
14511
1319
12579
6201
11888
1705
13198
2573
6824
14962
8992
6311
7386
12393
711
1769
216
7557
5651
7326
7208
10197
11372
12411
14427
773
9766
7468
3655
13383
1662
7325
1080
13056
317
10988
5971
12393
4371
5915
12350
10594
1095
10157
3703
5116
8646
11825
6309
6582
2091
12329
10136
2728
6183
2630
7319
12668
5457
10004
3534
10162
4206
12709
9452
2220
13588
10452
11930
8608
13002
8276
10202
713
13599
5491
9538
1446
860
10519
2863
3284
12419
14773
7362
1204
4769
2650
8884
10988
8434
4377
4357
5457
9916
3071
3978
3032
12833
14424
8187
8470
10240
4974
402
12181
9534
11045
248
2638
14552
1073
618
561
7690
12223
5850
739
9276
6935
5800
10974
14692
12400
14608
10167
4297
4972
2355
6563
2667
14202
6539
9902
8842
14436
7186
2274
12888
10076
8028
8882
12023
13099
14298
14465
11779
2638
9685
7418
6632
14757
9726
5041
11059
9538
675
7229
8060
7114
9323
7679
13659
1912
11864
898
6970
3211
1624
4741
3767
1246
1496
11356
14988
3419
9141
5088
1942
5515
682
12162
10973
1673
12678
8233
12498
828
12573
463
11460
8392
4811
14219
7171
4273
9326
10403
13040
5625
5167
4256
4432
4629
4184
9354
3336
10820
2651
1332
3653
7487
6564
9518
8417
4935
220
15
6420
6847
4235
5931
9512
2583
9975
5418
1209
12240
7457
2780
14046
10628
10821
5959
4000
1433
1409
2563
2589
9023
684
8010
2035
14011
2475
11752
10920
13117
5163
3437
7872
10400
1576
10481
14428
3028
13832
13105
9668
14383
10304
5263
10452
12634
4679
6388
4213
10661
13922
5722
5680
13757
9003
2440
446
308
14193
14223
3639
5206
13725
14115
10452
7351
12015
14513
6172
14227
7424
2596
11293
13425
14195
8549
3054
6730
4776
13556
1989
7574
14859
11488
1723
13387
6546
13339
1537
11835
12530
10858
4769
3642
13304
13013
10910
5799
12150
9672
11014
1860
9074
1565
14269
10138
13091
3054
8004
2123
12386
5790
1489
2151
11731
11300
1647
11968
5555
2416
14868
12910
9759
10835
12570
2250
7529
1620
8806
14898
10740
11049
2065
2693
12885
2323
10762
2285
7854
9911
6162
10528
9092
6444
5023
4938
9049
12964
138
3090
13757
10235
14883
8276
10072
10198
8746
9464
8656
3402
11924
1812
4484
12988
8142
10046
259
6804
7986
1761
4944
7395
13941
6554
1116
13373
6755
2348
5821
4623
7026
3618
4182
13532
5524
14950
11477
7681
9822
14364
7593
8780
774
9955
10630
4641
10499
7614
4687
7071
72
1799
8445
6292
11558
7246
14366
1951
9919
4514
7509
5581
7738
13780
1629
1158
764
4007
4672
6577
14695
11611
4680
12941
10111
12363
449
6365
2381
14422
1141
5044
12930
12317
13834
14269
2239
11932
7272
5082
11009
12654
10214
9971
14978
3489
12201
12953
9583
2874
10141
10941
2397
10171
7951
13207
7204
8839
10835
4367
2243
12699
11278
2915
4544
7648
9750
3162
3409
11234
5766
589
5747
10454
12403
1211
7516
6499
13616
12197
12712
9063
9973
8854
12548
5443
9406
9726
14422
5340
8855
10998
12520
12611
13063
6491
11445
1641
2919
12077
6755
12430
11009
10646
6356
11900
3158
1949
4745
9492
3959
1588
3553
4485
8842
10047
965
13373
14115
13209
7517
14808
7294
11822
7925
126
11015
2671
6112
6407
7881
3496
5763
9627
7455
10115
14863
1615
10137
4724
2519
11590
13784
597
3605
5728
3461
5017
12527
14889
10466
12365
6417
12381
3539
1076
2904
12905
9615
8388
11598
429
10795
12405
14651
1071
5835
4774
7891
5658
5563
8028
10764
14034
8081
13905
8717
12720
9088
12911
7833
2731
1322
3826
909
13059
11640
7460
7898
8260
15
6533
6363
2535
4121
8839
6427
8281
11545
9829
8855
11694
10554
3266
3750
13297
13286
3242
462
7843
4350
934
964
9998
14719
5547
5547
12164
7649
10009
1930
7683
12672
12949
10572
1212
4218
7242
6986
10844
2686
11770
5491
10560
3229
14515
3144
4717
11584
8756
9772
3110
1189
8192
3252
5570
5866
2380
11409
2031
13325
14268
7337
5249
12667
6402
3132
7026
9591
11058
2967
6348
126
4221
5952
3046
1291
14622
2964
3855
9733
764
5909
550
11666
14535
6807
6325
2168
8278
10283
8001
13668
12532
432
14045
9090
1865
13938
10398
594
3376
7866
7465
10123
14803
7815
2612
13102
934
9108
12266
10465
1352
12181
3934
8494
4485
5742
12146
1875
11411
13278
1705
9341
10346
10927
6736
6493
7877
1590
6520
13973
3539
8307
14963
3980
12287
14700
3485
11912
1604
5245
9378
11720
13704
14192
1249
6104
4546
5160
9834
7751
5932
6704
10504
8852
10762
3576
6034
1715
14571
4490
7679
11775
1920
11865
6174
9375
3719
924
13613
10526
12082
14315
12647
855
11790
649
1002
7457
10155
4129
4007
4134
9372
12059
14158
742
12000
9600
3201
9367
8116
12625
1095
10466
9180
13063
8481
1873
6376
6574
14579
8968
11917
10846
6669
7516
5682
10670
7403
11666
8791
4703
12873
13057
13386
3378
7625
7117
5999
7355
11779
11007
1332
7758
14962
13555
1475
12824
3550
645
13023
13557
13255
12417
3459
792
5629
2655
9917
3258
5060
6072
3691
11431
11300
5853
2671
219
13817
4362
6421
10223
5423
7573
11089
6841
2534
2756
7255
13550
13416
7359
11027
13835
4961
991
8441
2331
11280
890
1352
11653
3519
10356
10667
3085
11695
959
13569
10542
1984
9414
12451
7678
1521
9018
12615
4314
8618
2374
14960
13850
9321
6539
10725
629
7449
3567
8059
8801
7712
410
1277
4605
7480
8001
12893
7082
10307
7723
14270
13484
13910
277
2231
3927
14645
13025
3992
534
8717
7261
3835
953
12768
12154
1243
3742
8702
793
10984
14171
13126
1438
11762
1646
12108
13023
7924
1772
1745
7665
6674
7677
11212
14098
7701
4180
13379
6588
5282
13698
9881
3275
5768
14722
3643
11399
3928
12319
11540
7944
13406
11386
11361
1401
9328
5007
4229
6293
2414
3879
9212
14717
13746
10598
6504
5250
12625
190
14375
12388
6800
2168
2183
14504
925
11402
4184
3510
5457
33
5486
7618
7469
5831
10017
14369
13400
3069
6031
12053
10166
9127
13475
14819
4471
797
8707
5063
6842
6810
5944
429
3119
818
2695
10588
14722
11881
6584
12519
8025
9614
7691
14604
13348
5169
6321
10435
2288
9802
2754
5158
13275
605
3021
9632
14671
5495
1241
14487
11691
11411
490
12723
3686
9066
13279
7359
3991
1659
11257
7982
13019
14844
9414
527
563
8762
3076
4609
5932
5011
6136
11869
4039
2505
2429
5673
5737
5841
8001
12090
4822
7058
2573
5510
12307
4229
7701
1314
14924
5788
3905
5162
12581
6021
3461
11013
627
10496
13041
6870
9802
14385
9898
8996
9323
9923
13465
8105
9037
6999
4345
12674
2816
10890
7074
11240
9438
4675
12575
6542
3812
9106
3783
13381
322
4228
11790
1940
322
8577
8669
2573
4731
7691
6203
9749
373
2092
8917
5160
11218
9453
10863
12818
10244
8228
6961
8849
6340
2419
1906
13964
9863
13866
10002
4581
3685
12217
14859
14863
6376
3955
10141
13203
6591
7590
13383
7272
9467
2799
3354
9205
6705
535
5003
663
3073
4336
8478
9652
522
6669
11969
9776
9464
9581
2567
13687
6823
711
6678
11671
12363
12878
10080
10429
13428
4244
14835
10466
10497
13572
4197
10429
16
431
13941
8373
451
6761
8197
1259
9683
8261
1576
11372
14979
12057
5234
11432
2623
8941
4861
5906
11343
14868
5630
10164
9287
9069
9141
7007
241
11166
3411
13766
2192
11222
7692
285
8415
1148
3306
1984
11554
12105
3186
5114
6237
13894
7134
13178
1191
6336
8383
8460
5537
8644
12273
8485
926
3550
809
374
7233
14213
4412
3474
5914
864
150
11817
6021
1965
8743
13610
7189
9756
11815
9311
14960
9476
11792
11021
2087
1494
5373
8669
8476
5886
3070
8177
8738
13779
5010
1821
10986
13488
13827
8171
3859
11927
13292
3549
5982
6104
5571
5362
11400
9632
2044
5523
14115
5446
6574
5276
3203
3330
6511
10620
10598
2746
14270
8200
6085
5039
9064
14756
7789
1841
3980
6235
867
10788
12193
4184
1702
14314
7690
1849
4200
3648
2078
7498
11734
8179
457
9327
9964
4207
10599
12272
11639
2623
5894
12674
8226
11474
9850
9734
8923
10330
5063
2844
2118
11881
11316
9245
7140
13306
8017
3874
2055
6197
6729
7704
14195
13350
8175
2471
6604
9934
12702
2287
1063
8695
5327
12724
11995
10214
11888
14756
4199
14083
13068
6168
7597
1760
13422
9414
5415
344
9841
2393
1907
11180
185
14625
9417
4927
7150
12926
7927
7166
9848
8427
10143
3964
2808
5048
2517
9387
2904
2543
1332
7700
3911
11913
13909
7840
4494
2068
4924
13947
6560
11926
14034
3957
13715
5158
13262
1721
2337
2806
284
6162
13664
8255
9809
8459
5777
9863
7939
11292
13046
449
2304
4195
7908
3789
439
2203
13496
14251
6768
18
12324
4415
5219
13240
9725
10318
5395
9959
88
5416
5534
11252
11287
11513
7659
11666
13741
6696
2026
2888
6977
9181
5329
14475
1141
2073
3227
8846
881
11552
8701
1025
8299
8542
8200
8495
1622
2851
10564
4553
7674
11979
5470
2124
6746
13397
5560
8560
3188
6211
12943
11709
449
1132
163
11329
2489
10431
2407
11740
12630
938
14459
4529
2434
10380
14307
14638
11628
13587
561
6956
10639
12257
1626
129
457
1662
5662
13943
8997
11522
4361
4876
4763
10324
4230
7815
10619
2789
8310
9195
7084
784
9136
6461
4030
13723
13063
10627
5228
6292
11671
9308
641
2658
3158
14465
13947
12834
14345
1721
14261
14721
4636
2430
2728
2892
2731
7528
13579
8858
3435
9110
5403
7001
14835
7374
8764
6771
2936
3300
1204
14440
13982
3242
8940
8459
2867
4169
4617
9658
13890
12640
2791
10485
10802
9924
14415
12037
4268
9991
13486
486
14022
6575
6705
13246
7358
10585
14921
10707
2450
3024
9274
2594
11830
3819
7189
2011
11751
13347
6111
5433
8773
13978
9989
4763
4253
2951
13350
13416
10138
11239
9968
4658
6528
7849
5813
6519
6698
1066
10221
10920
14347
8923
10165
14588
7201
4675
6584
12332
2589
7586
6746
9050
7031
1598
8978
3408
8202
10151
12211
4837
1416
14712
12758
3121
6168
9561
4763
8738
6338
4372
3384
4155
4045
9248
12773
10646
2934
11222
5232
8610
525
9603
11178
11532
8850
9664
10804
10082
13746
13582
6515
6472
12872
2283
4854
12514
5225
5653
14419
3270
9399
3687
5229
13456
12643
1520
7630
8780
13473
12698
12698
4010
13163
517
13153
7750
7588
14136
794
4832
7595
4711
1890
3475
4851
6362
6431
3289
7892
6429
8219
4409
12382
14476
9170
3063
9709
8784
1113
7319
14366
10366
6222
9456
7299
7392
227
4460
12798
4209
11792
7944
6292
4992
1157
5496
13179
13824
5213
14725
6290
13951
7230
10672
7692
12584
86
1432
12915
2919
5049
5367
14987
11838
6329
5573
8736
14907
13253
1683
11785
14332
10247
10693
2112
123
11877
8757
3606
6629
10465
10879
13426
14576
8012
9000
1573
4608
12278
13845
3209
8433
12951
4639
6699
7982
301
8342
3736
10769
232
4897
13910
1961
8834
11857
12894
3165
11717
13040
9510
4556
7242
4900
2139
13412
10146
8668
11748
12355
4389
10364
10319
14947
12870
11985
2197
4560
7231
5226
5617
1332
390
5457
3454
12701
5748
3811
9956
10558
9940
1657
7964
9170
6614
10293
6038
14600
11691
20
8973
13621
12982
1542
7767
7893
5641
10368
7691
10116
4247
6058
1371
14684
7356
12314
3474
9551
1540
11977
1272
6434
14175
8893
1954
10987
4628
13881
14910
2838
13775
4297
3128
1311
10585
2904
1300
4616
12002
5140
8696
1730
1142
9470
6238
6119
3110
3948
6558
4883
7062
12522
11333
3066
14947
12340
9148
3503
378
7261
1332
6882
1386
13773
14798
9362
12507
2154
4494
3789
10574
6292
12564
7828
14357
1077
874
8015
5403
12485
11079
3367
11347
3750
3964
12545
7684
3748
6163
12438
8706
294
7852
3587
9387
4479
13785
11277
2315
4955
10519
11305
129
9049
9829
8222
12424
5739
3612
9120
4989
5763
13915
8295
7196
8138
14487
10969
11419
2880
6737
7996
14160
11913
2416
14873
13784
12942
3930
2808
1642
14234
702
692
11590
13616
1353
6470
5965
12340
6677
10969
11692
1793
2813
3376
4390
9030
2935
12558
10366
13598
5812
2073
5065
8886
10137
10813
3329
14593
9652
8221
11957
5051
14750
10350
10920
6251
12734
4759
2497
6112
10015
7532
6388
11257
3025
467
14451
8201
14641
3543
11837
1469
11525
7236
644
5559
7255
8307
10183
14310
6021
9339
10807
7083
7701
13114
2092
12168
8172
2178
5483
12758
9812
2892
1254
6
13096
3688
13512
5636
11372
4107
13878
6610
1025
9949
3789
11337
9193
10207
12414
9943
4141
668
7267
12406
5254
5977
14363
4578
225
7480
2934
12840
3440
1884
12433
12074
2695
4219
9327
6959
1645
6793
4520
5584
11417
6755
5483
12630
3133
1834
438
2758
9418
13124
13309
7031
5947
7770
9385
5644
8246
12570
14021
14682
10900
1119
7418
7751
14317
11928
14646
766
1005
6921
4681
3864
581
12137
14087
7200
3771
892
2987
14151
8110
5909
2950
3286
8923
2385
13972
9427
10073
12681
8648
12023
3870
319
10613
2504
8776
6431
9699
420
8423
14959
14458
6141
8854
12156
5819
14410
8944
8883
6368
10895
12137
9358
1483
12460
8316
3968
12229
12221
9374
12846
1908
6545
11446
3629
619
218
4681
2043
1025
10920
2400
734
8938
579
488
11773
9992
1235
12351
158
12098
14035
1078
13613
13499
14519
13221
4010
13082
4912
9427
9438
5674
8138
11091
7029
10824
1437
10015
3506
2143
11660
9691
6070
1726
13685
9377
7557
1013
6047
3415
8427
7013
3946
6788
7327
4157
476
3826
11804
1640
14651
5532
14269
6174
6457
1604
13364
9023
13823
10331
1362
14150
5912
14582
12317
4412
13219
10693
4631
10488
4796
7557
7936
3046
7420
5580
12714
9985
9598
7288
6645
14198
10857
6081
3608
4334
6571
13135
12530
12491
4676
165
14985
13970
3191
13171
2124
12875
10958
5761
2247
2158
3722
10472
337
390
6023
1295
3892
14011
12490
12835
14960
12086
4447
3221
393
905
5594
8665
13743
9530
11316
13170
890
1367
3027
3284
14171
6814
10504
10411
2174
14596
5523
4871
7883
4842
9467
777
8388
10918
535
14883
10956
10946
13294
14481
6138
14729
2117
1973
7982
11731
11157
6484
7170
9823
6772
2462
4229
3853
10313
7959
893
5057
7176
13688
7171
6015
7928
11738
9375
2577
12550
14807
11969
9456
4886
5441
13424
5607
11491
13608
14418
274
2594
3606
7320
5570
5580
6141
7424
1164
2737
11644
10164
12114
8063
7369
5135
4700
11111
3098
9568
2339
5639
13057
7615
3069
4949
4156
4212
11055
11380
5061
10095
14716
3187
13165
6387
10949
697
3379
2033
12706
10284
3694
12629
14493
2612
8342
11764
7803
8039
12625
9590
8696
10973
11274
129
12232
5025
14514
1001
10782
4701
5668
386
2551
8315
11557
9049
1075
7705
11975
5274
5146
5645
7957
686
11725
2394
4389
11047
7814
2848
9251
12762
14102
10014
6950
8334
6677
3866
11530
4327
7270
7691
8371
11531
2376
1042
11324
721
9471
446
12592
1220
3180
643
11419
3838
7869
11146
314
2245
3063
12972
4915
12148
11566
11806
14251
2209
371
11419
13631
2909
7584
11126
1478
7012
91
7126
8202
13407
1745
2264
7612
5164
3703
1186
734
2263
6063
494
2152
13922
11257
10366
14260
1898
8766
1321
4847
2287
10984
1990
5502
14109
5367
1196
6503
14818
5156
14672
12173
5920
11711
9917
8993
10794
14696
3791
9325
6087
4048
14840
13921
12068
11703
7763
6340
13507
7978
438
813
9501
3454
9193
9375
3773
714
3655
13587
10715
1208
2472
7285
7416
471
11071
4758
10858
4916
2099
13497
3424
8210
13854
14740
13688
1783
2025
14443
11170
9541
13093
14298
3843
14619
14252
3927
1288
4792
8839
2274
14251
7863
10744
13200
503
8190
4910
9119
9859
9185
310
7867
3321
169
1664
10682
4736
13271
12409
6609
13835
49
7752
9548
1452
7972
2189
14366
6180
14406
6884
103
7229
4195
14631
1687
14685
431
6640
12644
9596
10225
14753
10193
886
973
10431
931
13131
5807
13318
1155
12258
5828
7529
1089
13891
8345
2593
8174
69
5563
11603
13948
9345
792
11121
10057
6987
2883
7429
9183
14220
2503
8984
8836
9571
9839
13539
8200
306
10673
9904
8561
7759
1773
4184
6396
12359
12039
6959
472
3211
2125
519
7272
2836
9389
5884
11403
6794
13383
2836
13838
4269
12751
14989
2753
5185
13934
1941
4297
12046
10887
13211
7452
14234
5395
3761
7874
11995
9721
3468
10871
4691
14396
9960
8303
9984
12995
396
8055
11807
8193
1332
2596
13305
5981
6685
14468
8992
4431
10819
8430
11646
3593
14249
995
5341
7416
6996
690
13123
3771
4038
5423
1244
1943
6461
7495
9006
13560
9667
2839
9013
5892
1549
9850
12268
9159
5988
8030
6418
9023
7769
6836
9051
1642
8212
13437
5522
8133
13846
11325
8651
13994
2063
13958
9614
3290
13299
7584
4644
2387
14133
163
3054
8015
10176
11839
8915
4042
6394
13108
6404
8802
1386
8916
3698
10016
5044
4348
6124
3914
9625
2141
11926
8427
10145
12442
14033
8481
8428
6111
3167
7557
7708
3122
10326
4956
945
7572
8764
7047
2668
13292
978
11574
14960
12484
11036
6505
550
14993
2503
2793
13363
1355
3579
1112
7781
10056
13444
14274
10367
14620
12135
8322
14387
10608
12034
1337
13878
7257
10847
10577
13872
2111
9047
3633
3074
12248
7690
1258
3762
13730
3655
2598
3474
1109
6157
9783
12901
3461
13394
2840
5768
1983
6566
5651
7278
108
9600
3901
3399
2054
4065
11181
10961
12065
9532
69
13269
14829
8505
4571
13537
7374
9456
4656
14753
10610
12805
10605
9595
7767
150
13747
8647
9749
4190
12185
8957
1887
12381
1668
8116
2395
8764
1896
11385
14293
3165
9464
6544
5680
10214
3353
7244
13743
6406
10539
4143
5264
12822
3116
7117
3444
1979
10464
14722
13710
9214
3415
9636
328
4076
7667
6384
13100
7851
7576
10235
14462
788
2856
1397
1186
3073
1721
552
12664
3134
2589
4835
10585
1152
400
9357
12875
12179
4813
1730
4239
10184
2160
6301
3105
8674
156
1864
11268
6545
1230
13717
10329
9853
3133
14033
2737
1492
8287
9343
11115
2868
4807
12363
4722
12618
14900
12110
4721
13246
6809
10377
11133
7366
3309
8253
11399
8681
8990
7893
1662
804
4095
3882
13650
5831
13782
1788
3353
673
2985
105
2434
13054
9853
3875
13192
5661
40
2999
4372
5063
7830
1870
10926
10973
9060
12970
2459
6105
9414
1863
13941
13710
9820
13037
6225
6664
9101
5753
14362
10162
3096
11529
7681
7930
11671
4101
4013
1595
6056
8115
4770
3958
2612
12965
5928
6528
9335
13610
9841
11783
13933
7688
11709
10627
2016
10844
14561
9918
14107
8242
14120
13314
14547
12452
13210
7241
2490
10059
4040
5825
12683
9429
10998
10278
11556
4444
2166
6685
4458
2582
5906
4191
14614
6927
13290
3161
13107
2706
4897
12810
8854
14921
11630
14447
2913
14257
8805
10841
12237
4082
5735
11457
3861
6704
14707
12714
12552
2095
6320
8075
14592
7328
11980
7947
4154
10466
828
8496
9202
9235
470
5381
13233
11894
13438
1446
2182
14051
11203
2268
4367
10770
10787
2092
9052
12462
12025
403
2183
1819
14549
14247
405
154
4889
4821
4585
13304
13478
12341
5967
2905
3457
2997
5457
10895
6196
13726
12835
2441
666
1721
14427
2865
7566
6339
5367
6176
224
11644
14790
3461
12400
12392
12147
3664
14865
6547
14902
3338
6061
9364
6223
2909
11779
3243
11540
9534
10958
12305
2465
12189
4648
3202
13909
1025
10994
13181
11484
7898
1909
6474
5915
12355
12944
10838
10046
698
12339
13747
2956
3786
13883
3717
12252
14863
7483
1205
5405
4938
10258
6445
11246
5232
6138
7911
9793
7975
8233
1715
2547
4323
14570
2387
13290
5721
8666
4381
9124
14749
5178
11159
526
12280
2141
11015
14428
4197
8963
14119
2382
12599
10393
11945
14548
12412
7567
7410
7529
14593
9202
10833
12884
1323
10301
14068
6065
3296
7136
5068
493
4185
14537
890
14406
8116
3514
9433
12132
8021
1236
12686
13227
10177
8524
1392
3111
4668
3517
144
8111
14814
9072
10775
6444
14556
5706
10593
3789
3919
14037
2920
6081
8396
10951
5953
14488
7783
10228
11323
11101
2629
7702
749
7768
12485
12991
8731
2986
5430
9600
1006
1628
6811
11745
12127
11325
11929
1243
866
593
6081
11926
8370
4387
14567
5690
1984
998
3720
13874
330
12562
7768
9636
1866
8778
13775
5187
12219
1473
8572
5389
12514
4297
608
7189
3927
3688
2844
5172
10919
6433
5903
4558
12962
11465
5225
5686
697
7982
12087
12278
4812
9881
3211
9609
2542
14190
1389
10136
9828
4765
5340
2389
11926
7946
11310
11880
12399
9626
11177
12769
10797
2752
8941
4082
12317
2131
14843
14733
12536
256
14138
9893
13756
11769
1771
6827
6177
9866
7857
9885
6581
10745
14680
9374
14147
11793
13410
4075
4687
8215
5491
8497
8110
6762
7564
12234
7594
13041
7260
5014
5791
14562
14236
13504
598
2663
13421
3464
5121
11993
10518
14520
13167
9179
7910
2888
6661
1095
2851
10043
10376
9739
8992
1816
13922
964
4190
13766
2116
4251
10209
12424
12135
4073
5135
5474
9722
4248
6597
3680
12643
10663
4308
13999
2815
29
7854
10953
6992
4906
9644
6075
1981
14372
14638
4899
3157
5340
12514
432
2312
14588
8669
6593
11469
5060
12319
386
6513
13616
637
7733
13922
13753
8399
10519
538
10317
13214
13891
292
13555
9097
1146
8683
13134
374
12463
14587
665
6931
7105
4725
8787
2266
14502
9351
1209
4938
138
14559
14092
2569
14483
11784
7121
2249
13306
10348
3110
3792
13983
4360
9784
1812
13429
8718
1335
12994
4790
11200
12257
9390
3908
709
5219
10015
4593
10602
3008
9550
6940
3804
13326
5391
4609
4065
4237
13319
13894
426
9465
6838
4259
4041
14853
10726
7275
8501
3419
929
509
3517
5899
14081
10726
2625
13302
2329
14661
2647
7039
1769
4749
1539
247
12731
1299
9683
5947
10435
1774
9230
1295
11536
8250
1654
12946
3957
3726
8699
14700
2246
1730
8257
13757
8920
603
9567
9408
5951
5028
1188
9610
14952
6742
13173
7488
9120
5094
5710
9976
10987
3360
8750
13540
11309
12548
5431
8137
6734
2220
11004
7998
5457
3645
5663
13020
1602
1243
3244
841
91
5128
155
14273
5306
1789
5055
6184
13882
6934
14211
1667
6168
8429
603
10055
10259
11972
7330
14540
12508
6271
3997
9340
2023
1438
13286
6524
14868
3005
6871
2874
8710
13761
1725
2114
11399
2055
2246
3463
2180
7874
5570
5395
2757
1469
5106
10274
9262
8526
12782
2107
13853
590
658
13828
7012
10113
10166
217
8829
11514
8333
1559
8002
13175
603
5548
10065
2349
9402
4755
10026
13638
1850
11709
5019
9838
10510
13705
8636
3511
6189
3750
10800
14984
3712
6244
7430
13689
6616
2720
3742
14131
4367
11499
10377
5160
14559
6458
969
12026
14604
8101
626
5419
5178
1331
11491
4159
4093
5459
2550
11885
13711
14480
14960
11931
10320
11004
5095
14772
4104
14417
449
14636
3671
11760
10372
6603
815
6458
9400
10988
7264
3518
2434
5570
8122
3329
14502
10276
14089
14764
9163
7255
6893
406
2176
8963
4367
6431
6978
9432
12670
12222
7374
7742
1090
4170
17
7638
8490
5182
13339
14983
10318
8
3140
10935
3133
12753
5758
14948
5981
1949
5168
2591
14779
5104
146
2199
13668
3665
13564
11292
3990
11524
6086
2728
2684
138
13095
10930
13241
14696
8823
2679
5135
8888
8757
7720
9996
13863
11886
8755
6186
14678
13909
7562
2365
1066
13952
12501
8864
13708
8413
8854
2378
8481
999
9803
1309
6722
10502
699
438
13041
13524
5050
8412
1909
3422
8457
2830
14900
5454
9408
14193
13206
7263
9927
2263
1628
13
7562
8289
1925
622
12093
9932
14517
7194
3832
12127
1129
6947
11122
6992
8891
13408
11909
999
8388
9184
10743
4388
3881
2573
11644
5431
1264
4218
3352
527
3250
4594
7582
9384
2514
5367
7897
12846
11380
10064
7907
1478
1431
5566
4213
7140
12503
700
11010
3703
4484
12869
4172
1104
6190
12669
12255
8011
666
7175
11610
9016
14681
480
4284
5982
14696
1191
13469
13905
7690
6418
8706
10879
2965
10909
5748
4062
12200
12110
6078
5175
1623
12579
2950
9157
4208
14257
5849
6166
11930
13894
13860
7774
12757
12599
12693
6673
9355
610
12739
9536
7124
2693
322
10692
8306
2166
13902
1195
8590
4637
9822
9740
14245
1543
13116
11457
3419
2104
11768
3783
14270
427
6862
3703
3360
12667
10235
14648
10039
4336
8836
4816
9256
3346
14704
13664
10240
9802
7196
3060
13306
14601
9317
12658
10338
9471
14759
7358
4376
8948
11139
4507
12594
2589
4208
12411
11914
8685
2710
10027
13587
3301
14887
4673
13226
2667
14648
9479
12385
6900
2176
3700
1642
2103
8364
14857
13632
3649
9545
11483
224
14609
10072
5244
5103
5327
9730
619
4213
861
2432
14595
1001
3450
12562
4705
5000
1618
1498
14508
12716
6326
1264
3186
5013
13199
5252
9935
13281
2261
12444
8738
5699
6542
821
10067
8423
4328
7180
9791
3003
13770
12501
10356
14137
12110
4101
436
386
11249
12395
11726
3178
7537
6218
7849
463
407
9545
224
12005
3346
9135
11886
3750
3155
12832
7990
3137
5091
2408
11864
8717
6111
1899
14624
2978
8862
7961
14626
2934
767
1917
3346
1943
8749
2617
1350
8700
10492
11009
8045
14878
10753
5523
11583
3871
3707
13016
6979
12197
14107
6661
3154
13756
13616
8220
432
14550
8537
5963
4011
8004
8503
920
10506
8157
5746
11144
4933
72
535
3966
7522
8317
8991
14722
7285
2998
3554
2055
12751
3068
12074
12361
1316
1691
5724
12237
992
10099
8093
482
8221
10389
680
11180
6021
9616
12333
13006
8636
12053
8179
3606
7110
13431
12561
12879
336
1924
12328
5734
386
10039
3086
7535
3591
6434
12986
13269
4936
10764
13896
9075
12058
8714
8377
10216
9366
12025
3552
626
10945
4525
9668
5806
2582
3801
12297
2334
6431
6636
6937
3871
824
11399
2610
6069
9128
3091
7522
13850
14082
2070
14439
8903
13577
4608
11441
8180
1936
5116
14056
13800
2845
7985
12181
1334
11643
7731
1727
9895
10110
10663
14995
13166
4857
1146
11321
4454
14427
6274
1288
11749
11946
2661
163
8640
11078
6971
5457
10997
2113
11438
2009
3184
9680
2126
7332
1656
5388
3202
12808
5534
7932
9221
11690
9598
6666
12317
6539
450
4141
9218
7637
11830
2249
14840
3419
14779
4146
11731
9469
10976
542
9968
4878
2548
784
4679
1583
216
5643
13156
17
6124
12350
8081
9155
7438
5149
14908
8432
8547
11683
9994
12223
5400
9677
2891
2545
14
6045
6075
3920
9337
527
9467
10660
13607
881
538
6048
6148
13082
5737
12830
334
948
11497
6717
2506
1970
2589
4077
9212
9543
7042
14569
10646
8963
8641
4200
1626
5181
12862
167
1895
9509
12559
3069
7672
8991
9038
1958
7796
4478
6559
5186
4716
596
13123
10881
5513
5555
11848
3434
2953
14876
10377
8662
270
707
12941
869
2072
14746
10796
8459
8826
3106
14636
6151
2217
4643
8737
12308
6396
6104
7344
1759
6379
5806
9740
9388
10466
9303
2596
7413
7229
11151
12089
390
2822
8722
6336
11026
2669
6467
12025
10471
1353
5102
11352
11577
12758
7216
7572
8173
5982
2593
2612
1890
4036
3110
8108
6775
13963
6172
5395
9665
2628
5181
5183
12673
1175
5365
12964
3500
6444
14176
3241
8739
13510
8371
8043
8006
11408
12234
14505
11089
12564
8247
6300
7823
12798
3498
6087
13947
135
111
9497
2453
9869
13691
409
14269
10924
3421
6857
1890
4637
6280
6265
10485
2107
11466
3346
2729
4105
10772
13127
3116
549
1123
3454
14545
14036
12354
9627
11711
2305
8375
6344
5658
13576
4977
2085
3522
825
8986
1230
6181
7392
3063
7808
8552
5207
13586
7012
6740
9359
4235
2755
6310
12126
14759
8219
6170
11558
11666
14960
9583
13997
8165
1624
6870
11209
10506
5026
6213
2358
4078
12061
13549
10600
13529
1789
14538
14284
2878
5624
1949
11679
2447
3087
13701
9857
10786
2832
12509
13164
7833
1448
2577
12661
2888
6002
8578
9780
8189
7764
9464
5804
11180
4302
12977
8427
12379
13247
5961
1879
7458
2176
11178
2210
324
10211
2117
5079
3524
4559
3897
2188
1676
1353
10063
10401
2895
5909
2735
5982
2197
7777
7734
3231
7854
9023
12991
560
13024
7945
10431
8101
11138
206
3645
1241
6766
6842
2143
2322
13890
13597
2807
4381
2907
14791
9042
6979
3770
12158
3003
8327
8865
9687
9450
13029
11180
3731
1790
5936
14247
44
894
14658
1858
10589
14259
6685
12181
2152
7013
9464
14161
498
1169
622
1464
10078
14028
13549
3426
7330
1930
1230
6821
2281
11376
5126
8342
14468
6249
5543
10762
11403
11925
4842
4207
10808
2287
4345
13470
7983
1485
7087
11175
4368
646
9409
3131
9213
8965
14034
11077
9519
14425
8981
7247
2573
7531
10499
8068
9959
1930
1658
7821
2214
7679
3216
3956
9950
13643
9523
4826
5345
1705
91
12450
13244
12489
2406
7382
5780
138
5070
14458
844
14696
5135
6660
13870
8057
6458
5421
5711
2262
7358
5702
3830
1846
717
14383
11106
11312
12604
5823
8249
4826
7117
13083
3084
7634
1688
4734
14391
9325
6269
11437
7432
13788
8749
4653
1337
2646
9433
2492
4547
7359
3061
10261
11604
14059
8075
11318
397
7318
10037
3207
8802
12220
73
8844
8612
4819
6584
4971
14933
13529
2777
11942
10610
3211
8989
2692
8403
7681
10723
10795
11928
9325
3317
12873
8810
6365
9374
13470
3459
2733
13672
12533
8122
10836
8950
5140
11245
13373
14226
7067
277
8097
9402
3849
10255
3622
2684
3294
7989
1070
6211
3576
5733
8648
5151
734
3384
7601
342
12110
2730
14767
8897
10796
13837
10357
12988
6225
10193
10511
11920
3221
8996
11322
1751
13357
3821
10060
7272
12514
91
5789
14740
14730
3703
279
11013
14198
13395
12573
8842
13381
9867
4481
8416
1988
9747
1948
12751
13304
1388
12424
4018
7790
9244
941
548
6076
4654
14482
4974
14737
14734
8116
6918
544
7416
2029
11270
11989
921
5501
7263
3243
3770
9081
5751
13095
7497
8342
5851
6904
5481
13434
12107
11508
10987
10599
11620
7298
3846
11435
7759
14854
9161
8172
2211
8566
8405
1064
13968
10627
12101
7057
7375
4905
1821
1438
14322
9497
4430
7799
2248
9160
2168
1783
13076
7408
3705
7927
2728
657
7624
7504
14061
7383
11420
10086
14520
2176
8508
4629
1129
8825
13909
3612
13526
5006
4742
5462
6685
12104
7752
10893
7717
8438
2398
4968
7497
11584
11756
8181
3263
4968
4104
9720
3692
809
12414
1199
110
2671
3963
11392
4296
6083
4507
9654
1722
8900
12197
1297
2451
12554
2789
13880
1675
6555
10648
13532
3171
12664
4374
803
8018
4797
3647
228
439
1148
11670
2785
9187
11902
10630
4494
8315
14488
2267
2250
13386
1745
12342
11928
1984
5087
11014
11463
14827
12045
14269
2710
9441
3869
7229
4952
491
1962
9120
10483
5947
8336
10755
12573
13292
3153
4219
5076
10340
207
14428
7012
2256
10080
13217
3646
14113
612
3297
3864
13937
10247
1097
11080
829
4175
10381
10451
10620
12911
12331
2669
11638
4855
14192
6171
14071
4485
10636
4567
6697
8182
1846
6269
783
7820
12172
10715
10091
6776
2953
5219
10633
8221
8842
12714
12925
5876
8787
546
7546
9271
8898
13546
11666
10785
14634
4361
5486
10889
8636
4137
12243
1501
10644
6864
934
12794
6793
6171
11046
5405
3655
1212
6311
12329
1266
9456
14562
4477
5147
14356
9962
10296
7053
5981
6528
1166
5068
11622
14167
10080
13692
3400
14468
6647
12972
5477
14894
10961
5218
4138
14875
12570
7451
13835
10221
3751
10331
3378
2668
10408
4219
11336
13757
5733
7163
9628
4714
12401
8671
7198
11531
8121
13990
11819
570
14911
1949
286
7540
8322
3089
13261
2073
11079
840
9540
13980
4343
10884
13673
11833
6125
12044
11915
3129
1192
8698
883
11432
14255
2371
3529
14603
12573
3202
9165
1367
10257
7714
3651
13719
7950
12449
10792
3590
5479
14428
11323
1018
5214
9199
11684
13201
14562
13157
8337
9060
543
1751
1150
14167
12488
8187
9834
4663
14584
2814
2324
1555
2328
6523
3872
8963
14795
2870
12300
609
8198
13773
6196
5740
11479
3577
69
2770
6710
8540
1929
12999
9858
5693
13086
1298
13372
4328
13392
10307
6489
9379
1556
1312
13361
7168
13037
4230
13837
1243
1387
1209
4370
6672
123
4118
111
8448
13875
633
6917
7541
14969
9893
7492
6979
2710
4515
6085
12433
12059
3844
9670
3957
3048
12135
3434
14462
14454
13556
13123
14559
14376
11608
12319
13954
2387
14593
8476
10722
14040
2182
11290
633
8249
13062
8749
11827
1488
404
4419
4263
7931
8691
14440
787
11409
14388
12481
11808
5288
88
4644
5726
11899
14966
2674
492
6300
4907
13525
10602
4530
9630
6915
3273
868
4974
554
14988
6376
13181
7768
14584
447
10948
13338
8552
14375
5516
14609
1376
5963
11781
2596
3291
13940
5237
10615
12421
7603
3960
5365
14009
8447
11323
14193
13759
452
4083
1687
5973
7525
2477
1653
13629
10794
9692
7727
9713
10526
5367
2463
11820
5836
13627
8881
7556
862
10122
1728
6454
2766
11404
2609
1801
3286
6469
5729
10668
3202
7622
10338
4856
6821
1671
3630
10521
6405
3545
14984
5525
13381
13472
10466
12540
9276
12894
7168
375
13336
14346
6232
12876
7128
3165
12232
9220
12501
6293
10082
6644
13987
8815
12761
3026
18
7243
1537
6699
8839
9757
3825
9008
10540
6292
9940
8076
8810
4750
341
4053
7893
13823
10772
403
8554
12694
3454
2355
4974
13831
6300
13509
10938
7012
14700
7838
1330
11317
12622
7251
3463
2346
8603
9802
10018
14878
14730
11872
8812
2698
1827
259
9797
8776
50
4364
4187
3472
11087
6783
8211
5676
1158
5651
567
9441
3259
10200
8619
11146
11485
7000
2589
3864
9956
4930
1117
8090
815
4393
6653
8764
12587
4219
6848
14730
4589
4336
4763
6862
1844
8569
14428
4387
5157
13029
10211
9105
2893
4681
11522
8095
5751
9170
8200
6604
14507
3361
12734
12636
12887
11277
9627
6060
4605
10519
13763
10561
5114
3256
14733
438
14560
269
6194
2466
8430
12617
2789
10220
11760
11337
14399
13602
11419
13494
7515
9065
8181
8779
6986
3164
8920
14754
12025
750
5733
5406
567
14593
14836
13311
5100
2829
13829
4124
770
6901
12331
5423
3258
11007
9755
10111
11098
7201
6451
442
6725
2932
2990
14445
10559
10138
13386
962
6393
3831
3031
1626
7337
11817
1750
11867
1486
4389
9854
2263
14138
8424
94
4778
14133
4361
2798
3594
779
13609
8100
7725
11065
375
9486
496
2777
11696
6815
3962
568
11725
11007
2761
5094
14729
1617
3902
14723
1719
1860
12258
130
2216
14370
2249
8594
2821
11288
13575
3409
4719
5424
10427
1591
12774
2012
11199
6666
2297
11220
8996
1376
14868
4418
5837
19
11225
5443
8052
295
14465
13679
1979
8348
12971
6508
1007
5039
14722
6539
5449
88
14637
11246
12632
1257
6783
1877
9155
7314
4681
4689
14737
64
14759
7217
8714
12235
10085
3204
5946
12869
4777
1467
6882
8193
4704
4609
975
4520
2913
14046
16
14154
10951
12860
14456
13530
11267
4636
7933
11310
14999
10062
6655
3986
10582
10193
7050
2941
11085
10128
9817
8326
7485
3645
8104
898
12740
3459
12258
7660
4117
13696
14926
11666
10605
9971
8457
13291
8327
964
3080
5766
13438
5711
6009
3052
1909
10646
5698
1982
7007
8355
8388
12720
483
6981
4014
1534
11942
13139
2709
14580
6887
8823
11194
13947
6432
9129
8297
6866
6300
3453
8695
10919
14140
11638
12607
13172
9052
8858
6283
7915
1407
8989
14993
5176
11194
10858
4204
9996
4802
441
9644
1814
4629
3252
298
7272
4174
11685
10549
13459
753
6494
6358
5285
923
4189
10307
4955
424
13652
3370
3286
1633
6639
1658
13756
4791
10786
905
5135
7125
11647
6081
2423
9261
5086
10749
412
4646
2177
13221
11010
8330
995
10676
8548
4993
14866
4580
5482
11632
10563
2309
5214
6123
4391
7224
12545
4619
3164
4515
5068
8532
2715
1642
12663
10386
11429
1141
1066
7171
9959
13868
13121
11047
2796
9842
782
6859
13666
3549
10017
13307
1829
2714
13265
12575
3668
3635
7534
3129
5963
8816
11878
2637
11097
2919
2239
10912
4225
6685
3551
2844
7254
1493
5270
549
3458
1825
6831
8884
11519
6496
9746
8107
14885
7262
1026
7270
10096
9451
8171
1951
666
13873
13277
12136
3273
2759
3932
434
5312
11113
9096
4675
5836
10506
7751
4633
10635
1286
14233
2269
13064
10137
9853
12601
8991
2759
10692
12390
14518
5036
11998
1965
1730
12822
10652
13849
11784
2202
1699
3590
7714
7938
14433
3454
14256
5886
8702
2059
192
10511
13354
4459
13020
11868
7272
9539
8388
9656
4216
11746
569
3482
14070
7554
12852
102
5831
5905
5992
1446
1058
9239
5641
6233
1245
7081
12333
159
6093
3818
13781
6180
9961
12691
5599
13664
4662
3346
4328
8707
14574
3168
9063
11554
8252
7085
2638
1867
4852
383
14294
12278
4611
9667
11960
1135
13957
1951
383
1508
1012
4306
4526
4907
13759
11095
5733
13914
2676
1393
7439
7909
12445
8608
3204
7730
1282
7407
10953
5161
1184
2968
7302
7135
4957
12655
1579
2636
8611
12827
3969
8637
8943
13343
8935
5334
3905
14430
13299
8500
2131
10693
10630
1158
13599
6725
14557
8660
10901
9309
7747
10988
3123
13926
4673
10984
2690
6593
10091
565
11651
3927
2840
7447
8854
1423
14821
3319
10630
5431
3614
12122
3824
7012
3405
9822
11696
8685
14552
2232
1997
5690
10957
11806
11697
1018
9750
554
13317
8180
2560
6789
9334
13664
8337
11621
7794
5012
12195
533
7256
4494
12741
3371
5014
13122
11828
14914
12818
7586
13399
181
3350
5575
13383
11808
13037
9006
9952
11554
63
11959
4416
9770
13616
1670
6392
9573
12679
6900
12692
95
10326
11704
113
9976
11387
11120
5598
10620
14939
9215
429
6175
8101
1170
14700
13288
5222
10049
13496
1320
4972
14749
1945
13158
6075
12632
1117
1100
3186
12922
10020
262
13855
2678
3437
11759
5966
2195
7409
3359
12958
1508
7628
13537
7706
4930
14449
12427
8636
8727
1334
6722
12667
10922
2272
13009
1087
6017
7596
9920
2355
6553
4375
3955
3860
1711
4200
13917
11013
1338
1718
6727
545
3947
2217
7801
5555
6584
4136
11077
1959
10546
10348
335
2377
7327
4516
5863
9220
9151
7167
14034
6563
7374
10631
2938
12666
2925
8116
14422
13956
11111
9635
14256
13478
11426
779
10903
13020
4191
14046
7003
4996
12560
6533
2844
1299
2747
12165
7579
549
8057
10362
13151
4010
9870
349
14449
5658
54
6871
14886
7552
10237
7475
7110
14530
6085
7519
2223
12509
2868
1819
7002
8999
14554
13533
6448
13039
11859
183
6895
2544
1773
13014
11063
8764
14753
11247
4258
3474
12736
5582
8127
6233
6887
5738
8681
8889
5913
9829
4485
6703
9280
1351
913
8307
836
4212
5007
12715
11436
4010
12775
6605
3678
13813
13616
1364
10784
11973
10713
7067
5906
4568
11417
12941
2821
37
11905
3474
1691
3671
17
14678
1482
13138
2846
356
2581
8286
9173
2393
13608
14472
11027
8740
5468
10964
12447
10463
1386
10045
7908
10105
6712
9967
10940
9265
8840
11585
8176
1317
3058
1892
14790
9944
6292
1144
11380
13304
1836
14498
5478
10431
6097
9265
13805
3104
10586
3826
13965
11033
11793
3053
14447
3902
10807
2210
4381
7085
2590
1158
10929
5970
7849
12709
3037
4739
11194
6796
13095
3108
14548
6254
2550
9034
794
9243
14677
1629
13597
10846
10493
6622
14468
14552
8086
6886
89
2231
4637
6894
5437
8804
3882
1092
4007
11036
10362
8689
7956
8410
6427
11028
7652
1367
13945
11499
12122
9209
12978
14462
2460
8710
6520
13478
6110
14545
14872
9799
13636
14779
8233
2279
6849
5007
4272
3366
5533
2964
832
13729
12698
2524
7741
12120
8369
14863
4314
5366
12818
11845
13586
5695
3328
6842
3168
5102
12387
5792
594
6710
9687
3188
11926
1814
2376
5246
6870
13654
9479
1397
6000
2108
14755
6739
7485
1749
13736
16
6821
4184
5850
9993
6055
7205
9309
11224
12817
717
5570
7085
3203
10869
7031
9750
4489
14759
9757
10359
3638
7849
5501
2166
14329
4317
3650
9663
3882
3783
9801
6774
1261
5594
8465
4979
318
2023
1715
6241
1961
10553
7569
8138
2928
8410
14822
3406
13037
7608
6643
7287
1589
5197
14814
12794
11913
11476
10836
2177
3846
1386
8710
14597
3027
1561
14898
11330
6416
5839
13221
8454
4724
5836
2750
8660
5992
12648
12817
4323
7660
1497
5
4837
787
8140
8710
8514
3031
7785
12914
4528
5183
13383
12362
2466
14462
14958
14220
3573
7938
13028
3843
9021
10032
9605
4769
7272
11361
7452
4385
11926
4388
13018
7153
6050
14825
535
9240
3055
4297
13353
7902
7174
5921
9732
2593
9583
2141
5262
4227
8460
9433
7522
512
2891
2355
8116
11641
6775
5219
6450
7655
8090
5497
2440
11701
236
9692
14166
3513
3358
2570
7694
10286
4191
8183
13177
3380
9827
4475
12905
6727
10022
579
8644
8297
5481
7171
10617
13426
4317
10379
12020
8980
13698
12241
169
8411
11419
11663
2645
17
1406
4795
188
5247
9372
8825
2120
3708
6461
5830
13123
5564
9984
1775
6913
5061
1682
783
14340
6755
4159
4157
7741
7009
2308
9381
7042
8070
9563
6213
7756
7203
4427
8527
10164
7201
6976
6040
5905
13604
2492
13429
3957
3415
8087
38
6288
5331
9865
582
13483
2303
8834
14290
5262
8007
6231
11061
14839
171
816
13769
10285
6471
6774
4981
1744
5047
1367
2844
7022
7089
12722
1710
9194
4161
12799
840
2782
1204
9144
11729
6758
8072
13083
5032
14071
4961
4590
12532
13775
1249
7236
13847
6575
5015
6979
10652
6346
13616
13409
12954
12526
2555
12408
3640
6521
1122
11552
3409
13688
13992
5991
14759
14560
5811
13829
4338
9766
9530
9250
14945
11696
6130
2168
12949
5618
2654
14865
3023
5837
4605
5489
39
4723
13171
1787
12663
3793
11711
4138
11384
9704
11768
14136
6319
3141
9789
8707
6811
8259
4563
476
1590
4305
12985
7414
4049
7757
6660
5220
9815
6789
11959
7842
6049
12492
14587
6959
85
5896
13883
8491
13541
9508
8901
13845
8502
12319
11554
8731
14055
11574
1699
6024
1295
12850
809
8262
6574
9594
3319
9127
10090
5045
2682
1279
2291
711
870
2846
7026
5370
10338
8038
3832
8193
10857
11197
5908
9957
5505
9742
5397
2396
9639
4181
1164
3255
3014
2062
3691
11540
7117
5017
3293
4827
1173
13663
13023
12648
8726
7179
11290
10376
6989
4867
749
10656
8476
4418
6338
6226
12765
7552
8029
14156
7577
9412
5271
914
14753
8024
13094
9757
8379
2192
6070
14182
5550
2519
7198
3870
2378
9672
6211
9340
1691
5442
7663
3486
11238
14766
6340
12684
1830
1150
12126
11986
5022
3520
7985
9848
3635
10585
1492
13357
3655
11745
978
1843
700
5780
13795
5682
5214
12339
12208
13572
10304
895
11247
11085
5750
4857
6495
5013
9458
12835
2912
6286
8527
8843
3035
13820
8176
5968
4465
9374
14042
3653
12941
10586
13544
10141
5978
7606
562
6765
377
8216
12523
13192
878
756
12854
12964
8263
7032
12004
14004
2148
4755
1171
8623
12987
7042
3137
14589
4986
247
14344
8802
58
14667
8738
3774
615
18
7364
1310
4089
11079
14106
12038
14585
12278
12317
9722
1604
7210
1752
8491
2589
6684
7099
12298
630
8427
12168
5725
2721
13004
2790
2470
8534
12584
2110
8920
8082
5096
10018
9821
5
14199
1509
1780
12684
7028
9516
322
9931
2399
716
2138
1909
100
934
2593
13532
12357
3419
11917
13067
8843
4443
14279
5873
6075
12556
9285
1803
8054
8620
4884
4526
1362
10796
6651
12579
10072
5691
1814
4898
6281
10620
1726
7186
13853
9523
1741
13512
12184
11234
2538
10794
4906
1562
1935
181
584
1353
1986
10610
6112
13421
792
4949
7483
5934
2388
8017
11926
14852
8988
10603
7680
1304
9839
1804
5079
11513
13023
13639
5235
3912
1644
6021
5776
8585
14382
7084
9571
2844
14013
4330
12564
13934
3770
1161
13092
4896
7591
9160
12320
7679
1260
1796
5707
5692
9554
8991
8337
2324
14703
7074
7084
10273
5570
13782
10507
12824
3337
8158
10758
12842
8860
13688
6066
2185
11811
14974
14034
12201
3450
3129
6733
2610
1845
5651
11146
2489
4780
10888
10604
9435
948
8246
1204
13338
13161
11500
13248
5973
9022
11146
329
11531
2195
7164
9377
3314
12469
386
13478
11442
10183
11731
13632
12125
8528
6321
14324
11092
4207
1968
7165
6614
7603
2077
6612
1231
4481
959
10183
11199
9746
2080
10307
13594
10895
10764
9756
5606
11750
11622
9894
8193
13566
9608
694
6477
9165
6562
4018
1888
6614
119
13339
12798
5457
9929
14603
88
10355
12610
3899
6181
7686
9491
8428
13095
14840
7196
9942
1968
12412
2954
12743
8738
2388
1489
10770
7832
809
11951
3344
1798
9851
6245
4972
2717
1050
1191
13527
362
5019
712
13816
6629
2359
11649
12528
322
7809
8381
13006
2068
14014
14501
7143
64
3463
5760
7291
4376
3927
13938
10029
8987
10966
3480
3294
2209
14376
1941
13575
11877
4421
9331
2490
2180
466
13345
2845
10931
9456
8991
6298
276
14005
5005
8101
11065
14926
1376
785
10251
14756
4763
3956
87
2933
1181
9504
12303
8638
12200
5312
13788
9693
14195
10688
12928
14032
3474
9340
808
9465
7548
12735
2725
5922
1694
11760
9001
12019
7273
5701
777
9908
9004
482
5531
9493
10176
9582
9645
11397
239
8498
13934
9511
7312
8784
1058
13156
12802
13062
7611
11424
3160
14092
5973
10949
3878
8309
9478
6493
1875
13859
267
8794
4519
4757
8680
10930
4472
11372
7024
58
5680
1770
1638
2573
3777
7751
8599
13359
1366
11159
5875
9250
14058
9757
3245
3023
966
2993
5387
11228
11829
2874
5697
7062
8234
2689
7164
7413
9259
635
13202
8764
10176
661
3882
14108
1233
11029
8316
4249
5705
5269
11232
9343
6023
5760
10887
6627
5481
1149
11856
12882
10520
3078
5374
1202
8126
12607
513
6451
1062
12258
6356
126
2473
9157
4591
9377
7951
5483
14076
2177
8810
4266
4951
6414
2369
501
3834
9976
13353
9070
10885
9242
3066
13023
14351
4911
12164
4742
5784
9934
6225
13732
10988
1494
2082
9369
2879
7929
10988
9414
7385
11688
10958
14607
279
1726
1148
9622
13006
1146
10115
3304
7918
931
5474
11233
7540
3964
6085
13210
2750
89
14524
1043
2839
9697
6499
2667
13029
2679
2272
12252
5789
10874
13391
7325
13977
6560
14788
11558
1733
8076
9138
4113
2525
6540
1609
9129
1898
7373
6577
9341
12710
6350
554
12060
7278
1274
11764
13033
3463
2589
8380
8836
7071
13769
12123
13983
9597
12751
791
14341
4520
382
8181
12272
14071
1123
7428
9212
8897
8660
6993
10758
9140
11868
8846
6584
13583
9112
3826
523
4221
5630
11777
12698
6822
9672
439
8642
9926
5358
7970
6972
9893
14836
10909
14790
5367
4719
1393
6027
8735
10103
10764
3942
8735
2848
4607
6442
6205
5770
10006
11085
3451
9248
12643
1605
273
10081
11747
8410
10486
3258
2420
5721
14612
9536
5907
11706
3034
7900
11289
13646
13961
2582
3258
7732
11793
13023
12012
1897
13380
7958
11001
4137
10868
10692
3920
9863
4013
9746
14833
7166
10731
12317
2334
1959
1501
1875
9777
5818
6714
2950
9475
13231
5440
5501
14667
8836
9743
3770
9397
2319
563
8151
6089
2340
5540
5444
10375
14425
5234
14081
1585
3125
13530
1111
11926
14182
12070
12605
14406
4114
4540
10435
14011
13698
607
14904
9618
9530
10538
12554
1726
5387
11110
4904
9614
10109
549
4404
1596
811
2485
11638
11786
7500
8054
1289
13087
5079
11324
9927
2014
12546
9912
9341
1579
11960
260
6197
14532
11115
2530
14973
12040
12783
14456
1939
7371
8812
2472
1570
1
8676
10307
5423
8792
13778
1599
687
4194
6685
3353
14138
12616
12664
10211
13692
13001
9998
6105
3312
10677
2155
8300
14520
13953
12690
9189
5570
6809
14723
4689
11678
2868
9924
3864
12736
13036
3060
3137
961
10589
1819
1929
6269
8545
6942
9383
4104
4954
14196
13587
1386
10178
3127
13776
14678
14833
12198
7944
4133
4389
4956
10235
4215
7938
12197
6331
14194
12930
7963
4548
3721
13480
494
7523
10451
9027
6384
8437
13020
14588
924
3588
3699
8786
13910
4200
8312
2612
439
9606
12069
8812
9023
624
7443
2092
7207
10424
3803
12855
1855
7139
4447
4467
2340
13653
10626
12612
8463
9902
2519
13112
819
8343
12813
13883
11513
9583
6900
11846
13357
4485
1579
7854
3492
10858
5092
3219
6616
6877
4059
13092
777
8398
11551
8866
10994
11578
9997
13659
7177
1489
12445
14730
4489
12716
1376
3086
11868
7330
4476
1148
14624
11846
1423
1898
5545
13145
10149
2716
4873
12777
2693
10937
14007
9785
10226
6597
3616
7552
14096
14528
12168
9249
7652
5548
6799
10543
5314
2442
1940
11955
11721
14096
14526
6747
13035
7236
7026
4907
1700
9040
13847
7439
13353
8687
7426
5462
11337
14546
10338
7171
13386
14464
11732
14479
10918
3789
11810
10932
11568
13837
9746
3008
8623
2844
14863
11393
2564
2704
9020
9172
12393
12170
14971
1590
2285
7369
14371
6727
1177
10512
12784
12949
13995
3685
9916
5947
2380
1440
7009
14623
13766
10953
5395
2238
8654
14928
12186
13274
13158
9439
3301
8559
897
5076
7672
14578
246
4766
942
8919
12083
2126
9934
11273
7812
4013
12297
14048
14840
10599
507
11064
14575
4082
1405
5146
14089
4318
14653
1445
4273
12724
6773
14440
2361
2362
6168
14790
9062
12509
4999
7663
6371
233
10329
1032
7746
8851
14653
6699
4792
7416
13197
5460
6510
3832
3639
13710
9990
4828
2491
13575
10638
4250
1726
11039
2149
10307
7061
2828
8888
2524
2190
8681
13180
14968
4993
865
1503
8648
9726
3655
5620
7531
5119
3671
9089
6112
3691
11190
8521
6793
3902
6673
12899
9095
4057
6356
9913
14210
1586
9507
1146
3691
3498
6512
9637
13114
554
12720
12581
12470
2558
5571
13829
7835
770
5911
3735
7921
4542
11502
3194
686
13862
574
13869
4986
3459
8836
14432
9962
4899
5992
12961
2241
10836
527
3912
14012
10865
10864
7374
10630
13802
3684
7841
14564
13782
13845
4857
13383
7452
7689
13370
3870
7557
5049
13709
7768
11960
10005
2592
8173
1456
8309
7389
8981
9174
13756
3482
1361
1664
11423
5940
5255
9924
10171
13968
7247
5212
2251
8578
8072
5251
551
2920
4889
8193
4534
3649
6199
10379
10511
3329
5633
7769
9795
4472
4851
14629
11831
3748
4905
11673
13023
7423
13091
5589
7836
12988
3407
7897
2498
5384
1373
10279
13190
10663
4873
5214
9251
3039
10902
14958
5647
3154
6270
12958
7772
2612
7305
4418
6181
2741
8660
10065
5902
12960
576
14285
3202
9411
7679
12731
14137
1923
12058
4426
7768
9998
3630
12311
7236
10715
10323
8885
13037
5855
2814
12246
4896
792
9627
528
13766
9689
13555
1399
4769
11809
14574
9343
6677
138
14413
10187
6583
7933
14670
11367
3450
1860
6959
7898
11310
6673
13023
7063
11557
13617
6852
716
9748
4571
9497
6536
10658
3289
1938
14234
988
5210
7894
12757
14307
967
1125
14182
7105
752
9860
799
7272
1340
787
11970
5230
5366
3504
267
5764
11399
677
3925
2904
12516
6139
14462
9252
82
12758
5836
4666
4889
12057
11032
13847
4453
3633
11112
5837
392
9095
4108
9286
716
2745
9265
11071
10570
13347
2648
14686
2209
10361
8684
8911
624
11188
10835
10794
13587
628
4279
14730
14235
10902
12126
3102
9801
11334
5041
4515
9125
2976
3461
3999
7424
10765
4161
14704
12911
9296
13383
14736
5988
4609
6100
13178
13968
3236
6099
14630
10805
5655
10899
7544
2765
5457
366
496
1538
13608
4784
4531
12734
12857
13302
9916
5135
12099
5060
3023
12168
7113
10630
12060
3164
10814
2608
2913
4429
6376
11531
12993
8958
10367
13032
13279
4438
5081
14636
9281
9240
5604
12504
4851
14728
7246
12590
9551
8255
8001
2687
11788
14002
8398
1537
308
1723
14197
13269
14387
1494
5328
6739
3550
12817
9549
11342
8246
6257
5799
7394
4021
11090
11908
5629
9849
10909
6075
1291
13649
11385
14346
14241
12781
14783
4484
12829
7768
11398
11790
13882
1018
4626
3776
8756
7433
4763
1332
11143
1200
7838
2045
4411
12016
11290
6575
12170
2049
736
6836
11503
9392
14598
14120
9160
4500
13608
12667
10161
527
6493
3842
14753
13575
2696
1334
12295
13934
5017
14906
4307
11500
14818
10973
13091
5526
9833
14576
1338
11450
4815
10012
14442
14519
5571
13997
7727
14896
4248
2835
720
11243
10691
3154
11787
5917
10653
8080
3581
6972
6300
3065
9438
8629
6196
7603
13258
603
11432
7771
14267
574
298
5539
6092
7121
5509
11116
2547
10620
9377
13123
11057
9446
7529
6690
7566
14796
2909
10057
3367
1304
14379
6527
14441
5073
10972
10468
10876
1421
4329
11789
769
7623
366
8727
12267
9232
5877
14769
1942
8016
10552
6396
11672
3559
13927
1776
7689
13472
8636
3785
487
10177
2519
5410
756
12074
8158
7157
6195
8385
14624
8623
8945
2285
6361
2469
8942
4893
3750
3786
947
3973
12564
1167
7260
5129
12509
3357
7649
3649
216
5186
11593
10736
5459
6835
8126
5844
12216
14076
3253
3294
11836
14505
9934
2456
4086
1022
9962
13794
10620
13181
1050
9184
12281
5332
10120
3319
4693
7118
12223
4972
10537
1355
10539
2813
4421
7250
7144
4254
10222
11486
679
8905
317
13878
2098
10359
13219
14261
12255
2197
10271
9759
4673
8623
7201
11695
4982
4557
8179
14723
8458
3721
2648
14264
4484
14986
11691
4322
9401
13062
9701
2612
11881
9219
6604
2917
8114
14998
3169
3843
7342
14730
9648
9729
13138
438
8055
1209
12362
12334
11413
4248
14107
2632
797
14282
12692
11851
12128
2513
12328
3411
12888
11212
3107
7244
11189
6847
11765
13126
13353
729
9512
1942
5961
13285
6922
14422
12164
12383
846
9556
9440
4920
1812
11412
10986
8222
6174
912
4780
6519
10465
10829
3935
6900
2193
6922
14376
10212
1905
11930
14867
10071
2821
5203
9435
403
10513
5772
13172
3414
3202
9199
7300
4565
8108
5576
13584
13293
8644
1154
4376
1977
3601
11283
13236
5091
13555
10177
3753
6404
14779
10837
9863
6660
8981
4425
9665
12833
1895
4367
1626
3454
5549
5671
9271
2997
10916
1411
394
13962
12607
280
877
5358
1826
14025
10461
6638
8162
6499
10696
837
13353
4609
633
6832
11001
6994
831
7557
9545
4968
4003
12074
1679
295
14292
1296
3933
8709
7185
423
11727
19
14603
8520
9868
482
6709
10956
616
7550
5975
10501
12954
12034
3417
1103
12012
12924
1125
14536
3042
1957
14372
10728
14749
11366
4818
9085
4056
13353
10511
2083
10284
12802
6992
7263
5863
1005
1929
2434
2818
12388
10422
11521
13563
12222
832
13534
2550
5935
13466
12984
1218
12659
11546
13532
8810
7561
5298
11969
9401
7071
6931
146
8652
11373
13939
366
4219
7392
182
7277
12239
12844
5046
5087
14192
2909
2425
7229
6737
13373
12564
10265
3769
3296
7317
10423
1258
4456
3474
13671
10193
4954
11623
9512
3771
3714
289
9008
8083
10298
6623
11308
3302
2698
8116
9221
13383
11858
686
2040
1332
13697
14233
11621
11780
13425
1176
8826
14836
8738
18
12991
1378
6376
2615
6545
466
5215
14054
12383
4826
14812
7997
13570
1034
493
5458
3447
9683
7718
10111
4179
4933
4847
10855
7042
12345
11728
1611
3011
9372
2603
8638
14147
2919
5039
6677
14883
3961
14525
1336
7236
11066
14993
4
5733
1863
7193
7346
8595
9265
2904
11664
10803
8663
11828
13457
1066
1491
4552
2245
7495
1141
9668
11823
10079
14052
13019
11191
162
9574
3009
738
4045
3931
13764
4141
12769
1209
4257
2768
8268
7849
6376
11413
13530
4020
1207
3392
13912
5818
4620
1295
10652
11171
11929
4549
13351
574
2231
14999
11332
10345
429
6547
6466
11284
5850
4697
13030
10263
14358
5007
12896
4294
5303
3971
3696
8761
1939
4354
685
11688
7527
5172
7638
388
12939
776
3770
4948
3040
3419
1153
2402
12591
14999
1538
8676
3602
11678
2622
8432
10547
4527
1019
1469
14447
10755
14061
7430
14367
10414
5429
5344
2649
1274
3823
4757
4505
8687
8123
9420
5982
5914
14759
9247
4109
4632
1927
11709
5733
10852
4956
14545
1783
2379
5063
7272
11302
2849
1458
8590
12945
2279
11659
5955
6555
13575
11085
869
2366
7156
6111
14960
5891
1426
9835
6555
7849
7486
14861
8108
9193
14345
6569
8141
6614
7002
909
847
12269
14759
14022
9598
10294
10206
6100
9863
10615
14451
12579
11976
10247
1113
6168
11773
13402
2905
9711
11601
2217
8858
12293
8388
6663
13885
3262
5043
14615
1382
4477
9881
6581
11877
1778
4163
12329
13164
14519
14322
10762
10808
2391
7870
4872
4412
355
130
12470
10319
428
7088
4419
2483
13769
2806
4742
3694
8649
6026
8571
7839
11353
4438
1017
3564
3933
6986
1909
1511
7900
12740
4849
1906
1726
9759
13947
2177
2087
14450
6861
12082
14046
14938
14795
7171
310
12201
13477
13496
9546
6784
11619
5974
3116
895
14107
14802
5058
2176
10148
12320
10465
310
1460
7263
4896
5395
13304
2670
10692
6430
435
13637
2389
14678
10474
13531
5658
4766
13304
6676
711
2495
6371
10627
6990
13583
7962
12738
5007
6077
7943
1898
6355
14422
11255
11446
9805
13833
12014
10181
5911
3381
11802
12159
8558
13858
4968
9156
5007
7811
13050
5131
12363
8933
14415
5180
5920
731
579
14545
14204
7764
14046
6314
8122
1836
11284
11436
9438
10006
4190
3726
10428
13406
6130
8281
14348
10150
1808
2758
13133
12055
12991
610
7203
14251
3988
6070
8968
5865
7313
4520
7772
7222
14780
4681
4051
5313
4777
1387
6831
10587
8638
4256
13864
882
2337
4954
6300
8090
2019
3230
2160
13470
14377
2131
11777
13342
377
13347
4138
10074
9983
1291
9278
14002
8507
12444
7467
5909
2952
6079
11254
7848
11639
4162
8738
13368
14545
6021
3721
14691
5225
11570
266
449
14061
10252
925
3332
2241
13138
9604
11711
8151
6768
12650
9114
6662
12999
13445
5007
11176
797
9316
5102
7016
1561
14376
1462
7194
9829
6614
12041
642
13829
190
4956
11219
10970
1026
7060
1321
9049
7002
12168
13968
8685
1670
13436
7835
747
14927
8440
12057
14034
10888
4882
1709
3925
11911
2114
37
4819
6769
7885
4001
14646
8020
8710
7155
1643
5164
441
6007
9020
13672
7796
1821
10134
2868
6817
14299
3337
1158
9182
2789
8553
3909
11241
2094
8896
6058
6713
1876
11638
6575
9686
4775
4932
10809
12704
13055
3777
11159
12549
6421
1955
1854
7293
2575
3567
7490
14997
9414
5444
2791
7335
7497
14823
664
2330
3294
908
7733
4597
14945
5013
707
549
14531
1537
13524
17
9977
10386
11463
10214
14856
69
2135
8620
1439
2651
7110
10793
472
9291
11445
6327
11081
14521
7101
12755
10463
5548
7358
12607
13209
3729
2210
2359
8636
8940
14678
12201
414
443
8051
880
2126
8526
10951
9949
11832
12336
10372
12977
14930
14133
1445
2042
14162
1404
5160
14333
5242
603
2105
12138
1315
10567
9574
2096
5959
13070
383
918
1093
9160
9813
886
2825
9438
10086
7201
10851
9031
3461
11876
13341
3808
9175
10059
11356
10598
3361
4821
2286
889
11319
6353
2641
9995
9116
5702
8905
13816
2777
8462
9016
1048
12908
12365
9594
6021
4266
12500
1626
14498
7606
4333
3219
12363
14439
4017
12717
247
10693
10336
9035
9241
7168
6034
13807
6715
696
10636
10214
6766
11300
1497
13476
8585
14172
13140
4405
11411
2011
2416
6834
10379
13386
6808
1245
14788
1431
8667
2359
9663
968
13198
3476
3727
12385
10169
6054
198
4591
2250
466
3406
3826
11737
14712
7041
10358
2909
5582
7972
7127
13002
3730
97
5307
1244
12736
4817
9414
8474
9714
12352
7110
107
5406
9906
14192
6013
12363
2656
8645
14876
4485
5962
4522
7963
12107
6793
12906
11206
2094
2182
626
8317
5523
8222
1212
3828
13587
3601
4498
4566
8345
6292
8375
6294
2334
790
3477
14233
14883
1197
12338
6408
13149
2361
2314
1549
3718
12323
12899
14623
9445
3054
14494
2051
4830
3258
12484
12363
12854
8387
8903
8764
10356
5931
2197
11678
195
2434
11557
1407
13597
8222
3161
8813
8479
11264
8589
13373
735
13782
5232
2023
7553
13411
10483
2701
9304
4718
10228
10636
8193
10527
12272
1974
9858
3578
9246
4379
3979
11535
3409
13417
5161
1583
11115
11995
8855
12834
14188
10794
4641
4938
11922
9433
233
8456
3239
1590
1534
12507
1789
14617
4297
8939
4214
5947
8617
9617
12969
10251
10630
4536
4469
12818
12444
9778
13062
12765
4970
12944
13760
11067
8764
8463
10511
8549
3295
769
10719
13458
13711
3671
4288
1240
9461
13562
8827
875
7736
1004
8179
4419
43
4792
14729
819
2213
2531
2117
7563
2532
13934
10930
1996
3303
689
8225
8888
6765
9191
3462
10801
4473
5651
8112
857
9283
8955
13664
10848
13164
12042
3738
4151
14540
5914
9850
7586
4134
8113
607
14336
5789
5698
11068
14079
2350
12905
14962
3233
5534
5154
2338
4769
9512
11509
4235
4258
14886
12073
2034
13204
14986
3625
6334
1987
7738
633
11944
11942
13985
14717
11950
6496
10519
11322
12168
10111
3963
8866
3660
3253
4502
8235
5221
7012
8731
11858
10552
7140
12060
3474
2409
10347
4239
12841
12650
333
2368
11622
13800
9531
4517
3603
5191
4903
12021
7739
2287
9687
5820
3182
4056
769
10780
3843
10259
3419
9545
8276
9100
13607
12114
1093
2975
7152
7722
3367
242
964
914
2612
12999
1145
1440
2731
4183
8672
7187
4905
5879
9962
5015
12135
7728
6201
11103
11900
4834
8284
191
161
14698
8834
2056
2913
14633
9616
13198
2287
8075
11873
9074
2682
12553
8810
300
2027
4190
13020
6455
14687
1212
5060
14449
5234
13882
14276
4787
9968
5205
2651
2239
5173
14167
2091
4494
8908
5052
10631
1383
1586
7764
2737
1043
9967
13067
14389
6675
10668
5992
6930
5079
9054
8598
6139
9687
2573
6505
11666
5375
1759
5207
9188
3655
2772
10139
2276
1423
13207
5017
5049
1446
8013
11640
11120
13506
271
574
1706
10918
9856
11081
2253
3294
1202
14309
7189
7229
432
1006
9426
9578
3965
8433
4664
10376
6084
4748
2757
1141
3286
11513
3474
12031
2731
3272
2387
6737
9157
12860
14719
1373
4541
2177
2073
3015
2833
11636
12625
12949
13723
11525
6184
12271
3378
2540
12181
369
11180
8015
7457
13106
8606
4803
12506
9467
1128
3492
5973
3812
2173
4871
5277
2750
5919
5312
9910
12105
1861
12890
6191
13192
745
5250
6256
9497
13702
12850
13936
10919
3901
8413
688
8268
11880
6584
8578
909
4711
3634
7307
111
4238
4689
6569
2129
6903
7077
6593
812
6451
4571
11060
11389
7009
5340
9316
13742
6284
14584
2214
807
14330
4331
3873
5646
1953
12287
10357
4998
4766
14558
8221
10504
6748
12309
9340
7726
12684
9221
5570
653
5324
4060
3748
14403
1968
12040
6958
14308
8633
2824
8921
11685
7626
2827
9412
4650
12860
4678
2589
7289
13887
13524
2698
10065
572
6009
4233
103
11148
790
1225
8581
4924
11004
3899
14115
8145
13372
3703
11150
7745
12929
6998
12500
12758
5732
12542
527
2341
7392
9120
3376
10644
6409
8871
566
6300
6853
6849
5060
2449
6358
1466
1156
5504
9571
9600
4077
1512
4763
3051
8621
732
600
9221
2794
11678
694
13544
3547
1380
7141
7829
7261
836
3126
4143
433
4747
4707
737
3252
2123
13470
2351
4625
2384
14678
7804
11236
2121
9992
11563
1659
10954
7198
7290
13362
14960
6375
429
6340
14743
13785
6986
1018
1939
5226
10988
4319
1342
9275
7919
807
8802
7257
13876
10367
12242
3274
10112
8675
264
12413
1350
13500
8682
2088
4252
10482
9188
9530
4732
12878
6832
2771
2716
5930
9493
5582
3578
11628
908
12539
3052
7310
2355
10234
10605
13202
6671
7604
3486
10014
10888
1955
554
9801
2584
14269
1631
6003
8249
8388
2290
11085
14288
2904
933
715
13600
14217
14052
8576
8055
656
1804
351
4406
8479
1177
1753
6959
7733
10479
6269
9566
4444
14938
10006
13304
8654
10998
1386
14650
7103
5172
11016
5897
3326
10637
7430
5443
13658
8686
13961
6519
12412
5530
10012
12992
9708
7972
14427
2375
12319
12197
10097
9923
10317
11842
1881
1711
11633
7537
2800
4443
6224
10047
3963
9009
13952
9499
11554
15
5717
2886
4745
7300
380
14561
11004
4837
7570
2823
6488
9994
4510
3110
5520
6326
2888
6573
6058
5905
6013
11346
4860
10992
3885
9608
14587
9966
11001
795
11020
4922
13858
2425
1680
4434
7263
12584
8572
10511
10275
10013
13851
12899
12154
9216
5477
10934
576
6013
11043
13098
10477
13922
539
6442
8358
9191
10454
9944
3527
12073
2609
12724
6577
2584
1332
13021
2935
3826
1697
12494
3562
243
427
4520
13419
87
6757
472
14939
10211
4336
5017
3377
9584
259
3797
9544
6826
2084
12245
5161
1371
9414
3454
697
9878
14873
4050
4692
5764
11443
13711
52
124
11581
11596
14212
8433
13164
4033
12501
8780
9177
13094
4582
14756
984
5842
13727
14710
14210
9064
8682
2565
9526
2583
11435
11855
10553
3927
1235
3531
4256
6826
13402
5981
8056
1928
3535
1095
14021
11324
13240
1150
13432
5851
6140
7101
13795
8578
13523
3348
2355
3438
179
10553
10702
8937
6558
14782
4043
11468
8107
3665
2612
2799
1978
9060
10627
12363
2049
7294
10635
12470
8787
14628
4665
7477
1610
3565
4576
11951
5998
10196
2257
10586
6479
6246
6009
298
2002
11610
9533
1034
7982
13353
7757
8834
9124
11555
11519
2496
8985
5947
2285
13884
2064
6213
3354
5611
9
1838
7773
7272
14449
2786
8345
11760
3633
3186
4304
3358
6764
7613
8602
11709
1952
6713
9863
5457
4132
13799
5615
4888
11131
3478
11214
4196
10234
13332
9672
6058
14642
6315
9477
7001
3823
6418
11462
4427
11686
2391
12020
12905
5126
732
8249
11379
5547
8895
13144
13850
4491
11304
646
12534
7474
91
2404
6081
14342
7203
10189
2609
3671
1313
13427
7917
3939
8095
6618
13267
5571
4598
1211
5911
10162
14875
13661
14058
1038
13552
5015
14587
11063
11865
12054
893
11663
5414
2940
2573
1494
3165
14720
8274
5845
1355
8419
7335
5982
12801
14967
12127
1836
8685
14891
6367
1519
9287
7523
14593
12131
4320
11344
5266
8020
11554
12165
2182
10161
1931
4132
5930
10344
11163
819
1270
2958
10796
12869
9442
500
10212
925
14980
7552
11212
9448
494
7234
5799
9685
3602
10266
12142
9555
822
13045
14052
1129
4361
376
10232
14903
1797
10014
6981
11174
5996
1055
7844
3077
8657
9329
9014
5887
298
5592
8786
4942
7769
13587
12167
4656
511
6727
8995
3672
13688
12056
13751
11666
6474
1426
9579
8682
10874
4929
6545
3868
13621
14593
13630
12470
4161
2213
8824
994
3188
9666
3590
4788
4190
9248
12541
5072
2494
10395
9850
7834
2883
4912
1345
9389
5702
13338
9542
432
7046
11221
6456
11025
14649
2446
5994
6586
11018
3615
939
7531
13062
432
12491
9534
5533
4655
7715
3407
1805
10357
12278
8015
1262
2798
2593
10772
14724
4314
13787
4589
1291
14628
11854
9757
11564
11512
13095
6677
3279
8508
13327
12809
9915
5689
4081
3904
12415
403
3597
7557
1698
9399
9287
7026
12847
6377
10769
1705
8644
3703
10863
13771
6931
2763
7115
14394
8126
339
12784
12248
2736
4979
12955
10989
5423
2561
8660
5894
8810
13367
6180
14830
4901
7981
7815
9514
14085
3146
1751
3952
14309
10227
11905
7395
13579
3145
4009
4679
10214
6479
699
12078
13703
8164
2209
6750
2359
1150
3792
8167
6505
832
9804
1050
1291
5236
10515
13299
4577
9518
749
8459
9637
13858
8764
8912
10078
3052
2473
11246
303
5751
12321
5903
10953
14657
379
4845
114
6245
6848
14242
13253
3826
10516
9996
12676
8875
11117
345
11207
14942
1740
10355
1690
11868
5443
12098
6108
28
1960
5851
2679
4372
10295
322
12503
8506
12453
7074
6842
1656
14195
1921
4419
13307
4389
10357
2193
5224
1291
4990
13590
6523
12817
7814
1169
12636
7235
12319
2340
861
9338
11996
11590
8644
8666
1058
13818
8176
12112
5295
9620
11198
1364
11411
11499
2821
14584
12312
12749
8868
14453
9399
8933
6984
11043
359
3694
6593
9075
1951
13381
12243
1124
9348
2192
7215
13573
5013
7272
11747
11411
14811
6112
7630
12347
1422
6943
13688
14591
1243
5959
11709
13864
6966
14973
1946
6689
2166
7938
2076
7173
7328
9604
14697
6959
2578
9941
8857
11671
12504
8073
4521
4798
3904
7798
8233
14346
3954
1291
11389
14801
1397
7444
1504
11318
3003
6828
8171
14759
2160
11942
6791
6849
8391
2697
10372
14104
12029
8854
6006
5451
10685
3175
7788
6114
8447
3507
3246
9568
3682
10126
11565
13163
11554
7603
8501
10055
6796
6836
3448
11597
11782
2685
13560
10831
1635
7775
12250
6939
2308
11678
13953
14345
14776
12930
1555
13616
4097
1684
5520
12652
12696
3750
12156
784
8055
7557
1576
4381
3419
9083
653
14392
7879
14849
9327
6936
10839
8255
10178
8502
11786
7470
467
9275
6632
7814
11678
9414
2759
561
14309
8721
3329
9802
9161
12388
13798
13947
13101
7538
6730
11876
11758
56
2234
210
3294
5705
3575
8501
6147
5089
2517
1730
10966
9952
13648
7674
3120
1757
3628
6729
13944
6816
12691
1557
11600
3378
3360
5141
12888
13934
11186
4122
7617
4102
8916
1421
11969
5063
2578
1626
8730
3725
7800
9759
14389
6584
8812
158
3843
9287
8952
13037
5399
8549
5135
10625
11663
10621
4475
14983
5051
3985
11085
8296
14103
5395
2874
11432
4605
38
8271
7631
10592
1058
11218
11253
5717
11339
13385
5488
8297
3784
13048
604
3801
12735
1636
7297
9839
14926
6584
12047
12168
1028
7016
13475
1999
13124
9206
3681
3994
9844
11773
12501
6981
8193
2671
5451
6785
5409
8994
8284
14006
1494
4304
8535
14372
815
3291
7017
4603
2722
8426
8315
2904
1430
13530
9857
12554
3346
4211
10304
2979
11525
1740
12278
4954
1614
8110
1691
940
11777
3658
6361
12014
11317
11256
13181
14733
10526
11180
5874
9179
11337
3770
5581
2697
10911
68
9436
9667
9813
6702
14192
725
13747
7993
5639
843
8845
7810
13236
9377
11973
7001
1476
14920
10953
8288
490
12576
2049
6604
8844
11419
3237
1075
1432
783
12867
6062
11895
9150
2045
8084
181
9158
12181
8877
3146
13063
9597
2090
9509
5196
1489
11356
11939
7575
3116
576
14292
13736
5365
4098
2919
14704
13827
912
6631
10822
4972
1268
8870
793
9509
3478
5208
1062
5013
12377
4771
14878
3110
3365
13084
12602
9710
132
14703
8528
6810
7833
14023
6097
2904
931
12067
4456
11735
2577
671
11104
7147
11973
1577
14373
8927
14262
1752
11208
14097
9981
6740
13320
12672
477
11430
4702
3460
5146
10058
592
13632
8420
8666
9173
14501
10173
11909
13878
11385
8891
7529
6115
14425
3943
1412
9157
8407
5824
13307
12135
6060
11504
626
683
7938
496
9839
6000
5481
11855
296
14357
2283
955
1406
6013
13785
1672
12274
5507
11399
2272
11666
14270
10425
13614
6886
398
1578
4275
1172
10047
6317
233
8001
2726
12652
3835
8116
10338
5322
587
13478
8894
3004
4445
5776
3498
11189
447
4351
13932
2573
9871
14727
5310
1705
195
8132
6385
10
14096
4709
6836
3829
11386
2177
10051
3566
3297
3633
7888
8509
8653
1872
14706
3946
4959
3606
4373
9839
12654
11012
6767
13647
7287
527
6055
9067
5851
6669
9118
12511
11557
6060
2781
4510
14263
13536
13746
8178
5218
11030
7322
11882
9094
2147
9103
842
7733
10739
1669
2362
4111
13999
2166
3956
2826
14958
438
14039
14597
9637
1566
6180
480
5736
7452
14634
8044
12487
8038
4674
10525
10945
13015
5346
12648
11527
12201
8132
14455
3409
10309
5872
2910
2781
7123
5127
6356
2373
14390
8836
2277
4237
11399
5292
353
8468
14763
1066
3228
5486
12899
2508
10045
12157
3841
5432
11877
7948
11288
1380
13581
2499
12969
13845
10043
2738
9711
5318
9315
6951
853
3550
3741
6870
7061
8526
2775
14980
11682
10600
9272
3296
11739
9597
11621
6647
13596
2045
7865
4779
14243
2984
6558
13019
14780
539
12197
1443
14753
14386
2671
10007
13616
12776
11818
11805
220
11554
10835
12458
13470
2554
9327
9208
7698
12924
10183
13115
9951
1123
10348
7445
14928
12865
8232
14748
2247
5783
14913
12766
1712
2677
3474
9090
13678
3196
9211
3649
5457
4233
13437
2069
4302
8650
11526
9001
847
3655
5094
5659
7361
8290
10017
14700
5873
4963
2275
12833
912
6578
13177
13296
3082
993
4738
1216
5154
13952
12643
6847
10327
4477
4547
11322
4486
11671
13965
963
10077
4548
6154
4955
12895
4739
2147
2391
12153
7933
9289
7690
14730
11990
13243
722
6694
1325
734
4569
121
5116
13772
11085
6973
4492
6810
2696
9464
11655
12313
11942
844
8960
981
12400
2821
5923
11633
9170
2771
10348
5112
10470
9641
4180
1086
4200
2335
3512
3812
6265
6073
4364
2909
11592
1393
10416
445
12102
9967
13496
5619
7274
8204
6594
380
1779
2508
493
11065
2285
12880
5058
2781
14780
903
4477
5570
13731
8352
3
2083
1429
10348
1460
7909
11446
6298
6027
2398
7712
4302
6385
8600
3703
13656
6052
5893
14501
6718
3876
3394
36
7431
4952
1662
2888
6604
9941
3424
5538
11548
10561
9442
12249
5947
6831
8476
14986
7880
5224
2383
13282
9331
8986
6991
9442
11183
2169
7095
14866
10468
5837
10540
10531
10302
10874
3354
1118
13184
3181
14534
4769
14468
3498
2869
4558
13732
9598
12258
6087
2524
8861
6597
1234
1861
12483
174
12255
3927
5832
388
2752
14539
14533
4213
13710
3051
14081
11393
9414
14167
4437
3104
2192
3474
12726
2731
8729
5944
4962
14763
8268
3112
1074
2965
4935
14019
4412
8203
8593
12156
6258
9673
11899
11007
7500
12181
10659
13406
8764
10264
10401
5837
4734
12012
456
3966
2073
4562
4751
9573
2015
99
6966
11767
2862
8587
4122
7981
5736
3645
4447
13877
13952
14033
6152
3163
11685
1321
14351
10235
9936
8827
13381
14371
3263
4116
365
2696
6949
6339
11420
13126
8583
8680
13781
2165
14959
13057
520
5568
6431
7196
13148
7615
12801
7560
10134
13178
3649
14829
1361
14733
14037
1905
1704
11036
13922
6076
14752
547
9453
9153
6849
3327
7803
7760
11189
7201
14456
11443
7660
10700
1951
9863
1381
4736
1025
3069
3671
13920
13537
10247
11103
11688
7061
5193
8717
11356
3561
10974
11593
4928
9808
2094
8690
7873
3888
6574
2249
3865
12394
5395
13890
7073
2716
239
7093
10235
9023
7833
441
11975
638
784
9143
13578
6744
6570
11221
489
3470
5405
2180
11742
2666
1569
2392
1742
1283
10194
7826
6849
3362
14499
11454
12363
3999
10594
3355
2217
11790
7690
12084
14694
6234
5571
10174
11878
8463
7540
5430
1237
7859
5997
10095
3692
181
5603
2822
9218
14975
6977
13953
10864
2962
12450
5973
14843
13362
12526
10195
6983
100
10372
5222
5880
9985
13441
7294
12220
3645
1367
4370
3550
10217
11042
6719
2140
6113
11111
2136
6500
2214
10639
5657
12285
5079
5559
3247
14396
4065
11977
11317
2258
4328
5843
9082
13942
8193
13347
5087
4212
10476
6211
8460
5175
7242
8735
11356
10042
2474
9017
14976
5341
11557
1210
9836
4532
768
14833
10354
1940
1478
9917
139
12049
7212
4956
6720
7194
14710
12995
2624
999
12890
14961
12853
1662
1059
11576
12018
9685
12724
5875
3555
3957
2596
4207
5465
14790
924
3980
1555
5477
4248
9976
10154
5430
8376
10999
3054
7760
14740
3053
1751
14411
8686
9847
2532
72
7145
9932
10047
114
9346
958
6726
10910
5605
10677
7721
7084
16
12435
2591
8462
514
1511
11546
9032
11666
10966
5392
8907
5342
2499
9821
4108
6230
7987
5763
13842
3639
12199
1375
4363
2308
7455
3020
614
2628
14065
3156
9276
9918
2840
13639
7516
7347
14409
3579
5449
6532
7899
5079
3217
8061
2854
457
13065
4744
5501
11041
4036
12798
5414
12428
13236
1191
438
5277
3611
10845
6356
11919
5849
8342
2635
10590
6700
2757
7168
10600
13088
5343
11313
12337
14484
13033
14940
6378
7379
4489
229
13212
9028
9050
10086
1718
9764
7805
13514
2177
3949
8551
14891
4851
873
9661
6459
8113
11498
12572
4610
13063
7191
2921
3571
7462
11122
4825
879
8904
5039
12812
6036
7795
9810
4337
5561
12600
11870
11978
2713
6928
13616
6842
9986
13344
13549
7196
3635
1474
4320
9771
189
3076
5102
6809
12584
11942
2911
2215
11560
12131
6228
1588
8255
2508
3899
9959
5395
828
12062
6575
11557
3546
5163
2321
11704
1721
9604
13077
2043
6443
7320
11694
4007
5019
2976
6397
6966
4769
13789
3691
12040
13586
14183
12267
11437
7701
9039
12501
1040
5195
4242
2519
13813
4452
1629
7447
329
11813
848
1626
8746
3052
13800
12164
9470
5107
8153
832
4414
14595
5260
1942
8289
12273
6525
4197
14041
9480
7161
13692
5161
9278
999
6479
7521
12384
13968
1098
3957
11348
8119
10750
12130
10280
1715
787
5751
12502
10733
1769
13055
1305
14963
11644
3258
13634
13246
7562
3763
6013
5109
11977
7416
1020
443
2546
2851
6291
5012
13625
13896
12537
8052
4418
4066
6465
1023
9019
8219
10030
13457
12667
14900
13716
13103
3119
9846
9941
7229
678
9490
12272
10276
223
7350
11748
10253
3546
14559
1406
14780
12579
14588
11024
2960
1942
2955
6180
3350
12203
12143
10224
2931
12099
3060
4551
614
8097
6246
13304
8382
5944
6384
2325
12667
11258
9464
7297
13139
315
8724
13304
12048
2710
13187
6821
3343
4879
10499
10431
6091
6965
9653
12504
1417
13974
11239
4042
10272
2233
7337
10797
14586
9496
13615
9503
7757
12313
6768
11663
7365
5102
10212
14107
14688
6078
8276
1347
14799
14049
13513
9886
6345
11135
5570
9383
7401
14722
58
8573
12553
10161
7853
11687
2876
14801
11238
7088
3440
11102
4527
7524
13172
9835
4291
14913
1902
6959
4049
14470
11006
13160
2247
11521
1712
9222
2573
12714
11323
3598
10095
10215
3352
4212
5105
7529
10720
7743
4241
7446
13138
3672
2505
1640
6849
401
6877
9316
9190
14034
13192
12931
623
14245
2272
5455
11568
5063
8582
971
2740
6436
9271
5135
10498
3740
12341
3128
1741
1549
10418
8276
4013
14860
9373
3649
9595
8518
5050
14876
10534
7312
3777
5656
4589
1162
2632
7550
358
14381
12545
9250
2467
7304
4923
4479
4080
6926
13953
3520
11688
9763
11731
12230
9223
10138
6532
5521
11959
14660
8101
4602
62
3994
5063
10930
7396
1075
5955
13023
4719
11257
3499
10123
8710
13864
13255
3418
5768
11611
12570
6510
2966
5223
4080
7699
13983
9444
12300
11007
11559
3843
2282
7996
5175
10144
570
13215
12912
11085
340
790
11257
4082
13309
5754
13981
6749
5773
5939
7069
10332
10668
11548
7420
3419
3416
11000
453
3475
2523
8802
312
3403
10668
4905
2051
8982
7701
8863
2285
9207
12812
13090
7294
3174
3797
19
11133
14756
449
13619
13676
615
13113
648
11535
6295
1588
47
4286
13146
6214
3330
11370
10806
1538
7764
548
3661
9165
12387
1182
12581
6320
69
1522
13845
346
2519
9221
4088
6239
9408
12485
14165
1575
6715
7679
886
6753
7747
5827
4608
14640
4916
3729
10374
8102
12643
10453
6473
13280
4340
3273
13354
2705
10795
13209
7661
2789
14468
6015
1438
376
515
5453
2116
7213
12500
12792
1211
6327
893
4735
1050
7501
8041
3244
6594
12421
3420
3531
8218
3137
1005
8732
8392
11994
8259
8249
11959
8764
11983
1821
6727
7992
5017
10785
6933
526
13353
7933
6058
6260
4918
4341
1693
6545
5483
9773
4519
114
14071
13274
8873
11002
14498
9200
14137
6021
8749
2747
9600
6226
278
6386
3070
14425
8066
10404
11052
14855
4265
4587
2223
11132
5051
7341
761
2918
14198
11013
14256
3373
10803
13106
560
14730
2710
6768
13529
9520
479
8624
8704
3557
4715
90
14133
8021
11439
11522
5979
678
11328
11121
7084
10129
11779
9325
7412
9366
2043
3326
13277
3227
3578
10931
5688
14588
8289
1574
6064
3873
964
999
385
13555
12223
2285
11197
4135
3470
9923
7133
7728
10018
5523
14228
3989
5602
12525
10372
14133
9949
4247
2493
7239
3809
14593
9456
5411
1586
686
9971
5580
6246
10701
14630
3870
1626
696
6620
5767
304
1705
2553
8920
9193
10205
1707
4832
1521
11071
2285
10677
11194
9342
9691
7042
7393
12746
11607
10753
4853
711
13124
4662
3319
12567
8295
869
2871
496
2788
8396
10015
69
13156
7933
4042
11553
9253
5855
13487
8480
5173
869
14837
5145
7348
5380
6323
815
6551
1345
3728
5443
4897
4690
10912
10163
7626
2387
9055
9181
12224
4389
8497
14140
2433
7064
1655
809
3612
10421
10175
4868
2836
2575
7257
6581
10585
3469
3373
9283
5135
3682
9270
152
6215
8326
7198
9796
558
9638
3882
14123
9353
531
6248
9892
11032
13335
12946
13478
12655
4537
5513
14487
2721
8772
11134
8903
1949
5812
11355
14473
2440
9944
1346
8946
10541
5250
12581
13443
3094
4895
10385
10306
4670
11195
10987
9498
8152
12711
12708
14780
9497
10864
13771
13805
11637
6255
14527
3000
21
1944
7014
8683
14675
3662
7887
10888
12689
4956
13285
4245
490
11643
7563
7849
8839
14636
13180
1597
9614
13011
5887
4463
8710
7154
12357
11315
4554
7342
2693
5395
11557
10685
964
6769
12251
9916
1570
11361
3491
3956
6861
4303
2703
5914
995
3654
1890
1954
8531
10211
11281
1271
2872
4738
10636
7849
8924
13746
6112
4897
9026
3319
3301
7272
9535
14773
5448
13966
14590
13954
7121
3067
183
14501
2360
5850
1682
4493
5905
11014
12534
8954
9537
10094
7938
4031
9616
1874
12457
800
2000
14704
13439
8989
8133
8605
12487
7203
12181
9717
6372
6929
8075
11622
8948
943
12485
9741
933
11786
643
4771
7603
10359
8579
11691
10099
5399
1522
7162
3910
10276
13217
13198
5920
3243
2641
5547
2117
12990
10700
10960
7563
239
7764
3794
6977
1488
6652
11986
8802
8089
4439
11242
4891
2180
10540
11666
6545
14773
13682
4382
4248
13478
13052
9796
11164
7257
12388
12967
10406
1198
6675
5649
14130
9438
934
3149
674
14636
9757
8395
5154
11602
5571
11984
9569
14496
11621
3221
6616
8280
11938
14289
4522
10969
12390
646
12630
9407
10684
5667
711
5013
9611
1160
2028
4755
5838
7103
10183
7461
9551
14076
8497
13969
2673
2287
1554
7196
853
12509
13932
13791
6735
7342
222
4155
11645
3655
4317
6732
6361
11926
10979
10250
3597
6548
7198
3294
8051
12930
1940
3596
14402
10117
8287
1747
8465
10112
5099
5479
11956
7896
1284
11591
6016
5648
14298
2731
10630
4225
11433
4531
10559
7088
12908
9265
477
5259
1951
2358
9055
13545
11133
3963
10006
10072
11709
3361
443
11443
3883
4451
2792
1406
1402
11167
5855
7841
11292
11149
13558
5691
14724
6493
12351
3770
5481
14244
14885
7272
399
6667
8497
14821
13769
4635
5340
10057
3330
11947
14341
8470
6246
12667
6785
8194
4918
5586
14918
4108
11356
4143
14508
3208
14257
4172
4386
6914
12163
6394
3236
7503
1949
6059
11881
2459
8352
9467
10947
9176
5204
1494
10476
3409
7546
6450
6168
12924
8300
10735
1487
4231
14858
1658
7927
2162
2466
6145
5153
14897
10304
10213
9454
12054
6936
5248
7488
1969
14785
7751
10801
6587
3645
6697
4909
13968
1001
11063
1721
6518
6895
11128
10634
3917
1942
5786
6300
1659
1660
6843
3226
14298
11481
14174
7563
1068
9366
9665
5126
2593
12731
14609
8647
9951
9944
9366
13556
2359
4492
4572
11534
9500
8844
1508
13858
11385
7424
2049
8899
14377
5798
13581
7822
14307
6858
13688
3036
10337
1677
9092
34
2241
10678
9764
13872
4326
7615
10845
7416
10261
2519
129
15
13464
12292
8287
12997
1626
9642
4054
5682
13219
14190
6192
13130
6801
240
12040
7272
769
4547
9275
472
2318
6574
12088
1271
6187
3078
7223
10292
4376
1008
5069
4079
581
3891
7769
3929
