   in 1 0 with 0
   in 9 1 with 0
   in 18 1 with 0
   in 12 1 with 0
   in 1 2 with 0
   in 28 2 with 0
   in 13 2 with 0
   in 6 2 with 0
   in 9 2 with 0
   in 46 3 with 0
   in 43 3 with 0
   in 2 3 with 0
   in 28 3 with 0
   in 2 2 with 0
   in 3 2 with 0
   in 31 3 with 0
   in 33 3 with 0
   in 42 3 with 0
   in 34 3 with 0
   in 14 3 with 0
   in 12 3 with 0
   in 4 3 with 0
   in 22 3 with 0
   in 9 3 with 0
   in 14 1 with 0
   in 17 2 with 0
   in 31 2 with 0
   in 44 3 with 0
   in 18 3 with 0
   in 21 3 with 0
   in 36 3 with 0
   in 7 3 with 0
   in 25 2 with 0
   in 15 3 with 0
   in 13 3 with 0
   in 25 3 with 0
   in 10 3 with 0
   in 10 2 with 0
   in 20 2 with 0
   in 16 3 with 0
   in 29 3 with 0
   in 24 3 with 0
   in 17 3 with 0
   in 19 3 with 0
   in 35 3 with 0
   in 37 3 with 0
   in 11 1 with 0
   in 21 1 with 0
   in 22 2 with 0
   in 16 2 with 0
   in 23 2 with 0
   in 34 2 with 0
   in 3 3 with 0
   in 11 3 with 0
   in 32 3 with 0
   in 47 3 with 0
   in 6 3 with 0
   in 38 3 with 0
   in 23 3 with 0
   in 21 2 with 0
   in 18 2 with 0
   in 4 2 with 0
   in 1 3 with 0
   in 8 3 with 0
   in 8 2 with 0
   in 11 2 with 0
   in 19 2 with 0
   in 5 3 with 0
   in 12 2 with 0
   in 15 2 with 0
   in 49 3 with 0
   in 40 3 with 0
   in 50 3 with 0
   in 20 3 with 0
   in 27 3 with 0
   in 7 2 with 0
   in 33 2 with 0
   in 30 3 with 0
   in 48 3 with 0
   in 45 3 with 0
   in 51 3 with 0
   in 24 2 with 0
   in 5 2 with 0
   in 29 2 with 0
   in 26 3 with 0
   in 14 2 with 0
   in 41 3 with 0
   in 39 3 with 0
   in 45 2 with 5
   in 53 3 with 5
   in 55 3 with 5
   in 40 2 with 6
   in 57 3 with 6
   in 59 3 with 6
   in 2 1 with 13
   in 26 2 with 20
   in 56 3 with 33
   in 13 1 with 39
   in 42 2 with 43
   in 62 3 with 43
   in 60 3 with 43
   in 8 1 with 44
   in 59 2 with 46
   in 58 3 with 46
   in 70 3 with 46
   in 64 3 with 46
   in 73 3 with 46
   in 68 3 with 46
   in 66 3 with 46
   in 24 1 with 53
   in 32 2 with 53
   in 30 2 with 53
   in 28 1 with 54
   in 36 2 with 54
   in 44 2 with 54
   in 46 2 with 54
   in 43 2 with 54
   in 63 3 with 54
   in 65 3 with 54
   in 61 3 with 54
   in 54 3 with 54
   in 39 2 with 60
   in 27 2 with 69
   in 77 3 with 74
   in 47 2 with 74
   in 67 3 with 74
   in 10 1 with 85
   in 55 2 with 94
   in 75 3 with 94
   in 69 3 with 94
   in 72 3 with 95
   in 81 3 with 108
   in 52 3 with 109
   in 38 2 with 111
   in 23 1 with 120
   in 56 2 with 122
   in 4 1 with 126
   in 5 1 with 126
   in 50 2 with 130
   in 86 3 with 130
   in 35 2 with 132
   in 29 1 with 135
   in 41 2 with 135
   in 48 2 with 140
   in 31 1 with 146
   in 49 2 with 146
   in 40 1 with 152
   in 57 2 with 152
   in 74 3 with 152
   in 66 2 with 161
   in 71 3 with 161
   in 84 3 with 161
   in 42 1 with 163
   in 37 2 with 163
   in 51 2 with 163
   in 62 2 with 163
   in 60 2 with 163
   in 79 3 with 163
   in 78 3 with 163
   in 15 1 with 166
   in 16 1 with 167
   in 20 1 with 172
   in 17 1 with 177
   in 99 3 with 183
   in 33 1 with 185
   in 77 2 with 189
   in 90 3 with 189
   in 45 1 with 190
   in 53 2 with 190
   in 59 1 with 192
   in 58 2 with 192
   in 70 2 with 192
   in 64 2 with 192
   in 73 2 with 192
   in 68 2 with 192
   in 87 3 with 192
   in 82 3 with 192
   in 93 3 with 192
   in 85 3 with 192
   in 83 3 with 192
   in 89 3 with 192
   in 76 3 with 192
   in 67 2 with 202
   in 27 1 with 204
   in 26 1 with 205
   in 91 3 with 217
   in 47 1 with 220
   in 69 2 with 221
   in 72 2 with 222
   in 92 3 with 222
   in 75 2 with 228
   in 80 3 with 228
   in 95 3 with 228
   in 36 1 with 232
   in 81 2 with 236
   in 94 3 with 236
   in 97 3 with 236
   in 6 1 with 239
   in 55 1 with 240
   in 61 2 with 240
   in 38 1 with 257
   in 52 2 with 257
   in 63 2 with 262
   in 56 1 with 268
   in 86 2 with 276
   in 88 3 with 276
   in 100 3 with 278
278
