28
5 74 80 6 7 3 2 8 11 12 10 17 13 14 9 15 21 20 19 24 23 16 28 27 18 25 26 22 29 36 31 34 30 32 41 33 43 35 40 37 47 38 39 45 44 49 48 42 46 51 53 56 55 54 57 52 62 58 61 60 59 64 63 67 50 66 69 65 68 78 72 71 1 73 76 75 70 79 77 4
2 71 3 4 10 75 8 6 12 11 9 20 19 21 7 13 18 15 25 23 16 14 27 26 31 22 24 17 36 34 30 37 29 33 38 32 28 40 39 35 41 51 49 42 43 48 44 55 45 54 56 50 46 58 60 47 59 57 52 53 68 62 69 66 65 64 1 61 63 73 70 76 77 5 78 79 67 72 74 80
77 79 70 8 9 73 20 4 10 7 21 12 18 19 6 11 14 13 27 22 17 28 31 23 15 24 29 16 26 30 35 32 25 39 36 40 41 33 38 44 43 34 37 48 52 54 42 51 56 50 57 53 45 47 55 61 58 64 66 46 67 69 65 60 49 62 71 2 1 74 5 63 76 75 3 80 59 68 72 78
79 9 66 76 6 72 12 14 18 15 5 8 11 23 80 22 27 16 17 21 13 31 25 29 10 19 20 30 24 28 37 38 33 26 34 35 40 47 42 49 45 32 36 43 56 44 41 1 39 53 51 52 58 60 50 59 55 54 63 65 64 46 61 2 48 71 68 73 74 7 3 62 4 78 77 70 57 67 69 75
75 10 72 13 5 65 78 16 14 17 4 19 22 12 25 6 26 9 15 28 11 27 20 21 8 36 18 32 38 37 33 30 39 24 40 23 35 29 44 42 51 31 34 46 50 53 58 56 52 57 45 47 41 63 48 64 54 61 2 68 71 43 55 59 74 60 79 77 70 80 1 7 3 67 73 69 49 62 66 76
12 8 13 69 11 66 19 77 23 73 3 24 16 18 5 4 22 6 10 20 30 26 36 17 7 34 32 15 39 33 41 25 43 21 35 29 27 45 37 52 38 28 31 56 42 57 55 76 54 46 48 49 65 40 62 80 51 1 50 71 63 14 53 58 44 59 70 9 60 2 75 78 79 72 68 67 47 61 64 74
6 70 69 73 18 23 76 21 19 16 80 22 27 11 4 5 25 7 12 30 9 29 24 15 32 37 14 13 33 35 44 28 17 20 45 31 47 48 34 51 54 26 50 58 40 55 39 66 36 38 41 59 43 62 67 2 71 77 74 49 57 10 52 8 42 56 78 3 53 72 79 61 64 1 75 65 46 60 63 68
68 7 65 72 16 20 14 15 17 67 27 3 78 6 30 31 28 29 13 26 35 10 21 12 5 38 33 11 22 25 47 23 80 19 44 51 46 54 36 53 48 24 58 57 32 62 66 40 34 43 39 77 63 37 75 71 49 79 76 45 52 9 1 4 41 55 8 18 50 70 2 56 69 64 74 60 42 59 61 73
11 13 19 23 77 61 79 17 9 27 26 25 71 74 3 29 15 36 32 16 7 37 34 78 6 35 10 40 21 22 24 43 75 18 33 48 45 51 52 47 57 20 30 54 31 42 62 39 64 65 49 67 1 28 8 68 50 72 4 44 73 2 5 80 38 53 14 12 46 66 76 55 63 59 70 56 41 58 60 69
71 17 23 1 20 25 22 7 27 26 24 30 74 10 29 77 36 4 2 14 73 8 32 79 33 41 5 9 15 47 39 21 42 46 28 18 55 34 49 31 50 19 56 62 16 63 38 68 69 67 35 64 80 3 6 72 44 70 11 43 48 78 12 76 37 52 75 13 45 58 65 53 61 60 59 51 40 57 54 66
26 20 21 25 22 52 15 68 29 24 2 70 69 72 31 76 16 35 1 34 74 9 19 38 51 30 3 4 44 18 23 49 13 14 55 77 58 28 27 45 62 17 65 12 5 40 67 32 33 63 37 43 61 8 71 6 48 75 78 41 7 80 79 10 36 46 73 11 42 59 54 50 60 57 66 47 39 56 53 64
23 73 22 20 72 16 68 24 26 65 74 13 66 28 32 71 34 75 70 38 79 80 18 41 4 17 2 7 42 49 50 48 6 11 25 52 56 57 62 30 33 1 27 10 77 76 53 64 29 61 31 8 5 12 78 15 39 69 19 37 14 3 51 9 35 43 67 21 40 60 44 45 59 55 58 46 36 54 47 63
21 72 25 15 66 56 24 1 8 28 71 78 38 73 2 68 32 3 80 18 69 33 40 51 70 44 77 42 48 41 19 46 55 10 79 17 26 60 9 61 64 63 12 5 6 67 76 30 27 59 22 4 7 11 74 14 37 50 20 31 13 16 49 75 29 36 65 23 39 57 34 47 58 52 54 43 35 53 45 62
65 68 24 67 2 43 71 79 7 66 30 35 28 76 72 69 37 39 77 40 41 42 17 73 1 78 75 80 52 16 14 57 5 56 62 10 61 23 63 12 58 59 29 4 13 3 8 26 22 49 15 60 9 19 70 11 32 6 18 36 25 21 47 74 27 34 64 20 38 54 31 46 55 50 53 45 33 48 44 51
66 67 20 28 65 47 69 74 70 57 38 31 61 79 77 2 40 73 71 33 58 75 5 64 3 46 76 1 19 56 7 53 62 8 4 6 54 21 59 10 32 15 60 80 9 78 22 27 14 41 16 36 23 13 68 25 34 12 17 35 11 18 48 72 26 45 63 24 37 55 29 42 49 44 52 39 30 51 43 50
58 60 17 66 69 46 59 63 31 38 1 73 57 61 65 67 35 79 76 37 64 77 14 72 75 6 50 47 18 54 80 55 56 7 3 2 22 12 53 74 78 4 8 11 68 71 70 25 23 42 19 39 26 10 43 9 28 16 21 27 5 13 45 20 24 32 62 15 34 51 30 44 52 41 48 36 29 40 33 49
62 66 16 64 60 38 63 29 5 58 70 75 36 69 39 42 10 53 68 12 46 71 3 50 2 47 55 56 43 78 11 45 54 80 57 9 7 59 22 67 77 13 20 72 8 79 74 21 19 32 14 30 18 6 44 76 25 65 15 34 4 1 41 73 23 27 61 17 33 52 24 40 51 26 49 35 28 37 31 48
64 62 15 61 63 48 32 69 80 35 77 42 39 57 1 41 9 74 67 44 51 66 2 47 54 72 73 55 53 76 75 52 65 4 56 14 60 19 8 59 6 5 16 68 11 18 71 17 12 37 21 13 24 20 36 70 23 49 10 29 78 79 40 3 22 25 58 7 26 43 28 38 50 31 45 33 27 34 30 46
52 57 38 29 53 45 62 67 78 55 72 65 64 34 41 39 51 61 63 80 49 76 1 66 47 48 79 3 13 6 8 18 46 60 11 58 59 14 68 21 10 2 69 73 7 70 19 12 15 20 71 9 74 5 35 4 22 42 77 25 75 17 36 56 16 33 54 28 31 50 23 37 40 24 43 30 26 32 27 44
56 29 55 58 57 41 53 54 61 34 60 47 62 67 37 46 4 48 49 11 63 74 71 59 45 43 52 79 73 64 9 40 77 65 78 68 8 50 5 24 18 3 14 75 2 66 69 23 13 35 12 10 6 70 31 1 27 36 7 30 76 72 19 51 15 26 16 80 17 38 21 33 39 20 44 32 22 28 25 42
54 50 62 53 52 42 31 60 59 33 45 55 34 44 36 49 68 43 47 73 48 79 74 58 78 40 64 2 12 75 5 70 66 3 67 76 1 13 71 25 16 80 23 63 4 46 61 8 9 30 11 7 69 15 27 65 18 35 6 22 51 77 24 57 14 10 56 72 28 39 17 32 38 19 37 29 20 26 21 41
39 44 51 54 56 35 40 45 30 41 76 49 48 43 33 64 58 63 46 77 50 52 72 55 67 8 60 59 66 62 10 12 1 2 15 69 53 11 7 26 65 68 75 61 80 24 23 9 70 13 20 3 71 79 29 78 17 31 73 4 47 74 37 42 6 21 57 5 25 34 16 27 36 18 32 28 14 22 19 38
51 32 45 30 55 36 35 40 49 43 42 46 54 33 68 63 1 60 53 47 62 65 56 57 74 39 69 58 61 59 4 9 72 73 31 50 5 66 3 18 70 71 11 52 64 14 37 7 77 10 6 78 75 2 17 79 8 29 67 26 44 38 28 41 12 80 48 76 22 27 13 25 34 16 24 21 19 20 15 23
50 55 35 46 49 37 45 39 60 42 47 43 52 63 51 56 65 62 44 67 53 57 68 54 61 33 70 73 2 12 58 74 59 75 76 64 69 4 80 15 79 72 7 30 66 25 27 6 78 3 1 5 77 14 22 32 16 38 71 24 29 34 26 40 10 28 41 48 20 8 19 21 31 11 23 17 9 18 13 36
31 36 34 45 43 39 27 59 42 32 37 48 50 62 79 51 5 52 56 54 55 78 61 49 57 71 53 46 72 58 68 63 64 76 10 75 70 6 67 69 60 65 66 41 1 29 73 3 74 4 2 28 38 77 21 35 26 23 47 19 40 33 20 17 80 22 30 44 14 25 7 8 24 9 15 11 13 16 12 18
49 38 37 42 47 34 52 46 62 54 51 50 33 53 58 48 75 55 59 68 45 56 76 43 60 65 63 67 74 57 61 71 69 1 27 72 66 80 79 19 36 77 64 44 78 13 28 2 24 25 17 70 40 73 26 30 3 21 41 8 39 31 18 32 11 4 22 35 7 12 15 20 23 6 10 16 5 14 9 29
47 27 48 37 42 33 55 58 51 36 59 40 41 56 57 53 61 54 64 71 39 45 52 44 65 69 62 66 63 50 73 67 76 74 24 49 78 70 77 72 22 75 25 21 60 17 26 79 20 7 5 34 28 68 16 46 80 14 38 1 30 29 23 31 4 19 35 43 3 9 12 18 15 13 6 10 2 11 8 32
42 39 33 41 31 40 56 57 48 47 55 44 51 58 54 52 80 50 62 61 43 59 49 46 69 67 68 70 77 45 1 20 60 63 64 71 72 65 75 13 21 66 9 28 74 38 36 78 79 26 73 29 34 76 25 24 19 22 53 6 27 32 15 30 7 14 10 37 2 18 11 23 17 8 16 12 4 5 3 35
