-+-+-+-+
K-+-+-+-
-o-o-o-+
+-+-+-+-
-o-o-o-+
+-+-+-+-
-o-o-+-+
+-+-+-+-
  !!!in 3 2 at 1
       from 3 2 to 1 4
  !!!in 1 4 at 2
       from 1 4 to 3 6
  !!!in 3 6 at 3
       from 3 6 to 5 4
  !!!in 5 4 at 4
       from 5 4 to 7 2
  !!!in 7 2 at 5
       from 7 2 to 5 0
  !!!in 5 0 at 6
===ansc 5 0 = 0
---ans 5 0 = 0   ;;; go = -1
    from 5 0 : cc 3 2 0 >?= 0 + 6 - 1 + 1
===ansc 7 2 = 0
         ans 7 2 >?= 0 - 0 + 1  ;;; 3
---ans 7 2 = 1   ;;; go = 3
===ansc 5 4 = 0
         ans 5 4 >?= 0 - 0 + 2  ;;; 1
---ans 5 4 = 2   ;;; go = 1
    from 5 4 : cc 3 2 0 >?= 0 + 4 - 1 + 1
===ansc 3 6 = 0
         ans 3 6 >?= 0 - 0 + 3  ;;; 1
---ans 3 6 = 3   ;;; go = 1
===ansc 1 4 = 0
         ans 1 4 >?= 0 - 0 + 4  ;;; 2
---ans 1 4 = 4   ;;; go = 2
===ansc 3 2 = 6
         ans 3 2 >?= 6 - 6 + 5  ;;; 0
---ans 3 2 = 6   ;;; go = -1
+++++++++++++++++++++++++++ king 1 0 - ans 7 go 2
2 1
     traverse 4 3 -1
4 - 3
               4 3 0
6 - 1
8 = 3
6 = 5
4 = 7
2 = 5
4 = 3
