119
1 8
1 5
5 8
8 6
1 3
3 5
8 5
5 2
5 6
2 7
6 5
6 1
5 6
1 3
3 7
6 2
7 4
4 6
2 4
6 5
5 8
4 3
8 2
7 1
2 8
8 3
3 5
3 1
5 6
6 2
1 6
2 6
6 5
6 5
1 3
3 4
5 8
4 2
8 7
7 1
5 8
1 7
7 3
2 3
8 7
3 7
7 4
7 4
4 2
2 5
3 6
6 2
2 1
1 4
5 8
4 3
8 3
4 6
6 3
3 5
3 6
3 6
5 8
8 6
6 3
6 4
3 1
4 3
1 2
6 3
3 5
5 2
3 7
2 1
7 2
1 2
2 8
2 4
8 4
4 1
1 2
4 5
2 5
2 5
5 8
5 7
5 6
6 1
7 4
8 7
4 1
7 4
1 3
4 1
1 7
1 5
7 8
3 8
5 3
3 8
8 4
4 7
7 6
5 2
8 6
8 2
2 4
2 6
6 4
8 4
6 4
8 4
1 7
4 7
4 7
8 7
1 8
8 5
7 5
