3218 1
1009 0
2737 2
3980 1
3208 0
122 0
1834 0
707 0
2096 1
1223 0
1113 0
3534 1
3308 1
3620 0
818 0
4297 0
759 0
4822 1
662 1
4927 0
423 0
2350 1
2323 1
1523 1
3413 1
631 1
577 1
3760 1
1249 1
42 1
809 0
2629 0
3041 0
1090 0
1821 2
1226 0
645 0
2258 0
1668 1
1246 0
2431 1
3276 0
3848 1
1065 0
131 0
1028 0
3725 0
4302 0
3551 0
186 0
1424 0
4326 0
781 0
2352 0
3993 0
2006 1
1801 0
243 0
2219 0
3220 0
1325 1
386 0
1489 1
332 0
2611 1
103 1
1418 1
4834 0
4564 1
730 0
1777 2
4587 0
1654 1
3997 0
1566 0
1651 0
3376 0
4202 0
2844 1
244 1
2213 1
1958 0
4489 1
4873 1
4073 0
2388 0
2870 0
693 0
1660 0
844 0
4575 0
4555 0
3454 0
4497 2
4886 0
2043 1
4220 1
3940 0
1628 0
3558 1
2904 0
1904 1
3044 0
236 1
1422 0
725 2
2081 0
885 0
1369 0
145 3
2863 1
2772 2
3234 0
1238 1
1014 1
4702 1
1899 2
1112 0
54 0
4237 1
2528 0
3240 2
278 0
3715 1
4862 2
297 0
3465 0
4453 0
3098 1
3922 2
4731 0
1644 0
2442 2
3379 0
1542 1
3903 0
2312 0
478 0
1474 0
1019 2
1345 1
1695 1
83 0
1333 0
4337 1
4950 1
1116 0
923 2
3893 1
587 0
2866 0
1869 0
4569 0
3987 0
81 0
590 0
2422 1
3752 2
1215 1
4398 0
532 1
3925 0
4031 0
1975 1
426 0
3979 0
1945 1
1617 0
4444 0
3120 0
3419 1
2854 0
2265 0
3388 0
416 0
3069 2
2612 0
4397 0
2030 1
4106 0
1439 0
1817 1
4260 1
3447 0
1168 0
2286 2
1336 0
329 0
1755 1
4833 1
1476 1
3004 2
1289 0
3136 0
1990 2
3237 1
3776 1
4653 0
1121 0
1643 0
1108 0
739 0
4756 1
765 1
3998 0
4860 0
4064 0
1673 0
1626 0
4537 1
2120 0
1607 1
2021 1
3274 0
364 1
632 0
1753 0
2811 0
2174 1
2134 2
829 0
3537 0
3835 0
3356 1
2117 0
4646 1
4196 0
2924 0
3306 1
4648 0
2338 0
1808 1
1118 0
4894 0
1157 0
4210 1
4406 1
2888 0
2524 0
1772 0
4307 0
486 1
4759 1
3573 0
3563 0
3854 2
2149 0
1914 1
4383 2
847 0
588 0
2927 0
2355 1
4856 1
4939 1
3737 0
967 0
1490 0
4880 0
522 1
4242 0
41 0
2695 1
4665 1
2799 0
295 0
4610 1
2247 1
3181 3
3818 0
881 0
1889 1
2709 1
2088 1
2250 0
4463 1
2609 0
1281 1
1639 0
1416 0
1630 0
1648 0
3410 1
1423 0
4826 0
183 1
4253 1
513 0
2767 0
4085 0
2667 2
4686 0
2100 0
3627 1
4224 1
1123 1
4562 1
3083 2
1687 1
3193 1
1823 1
2731 0
2541 0
889 0
3216 0
3765 0
4458 1
1767 2
890 0
3243 3
4758 0
159 0
2108 0
2262 1
3052 0
4571 0
2464 1
4692 0
4067 0
4334 1
4269 0
1548 0
422 0
3451 0
4764 0
1180 2
1725 0
3466 0
4441 0
2403 0
3795 2
2444 0
697 2
3130 1
2127 0
396 0
2915 0
618 2
95 2
704 0
4209 0
1659 3
187 1
3772 0
2398 0
2896 1
4919 1
581 1
71 3
3129 0
3742 0
1558 0
4036 0
32 0
4740 2
2189 1
1444 1
2480 0
4629 1
2164 0
4006 0
1412 0
2634 2
547 2
1776 0
4788 0
1522 2
1220 0
1346 0
3031 1
4857 1
3108 1
2807 0
2345 0
3638 0
3766 0
4279 1
275 0
2842 0
1598 0
3297 0
124 0
2012 0
4605 0
56 1
4175 0
370 1
3033 1
4961 0
4839 0
4849 0
907 0
4584 0
3079 0
1732 1
4779 1
1128 1
2002 1
4703 1
3164 1
1185 0
347 0
300 1
1101 0
517 0
4216 0
4343 0
1225 0
3345 2
2252 0
3720 2
2920 0
4809 0
1172 1
1283 0
1718 0
1048 2
2985 3
3482 0
1631 1
427 0
2671 0
743 0
607 1
3462 1
3332 1
3618 0
1503 0
508 0
4491 0
1925 3
4430 0
2385 0
3066 0
1708 0
62 0
4478 0
794 1
1941 2
514 0
1697 0
963 0
1496 0
2198 3
4778 0
2886 1
665 0
3808 2
4967 0
1962 1
1154 1
221 0
1421 0
3121 1
1464 0
2989 0
4320 1
4241 1
3339 1
4697 2
21 0
1972 1
996 1
3474 0
3548 2
1205 1
4390 1
4035 0
2492 1
1743 1
3155 1
4861 0
2340 1
3442 0
3278 0
1627 0
269 0
16 2
671 0
4147 0
4771 0
4057 1
306 2
3387 0
3545 1
4363 1
1682 0
4401 0
2906 0
1544 1
2494 2
2786 0
4596 0
3112 0
2606 0
4014 2
2018 1
3676 0
3048 0
2042 0
2851 0
822 0
4304 0
4721 1
1963 0
413 0
1844 0
1304 0
2566 0
2036 0
774 0
1299 1
4070 0
1976 0
1272 0
4591 0
4725 1
2064 0
4980 1
4947 1
153 0
3202 2
4814 0
2619 0
565 1
1310 1
872 0
3490 0
2368 1
2858 1
3477 0
1613 0
1638 0
4124 0
3602 4
3248 1
4805 1
2586 2
1025 0
2580 0
3785 0
4423 4
3431 0
4291 0
2062 1
3926 1
2220 2
3318 0
1241 0
1417 1
2280 1
2268 1
595 0
3607 0
4066 0
4472 0
1231 0
2516 0
2393 2
4362 1
2699 0
4907 0
2322 0
1593 1
3359 0
2831 1
3700 0
2452 0
2892 0
1435 0
3907 1
2751 1
789 1
4657 1
2349 0
394 0
2111 0
1130 0
3690 2
2 0
1979 0
4192 0
2605 0
2303 0
3364 0
1250 0
4314 0
3399 0
3524 1
336 1
4098 1
1143 1
2643 0
1359 0
2146 1
4099 0
3483 0
287 0
659 0
3754 2
4252 2
799 1
2943 1
2461 0
4005 1
1043 1
3912 0
1763 0
431 2
1082 2
3645 0
1592 0
1251 0
2918 1
4065 0
1854 0
4101 0
2509 0
898 1
127 1
2307 0
4668 0
4259 0
1891 0
3842 0
4819 0
277 0
1788 0
443 1
2305 0
3393 0
169 0
3530 0
4047 0
758 0
804 1
914 0
4687 0
1982 0
1311 1
4741 0
2315 1
3899 0
4982 0
4262 0
2644 1
2450 2
2067 0
235 0
1533 0
2238 1
3937 0
118 0
1595 3
2089 0
3862 0
106 1
549 0
891 1
2533 0
4029 0
3229 0
3570 1
4510 0
612 0
3518 0
2283 0
406 0
1477 0
4723 0
279 0
1209 2
2458 0
454 1
2051 0
1879 1
4724 0
451 3
1000 0
973 1
4914 0
1881 1
2234 0
4182 1
3060 1
2419 0
4753 0
3838 0
4673 0
4061 0
516 0
9 0
2132 0
4783 0
3879 1
1356 0
1517 0
982 2
3588 1
1646 0
676 1
4933 0
4636 1
327 0
158 0
2932 0
1480 0
48 0
1505 1
1178 0
2140 0
142 1
1693 0
752 1
179 1
3045 0
432 0
2503 0
2868 0
2306 0
3225 0
3504 2
1367 0
35 0
2696 0
903 0
3512 0
1988 1
4321 1
4925 0
4713 0
492 1
331 1
1404 0
3644 0
710 0
2592 0
330 0
3139 1
677 1
4022 0
3529 0
1375 0
4358 0
4502 1
1875 0
2365 0
899 0
2157 1
690 1
1033 1
1953 1
3875 0
3649 1
1986 0
1859 1
4095 0
173 0
213 4
2604 0
778 0
944 0
851 0
36 0
3593 1
605 1
4598 0
1860 0
2660 2
3834 1
910 0
2898 0
1146 0
3013 0
3160 0
2210 0
3051 0
3014 0
592 0
619 0
4084 1
981 1
2506 0
992 0
553 0
965 0
2808 1
1910 0
1680 0
2882 1
252 0
4281 0
135 0
1920 1
4511 0
1265 0
4663 0
2783 2
1997 0
713 2
2686 0
4228 2
1402 1
148 0
267 0
2553 2
3736 0
2798 0
3058 1
255 1
2327 0
1316 3
3152 0
3475 0
850 0
1358 1
338 0
1428 0
1647 0
1076 0
2814 1
3395 0
519 0
4717 0
2460 1
3176 0
3486 0
2834 1
400 0
658 1
3885 2
4583 0
3258 1
4184 0
926 1
2296 2
359 0
2711 0
4619 0
2639 1
1993 3
419 1
1633 0
1537 0
4972 0
558 0
1492 0
392 0
3452 0
2820 0
3219 0
333 0
4976 0
3800 3
2354 1
4604 0
2484 1
2661 0
2652 1
561 0
223 2
1046 0
3713 1
1195 1
719 0
2187 1
1004 1
283 1
2948 0
641 1
984 0
3075 0
1983 0
2110 0
4474 0
4851 0
3965 2
2707 0
864 2
3489 0
4346 2
3648 1
3499 1
567 0
1870 1
1852 1
4526 1
836 0
2567 1
858 0
1622 0
3732 0
2637 0
4554 0
2437 0
1971 1
3544 0
4432 1
3970 1
128 1
2201 0
4011 0
1768 0
4869 1
2048 0
2102 1
69 0
1438 0
1833 1
3478 0
2954 1
712 0
543 1
1867 0
2966 3
2319 1
1539 1
2292 0
654 0
2917 0
2794 0
949 2
838 0
498 0
1273 0
4794 1
2821 3
4903 2
2602 0
3492 0
4298 0
1291 2
4248 0
939 0
1039 0
1261 0
4867 0
324 0
4027 0
603 1
527 1
4354 1
4380 1
2532 0
2998 0
2795 0
2620 0
4017 1
506 0
79 0
772 0
154 0
368 1
2271 0
378 1
660 0
4041 1
2979 0
735 1
578 0
1095 1
4169 2
3722 1
4075 0
746 0
3095 1
4231 0
2170 0
4896 1
4195 0
2856 0
4540 1
2518 1
2386 0
4482 0
1032 0
1585 1
2511 0
509 0
4621 1
3947 0
3746 0
4071 0
852 0
1940 0
950 1
2392 0
1057 0
2056 0
207 0
1454 0
311 1
2957 2
775 1
4122 1
2334 0
3680 1
344 0
3839 0
4935 2
