1
1000 0 0 0 0 1000 1000 1000
0
6
20 30 30 30 40 20 30 20
30 20 40 20 40 10 30 10
30 10 40 10 30 0 20 0
30 10 20 0 10 10 20 20
20 20 10 10 10 20 20 30
20 30 30 20 30 10 20 20
3
1 0 0 1 0 2 1 1
1 1 0 2 1 3 2 2
1 1 2 2 2 1 1 0
6
2 0 1 1 0 3 1 2
1 2 0 3 1 5 2 4
2 4 1 5 2 6 3 5
2 4 3 5 4 3 3 2
3 2 4 3 3 1 2 0
2 0 1 2 2 4 3 2
32
5 0 3 1 1 3 3 2
3 2 1 3 2 2 4 1
4 1 2 2 0 5 2 4
2 4 0 5 0 7 2 6
2 6 0 7 2 7 4 6
2 6 4 6 5 5 3 5
3 5 5 5 6 4 4 4
4 4 6 4 7 2 5 2
5 2 7 2 7 0 5 0
5 0 3 2 4 1 6 -1
6 -1 4 1 2 4 4 2
4 2 2 4 2 6 4 4
4 4 2 6 3 5 5 3
5 3 3 5 4 4 6 2
6 2 4 4 5 2 7 0
7 0 5 2 5 0 7 -2
5 0 6 -1 4 2 3 3
3 3 4 2 4 4 3 5
3 5 4 4 5 3 4 4
4 4 5 3 6 2 5 3
5 3 6 2 7 0 6 1
6 1 7 0 5 0 4 1
5 0 3 3 3 5 5 2
5 2 3 5 4 4 6 1
6 1 4 4 5 3 7 0
7 0 5 3 6 1 8 -2
8 -2 6 1 5 0 7 -3
5 0 5 2 6 1 6 -1
6 -1 6 1 7 0 7 -2
7 -2 7 0 8 -2 8 -4
8 -4 8 -2 5 0 5 -2
5 0 6 -1 7 -2 8 -4
