2029
2029
4025
2029
2029
2468
14834
290649
75169
75169
2029
2029
2029
2029
203347
2029
2029
203347
2029
2029
2468
2468
2029
62943
26097
26097
2468
82566
241377
2468
2029
2468
2468
2468
2029
2029
99387
203347
2029
2029
2029
2468
2029
2029
2468
2029
2468
82307
2029
4025
2468
2029
4025
99387
2029
2029
2029
2029
2029
2029
2029
2029
99387
4025
2029
4025
2468
2029
2029
2468
2029
2029
2029
2468
2029
2468
151521
82566
2029
2029
62943
356631
2029
2029
2029
4025
2468
2468
2029
2029
2029
99387
2029
286477
2029
2468
680773
2029
14834
2029
2468
99387
2029
2029
14834
4025
62943
2029
2029
62943
2029
2029
14834
26097
2029
99387
2029
2468
2029
2468
4025
2029
2029
2029
2029
2029
2029
2029
2029
2029
2029
2029
2468
2029
2029
2468
82307
2468
2029
151521
4025
62943
2468
399904
26097
82566
2029
2468
14834
4025
2029
125273
2468
2029
2029
82566
2029
2029
2029
2029
2029
2029
2029
2029
2468
82566
2029
4025
2029
2029
14834
2029
75169
2029
62943
2029
4025
14834
62943
2029
2029
4025
2029
2029
2029
2029
62943
2029
2468
2029
75169
2029
4025
2029
4025
2029
2029
2029
4025
2029
2468
2468
99387
2029
2029
2029
2468
2468
2468
2468
82307
2029
2468
4025
4025
2029
2029
99387
75169
4025
2029
2029
4025
2029
2029
2029
2029
62943
2029
2029
2468
2029
2029
4025
2029
14834
2029
2029
2029
2468
2029
2468
2468
2468
2029
2468
2468
4025
2029
151521
950465
649137
6680
14834
203347
399904
2468
2029
2029
2029
2029
14834
125273
2029
2468
2029
82566
2029
2029
2468
82566
2468
2029
62943
151521
2468
99387
62943
2029
2029
99387
82566
2029
2468
2029
2029
4025
14834
2029
2468
2468
62943
62943
2029
4025
2029
62943
2029
2029
2468
