6 -> 13 (-7)
10 -> 12 (-2)
3 -> 11 (-8)
2 -> 10 (-8)
14 -> 9 (5)
12 -> 8 (4)
10 -> 7 (3)
2 -> 6 (-4)
1 -> 5 (-4)
6 -> 4 (2)
3 -> 3 (0)
9 -> 2 (7)
1 -> 1 (0)
 at 11 a=11 next=6
 intervals:  (12 12 ; 6 6)   
         update interval...
                  over 1 below 0 zeroes 1
                              it's ok now

 b = 6 6 






 at 10 a=5 next=6
 intervals:  (11 12 ; 6 6)   
         new interval

 b = 5 6 6 






 at 9 a=5 next=5
 intervals:  (11 12 ; 6 6)    (10 10 ; 5 5)   
         update interval...
                  over 0 below 0 zeroes 2
                              it's ok now

 b = 5 5 6 6 






 at 8 a=18 next=5
 intervals:  (11 12 ; 6 6)    (9 10 ; 5 5)   
         update interval...
                  over 1 below 0 zeroes 2
                              it's ok now

 b = 5 5 5 6 6 






 at 7 a=17 next=5
 intervals:  (11 12 ; 6 6)    (8 10 ; 5 5)   
         update interval...
                  over 2 below 0 zeroes 2
                              it's ok now

 b = 5 5 5 5 6 6 






 at 6 a=16 next=5
 intervals:  (11 12 ; 6 6)    (7 10 ; 5 5)   
         update interval...
                  over 3 below 0 zeroes 2
                        min dif = 11  next interval bound = 1
                  over 4 below 2 zeroes 1
                        min dif = 5  next interval bound = 2000000005
                  over 3 below 3 zeroes 1
                              it's ok now

 b = 11 11 11 11 11 11 11 






 at 5 a=9 next=11
 intervals:  (6 12 ; 11 11)   
         new interval

 b = 9 11 11 11 11 11 11 11 






 at 4 a=9 next=9
 intervals:  (6 12 ; 11 11)    (5 5 ; 9 9)   
         update interval...
                  over 0 below 0 zeroes 2
                              it's ok now

 b = 9 9 11 11 11 11 11 11 11 






 at 3 a=15 next=9
 intervals:  (6 12 ; 11 11)    (4 5 ; 9 9)   
         update interval...
                  over 1 below 0 zeroes 2
                              it's ok now

 b = 9 9 9 11 11 11 11 11 11 11 






 at 2 a=13 next=9
 intervals:  (6 12 ; 11 11)    (3 5 ; 9 9)   
         update interval...
                  over 2 below 0 zeroes 2
                              it's ok now

 b = 9 9 9 9 11 11 11 11 11 11 11 






 at 1 a=20 next=9
 intervals:  (6 12 ; 11 11)    (2 5 ; 9 9)   
         update interval...
                  over 3 below 0 zeroes 2
                        min dif = 4  next interval bound = 2
                  over 6 below 5 zeroes 1
                              it's ok now

 b = 11 11 11 11 11 11 11 11 11 11 11 11 






 at 0 a=13 next=11
 intervals:  (1 12 ; 11 11)   
         update interval...
                  over 7 below 5 zeroes 1
                        min dif = 2  next interval bound = 2000000005
                  over 5 below 6 zeroes 2
                              it's ok now

 b = 13 13 13 13 13 13 13 13 13 13 13 13 13 






 54
  ============================================== 54
