21131
9352
19452
7673
22822
8986
1508
10673
21521
9368
20216
8063
22838
9750
3207
11063
21163
9384
19484
7705
22854
9018
4906
10705
21553
9400
20248
8095
18569
9408
5109
10908
6796
9603
8483
11290
21951
9611
20646
11111
8308
10928
9808
9436
23276
10936
21971
9444
20479
7952
23101
6647
8519
8147
7027
6468
6844
7968
8344
7785
8161
9285
9661
7606
9478
6301
21637
6492
19958
5187
8181
5378
8372
5569
18661
5760
22031
7260
6888
7451
20356
8951
23726
8768
8396
7276
22238
5597
20559
5414
18880
4109
6729
3926
5050
4117
5241
5804
5432
7491
22266
7308
6936
5816
20778
4137
19099
3954
17420
2649
5269
2466
3590
2657
3781
4344
3972
6031
20806
5848
5476
4356
19318
2677
17639
2494
15960
1189
3809
1006
2130
1197
825
2884
2512
4571
19346
4388
4016
2896
17858
1217
16179
1408
2532
1599
1227
3099
2727
4599
19561
3107
18069
1615
16577
3115
15085
-1 ERROR: getKing() is called after the end of the game!
