33563190
33590157
33559258
33581256
33571340
33589609
33574117
33569928
33581806
33563933
33566330
33559164
33566394
33580929
33563068
33578538
33578256
33563424
33565371
33579094
33590482
33572804
33561803
33584880
33578081
33558975
33569957
33564353
33588371
33571066
33573695
33581780
33561206
33571774
33568107
33559973
33561543
33587524
33580081
33574923
33563183
33566718
33581548
33587684
33577283
33579938
33589286
33566853
33559352
33570554
33573426
33562335
33560680
33584493
33566862
33569649
33590665
33589324
33564917
33564657
33590438
33582044
33574726
33580728
33574117
33587239
33567511
33585648
33584374
33589633
33562136
33587327
33584220
33559772
33560360
33561777
33587038
33584075
33562167
33566888
33589706
33569879
33578209
33569923
33578095
33585284
33572806
33581647
33562968
33583521
33582250
33559473
33587912
33571666
33581393
33574223
33569017
33563230
33572631
33571842
33563282
33588024
33568592
33585085
33571820
33590351
33582180
33562682
33573124
33587221
33590185
33572713
33580606
33589967
33584127
33580441
33567711
33562657
33576237
33590115
33579079
33576023
33575933
33580377
33576177
33578357
33568536
33564018
33565226
33564669
33577121
33562162
33588627
33565569
33577107
33561500
33570648
33581807
33573850
33572312
33581613
33574038
33580083
33560995
33561100
33568250
33574084
33571449
33588655
33560412
33568634
33579652
33578702
33575687
33576740
33559618
33586456
33565787
33571411
33567224
33568754
33565338
33585903
33566425
33590001
33561460
33560216
33590773
33579287
33562963
33571778
33571554
33563344
33585511
33564557
33589291
33579691
33580400
33575016
33585020
33572056
33580365
33569125
33582986
33586532
33565767
33561177
33559491
33587510
33586717
33587386
33583545
33572295
33578958
33582391
33560654
33565603
33572905
33583639
33565855
33583011
33569813
33590866
33573040
33570534
33587872
33571184
33566684
33573268
33578184
33559587
33563897
33583186
33582348
33558950
33582670
33581186
33569456
33582547
33575733
33583938
33586387
33575942
33562510
33588002
33560881
33561267
33585385
33582242
33587896
33576904
33558898
33586546
33579980
33558979
33588379
33560167
33570905
33589651
33581451
33563711
33586076
33577262
33580873
33559316
33582512
33579765
33576615
33560736
33584346
33574346
33570287
33583413
33566357
33589741
33567310
33581946
33571931
33561243
33581827
33578726
33585208
33562724
33559111
33581308
33578255
33579086
33562618
33590603
33580714
33571757
33573394
33559587
33570179
33590464
33576643
33571863
33587795
33569803
33578094
33575478
33582429
33579638
33569609
33563911
33584507
33578025
33578194
33572424
33581796
33566757
33588468
33562470
33567171
33558689
33571061
33578171
33589368
33568810
33570854
33559433
33588650
33562488
33563209
33588921
33569300
33572881
33589184
33564242
33563147
33560479
33582970
33564091
33575633
33587216
33566364
33572016
33558428
33583217
33590769
33564420
33567332
33573514
33577235
33576731
33559663
33577273
33581909
33574693
33579677
33588111
33588854
33563930
33589619
33568940
33586951
33568121
33563880
33575001
33589911
33581247
33562610
33578089
33569699
33583016
33583054
33564367
33584960
33559079
33560338
33577086
33583236
33582374
33578099
33588483
33584568
33569533
33579350
33560291
33561407
33587890
33588248
33577141
33558595
33573366
33569308
33560319
33564964
33564122
33574296
33560272
33581984
33572436
33565470
33578273
33564866
33577076
33565420
33587947
33583244
33577829
33587700
33559046
33581922
33571877
33572521
33564359
33580348
33590275
33568142
33575512
33560201
33588700
33563007
33585621
33584868
33560084
33569725
33566250
33564025
33565013
33562554
33568943
33567540
33588745
33574569
33577087
33577647
33576088
33588931
33582236
33583576
33585762
33563225
33588931
33562980
33563514
33581726
33563406
33566198
33560358
33589809
33587278
33578765
33567513
33590123
33576230
33574834
33565037
33590893
33578470
33567965
33578338
33563367
33586988
33580459
33585880
33583529
33585468
33567040
33563788
33563115
33581082
33574525
33576213
33564251
33590380
33583457
33574556
33578474
33560849
33575486
33568094
33567829
33587583
33567395
33566946
33566325
33588447
33565700
33566713
33590854
33583594
33575977
33565560
33585848
33578881
33588060
33588151
33576759
33576462
33572944
33576136
33568507
33564061
33576402
33578359
33560592
33580217
33584689
33576197
33575460
33575942
33575021
33573794
33580307
33563298
33590050
33583534
33559347
33574714
33560882
33579439
33583966
33563118
33569844
33573136
33580739
33585893
33589407
33590175
33562220
33583535
33585077
33570243
33561741
33587550
33575727
33558912
33578386
33570146
33588909
33559082
33559782
33573671
33563355
33573611
33565059
33561711
33562210
33567734
33578558
33564271
33562773
33587848
33575375
33558955
33579479
33568674
33571489
33562257
33582540
33589639
33571422
33569494
33575751
33588214
33572152
33588116
33590765
33585959
33569015
33566751
33568172
33566086
33558471
33563051
33570783
33566769
33581757
33559454
33578556
33587762
33574958
33564852
33572740
33579644
33561007
33575127
33584617
33572006
33588714
33571771
33564477
33587304
33561126
33590332
33565406
33560537
33570707
33579127
33573220
33566821
33572953
33571497
33575431
33561231
33572958
33564362
33561041
33588332
33582554
33560807
33585288
33567450
33572251
33562691
33558360
33578370
33560343
33577772
33580354
33589651
33571894
33558429
33563975
33587002
33577180
33565847
33589843
33568227
33568312
33585215
33572075
33575730
33588686
33580727
33580693
33560766
33579076
33576380
33562378
33578131
33575919
33564931
33576732
33581157
33568541
33588050
33584488
33577875
33583647
33560673
33577147
33582050
33565981
33575790
33576004
33562869
33590680
33574561
33569150
33580685
33583037
33576740
33569754
33558917
33572719
33585665
33569327
33567627
33559826
33576377
33569249
33577375
33561111
33565865
33562579
33558860
33569099
33584155
33583884
33575079
33566431
33578030
33568043
33561866
33590327
33590374
33561740
33590416
33563506
33558801
33569846
33586767
33574587
33568095
33580426
33563991
33570644
33572415
33574828
33571438
33570910
33585658
33575087
33564807
33560937
33585297
33567874
33581062
33586367
33571030
33586589
33569973
33566064
33580619
33561451
33561220
33573147
33579965
33579637
33584388
33579393
33586847
33575507
33562016
33575371
33584935
33584466
33576096
33586069
33587497
33580516
33581278
33576897
33571254
33572299
33587780
33588989
33574259
33567491
33583884
33574416
33579961
33588851
33565623
33565160
33579632
33581138
33566152
33580899
33566379
33588826
33560904
33581791
33590787
33585070
33566969
33559427
33565876
33561227
33583448
33580618
33574008
33585072
33560147
33582291
33576997
33585037
33565646
33584107
33576967
33584430
33588438
33560022
33587966
33585893
33568162
33569888
33581142
33567929
33582158
33588902
33582697
33580176
33571926
33570467
33563125
33580062
33583314
33573500
33559102
33587340
33577334
33572235
33568226
33569767
33588807
33565997
33559679
33570894
33584669
33574218
33566982
33558746
33569756
33577128
33583323
33571915
33586801
33577199
33586100
33576311
33568653
33579643
33574958
33576306
33574180
33568740
33589550
33590140
33579427
33573198
33558525
33574573
33584883
33569648
33568545
33564002
33570864
33579621
33585660
33584742
33570344
33578036
33578278
33576927
33587861
33568544
33565578
33572862
33568282
33574831
33590338
33577828
33570046
33575548
33566002
33566037
33560234
33590716
33586789
33562015
33575907
33586833
33569322
33564743
33570758
33572369
33568236
33579768
33560455
33583636
33568725
33582124
33582312
33572288
33574177
33576982
33558394
33582548
33578306
33580885
33560726
33574071
33584568
33559385
33584665
33573439
33589933
33569939
33558498
33575746
33564754
33588832
33580043
33584349
33575163
33565874
33568233
33570693
33588220
33578882
33565635
33578450
33564993
33583096
33584981
33590021
33578414
33577814
33580291
33576286
33578044
33587113
33582557
33576991
33587150
33588782
33564757
33577310
33561047
33574788
33567682
33585037
33561005
33582485
33585810
33575626
33570986
33584965
33580881
33578470
33578759
33571287
33581150
33571638
33576311
33573923
33578598
33589532
33576837
33580920
33575335
33579604
33565358
33581649
33589734
33576446
33578557
33585337
33580331
33565551
33568745
33566335
33589570
33572278
33575214
33568537
33573874
33577711
33562990
33562456
33582585
33567563
33583303
33582288
33588430
33577946
33583026
33572612
33566484
33585438
33582943
33570387
33583072
33563983
33584850
33586341
33574058
33588846
33566908
33582037
33589779
33589259
33582617
33562076
33563484
33580246
33569166
33587906
33577120
33582054
33568639
33568836
33583063
33566155
33574643
33587012
33588363
33586517
33576743
33563379
33587799
33583137
33572339
33578432
33564195
33573607
33561311
33589246
33563169
33588614
33587971
33561687
33570949
33575626
33583521
33578484
33562886
33576963
33565060
33565800
33582359
33587270
33583894
33575264
33562340
33560448
33585987
33575947
33568526
33560895
33560335
33562185
33586471
33578814
33581048
33587094
33564395
33561525
33561869
33577396
33587778
33573725
33574090
33587994
33586680
33590084
33563576
33565470
33566008
33586774
33579976
33573860
33563085
33566375
33583210
33584644
33569048
33560192
33579887
33587710
33568719
33570095
33580707
33583966
33575035
33559437
33574440
33561005
33583278
33586255
33566612
33569565
33583366
33565708
33583561
33576179
33588197
33574162
33558935
33570227
33586924
33559271
33560338
33568013
33577787
33565088
33585074
33566089
33589354
33565925
33579311
33577972
33582662
33559231
33564954
33577097
33569099
33568295
33578299
33578462
33574373
33582414
33566892
33583508
33586789
33576876
33571257
33587900
33578947
33574858
33584244
33573386
33577240
33565902
33578522
33585084
33573337
33570763
33586472
33585991
33579732
33568965
33569340
33583302
33590762
33578885
33582508
33587234
33587345
33573922
33580519
33569280
33576199
33590090
33565326
33570414
33572438
33577555
33585232
33569101
33581835
33580805
33567113
33587324
33589941
33570595
33570713
33578952
33581598
33577918
33562884
33578645
33565259
33584185
33562701
33590091
33560116
33588507
33582993
33560706
33585987
33568407
33563878
33576940
33581197
33591003
33575793
33578758
33583314
33561626
33570120
33579388
33573685
33587802
33577485
33590624
33582778
33560830
33566277
33584393
33588355
33588242
33566588
33575627
33574090
33584473
33567002
33567324
33575580
33587479
33560066
33573888
33589850
33567389
33571566
33561977
33568495
33574040
33590669
33590449
33567185
33579289
33563736
33562660
33583545
33566051
33565496
33560846
33582113
33580407
33589464
33586008
33566080
33577824
33562826
33574722
33571911
33566269
33584731
33564880
33577626
33582354
33584181
33571061
33561293
33577294
33576121
33565824
33569445
33568027
33580826
33586377
33573194
33573224
33566008
33576474
33561614
33558455
33590850
33572831
33584608
33565606
33561097
33583756
33572237
33562686
33560868
33572689
33560251
33582333
33580488
33582463
33558949
33586852
33573220
33561016
33564054
33562561
33577726
33579736
33569318
33576187
33561168
33579174
33588023
33575199
33571745
33562681
33575853
33582318
33560675
33569322
33589999
33574563
33560720
33560190
33585441
33566021
33581252
33565265
33576477
33577905
33579290
33569602
33564469
33589094
33587398
33584289
33566635
33576718
33571446
33577562
33572843
33576144
33590632
33580446
33568653
33574998
33570633
33576790
33582605
33563807
33589972
33590344
33568327
33590661
33564454
33578757
33570996
33585421
33590241
33579929
33562726
33587313
33568263
33589488
33560260
33584366
33567123
33582089
33573380
33565773
33579991
33581277
33571436
33585457
33575576
33568012
33573447
33585957
33580010
33558603
33590440
33567332
33575628
33576592
33591008
33588070
33576065
33587194
33579200
33560110
33565364
33577602
33562510
33570133
33562185
33589602
33564616
33575125
33562372
33560136
33558939
33564821
33588187
33562681
33575968
33563320
33564698
33584197
33565531
33579428
33579323
33561584
33561844
33566163
33589635
33566043
33568690
33564509
33561435
33581364
33581499
33567552
33560947
33583715
33589645
33575029
33570711
33565551
33582522
33570995
33568847
33588660
33566566
33566976
33575737
33574471
33584000
33574395
33585189
33572004
33576642
33583083
33575668
33589020
33577065
33573510
33584177
33562880
33578932
33574017
33579627
33572492
33568798
33561307
33577048
33589908
33562714
33575913
33565610
33561072
33572881
33588768
33560750
33573032
33577053
33588900
33582761
33586398
33579780
33559444
33577202
33571710
33576052
33582610
33571022
33561255
33571969
33576979
33588238
33570263
33571295
33563116
33586281
33587161
33584224
33567639
33559450
33586798
33567214
33570248
33579064
33569724
33579591
33586868
33589080
33581433
33574266
33572507
33578723
33583575
33567011
33564697
33590455
33589805
33568872
33587248
33562239
33577834
33567410
33571348
33576531
33590329
33563947
33567412
33564686
33569011
33559291
33587212
33563505
33563976
33560641
33579052
33572603
33567660
33567698
33563654
33585029
33582722
33577907
33581563
33560736
33566473
33568854
33578019
33587630
33566217
33563287
33564255
33573825
33589820
33570933
33558559
33567798
33558654
33578127
33580530
33558544
33575347
33576037
33562322
33590293
33575547
33569098
33581356
33568170
33579159
33587242
33590192
33589357
33577496
33577984
33572317
33586326
33583693
33562389
33561674
33575438
33570921
33570553
33569973
33559627
33563638
33576769
33580493
33559281
33573628
33572613
33586879
33573673
33580528
33572118
33573504
33586623
33576286
33588994
33579743
33582589
33578325
33576648
33580873
33588553
33565333
33567579
33590105
33576831
33568122
33576919
33583399
33571855
33574565
33572229
33585996
33566677
33579375
33565839
33587894
33559483
33568782
33574786
33561649
33578000
33574275
33570183
33577392
33576101
33585482
33587041
33567583
33562028
33587391
33559332
33588328
33580367
33577553
33575610
33572744
33579538
33566312
33562902
33587024
33573353
33579542
33585716
33584698
33571352
33568640
33571287
33571442
33588172
33574921
33582337
33569121
33567101
33561667
33579568
33570553
33560833
33588630
33565790
33561794
33578607
33578412
33578166
33574055
33573817
33578915
33568534
33579904
33571079
33574640
33588551
33589086
33587668
33587219
33565950
33562009
33577674
33576704
33580176
33561753
33578077
33589063
33563256
33566055
33564200
33563145
33563529
33589490
33586954
33570202
33563634
33570081
33568255
33571573
33564405
33572252
33589182
33565923
33581414
33563738
33588503
33572073
33577701
33580521
33568265
33565173
33569242
33570175
33584549
33565895
33566260
33563843
33571493
33574432
33586912
33565531
33587402
33581740
33570313
33579573
33580792
33579183
33589269
33590932
33560083
33569649
33567066
33558753
33559703
33566826
33586851
33565486
33565432
33585708
33571942
33559433
33578175
33578259
33589441
33586693
33585760
33579438
33588280
33589896
33589211
33558763
33561904
33571413
33584153
33570308
33569322
33558872
33578244
33565228
33588926
33580852
33578083
33590777
33589085
33582092
33560954
33576079
33560517
33584404
33561444
33559696
33566787
33563861
33560622
33559238
33590699
33579843
33569971
33577612
33560599
33560960
33564985
33568768
33563745
33578349
33562319
33562602
33582177
33585396
33560932
33575274
33577446
33585431
33575591
33570148
33587317
33566902
33581473
33587115
33579460
33577763
33565458
33584622
33577204
33573479
33568398
33570917
33573007
33574225
33586262
33568826
33580871
33569091
33574903
33564600
33572715
33571771
33590179
33574966
33584425
33560481
33587282
33589696
33572741
33575510
33566359
33589386
33570844
33576056
33588290
33559573
33559959
33559157
33561274
33569821
33572080
33575126
33567255
33576776
33572199
33585223
33580289
33576847
33569601
33582440
33575243
33570923
33572166
33560662
33567054
33573566
33571064
33589240
33563141
33587847
33563027
33578249
33559020
33581636
33568199
33581288
33559703
33583141
33585207
33565729
33560340
33571061
33572528
33562810
33566978
33572040
33561640
33586237
33590893
33575268
33565053
33576329
33566319
33578607
33581289
33577560
33583750
33572701
33589319
33587343
33569461
33580822
33572359
33578824
33589852
33560937
33561841
33561503
33583576
33582644
33577628
33559871
33568985
33561167
33586347
33570474
33588613
33583676
33583309
33574219
33586257
33585808
33559410
33566013
33559705
33577502
33589581
33580248
33562117
33569256
33574797
33575935
33567386
33578694
33562330
33585963
33558945
33589458
33586448
33568309
33562427
33580185
33561021
33560294
33588416
33561091
33575259
33573696
33566170
33572093
33583948
33569673
33562213
33580011
33564313
33573915
33578243
33589200
33589610
33582829
33582721
33575482
33580867
33583328
33562093
33590510
33563139
33566409
33590642
33580886
33565085
33562178
33573882
33564077
33562259
33576496
33581953
33574376
33585974
33587986
33575993
33562210
33578910
33583887
33575009
33577550
33578090
33564093
33590501
33568732
33577015
33590193
33589940
33586216
33582049
33579466
33570020
33558758
33575292
33575996
33574792
33562574
33571343
33576286
33575755
33587144
33578518
33575987
33573332
33587158
33586356
33570490
33574616
33577924
33586619
33586164
33577469
33580689
33585756
33573305
33576309
33568411
33583277
33565242
33588566
33578892
33572319
33574229
33586105
33588743
33569595
33563035
33559961
33577233
33567200
33585441
33569896
33570112
33577277
33582601
33581169
33568166
33563727
33583822
33562608
33576570
33563034
33569362
33582834
33574283
33559016
33579944
33559532
33573988
33577412
33559970
33578269
33579069
33565108
33584664
33583779
33588136
33585464
33564925
33589599
33584632
33566853
33571619
33569416
33563759
33561857
33578184
33586192
33567023
33590397
33566695
33584570
33579997
33565492
33582656
33566455
33558548
33587334
33569571
33575299
33570191
33564275
33584383
33586370
33562132
33560537
33569453
33580507
33561890
33567085
33577084
33570961
33559898
33571193
33589499
33565924
33585069
33571418
33568137
33564010
33583177
33561527
33563293
33565293
33576260
33588865
33567701
33564100
33581828
33583021
33567680
33571697
33573493
33584563
33573738
33569534
33584361
33578181
33559979
33572247
33579468
33560016
33585710
33570023
33559055
33567794
33569859
33562290
33584465
33582655
33581412
33583414
33565901
33588340
33559433
33571905
33585159
33565560
33588011
33573649
33576757
33576151
33574168
33573614
33566573
33583740
33585147
33577608
33586322
33558770
33562025
33566225
33578239
33580121
33567789
33582105
33587952
33563689
33581714
33572652
33576884
33575337
33572210
33577004
33578131
33572141
33580865
33584494
33559935
33562130
33566808
33587862
33589628
33583481
33563331
33584434
33563856
33575878
33568202
33589784
33589482
33560790
33588545
33580928
33560082
33580802
33589391
33564639
33569492
33585366
33570175
33589641
33576236
33565072
33583817
33570564
33567090
33564762
33562206
33561644
33583875
33582663
33581941
33561612
33583795
33575694
33582169
33586038
33578741
33578120
33561584
33580135
33565126
33563881
33561354
33580572
33558621
33584065
33576302
33568242
33573012
33580464
33585828
33584385
33562644
33570540
33584770
33584758
33560898
33571955
33576312
33571508
33575404
33568782
33570971
33575721
33570738
33575692
33586546
33571568
33590836
33577915
33561987
33583147
33565440
33567141
33573275
33573405
33573689
33582222
33576160
33572873
33584903
33581616
33588119
33572044
33580738
33580724
33567157
33569595
33570268
33586159
33572135
33562429
33582993
33563488
33560544
33574823
33577295
33560300
33572262
33578202
33578726
33565782
33589659
33562654
33559664
33589120
33560461
33578939
33571326
33570659
33561854
33586140
33574150
33575374
33576433
33579042
33575822
33587681
33579386
33568266
33588503
33586503
33571330
33559551
33588554
33580085
33568093
33563965
33580133
33558565
33575053
33588843
33585507
33568082
33590098
33575671
33565165
33569522
33564537
33562415
33582082
33580598
33562592
33577763
33590632
33567745
33590091
33577532
33590480
33586538
33562344
33586075
33558732
33571570
33569955
33566514
33572976
33569413
33569066
33575843
33571274
33586225
33572286
33564892
33587714
33581479
33565119
33575790
33581903
33565813
33568757
33565872
33569952
33580800
33565598
33577878
33568517
33584194
33577275
33583697
33567969
33575496
33578777
33590438
33570514
33559401
33571233
33565454
33581659
33583687
33562463
33572498
33590870
33580166
33581267
33577315
33560859
33572941
33572858
33577019
33559663
33589375
33563546
33577077
33563437
33575864
33581648
33578734
33588406
33571337
33558874
33559449
33581593
33588595
33583908
33576419
33564929
33587492
33585556
33582540
33560674
33579892
33570836
33576384
33563361
33562268
33560931
33577274
33577735
33578043
33563931
33588246
33561892
33572745
33579264
33562297
33590019
33573463
33579534
33567457
33582418
33560782
33562944
33576268
33572559
33564643
33589281
33566731
33563954
33581723
33564947
33589667
33586141
33583619
33574753
33572071
33559620
33573869
33575685
33559959
33579037
33569898
33578041
33580472
33569095
33566218
33587903
33564593
33577850
33584341
33584368
33558825
33563570
33570824
33559173
33585826
33579355
33576591
33564455
33578964
33572157
33585733
33566904
33569995
33569317
33590765
33578334
33571774
33567575
33577455
33566035
33564596
33569973
33590226
33580142
33585112
33577135
33574011
33568623
33572758
33585129
33589546
33579278
33562493
33560237
33573680
33589953
33583828
33573910
33569392
33568080
33560056
33576696
33564315
33590553
33583484
33584273
33567530
33576483
33582589
33590513
33587738
33577955
33576136
33587497
33585514
33558736
33562926
33564468
33587028
33573288
33586849
33570728
33573197
33570943
33582998
33583388
33561021
33573772
33577241
33559895
33589374
33584050
33582894
33580094
33567253
33576656
33570286
33572986
33581490
33587655
33573725
33581546
33573352
33566287
33590796
33569230
33570859
33558649
33567858
33590447
33582861
33562626
33585417
33590800
33588023
33589597
33586986
33561046
33576744
33567358
33584297
33572727
33587632
33587047
33584175
33567460
33565482
33571443
33580121
33574711
33572220
33588324
33574804
33574683
33587919
33558573
33583286
33582846
33564429
33582719
33583196
33565944
33558557
33570069
33591046
33569400
33558752
33590719
33568755
33567668
33585897
33569071
33568956
33581261
33583871
33575301
33561009
33572036
33582164
33562779
33575670
33562144
33580673
33578512
33577564
33586523
33573447
33589526
33572352
33563920
33587463
33559035
33587109
33581030
33563389
33570681
33572048
33560633
33577023
33586108
33583016
33561997
33572984
33584439
33571978
33586098
33568099
33570597
33570926
33576886
33561608
33578464
33563644
33572494
33585337
33581797
33568620
33583491
33589706
33569954
33588001
33578077
33565970
33570310
33585411
33577297
33567781
33579461
33573536
33584810
33573709
33578350
33581057
33583673
33574732
33560621
33579852
33586813
33566163
33585504
33568029
33580433
33565889
33587931
33562019
33576409
33567771
33579769
33562236
33580138
33584846
33581674
33573201
33558844
33560102
33558966
33578800
33577234
33561612
33585811
33586348
33562916
33581058
33560811
33574582
33589393
33581790
33583019
33590328
33581958
33574217
33590604
33566838
33563694
33578229
33567778
33567267
33576279
33578144
33577574
33567557
33573609
33559244
33582596
33580488
33569798
33567546
33589284
33562851
33585920
33586987
33586297
33579822
33578750
33568853
33583181
33570175
33583980
33571494
33580359
33579656
33569062
33558714
33580034
33576753
33588579
33568541
33567310
33587125
33573475
33571392
33571138
33588605
33576407
33565499
33570569
33575359
33575186
33589063
33585256
33560789
33591027
33574394
33584657
33567325
33584016
33575487
33587626
33569301
33587619
33573403
33586843
33568115
33577397
33587489
33571482
33569286
33568523
33558960
33577463
33575055
33568338
33571058
33579942
33558750
33583628
33577364
33583377
33567340
33571001
33562949
33559962
33590716
33562820
33572080
33559025
33573489
33562163
33576888
33572635
33568303
33570317
33570998
33578301
33587249
33569673
33567604
33573420
33576366
33563388
33591079
33563572
33561323
33560190
33570991
33581483
33570079
33572961
33588047
33567668
33577225
33584978
33561644
33582802
33567314
33585227
33582214
33560243
33568675
33561151
33584823
33560248
33558405
33582979
33567215
33570503
33581563
33573117
33573036
33585104
33559264
33582862
33562106
33563679
33587456
33580095
33568111
33576807
33578488
33570221
33577444
33575561
33571533
33578293
33562355
33582888
33563982
33560927
33560884
33580781
33567273
33562378
33581366
33563289
33558479
33560796
33584445
33586383
33572359
33581158
33582528
33563806
33572436
33586457
33585313
33590223
33575174
33559788
33562410
33590515
33567521
33583817
33577674
33568042
33560816
33576635
33578131
33578420
33583464
33571800
33581937
33587512
33562173
33578991
33584426
33585366
33582277
33585392
33566233
33590510
33559439
33586206
33577898
33588653
33566914
33581814
33564051
33564508
33588533
33561053
33589719
33572455
33581138
33571980
33574778
33578798
33566891
33571899
33559556
33578381
33590616
33584015
33574838
33587245
33590294
33590339
33582222
33588103
33572896
33589912
33573883
33587388
33586634
33579645
33576800
33565719
33586914
33559165
33584969
33578845
33571782
33579115
33590639
33561563
33559876
33573839
33574252
33583148
33590068
33587726
33558589
33582541
33577942
33579099
33586811
33561186
33568748
33574752
33566040
33589444
33566614
33588395
33589851
33588689
33577968
33584602
33567194
33588467
33573228
33589637
33590331
33568876
33578736
33575406
33574377
33587559
33570222
33578345
33568279
33563582
33576389
33581195
33564727
33581451
33565595
33586709
33586231
33563248
33589752
33575070
33563009
33565349
33561825
33577474
33583280
33580485
33567034
33590413
33572881
33577304
33559833
33563110
33574624
33575712
33576171
33575868
33585982
33572643
33575240
33589810
33568500
33575291
33581461
33573899
33570537
33589214
33568606
33586324
33560932
33588975
33560176
33567572
33570560
33580866
33584568
33569140
33575539
33588784
33565918
33585391
33587965
33574496
33575584
33581433
33584561
33582096
33574895
33572656
33575270
33560870
33565642
33562371
33573243
33582330
33573852
33586405
33571661
33577952
33564119
33572785
33583735
33575543
33561998
33560282
33589199
33560755
33590228
33590746
33574683
33581226
33565206
33589591
33576854
33580321
33578681
33565205
33588006
33577941
33564212
33589663
33560665
33587082
33559788
33563828
33567523
33588692
33566163
33572721
33566809
33576103
33589694
33589059
33583083
33565600
33590153
33560201
33589732
33584399
33561835
33586699
33575457
33565387
33566745
33589278
33572564
33585845
33587740
33581459
33572278
33560328
33577459
33584227
33563662
33578598
33570919
33579036
33588581
33572770
33582256
33584136
33590533
33570125
33579467
33562402
33572406
33576193
33585305
33573305
33578807
33590896
33575607
33582304
33559293
33588779
33583647
33569691
33578414
33572914
33583490
33581514
33576922
33566271
33560930
33578196
33576062
33584593
33574386
33575443
33562041
33585658
33558957
33572610
33582155
33570024
33560759
33566503
33584593
33566004
33564918
33571776
33566146
33575661
33571567
33585456
33559847
33575010
33574752
33580583
33568028
33579697
33574306
33564819
33562634
33574419
33570491
33559625
33559969
33579493
33573189
33568626
33564054
33587317
33575425
33587382
33582369
33576593
33588537
33559337
33573684
33566416
33590488
33559544
33564539
33590429
33582923
33586643
33564694
33585927
33575701
33572377
33583640
33569611
33563443
33578949
33575101
33570588
33574965
33581082
33578862
33561272
33565208
33589520
33559157
33577643
33591012
33578364
33569408
33581408
33581577
33579777
33578710
33583212
33570936
33572281
33589850
33579418
33572227
33558946
33580867
33559476
33567861
33560009
33572248
33562390
33581807
33588536
33581165
33580531
33587208
33563040
33568222
33584228
33575971
33586117
33564110
33563700
33576334
33559980
33590111
33566830
33584607
33583750
33559856
33563810
33590285
33579098
33562713
33575930
33562447
33589108
33569318
33571840
33576631
33590160
33582229
33568555
33589646
33573573
33567119
33571630
33565805
33588786
33564905
33562367
33560351
33587306
33582361
33559720
33578808
33578400
33563319
33571537
33571699
33575313
33562298
33561096
33579983
33580852
33570670
33571286
33571432
33582626
33575990
33575298
33573141
33577414
33566726
33589410
33574854
33562180
33571486
33583974
33578906
33576745
33576070
33564322
33566402
33571799
33571277
33587103
33558808
33580461
33574784
33559458
33577341
33573881
33585131
33569592
33581046
33577373
33573266
33580358
33579141
33558659
33567980
33562067
33572551
33566401
33580260
33584275
33585745
33565067
33586704
33566514
33574857
33575388
33579182
33583974
33571526
33566435
33573219
33576113
33586280
33577517
33582258
33583609
33565366
33581462
33581372
33590984
33580218
33567472
33565884
33576035
33560414
33584496
33564608
33564300
33568515
33567964
33582119
33568790
33567205
33575541
33559134
33573676
33578801
33566628
33587545
33573217
33580770
33580646
33584466
33562486
33578591
33579896
33579332
33589486
33560021
33582657
33589029
33568594
33575508
33581699
33579749
33587523
33583275
33578944
33571881
33588547
33565955
33559148
33567431
33582147
33590076
33569495
33585664
33568747
33561610
33564120
33584767
33573036
33561294
33573689
33587988
33589126
33562677
33564132
33562671
33578904
33580434
33577426
33567261
33583980
33576187
33584046
33583621
33569279
33579556
33574475
33582496
33582993
33581054
33581515
33567163
33588785
33589005
33570955
33586029
33587719
33570957
33580496
33590295
33582431
33573443
33585715
33586207
33575033
33576739
33571276
33564778
33577233
33575077
33581087
33560221
33562031
33570023
33570250
33582099
33564847
33574274
33586154
33575837
33568527
33575724
33577297
33582588
33576698
33559057
33586537
33564958
33575447
33567472
33561829
33561114
33558418
33574135
33573932
33568235
33577446
33571935
33575813
33588463
33567856
33585607
33558787
33565981
33565875
33588816
33567790
33582857
33575787
33587323
33578869
33583512
33573203
33588677
33586005
33585281
33590197
33588478
33572680
33579402
33582261
33588589
33584238
33588351
33579869
33580708
33576445
33575409
33562471
33576227
33583978
33574068
33590476
33583022
33589331
33569301
33567504
33577326
33570354
33563868
33561675
33567945
33565634
33591048
33566710
33571585
33580591
33582660
33566073
33563790
33566720
33574699
33567352
33584699
33558980
33569599
33585367
33572609
33581182
33570217
33568914
33563302
33568208
33563313
33577279
33565972
33570281
33574396
33578846
33589882
33570607
33571719
33571174
33558563
33574828
33570662
33558672
33585689
33565752
33585211
33562976
33563000
33588586
33581175
33562615
33582994
33560126
33569362
33569818
33589702
33558662
33567371
33577217
33583648
33565457
33568224
33582303
33560752
33578397
33572171
33586229
33561002
33560189
33590528
