1 984
2 396
3 518
4 592
5 764
6 351
7 885
8 367
9 256
10 695
11 155
12 956
13 378
14 959
15 352
16 657
17 69
18 425
19 857
20 971
21 895
22 375
23 851
24 794
25 221
26 642
27 682
28 83
29 839
30 103
31 953
32 564
33 10
34 333
35 71
36 945
37 702
38 478
39 585
40 511
41 619
42 243
43 381
44 412
45 298
46 910
47 353
48 363
49 958
50 745
51 535
52 779
53 124
54 51
55 748
56 615
57 492
58 944
59 11
60 159
61 826
62 95
63 824
64 90
65 796
66 536
67 187
68 409
69 516
70 64
71 454
72 497
73 28
74 813
75 188
76 634
77 960
78 4
79 621
80 780
81 156
82 360
83 551
84 809
85 610
86 584
87 767
88 597
89 974
90 418
91 928
92 282
93 616
94 408
95 732
96 24
97 501
98 580
99 154
100 283
101 251
102 550
103 189
104 13
105 149
106 881
107 128
108 23
109 369
110 358
111 300
112 685
113 232
114 949
115 556
116 903
117 715
118 362
119 105
120 59
121 883
122 872
123 379
124 670
125 265
126 345
127 887
128 555
129 344
130 252
131 432
132 630
133 653
134 421
135 866
136 586
137 997
138 571
139 692
140 886
141 219
142 644
143 631
144 376
145 199
146 719
147 892
148 921
149 662
150 751
151 710
152 930
153 253
154 196
155 607
156 33
157 882
158 426
159 328
160 558
161 248
162 377
163 212
164 440
165 804
166 847
167 180
168 54
169 667
170 975
171 769
172 295
173 340
174 946
175 820
176 307
177 756
178 696
179 525
180 174
181 80
182 469
183 402
184 312
185 837
186 308
187 359
188 850
189 151
190 654
191 39
192 343
193 574
194 299
195 3
196 733
197 967
198 853
199 589
200 740
201 588
202 705
203 67
204 765
205 112
206 235
207 167
208 392
209 211
210 906
211 636
212 41
213 782
214 936
215 148
216 929
217 969
218 913
219 512
220 508
221 446
222 86
223 601
224 999
225 513
226 163
227 230
228 146
229 573
230 44
231 9
232 356
233 522
234 904
235 190
236 957
237 200
238 22
239 197
240 848
241 865
242 91
243 596
244 603
245 718
246 182
247 389
248 224
249 126
250 350
251 713
252 443
253 595
254 313
255 286
256 538
257 56
258 504
259 560
260 263
261 617
262 115
263 688
264 873
265 664
266 598
267 559
268 737
269 844
270 303
271 323
272 406
273 141
274 624
275 609
276 85
277 663
278 84
279 529
280 368
281 281
282 775
283 169
284 498
285 655
286 476
287 942
288 613
289 411
290 557
291 413
292 503
293 666
294 841
295 57
296 835
297 627
298 97
299 296
300 723
301 673
302 827
303 874
304 860
305 77
306 746
307 287
308 208
309 450
310 225
311 394
312 877
313 6
314 648
315 332
316 916
317 549
318 220
319 302
320 334
321 533
322 162
323 800
324 140
325 562
326 488
327 812
328 237
329 192
330 107
331 828
332 171
333 986
334 618
335 139
336 47
337 694
338 834
339 515
340 193
341 968
342 401
343 815
344 348
345 645
346 773
347 204
348 116
349 447
350 934
351 194
352 101
353 177
354 365
355 158
356 480
357 876
358 285
359 806
360 448
361 790
362 388
363 290
364 863
365 561
366 349
367 275
368 25
369 992
370 795
371 259
372 819
373 983
374 996
375 482
376 976
377 637
378 495
379 578
380 106
381 955
382 385
383 8
384 861
385 499
386 445
387 726
388 153
389 891
390 540
391 768
392 998
393 938
394 565
395 898
396 543
397 587
398 438
399 262
400 292
401 464
402 604
403 594
404 78
405 725
406 481
407 658
408 390
409 829
410 530
411 924
412 981
413 838
414 88
415 714
416 267
417 792
418 463
419 279
420 456
421 288
422 35
423 978
424 96
425 899
426 87
427 15
428 240
429 347
430 977
431 759
432 735
433 862
434 76
435 330
436 894
437 738
438 724
439 92
440 274
441 331
442 215
443 424
444 2
445 403
446 380
447 570
448 633
449 127
450 384
451 138
452 545
453 754
454 911
455 168
456 760
457 472
458 277
459 534
460 373
461 920
462 29
463 161
464 774
465 816
466 339
467 304
468 665
469 581
470 374
471 475
472 941
473 422
474 505
475 858
476 579
477 327
478 720
479 26
480 799
481 470
482 599
483 722
484 399
485 935
486 434
487 147
488 355
489 273
490 430
491 830
492 496
493 914
494 632
495 305
496 66
497 721
498 484
499 202
500 264
501 651
502 840
503 175
504 122
505 441
506 276
507 646
508 320
509 879
510 650
511 602
512 845
513 113
514 706
515 129
516 70
517 951
518 727
519 542
520 908
521 145
522 948
523 75
524 110
525 783
526 962
527 704
528 880
529 244
530 205
531 749
532 884
533 335
534 605
535 383
536 907
537 209
538 849
539 810
540 994
541 455
542 639
543 900
544 315
545 832
546 947
547 289
548 326
549 593
550 250
551 805
552 755
553 270
554 118
555 814
556 758
557 16
558 629
559 506
560 902
561 784
562 19
563 416
564 228
565 817
566 493
567 747
568 708
569 791
570 152
571 871
572 160
573 890
574 173
575 99
576 687
577 437
578 397
579 577
580 366
581 778
582 757
583 261
584 606
585 266
586 242
587 483
588 537
589 213
590 566
591 752
592 811
593 649
594 436
595 241
596 43
597 730
598 216
599 576
600 234
601 52
602 231
603 620
604 966
605 400
606 867
607 89
608 776
609 870
610 626
611 678
612 700
613 988
614 689
615 104
616 63
617 716
618 249
619 918
620 393
621 165
622 176
623 201
624 337
625 517
626 691
627 489
628 93
629 222
630 864
631 647
632 391
633 428
634 766
635 836
636 901
637 474
638 321
639 372
640 269
641 236
642 186
643 311
644 27
645 523
646 268
647 477
648 184
649 526
650 544
651 569
652 770
653 144
654 699
655 893
656 808
657 521
658 108
659 741
660 940
661 435
662 439
663 38
664 94
665 772
666 869
667 943
668 81
669 309
670 821
671 972
672 761
673 207
674 933
675 487
676 314
677 789
678 223
679 131
680 982
681 939
682 635
683 989
684 532
685 410
686 417
687 502
688 926
689 671
690 117
691 341
692 709
693 753
694 925
695 831
696 771
697 271
698 852
699 119
700 405
701 736
702 868
703 214
704 568
705 457
706 183
707 206
708 964
709 676
710 785
711 195
712 442
713 750
714 387
715 382
716 846
717 65
718 317
719 100
720 79
721 466
722 134
723 703
724 48
725 324
726 553
727 742
728 552
729 681
730 218
731 133
732 677
733 60
734 73
735 793
736 50
737 260
738 612
739 927
740 316
741 306
742 12
743 459
744 329
745 239
746 473
747 731
748 582
749 781
750 111
751 123
752 979
753 519
754 693
755 157
756 684
757 37
758 357
759 226
760 245
761 415
762 788
763 293
764 150
765 21
766 963
767 563
768 395
769 429
770 734
771 58
772 238
773 461
774 822
775 20
776 444
777 937
778 42
779 878
780 453
781 120
782 600
783 36
784 859
785 674
786 802
787 17
788 567
789 991
790 583
791 711
792 310
793 787
794 130
795 414
796 354
797 729
798 46
799 14
800 55
801 336
802 468
803 210
804 319
805 660
806 297
807 491
808 53
809 675
810 973
811 255
812 623
813 743
814 30
815 641
816 98
817 698
818 680
819 5
820 640
821 404
822 364
823 739
824 546
825 931
826 1000
827 166
828 825
829 135
830 72
831 622
832 608
833 985
834 170
835 923
836 203
837 247
838 301
839 507
840 427
841 524
842 547
843 45
844 449
845 970
846 68
847 683
848 233
849 322
850 61
851 1
852 833
853 611
854 419
855 125
856 510
857 257
858 661
859 284
860 548
861 142
862 143
863 325
864 31
865 686
866 246
867 744
868 539
869 361
870 191
871 888
872 346
873 591
874 728
875 952
876 762
877 638
878 121
879 919
880 102
881 479
882 993
883 520
884 458
885 229
886 912
887 572
888 842
889 909
890 777
891 164
892 575
893 897
894 254
895 652
896 82
897 342
898 922
899 807
900 490
901 423
902 656
903 420
904 109
905 531
906 950
907 467
908 915
909 514
910 786
911 338
912 136
913 672
914 486
915 172
916 717
917 40
918 185
919 198
920 980
921 371
922 843
923 541
924 875
925 485
926 712
927 965
928 527
929 625
930 668
931 798
932 690
933 697
934 614
935 854
936 137
937 460
938 954
939 7
940 763
941 278
942 465
943 462
944 179
945 707
946 797
947 178
948 370
949 181
950 32
951 679
952 990
953 74
954 217
955 554
956 961
957 280
958 856
959 896
960 509
961 431
962 917
963 114
964 987
965 905
966 995
967 500
968 471
969 227
970 590
971 18
972 803
973 494
974 386
975 258
976 932
977 398
978 34
979 701
980 818
981 889
982 49
983 62
984 407
985 132
986 294
987 643
988 272
989 451
990 528
991 628
992 669
993 452
994 659
995 291
996 855
997 823
998 433
999 318
1000 801
