      2 === 3 (2 2)
      3 === 5 (3 3)
      4 === 6 (3 3)
      5 === 7 (4 4)
      6 === 8 (4 5)
      7 === 8 (5 5)
      8 === 9 (5 6)
      9 === 9 (6 6)
      10 === 10 (6 8)
      11 === 10 (7 8)
      12 === 10 (8 8)
      13 === 11 (7 10)
      14 === 11 (8 10)
      15 === 11 (9 10)
      16 === 11 (10 10)
      17 === 12 (9 13)
      18 === 12 (10 13)
      19 === 12 (11 13)
      20 === 12 (12 13)
      21 === 12 (13 13)
      22 === 13 (11 17)
      23 === 13 (12 17)
      24 === 13 (13 17)
      25 === 13 (14 17)
      26 === 13 (15 17)
      27 === 13 (16 17)
      28 === 13 (17 17)
      29 === 14 (14 22)
      30 === 14 (15 22)
      31 === 14 (16 22)
      32 === 14 (17 22)
      33 === 14 (18 22)
      34 === 14 (19 22)
      35 === 14 (20 22)
      36 === 14 (21 22)
      37 === 14 (22 22)
      38 === 15 (18 29)
      39 === 15 (19 29)
      40 === 15 (20 29)
      41 === 15 (21 29)
      42 === 15 (22 29)
      43 === 15 (23 29)
      44 === 15 (24 29)
      45 === 15 (25 29)
      46 === 15 (26 29)
      47 === 15 (27 29)
      48 === 15 (28 29)
      49 === 15 (29 29)
      50 === 16 (23 38)
      51 === 16 (24 38)
      52 === 16 (25 38)
      53 === 16 (26 38)
      54 === 16 (27 38)
      55 === 16 (28 38)
      56 === 16 (29 38)
      57 === 16 (30 38)
      58 === 16 (31 38)
      59 === 16 (32 38)
      60 === 16 (33 38)
      61 === 16 (34 38)
      62 === 16 (35 38)
      63 === 16 (36 38)
      64 === 16 (37 38)
      65 === 16 (38 38)
      66 === 17 (30 50)
      67 === 17 (31 50)
      68 === 17 (32 50)
      69 === 17 (33 50)
      70 === 17 (34 50)
      71 === 17 (35 50)
      72 === 17 (36 50)
      73 === 17 (37 50)
      74 === 17 (38 50)
      75 === 17 (39 50)
      76 === 17 (40 50)
      77 === 17 (41 50)
      78 === 17 (42 50)
      79 === 17 (43 50)
      80 === 17 (44 50)
      81 === 17 (45 50)
      82 === 17 (46 50)
      83 === 17 (47 50)
      84 === 17 (48 50)
      85 === 17 (49 50)
      86 === 17 (50 50)
      87 === 18 (39 66)
      88 === 18 (40 66)
      89 === 18 (41 66)
      90 === 18 (42 66)
      91 === 18 (43 66)
      92 === 18 (44 66)
      93 === 18 (45 66)
      94 === 18 (46 66)
      95 === 18 (47 66)
      96 === 18 (48 66)
      97 === 18 (49 66)
      98 === 18 (50 66)
      99 === 18 (51 66)
      100 === 18 (52 66)
      101 === 18 (53 66)
      102 === 18 (54 66)
      103 === 18 (55 66)
      104 === 18 (56 66)
      105 === 18 (57 66)
      106 === 18 (58 66)
      107 === 18 (59 66)
      108 === 18 (60 66)
      109 === 18 (61 66)
      110 === 18 (62 66)
      111 === 18 (63 66)
      112 === 18 (64 66)
      113 === 18 (65 66)
      114 === 18 (66 66)
      115 === 19 (51 87)
      116 === 19 (52 87)
      117 === 19 (53 87)
      118 === 19 (54 87)
      119 === 19 (55 87)
      120 === 19 (56 87)
      121 === 19 (57 87)
      122 === 19 (58 87)
      123 === 19 (59 87)
      124 === 19 (60 87)
      125 === 19 (61 87)
      126 === 19 (62 87)
      127 === 19 (63 87)
      128 === 19 (64 87)
      129 === 19 (65 87)
      130 === 19 (66 87)
      131 === 19 (67 87)
      132 === 19 (68 87)
      133 === 19 (69 87)
      134 === 19 (70 87)
      135 === 19 (71 87)
      136 === 19 (72 87)
      137 === 19 (73 87)
      138 === 19 (74 87)
      139 === 19 (75 87)
      140 === 19 (76 87)
      141 === 19 (77 87)
      142 === 19 (78 87)
      143 === 19 (79 87)
      144 === 19 (80 87)
      145 === 19 (81 87)
      146 === 19 (82 87)
      147 === 19 (83 87)
      148 === 19 (84 87)
      149 === 19 (85 87)
      150 === 19 (86 87)
      151 === 19 (87 87)
      152 === 20 (67 115)
      153 === 20 (68 115)
      154 === 20 (69 115)
      155 === 20 (70 115)
      156 === 20 (71 115)
      157 === 20 (72 115)
      158 === 20 (73 115)
      159 === 20 (74 115)
      160 === 20 (75 115)
      161 === 20 (76 115)
      162 === 20 (77 115)
      163 === 20 (78 115)
      164 === 20 (79 115)
      165 === 20 (80 115)
      166 === 20 (81 115)
      167 === 20 (82 115)
      168 === 20 (83 115)
      169 === 20 (84 115)
      170 === 20 (85 115)
      171 === 20 (86 115)
      172 === 20 (87 115)
      173 === 20 (88 115)
      174 === 20 (89 115)
      175 === 20 (90 115)
      176 === 20 (91 115)
      177 === 20 (92 115)
      178 === 20 (93 115)
      179 === 20 (94 115)
      180 === 20 (95 115)
      181 === 20 (96 115)
      182 === 20 (97 115)
      183 === 20 (98 115)
      184 === 20 (99 115)
      185 === 20 (100 115)
      186 === 20 (101 115)
      187 === 20 (102 115)
      188 === 20 (103 115)
      189 === 20 (104 115)
      190 === 20 (105 115)
      191 === 20 (106 115)
      192 === 20 (107 115)
      193 === 20 (108 115)
      194 === 20 (109 115)
      195 === 20 (110 115)
      196 === 20 (111 115)
      197 === 20 (112 115)
      198 === 20 (113 115)
      199 === 20 (114 115)
      200 === 20 (115 115)
      201 === 21 (88 152)
      202 === 21 (89 152)
      203 === 21 (90 152)
      204 === 21 (91 152)
      205 === 21 (92 152)
      206 === 21 (93 152)
      207 === 21 (94 152)
      208 === 21 (95 152)
      209 === 21 (96 152)
      210 === 21 (97 152)
      211 === 21 (98 152)
      212 === 21 (99 152)
      213 === 21 (100 152)
      214 === 21 (101 152)
      215 === 21 (102 152)
      216 === 21 (103 152)
      217 === 21 (104 152)
      218 === 21 (105 152)
      219 === 21 (106 152)
      220 === 21 (107 152)
      221 === 21 (108 152)
      222 === 21 (109 152)
      223 === 21 (110 152)
      224 === 21 (111 152)
      225 === 21 (112 152)
      226 === 21 (113 152)
      227 === 21 (114 152)
      228 === 21 (115 152)
      229 === 21 (116 152)
      230 === 21 (117 152)
      231 === 21 (118 152)
      232 === 21 (119 152)
      233 === 21 (120 152)
      234 === 21 (121 152)
      235 === 21 (122 152)
      236 === 21 (123 152)
      237 === 21 (124 152)
      238 === 21 (125 152)
      239 === 21 (126 152)
      240 === 21 (127 152)
      241 === 21 (128 152)
      242 === 21 (129 152)
      243 === 21 (130 152)
      244 === 21 (131 152)
      245 === 21 (132 152)
      246 === 21 (133 152)
      247 === 21 (134 152)
      248 === 21 (135 152)
      249 === 21 (136 152)
      250 === 21 (137 152)
      251 === 21 (138 152)
      252 === 21 (139 152)
      253 === 21 (140 152)
      254 === 21 (141 152)
      255 === 21 (142 152)
      256 === 21 (143 152)
      257 === 21 (144 152)
      258 === 21 (145 152)
      259 === 21 (146 152)
      260 === 21 (147 152)
      261 === 21 (148 152)
      262 === 21 (149 152)
      263 === 21 (150 152)
      264 === 21 (151 152)
      265 === 21 (152 152)
      266 === 22 (116 201)
      267 === 22 (117 201)
      268 === 22 (118 201)
      269 === 22 (119 201)
      270 === 22 (120 201)
      271 === 22 (121 201)
      272 === 22 (122 201)
      273 === 22 (123 201)
      274 === 22 (124 201)
      275 === 22 (125 201)
      276 === 22 (126 201)
      277 === 22 (127 201)
      278 === 22 (128 201)
      279 === 22 (129 201)
      280 === 22 (130 201)
      281 === 22 (131 201)
      282 === 22 (132 201)
      283 === 22 (133 201)
      284 === 22 (134 201)
      285 === 22 (135 201)
      286 === 22 (136 201)
      287 === 22 (137 201)
      288 === 22 (138 201)
      289 === 22 (139 201)
      290 === 22 (140 201)
      291 === 22 (141 201)
      292 === 22 (142 201)
      293 === 22 (143 201)
      294 === 22 (144 201)
      295 === 22 (145 201)
      296 === 22 (146 201)
      297 === 22 (147 201)
      298 === 22 (148 201)
      299 === 22 (149 201)
      300 === 22 (150 201)
      301 === 22 (151 201)
      302 === 22 (152 201)
      303 === 22 (153 201)
      304 === 22 (154 201)
      305 === 22 (155 201)
      306 === 22 (156 201)
      307 === 22 (157 201)
      308 === 22 (158 201)
      309 === 22 (159 201)
      310 === 22 (160 201)
      311 === 22 (161 201)
      312 === 22 (162 201)
      313 === 22 (163 201)
      314 === 22 (164 201)
      315 === 22 (165 201)
      316 === 22 (166 201)
      317 === 22 (167 201)
      318 === 22 (168 201)
      319 === 22 (169 201)
      320 === 22 (170 201)
      321 === 22 (171 201)
      322 === 22 (172 201)
      323 === 22 (173 201)
      324 === 22 (174 201)
      325 === 22 (175 201)
      326 === 22 (176 201)
      327 === 22 (177 201)
      328 === 22 (178 201)
      329 === 22 (179 201)
      330 === 22 (180 201)
      331 === 22 (181 201)
      332 === 22 (182 201)
      333 === 22 (183 201)
      334 === 22 (184 201)
      335 === 22 (185 201)
      336 === 22 (186 201)
      337 === 22 (187 201)
      338 === 22 (188 201)
      339 === 22 (189 201)
      340 === 22 (190 201)
      341 === 22 (191 201)
      342 === 22 (192 201)
      343 === 22 (193 201)
      344 === 22 (194 201)
      345 === 22 (195 201)
      346 === 22 (196 201)
      347 === 22 (197 201)
      348 === 22 (198 201)
      349 === 22 (199 201)
      350 === 22 (200 201)
      351 === 22 (201 201)
      352 === 23 (153 266)
      353 === 23 (154 266)
      354 === 23 (155 266)
      355 === 23 (156 266)
      356 === 23 (157 266)
      357 === 23 (158 266)
      358 === 23 (159 266)
      359 === 23 (160 266)
      360 === 23 (161 266)
      361 === 23 (162 266)
      362 === 23 (163 266)
      363 === 23 (164 266)
      364 === 23 (165 266)
      365 === 23 (166 266)
      366 === 23 (167 266)
      367 === 23 (168 266)
      368 === 23 (169 266)
      369 === 23 (170 266)
      370 === 23 (171 266)
      371 === 23 (172 266)
      372 === 23 (173 266)
      373 === 23 (174 266)
      374 === 23 (175 266)
      375 === 23 (176 266)
      376 === 23 (177 266)
      377 === 23 (178 266)
      378 === 23 (179 266)
      379 === 23 (180 266)
      380 === 23 (181 266)
      381 === 23 (182 266)
      382 === 23 (183 266)
      383 === 23 (184 266)
      384 === 23 (185 266)
      385 === 23 (186 266)
      386 === 23 (187 266)
      387 === 23 (188 266)
      388 === 23 (189 266)
      389 === 23 (190 266)
      390 === 23 (191 266)
      391 === 23 (192 266)
      392 === 23 (193 266)
      393 === 23 (194 266)
      394 === 23 (195 266)
      395 === 23 (196 266)
      396 === 23 (197 266)
      397 === 23 (198 266)
      398 === 23 (199 266)
      399 === 23 (200 266)
      400 === 23 (201 266)
      401 === 23 (202 266)
      402 === 23 (203 266)
      403 === 23 (204 266)
      404 === 23 (205 266)
      405 === 23 (206 266)
      406 === 23 (207 266)
      407 === 23 (208 266)
      408 === 23 (209 266)
      409 === 23 (210 266)
      410 === 23 (211 266)
      411 === 23 (212 266)
      412 === 23 (213 266)
      413 === 23 (214 266)
      414 === 23 (215 266)
      415 === 23 (216 266)
      416 === 23 (217 266)
      417 === 23 (218 266)
      418 === 23 (219 266)
      419 === 23 (220 266)
      420 === 23 (221 266)
      421 === 23 (222 266)
      422 === 23 (223 266)
      423 === 23 (224 266)
      424 === 23 (225 266)
      425 === 23 (226 266)
      426 === 23 (227 266)
      427 === 23 (228 266)
      428 === 23 (229 266)
      429 === 23 (230 266)
      430 === 23 (231 266)
      431 === 23 (232 266)
      432 === 23 (233 266)
      433 === 23 (234 266)
      434 === 23 (235 266)
      435 === 23 (236 266)
      436 === 23 (237 266)
      437 === 23 (238 266)
      438 === 23 (239 266)
      439 === 23 (240 266)
      440 === 23 (241 266)
      441 === 23 (242 266)
      442 === 23 (243 266)
      443 === 23 (244 266)
      444 === 23 (245 266)
      445 === 23 (246 266)
      446 === 23 (247 266)
      447 === 23 (248 266)
      448 === 23 (249 266)
      449 === 23 (250 266)
      450 === 23 (251 266)
      451 === 23 (252 266)
      452 === 23 (253 266)
      453 === 23 (254 266)
      454 === 23 (255 266)
      455 === 23 (256 266)
      456 === 23 (257 266)
      457 === 23 (258 266)
      458 === 23 (259 266)
      459 === 23 (260 266)
      460 === 23 (261 266)
      461 === 23 (262 266)
      462 === 23 (263 266)
      463 === 23 (264 266)
      464 === 23 (265 266)
      465 === 23 (266 266)
      466 === 24 (202 352)
      467 === 24 (203 352)
      468 === 24 (204 352)
      469 === 24 (205 352)
      470 === 24 (206 352)
      471 === 24 (207 352)
      472 === 24 (208 352)
      473 === 24 (209 352)
      474 === 24 (210 352)
      475 === 24 (211 352)
      476 === 24 (212 352)
      477 === 24 (213 352)
      478 === 24 (214 352)
      479 === 24 (215 352)
      480 === 24 (216 352)
      481 === 24 (217 352)
      482 === 24 (218 352)
      483 === 24 (219 352)
      484 === 24 (220 352)
      485 === 24 (221 352)
      486 === 24 (222 352)
      487 === 24 (223 352)
      488 === 24 (224 352)
      489 === 24 (225 352)
      490 === 24 (226 352)
      491 === 24 (227 352)
      492 === 24 (228 352)
      493 === 24 (229 352)
      494 === 24 (230 352)
      495 === 24 (231 352)
      496 === 24 (232 352)
      497 === 24 (233 352)
      498 === 24 (234 352)
      499 === 24 (235 352)
      500 === 24 (236 352)
      501 === 24 (237 352)
      502 === 24 (238 352)
      503 === 24 (239 352)
      504 === 24 (240 352)
      505 === 24 (241 352)
      506 === 24 (242 352)
      507 === 24 (243 352)
      508 === 24 (244 352)
      509 === 24 (245 352)
      510 === 24 (246 352)
      511 === 24 (247 352)
      512 === 24 (248 352)
      513 === 24 (249 352)
      514 === 24 (250 352)
      515 === 24 (251 352)
      516 === 24 (252 352)
      517 === 24 (253 352)
      518 === 24 (254 352)
      519 === 24 (255 352)
      520 === 24 (256 352)
      521 === 24 (257 352)
      522 === 24 (258 352)
      523 === 24 (259 352)
      524 === 24 (260 352)
      525 === 24 (261 352)
      526 === 24 (262 352)
      527 === 24 (263 352)
      528 === 24 (264 352)
      529 === 24 (265 352)
      530 === 24 (266 352)
      531 === 24 (267 352)
      532 === 24 (268 352)
      533 === 24 (269 352)
      534 === 24 (270 352)
      535 === 24 (271 352)
      536 === 24 (272 352)
      537 === 24 (273 352)
      538 === 24 (274 352)
      539 === 24 (275 352)
      540 === 24 (276 352)
      541 === 24 (277 352)
      542 === 24 (278 352)
      543 === 24 (279 352)
      544 === 24 (280 352)
      545 === 24 (281 352)
      546 === 24 (282 352)
      547 === 24 (283 352)
      548 === 24 (284 352)
      549 === 24 (285 352)
      550 === 24 (286 352)
      551 === 24 (287 352)
      552 === 24 (288 352)
      553 === 24 (289 352)
      554 === 24 (290 352)
      555 === 24 (291 352)
      556 === 24 (292 352)
      557 === 24 (293 352)
      558 === 24 (294 352)
      559 === 24 (295 352)
      560 === 24 (296 352)
      561 === 24 (297 352)
      562 === 24 (298 352)
      563 === 24 (299 352)
      564 === 24 (300 352)
      565 === 24 (301 352)
      566 === 24 (302 352)
      567 === 24 (303 352)
      568 === 24 (304 352)
      569 === 24 (305 352)
      570 === 24 (306 352)
      571 === 24 (307 352)
      572 === 24 (308 352)
      573 === 24 (309 352)
      574 === 24 (310 352)
      575 === 24 (311 352)
      576 === 24 (312 352)
      577 === 24 (313 352)
      578 === 24 (314 352)
      579 === 24 (315 352)
      580 === 24 (316 352)
      581 === 24 (317 352)
      582 === 24 (318 352)
      583 === 24 (319 352)
      584 === 24 (320 352)
      585 === 24 (321 352)
      586 === 24 (322 352)
      587 === 24 (323 352)
      588 === 24 (324 352)
      589 === 24 (325 352)
      590 === 24 (326 352)
      591 === 24 (327 352)
      592 === 24 (328 352)
      593 === 24 (329 352)
      594 === 24 (330 352)
      595 === 24 (331 352)
      596 === 24 (332 352)
      597 === 24 (333 352)
      598 === 24 (334 352)
      599 === 24 (335 352)
      600 === 24 (336 352)
      601 === 24 (337 352)
      602 === 24 (338 352)
      603 === 24 (339 352)
      604 === 24 (340 352)
      605 === 24 (341 352)
      606 === 24 (342 352)
      607 === 24 (343 352)
      608 === 24 (344 352)
      609 === 24 (345 352)
      610 === 24 (346 352)
      611 === 24 (347 352)
      612 === 24 (348 352)
      613 === 24 (349 352)
      614 === 24 (350 352)
      615 === 24 (351 352)
      616 === 24 (352 352)
      617 === 25 (267 466)
      618 === 25 (268 466)
      619 === 25 (269 466)
      620 === 25 (270 466)
      621 === 25 (271 466)
      622 === 25 (272 466)
      623 === 25 (273 466)
      624 === 25 (274 466)
      625 === 25 (275 466)
      626 === 25 (276 466)
      627 === 25 (277 466)
      628 === 25 (278 466)
      629 === 25 (279 466)
      630 === 25 (280 466)
      631 === 25 (281 466)
      632 === 25 (282 466)
      633 === 25 (283 466)
      634 === 25 (284 466)
      635 === 25 (285 466)
      636 === 25 (286 466)
      637 === 25 (287 466)
      638 === 25 (288 466)
      639 === 25 (289 466)
      640 === 25 (290 466)
      641 === 25 (291 466)
      642 === 25 (292 466)
      643 === 25 (293 466)
      644 === 25 (294 466)
      645 === 25 (295 466)
      646 === 25 (296 466)
      647 === 25 (297 466)
      648 === 25 (298 466)
      649 === 25 (299 466)
      650 === 25 (300 466)
      651 === 25 (301 466)
      652 === 25 (302 466)
      653 === 25 (303 466)
      654 === 25 (304 466)
      655 === 25 (305 466)
      656 === 25 (306 466)
      657 === 25 (307 466)
      658 === 25 (308 466)
      659 === 25 (309 466)
      660 === 25 (310 466)
      661 === 25 (311 466)
      662 === 25 (312 466)
      663 === 25 (313 466)
      664 === 25 (314 466)
      665 === 25 (315 466)
      666 === 25 (316 466)
      667 === 25 (317 466)
      668 === 25 (318 466)
      669 === 25 (319 466)
      670 === 25 (320 466)
      671 === 25 (321 466)
      672 === 25 (322 466)
      673 === 25 (323 466)
      674 === 25 (324 466)
      675 === 25 (325 466)
      676 === 25 (326 466)
      677 === 25 (327 466)
      678 === 25 (328 466)
      679 === 25 (329 466)
      680 === 25 (330 466)
      681 === 25 (331 466)
      682 === 25 (332 466)
      683 === 25 (333 466)
      684 === 25 (334 466)
      685 === 25 (335 466)
      686 === 25 (336 466)
      687 === 25 (337 466)
      688 === 25 (338 466)
      689 === 25 (339 466)
      690 === 25 (340 466)
      691 === 25 (341 466)
      692 === 25 (342 466)
      693 === 25 (343 466)
      694 === 25 (344 466)
      695 === 25 (345 466)
      696 === 25 (346 466)
      697 === 25 (347 466)
      698 === 25 (348 466)
      699 === 25 (349 466)
      700 === 25 (350 466)
      701 === 25 (351 466)
      702 === 25 (352 466)
      703 === 25 (353 466)
      704 === 25 (354 466)
      705 === 25 (355 466)
      706 === 25 (356 466)
      707 === 25 (357 466)
      708 === 25 (358 466)
      709 === 25 (359 466)
      710 === 25 (360 466)
      711 === 25 (361 466)
      712 === 25 (362 466)
      713 === 25 (363 466)
      714 === 25 (364 466)
      715 === 25 (365 466)
      716 === 25 (366 466)
      717 === 25 (367 466)
      718 === 25 (368 466)
      719 === 25 (369 466)
      720 === 25 (370 466)
      721 === 25 (371 466)
      722 === 25 (372 466)
      723 === 25 (373 466)
      724 === 25 (374 466)
      725 === 25 (375 466)
      726 === 25 (376 466)
      727 === 25 (377 466)
      728 === 25 (378 466)
      729 === 25 (379 466)
      730 === 25 (380 466)
      731 === 25 (381 466)
      732 === 25 (382 466)
      733 === 25 (383 466)
      734 === 25 (384 466)
      735 === 25 (385 466)
      736 === 25 (386 466)
      737 === 25 (387 466)
      738 === 25 (388 466)
      739 === 25 (389 466)
      740 === 25 (390 466)
      741 === 25 (391 466)
      742 === 25 (392 466)
      743 === 25 (393 466)
      744 === 25 (394 466)
      745 === 25 (395 466)
      746 === 25 (396 466)
      747 === 25 (397 466)
      748 === 25 (398 466)
      749 === 25 (399 466)
      750 === 25 (400 466)
      751 === 25 (401 466)
      752 === 25 (402 466)
      753 === 25 (403 466)
      754 === 25 (404 466)
      755 === 25 (405 466)
      756 === 25 (406 466)
      757 === 25 (407 466)
      758 === 25 (408 466)
      759 === 25 (409 466)
      760 === 25 (410 466)
      761 === 25 (411 466)
      762 === 25 (412 466)
      763 === 25 (413 466)
      764 === 25 (414 466)
      765 === 25 (415 466)
      766 === 25 (416 466)
      767 === 25 (417 466)
      768 === 25 (418 466)
      769 === 25 (419 466)
      770 === 25 (420 466)
      771 === 25 (421 466)
      772 === 25 (422 466)
      773 === 25 (423 466)
      774 === 25 (424 466)
      775 === 25 (425 466)
      776 === 25 (426 466)
      777 === 25 (427 466)
      778 === 25 (428 466)
      779 === 25 (429 466)
      780 === 25 (430 466)
      781 === 25 (431 466)
      782 === 25 (432 466)
      783 === 25 (433 466)
      784 === 25 (434 466)
      785 === 25 (435 466)
      786 === 25 (436 466)
      787 === 25 (437 466)
      788 === 25 (438 466)
      789 === 25 (439 466)
      790 === 25 (440 466)
      791 === 25 (441 466)
      792 === 25 (442 466)
      793 === 25 (443 466)
      794 === 25 (444 466)
      795 === 25 (445 466)
      796 === 25 (446 466)
      797 === 25 (447 466)
      798 === 25 (448 466)
      799 === 25 (449 466)
      800 === 25 (450 466)
      801 === 25 (451 466)
      802 === 25 (452 466)
      803 === 25 (453 466)
      804 === 25 (454 466)
      805 === 25 (455 466)
      806 === 25 (456 466)
      807 === 25 (457 466)
      808 === 25 (458 466)
      809 === 25 (459 466)
      810 === 25 (460 466)
      811 === 25 (461 466)
      812 === 25 (462 466)
      813 === 25 (463 466)
      814 === 25 (464 466)
      815 === 25 (465 466)
      816 === 25 (466 466)
      817 === 26 (353 617)
      818 === 26 (354 617)
      819 === 26 (355 617)
      820 === 26 (356 617)
      821 === 26 (357 617)
      822 === 26 (358 617)
      823 === 26 (359 617)
      824 === 26 (360 617)
      825 === 26 (361 617)
      826 === 26 (362 617)
      827 === 26 (363 617)
      828 === 26 (364 617)
      829 === 26 (365 617)
      830 === 26 (366 617)
      831 === 26 (367 617)
      832 === 26 (368 617)
      833 === 26 (369 617)
      834 === 26 (370 617)
      835 === 26 (371 617)
      836 === 26 (372 617)
      837 === 26 (373 617)
      838 === 26 (374 617)
      839 === 26 (375 617)
      840 === 26 (376 617)
      841 === 26 (377 617)
      842 === 26 (378 617)
      843 === 26 (379 617)
      844 === 26 (380 617)
      845 === 26 (381 617)
      846 === 26 (382 617)
      847 === 26 (383 617)
      848 === 26 (384 617)
      849 === 26 (385 617)
      850 === 26 (386 617)
      851 === 26 (387 617)
      852 === 26 (388 617)
      853 === 26 (389 617)
      854 === 26 (390 617)
      855 === 26 (391 617)
      856 === 26 (392 617)
      857 === 26 (393 617)
      858 === 26 (394 617)
      859 === 26 (395 617)
      860 === 26 (396 617)
      861 === 26 (397 617)
      862 === 26 (398 617)
      863 === 26 (399 617)
      864 === 26 (400 617)
      865 === 26 (401 617)
      866 === 26 (402 617)
      867 === 26 (403 617)
      868 === 26 (404 617)
      869 === 26 (405 617)
      870 === 26 (406 617)
      871 === 26 (407 617)
      872 === 26 (408 617)
      873 === 26 (409 617)
      874 === 26 (410 617)
      875 === 26 (411 617)
      876 === 26 (412 617)
      877 === 26 (413 617)
      878 === 26 (414 617)
      879 === 26 (415 617)
      880 === 26 (416 617)
      881 === 26 (417 617)
      882 === 26 (418 617)
      883 === 26 (419 617)
      884 === 26 (420 617)
      885 === 26 (421 617)
      886 === 26 (422 617)
      887 === 26 (423 617)
      888 === 26 (424 617)
      889 === 26 (425 617)
      890 === 26 (426 617)
      891 === 26 (427 617)
      892 === 26 (428 617)
      893 === 26 (429 617)
      894 === 26 (430 617)
      895 === 26 (431 617)
      896 === 26 (432 617)
      897 === 26 (433 617)
      898 === 26 (434 617)
      899 === 26 (435 617)
      900 === 26 (436 617)
      901 === 26 (437 617)
      902 === 26 (438 617)
      903 === 26 (439 617)
      904 === 26 (440 617)
      905 === 26 (441 617)
      906 === 26 (442 617)
      907 === 26 (443 617)
      908 === 26 (444 617)
      909 === 26 (445 617)
      910 === 26 (446 617)
      911 === 26 (447 617)
      912 === 26 (448 617)
      913 === 26 (449 617)
      914 === 26 (450 617)
      915 === 26 (451 617)
      916 === 26 (452 617)
      917 === 26 (453 617)
      918 === 26 (454 617)
      919 === 26 (455 617)
      920 === 26 (456 617)
      921 === 26 (457 617)
      922 === 26 (458 617)
      923 === 26 (459 617)
      924 === 26 (460 617)
      925 === 26 (461 617)
      926 === 26 (462 617)
      927 === 26 (463 617)
      928 === 26 (464 617)
      929 === 26 (465 617)
      930 === 26 (466 617)
      931 === 26 (467 617)
      932 === 26 (468 617)
      933 === 26 (469 617)
      934 === 26 (470 617)
      935 === 26 (471 617)
      936 === 26 (472 617)
      937 === 26 (473 617)
      938 === 26 (474 617)
      939 === 26 (475 617)
      940 === 26 (476 617)
      941 === 26 (477 617)
      942 === 26 (478 617)
      943 === 26 (479 617)
      944 === 26 (480 617)
      945 === 26 (481 617)
      946 === 26 (482 617)
      947 === 26 (483 617)
      948 === 26 (484 617)
      949 === 26 (485 617)
      950 === 26 (486 617)
      951 === 26 (487 617)
      952 === 26 (488 617)
      953 === 26 (489 617)
      954 === 26 (490 617)
      955 === 26 (491 617)
      956 === 26 (492 617)
      957 === 26 (493 617)
      958 === 26 (494 617)
      959 === 26 (495 617)
      960 === 26 (496 617)
      961 === 26 (497 617)
      962 === 26 (498 617)
      963 === 26 (499 617)
      964 === 26 (500 617)
      965 === 26 (501 617)
      966 === 26 (502 617)
      967 === 26 (503 617)
      968 === 26 (504 617)
      969 === 26 (505 617)
      970 === 26 (506 617)
      971 === 26 (507 617)
      972 === 26 (508 617)
      973 === 26 (509 617)
      974 === 26 (510 617)
      975 === 26 (511 617)
      976 === 26 (512 617)
      977 === 26 (513 617)
      978 === 26 (514 617)
      979 === 26 (515 617)
      980 === 26 (516 617)
      981 === 26 (517 617)
      982 === 26 (518 617)
      983 === 26 (519 617)
      984 === 26 (520 617)
      985 === 26 (521 617)
      986 === 26 (522 617)
      987 === 26 (523 617)
      988 === 26 (524 617)
      989 === 26 (525 617)
      990 === 26 (526 617)
      991 === 26 (527 617)
      992 === 26 (528 617)
      993 === 26 (529 617)
      994 === 26 (530 617)
      995 === 26 (531 617)
      996 === 26 (532 617)
      997 === 26 (533 617)
      998 === 26 (534 617)
      999 === 26 (535 617)
      1000 === 26 (536 617)
