Case #1: 5327 6214 3142 8727 202
Case #2: 503 6851 3259 4401 4436
Case #3: 1085 923 4928 790 8763
Case #4: 8 176 2904 2556 5118
Case #5: 2430 62 4692 8051 6825
Case #6: 6868 7260 4662 7163 2690
Case #7: 5064 2387 282 1180 2002
Case #8: 465 9782 3206 1941 2287
Case #9: 2561 4234 1967 462 2924
Case #10: 177 7080 2211 8915 2677
Case #11: 9817 3132 7746 6585 8359
Case #12: 414 5614 184 9318 9600
Case #13: 3337 8321 70 4734 5137
Case #14: 6612 4284 7172 4639 9476
Case #15: 763 5141 3409 9223 6785
Case #16: 1265 2653 7783 4210 5757
Case #17: 270 6335 6055 5872 6972
Case #18: 6335 7202 9462 6855 9946
Case #19: 1414 9427 3293 6066 4934
Case #20: 2909 2016 996 156 2746
Case #21: 5 200 6000 9865 6409
Case #22: 5869 2892 6622 559 5516
Case #23: 8909 9893 2898 2154 687
Case #24: 6954 4914 4337 7727 8500
Case #25: 1 16 81 256 625
Case #26: 12 96 576
Case #27: 10 380 821 4117 191
Case #28: 8637 9081 9947 7132 140
Case #29: 1609 5135 8767 9522 2930
Case #30: 186 7440 3002 6654 6206
Case #31: 1006 9647 8361 4246 0
Case #32: 571 5783 5089 5609 7455
Case #33: 7701 4835 8444 1759 2042
Case #34: 70 2800 3928 7993 9654
Case #35: 7713 6630 3723 6295 1762
Case #36: 4758 2834 7584 9792 8420
Case #37: 3682 1013 249 8920 1881
Case #38: 5479 3131 3535 9725 444
Case #39: 3510 3380 9492 2977 5364
Case #40: 4709 5962 1133 7014 1399
Case #41: 299 1951 8485 9405 4918
Case #42: 8961 1897 3655 3881 555
Case #43: 1172 8733 2639 4568 4756
Case #44: 15 1032 7522 6864 253
Case #45: 160 4227 9004 5650 1975
Case #46: 965 6986 8492 2469 858
Case #47: 1410 5040 7664 6880 681
Case #48: 6411 6734 7995 9904 5628
Case #49: 1311 954 1328 2883 5267
Case #50: 724 4588 7020 6970 2397
Case #51: 69 4080 1856 1167 5415
Case #52: 4103 4868 9527 9741 814
Case #53: 0 0 0 0 0
Case #54: 1097 5331 6821 4733 9059
Case #55: 633 3835 4550 5740 9336
Case #56: 1923 3743 8541 2553 5857
Case #57: 7275 8267 6673 9420 1757
Case #58: 0 0 0 48
Case #59: 7945 2488 3444 3776 9938
Case #60: 4061 4724 4888 3251 1859
Case #61: 5048 7161 3259 288 660
Case #62: 672 2504 4434 4873 89
Case #63: 0 0 0 0 0
Case #64: 1990 2646 946 9608 510
Case #65: 3960 4380 7633 424 1377
Case #66: 1 4 9 16 25
Case #67: 7608 9095 7023 6706 1842
Case #68: 483 2346 2828 3430 9559
Case #69: 3264 9378 8904 8807 9300
Case #70: 191 7640 9002 6510 2606
Case #71: 90 3600 7910 7417 5263
Case #72: 706 6085 9554 2728 1056
Case #73: 564 8496 8897 827 1180
Case #74: 367 9819 8614 7537 5680
Case #75: 3753 8579 1661 736 8113
Case #76: 7406 6280 9153 533 9954
Case #77: 30 1200 5973 9145 8427
Case #78: 217 8680 166 7763 3904
Case #79: 6461 7037 5074 6355 8715
Case #80: 2 4 6 8 10
Case #81: 1 40 1089 4862 2326
Case #82: 0 3945 3518 6178 4117
Case #83: 5715 3796 39 6471 8700
Case #84: 75 4590 2955 7459 637
Case #85: 752 2422 5194 9944 2916
Case #86: 1626 2073 7659 3765 8262
Case #87: 7954 3635 8624 4847 9537
Case #88: 2194 7959 1924 285 5126
Case #89: 7173 613 6628 753 2894
Case #90: 1125 771 2700 1546 7989
Case #91: 260 6000 1910 8641 1118
Case #92: 125 1000 3375 8000 5616
Case #93: 2315 6965 4172 2017 2799
Case #94: 2
Case #95: 9497 3215 5079 1869 9428
Case #96: 3452 6931 1568 8928 259
Case #97: 6721 2251 7015 3084 6202
Case #98: 7250 3578 8612 6924 2677
Case #99: 190 3033 4025 3592 1853
Case #100: 6584 9671 9761 843
