Case #1: 1264.98659106 1713.27412287 0.29394405
Case #2: 0.00006667 157048219.89452416
Case #3: 56137173.11940771 23685695.95792562 2461967.36956477 36537798.19340533 22626661.95707594 144013652.69310048 153597667.86183256 6066418.96495082 68523902.63254784
Case #4: 54603.81390368 173243234.31302527
Case #5: 130427265.52123213 858918463.87270999 136835700.87258056 365996105.98903364 494012852.89927799 46092753.09084331 871777057.77300406 33678510.96755333
Case #6: 103091907.91005370 323059734.58033437 259772268.26533276 42338216.19842526
Case #7: 8785906.54585514 394509576.50986010 23775631.92014433 417127027.44688779 90398270.97075546 92150867.57663551 303283243.51632982 468858557.61567563 177558968.18772268
Case #8: 584231434.78733599 120003947.33905436 112191427.61667000 396034500.52138960
Case #9: 7821291.98236990 222657884.07115230 4459169.35799328 188441403.31117648 104929264.28314924 53291339.11658908 24167453.22582233
Case #10: 72731677.29375547 1963773.63446846 107057138.47903624 5722950.07060267
Case #11: 2325923.21853560 11502844.78775905 128044258.26308273 3288912.16735829 515241504.94531667 50730617.35193784
Case #12: 67494706.05220065 67367392.40986653 14797717.21419056 164896831.36578271
Case #13: 39079037.33473349 277931194.94851249 286162111.58008122 197586331.49471048
Case #14: 178710351.26126853 456563304.40123349 73779359.36929095 885504496.48381209 202449819.40063208 91865222.51471305
Case #15: 32888024.98905486 319833746.53878886 40494552.46928176 371702097.51947165 11853143.93775990 7220468.44849412 57896742.12093374 48888922.22307175
Case #16: 31435373.77302920 49667151.68456963
Case #17: 22084884.51748800 191705620.09694281 61049886.55428806 969819.92355134 113320209.91564378 133511573.77387612
Case #18: 118782185.69209173 179561851.38425544 55607888.89116956
Case #19: 170932489.18480253 81391091.97144519
Case #20: 53401665.89199202 49597501.50753272
Case #21: 67768937.96290645 471087946.55551195
Case #22: 198720861.00059694 204742.62997417
Case #23: 307360177.02984297 271124371.52019978 981936985.81372714 55932610.38676180 369849871.66355461 319330516.27638495 25605809.61642163
Case #24: 85354259.04405375 126675484.34324937
Case #25: 374661791.08648944 1190409159.60152010 484516389.28835410
Case #26: 183864619.07929608 355888005.22527540 11323307.44106340 405503854.97827584 490508981.36377072 35705095.69465269
Case #27: 6981499.26972359 66402785.10318216
Case #28: 265003873.31034058 526647389.32367796
Case #29: 360915319.08106285 156560.53174110 32854724.99903965 170777.47429376 2915236.59799025 257049411.21702501 329192413.41776139 70268566.69777575
Case #30: 98222161.48686573 26518711.62871760 90970267.96693085 120474215.38817343 57321578.52731950 1363769.16482610 225895413.79209068 980494.01891318 385838206.68077171 413501982.15899110
Case #31: 160314987.34395388 71203458.45424178 291998913.44806427 258518782.13619503 18852837.13400903
Case #32: 47526711.17597467 5502540.75011609
Case #33: 313958381.57460105 179115632.69695318 62016575.17890157 94174132.46553129
Case #34: 239996795.34354678 94882733.83600098 14614.00583755 161867857.06039813 58097178.06501868 79294945.44307670 83825862.06653704
Case #35: 586021368.45957625 23043.96133220 294906736.69161582 473974161.58448309 296227789.13077658 175685441.88374603 22811406.49682459
Case #36: 593239539.71578324 415826179.13617790
Case #37: 10348337.03847899 231688553.35503092 15051066.20422792 32741414.76380017 89597936.18287636 17369405.95729683 165486419.12402189 34344.02081142 21719385.65028967
Case #38: 3980.78757496 313828830.79314029 20437699.54405145 96752199.88612296
Case #39: 181959985.14316651 47232784.80689191
Case #40: 232229011.75163409 185126329.48160997 8792124.20681929 41022137.34993964
Case #41: 143334362.43663400 35212840.97874374 180108024.40590173 110628509.98147753 158880024.82973185 143643254.90305167
Case #42: 146483769.64891919 563092729.04738688
Case #43: 2082156.61036294 6163721.87464339
Case #44: 54907644.59793793 5730162.39553306 69320707.15231751 127017231.01986179 22305849.30869094
Case #45: 203782715.98020375 26453052.34143258 180091123.01887029 221470148.09840602 1891.53307799 209959347.19185516 115681062.20060498 467861.78217022 101756730.17714773
Case #46: 147148300.51808995 60988925.36538097
Case #47: 11439972.68240506 480694017.55958635 364636815.36537623 10782967.16199848 216630727.00556344 36427631.98188116 380862283.47001159 84088639.29913160 91939419.57081570 65624956.37217052
Case #48: 471396746.07474083 703168977.51649237 26807697.83576087 172809258.23141247 41802208.70592202 190742574.34637341
Case #49: 161004820.37737414 91471858.77767117 152485659.65040389 215204049.53488955 643106.82508771 65440971.33563963 245356794.05095404 71823026.26479733 121426755.78248952
Case #50: 281495569.42563826 240479090.50698438 553822401.97176409
Case #51: 226451996.64382815 396314170.56870210
Case #52: 44311814.72081932 23835798.13677247 28400437.09715210 33410584.39792792 205779.36399154 283341.19393130 130188870.51972276
Case #53: 104326878.31309941 78145410.58024666 51899534.95552923 1275937.67460763 257130352.72667813 70680222.01857372 253884506.21530473 9574516.24011918
Case #54: 65497305.82682042 5883001.26806730 47843664.71579241 30051549.40609979 93723.43991575 45744222.69352108 18439253.43229820 69476060.22975075
Case #55: 314582185.00107741 287090101.34486914 261017917.96096712 317727105.02953607 34725082.72414180 26939891.76242872 79152189.70278192 317317394.06533885
Case #56: 11.27095045 71089946.81888692 40026929.70539518 2322973.95456412 11497674.79655631 128327350.27630094 815987.20791706 24164688.53638072
Case #57: 67458371.47789241 201668512.59213540 92827655.31317283
Case #58: 107248264.75717419 18434991.07536959 18896952.00034407 34011194.37143832 130853304.06503245
Case #59: 3591882.58138034 19746904.04013716 20134628.28830811
Case #60: 413033670.88376242 434254022.61466032 39580122.74225215 761716282.83108258 131053679.41596107
Case #61: 265136881.02621329 294639160.72508389 350162278.47238696 736163220.88998127
Case #62: 19535211.80302879 191652081.11777627 384089533.70705271
Case #63: 22239438.47442485 30539167.52173385 42826202.75133123 217657538.10201493 8743471.23874912
Case #64: 252334178.73479626 212977176.00083065 157799288.37345925 278386010.66476458 44044620.06297258
Case #65: 115283105.81402415 69352989.65822107 32667960.89047224 204941289.77291936 5357297.48332142 204582333.03441137 165744053.43371579
Case #66: 186589275.60468850 53984633.75517567
Case #67: 198592439.86979517 25771434.34640098 76913379.36924841 230016909.52853635 6727250.18532513 52052066.05771323 202411041.87375185 68831700.50180398 238719773.72037378
Case #68: 6938281.56977949 78458.64445561 117315889.42300549 312983048.89291650 710557220.89686179
Case #69: 468870533.48167378 127440823.18547703
Case #70: 62489859.81502946 47204500.55638685 29062709.03551269 54436055.04700825 77972604.68747830
Case #71: 28475156.54643354 10057.57974442 326040973.60346657 16278167.85888671 143969072.02987155
Case #72: 163845026.08202487 66943.74285883 92872954.35469560
Case #73: 46526479.00110261 353896887.41028392 231821269.30103067 5555.16896254 169130175.89862266 186907944.05678219
Case #74: 77014469.24530125 617610626.38040316
Case #75: 48496804.02507298 7451560.42899686 192321184.14618197 89513460.53864366 135955640.73639897 90216914.36296248 99042612.23411620 378380845.41453981
Case #76: 25989189.09385784 14296333.19107269 18537207.10010323
Case #77: 72498694.77876185 137773.87740718
Case #78: 297406619.06184089 170180598.01968735
Case #79: 625091538.97197735 49542405.13107406 63641881.07135463 7667009.58090179 159675232.95852667 385976.52610630 243977416.33048773 117304786.52913490
Case #80: 7777119.01193573 2376128.42491827
Case #81: 24907322.85014859 33521205.16518820
Case #82: 463990771.75043088 56329857.46506592 16818175.34485967 33113034.18578806 59846294.43405388 15882561.05677446 165250268.45930079 209831353.46438548 662797.01884251
Case #83: 102949802.06664966 173286311.34197512 99557218.00416818 16824301.97910444 10140911.89778356 88915825.54482938
Case #84: 217715477.95576304 72027888.33883689 209128483.83584702
Case #85: 43262412.17622177 164210670.00121137
Case #86: 219829152.09626997 390064205.95028740 312922606.33153880 137542257.70946223 1854078.07540940 492188689.01955259 101221250.16205645
Case #87: 17028627.61454644 30493.70286848 6357722.55227403 148645.79132554 79627724.24729629 272254493.52903533 55.28467808
Case #88: 63334217.80347979 232022062.29823643 92908690.38037261 341356484.93497545
Case #89: 8960964.97427014 230132545.24319321
Case #90: 2165528.16317639 48785374.75880142
Case #91: 270013483.34260100 446425299.52699655 117471678.33841078 11869752.33617478 856174846.84633672 45706666.26886760 517233056.23234767 125604383.69194360 348799463.07866126
Case #92: 38419082.54919855 210748731.14906996 164916643.85825810 459847890.53400832 324752978.93063611 166595494.25614339 122466688.09249710
Case #93: 377759874.26802772 489133509.40934771
Case #94: 242867653.62251246 18375378.43259887 670824137.81058562 31506784.92984372 13586636.42788129 87021608.51856691
Case #95: 40606471.90849912 8761801.46269615 26930805.64591541 11256887.27773330 552.64630751 78034106.54472306 79931817.77290240
Case #96: 73125211.89083968 45320548.65698362 33911752.83748347 88564759.93085034 24439046.80006866 110396413.19345424 99483616.87299852 44545635.97400586 36752925.37201002
Case #97: 84428345.37761186 800935.26967155 121954008.93248732 50774640.14014674 590738687.45915794
Case #98: 45724526.00543954 99596641.06126939 5915638.91589457 34614848.23059984 81828261.97407556 1101.81273728 247809163.31108096 38248735.22602832
Case #99: 28049651.24970094 1000748.97839182
Case #100: 47286536.51562485 36114616.30936222
