6703903964971298549787012499102923063739682910296196688861780721860882015036773488400937149083451713845015929093243025426876941405973284973216824503042048
8585824243487090495934006328887919701705829457755967610414141844562298727557660872436788987610086556240489818187083834744928810052915307775028486514044712
1942145238649143293404265691082350475301281562796698340352970321539259080758326524428651206226583062704430863520302419832267091110397206960575795260518896
1647746076949558607477218938246681279958134353349392529973105275195763407900466021792780629951225052477420226136870610417781351862084422624736600793430093
12017312110873082877647785197964968012333458265606878627291215205762214202944076925709424575671470715949219257466918085697147901595685664604630680465729570
1938169748170115884758352446748859728760330978906534644085622115902488692610321758523675233880361195910608426496115075210943762067939083002949198537064508
13209087675356800844874917872286017293321713947062654376180764578681048097865672587716795898628127545123464398499032538876132871238783138111072567017338626
3300165992058166615013454964577320944003685921626254771581607174041873048801196259985177484000684427477307629896854684692716834876547018100799924906212569
6097679129220925817453624191226258777265385921565993050498068509136169193238081804634534282418111816883004930192520638116807010566103026904399409150416675
13149843509143216251405937382427187812866488379035471650359631690609519897820777770771561826134145060016465969188379994526240430954117879163852779986020577
6497956221060490651514861567136879194729765662490674165195673608650523777548163542609472769367625445924216862587392722660189966483904174727245149430239410
847091393139837118869796427428902553835826513140835113787173550990647582739595215994808895999914361561548302402204921411556533921650595078533796442948252
7446996804198197578040132145124203400142471888089709329573536404481007622705552399043324089127828278556895402074065194417158891311681188863463507519207071
13222384075063069678681226775086206436951120736822250634461978299253943108123816575788762807567427317767066966390092298691542532471511266741738286746121196
8777383936415296338269454013176947085189408304183913529857586565263786505732682566171244690050349363293352487803237288549583110610409127491184478669497954
3159508967248259560051533479582021917332203738364132097001316370085586498940130064876458734503402986896515401485254642233416126584641806089333572888973242
1751127887308395268106417163242070992522157818683367615356503671199705013670879789413828919725008867091530151880633310530945476650242429335717723527778416
6854687701179732677746323337097000876160306366302546486795375863096944479182085453057530430602068622018143194860123291095656789394633437399062269264462687
11407907093993410370703889658302309915880113136146501603060709239593404925567623229441398379467424301771620103477387941379052864867320596781058848258981243
11763982908982195430548109087645133201423556449721082678684429788920716431069098632889869510228983472062248969868082893502233132032939654498243659999003317
7737136440457697907500726767859608229396951862245811682449512570358961681929601944095378294281139204459253287686839517181281080740439965915742931078199193
3387772720452056578939289355303851669515436982254056527229756529542277876054875916676052908208546160329654992461692879414261152682972906864726351041064548
494851384889542786681145005499006743968921715324424529216469963455297092214044234419886450264039046965639465760449339492342387867849739160588866502982303
4264839040810713124908654693218212754825943661662088522603475599002036350081590525414954938254775261074769093396515332285781993820476871152435834148234495
8039037427383608765711425590336250436194724565572399773465473325843658458502400891575411094803688301978306773798302222048733372632422585685954090016097790
11619092153444674520569677970993454918373651294502217593115239195445417314766260400973954460178466937788988850431716028653463074679431231800656456539795512
12310810616210686015759146146925934412812605781776435269924468281721841550531812845611399859192761361292026617365919810187143822531465636630040513850894596
9271087503773451328324466433959402329221666720334365835928768170246986736401959134921177088874296677114680841986274987537837946380715996475333253109389898
6081919959276928882204118462481576613779183517968829501544364273160661016165539013071648451329330143120836751173312160145614770039910934933348347439248938
2524229186234759300839465634417744034096947351821629379037235475762463311788167999736368604190324026794467793534303138163744310785088027582964613115579685
530354187089904095506812092972227007922546459937476307152544727340956393770175375716541754534912699922984142419545047158658744412526891667338204232636190
3470017613347533925508697107212978853922931804545228173422156468536074537751737176718078957115305165280597173048409925605831217998562117567494378882676543
6690420711541728622349193944026569594706800311685006704277080141497636423033192155005206598893418909699298086116716358717585043202828435373791863979477867
9581727097551825827512388279259193395111607527946888529100906592639275372126070264712290162171308780869252213389274525367707322572714350500274894501766395
12281157694616074774171721998041455338881268775873122818655294721256943814402280645123031323101975651477824943750246735635305879447128378410377772901420987
12170831175930689300423794258916073944996049715644913840524431281515356503800656905795525248840257921141578544353784025457163825061550529204747719333088612
9721368870046583211269407319961530269153587448100842346058809967502020807363779775494386377057131406945307788263722492169378723695435214504077189990502058
7050737985865249636929272357451571491972377738248829816526120031352667375825934774757658919374730357823877946193600731350430870943787573295264751956161780
4270017770433380944511037401255069250869264902538733357187923430135927392793108743174619552934495335314232158093651470274093470954785413660560648349004541
1510826270160910529619877813210897369034973722231367447884348713545358316159511491191885662607191944087272259230190079263059333411645054544203460019711178
867629064283628854921483372263972090519925261173714778058414782275518552199185829362581077712545986594079123487021673502294371263613784693088976134083430
3330003810371559488079166923869086129753586037334468628842770184889806183625391220031682422865276680876020144942070249458849601989547938330849881699247212
5992507817827369563352918276358230608985274596050254323470851410104461648965728781364036678189894642883691656935686187499438774557600319215693320531420510
8315528037875372137540441453805479784971700406356202773955289929710076061147560988188450652652784344976161271480325788294244060938822612160452851961667627
10703122531606831821528381022394541292265680379260358226328912581350625940641120907822169363684077451352471716187013784099092200832389478867595935924464640
12949681074179578586464641775673441755107217077739755696559286535594812313757283608409133327617438594050426308143188474466087184417332955248270983830754943
11892246175093824615150652816768072280135745121447130089829561583761831645056040088755087008195656862526630322171848091405099067979980009314559055761745954
9805606774289038521175982473153445154532697905429822327336017856423913806145984668622196690929434179207565011071208004439891334127002084632992534979486170
7532061324201856311697289259914359652141760322880246167674255236475943326861907804332098245183910963990293731487492878227093609774643296842034432315343106
5347742539205580142570017636608075996088974187851028753581848454906512030013530849543950971123571695530722144261196785347168406614541253018707230938096250
2956927639157242244321177475442789970774301955579876261456848192786920529663020523324157734733141477058046298832004844861353858921037856065751440450934961
696296599111980413656552321238087525850936849722028491304020212523560838848570381234061205739744687113661497054832677925836226691432381125696824775727124
1294297696292058362586416408787299685160539384101905008924184825136154355489396433721829441003380892766793956465216423441096168132695489364885982201405431
3375188423683457509802398124505724695785139064323390775550851749335267274750794896937587482607078617714674238902866688517766797128796245976638534811993136
5638319524734239267959931251203671408371211010888951998099358500393643529097992738536910075561926593618261233588034542410220248065386135238088770881810542
7629378210148938921783099598993736534257348821790735339213554602917132886271693518292132805103152409890240306325655267940984808485041922769117736047794991
9739054683473467665376151261461126648994316893673131390070125629953917398929591545828227607054351914660761462221357738696904951364574903435631072876980120
11708617478274455503666134310971972484925674506629473750627180247428362499372374505092644268640328122825613152330674352284821390293389791039217409959063575
13279754253236422597161159945832438548014154057387482142745630273733223709161368115570815910380249558442066861776369082194082269131454581182850197718986186
11514982904637958836078733201556941698990533559732585539358147343012953207016429631480707377545544638644092937872452153251946301246548451081728854490774490
9659854446715006647191065944157575183387323871202477740112577021736371036925443263476441370601643086025130834165863710051212605458009936978814071822314541
7690529540850898091380906569409073670163507445352580802592697849042305196234417017662942374963884478821895267565359432130768422227976076444921737029958154
5839332167901562815770140966164380151123895667986417156643731108845872029467501439508618981072000084927938608321993594553597026467206193782476435057487066
3729260620554894619482179397974503794670173555425008753419993310631569006492330250073029393989366694426747093582686815747432392776658268370904060326042741
1755669300517376901080858805157475197958194470367825311432266569910657076702221011447120537946758125657227623678921057578771497833557233209660782667375085
79216821919033249812162340399988671007336013174224535777482996880935345310084309869213950494823103520711012684336867479054575584049373911543520633488615
1839207972405949225071803377160635629543828589413543955771965852069089759671756336827497655380885127140355978307004559685166545218133673179573737170173262
3691499602869527229670260395551145657811448271402255300698848265742916272750261531858388570718007245432939235652897169499491169090450743356198737613220864
5659556640978129616182741621584520169469744653475640329827371030896884414106276702792220133094672350033744753251565134986446948699129088226716493070181287
7430898209162363114916305731240709191363509399021702607038153495782301064691662429216598267972522990039206628792474260945906379871345007471075360749659718
9262316973202215650437237048622163875804504682183975175821108765000938792199897636539912413784212587999918776892219357086108329806960542216074238018846302
11012150730388034191130527457699516775728482118755235402662296391290416492626396840692897304193033335795852657888132386044432233017222845339157148066402559
12748401433075082145436910511500694045902939223605357830584776587088838198203896675217222062768487496187011877479984186877476532290547196356775367543767166
12466681141511112976416902421176224966130847680893298734879802513971108012841768237297538757039638600299318070330238069056179165835405992018861833114849864
10797962303905401150265841211213521065551061525000308398105225094510995206793545680147125295318620957426508508119794319945495156012683736922342540081409594
9121185650251963355714462225855922729150704747802295414994216151680366185973142931040375716574160062689567941573230046974833847316484384215153526231701442
7383998774339012436079063929019242486634700836276015726494823803305095385563085808383624680059099882628969157157084621873837366964289270732371022443823764
5700714314252441821723486843577416059031928939386022801765387216156190501754051897076829636326459064921516909179561816093078825189776933870029692252094980
3848473201323540110657039026798326060087447767952916894079968097937177844589110983673547971383967127445057419459254214149840268415838237610272726254369021
2095666818664962819131039676846247107891776806805978503362365286034904707202908407849387714888067653324780030794976676090577274404320954919724326810448393
393210834853618033019157785607226315103812118022550809344982893248208627114843798530762589892457390514845718163869353300922037855929646439771899741896554
1211064873493658106617559820959113163316293974375840450127194658076430149813554534623694794332008931162271612119242222203132797204093457602999821011773040
2879716931579555378802122704128860745370453981670269809916308362243987035279139793135701955610925883916456625381491646785411468270231575138029744604486880
4586453440796374556134268911139049946156068985998139859980003155641400800363365177220147024283278306641138606067778458204970095368907719629682107224731084
6291323002835594444030941349724852482290915724392066487973734752004744302803954887758952210159643868384090870919308192934654497478424425975588819633569975
7894295502990222839568145678495363764240820624531106156183116577564061616284536917530639102679165494357006929881698266919808784224012215839427624570871599
9561811614891481169873935545647035297151421714716428494089242342534097502588318435265657066060909243252178414853061160101827271883840129581521989669350831
11159660394268393523400038875181181347719202661043676689520378719515762362136879676988317646817897063272015956604221628062619856498868943372134537697195115
12748987316922720992637966458985788120793113790111323772705353234114709270204568318608944875623366296521957250182377410468138097652985244527140527498509947
12550398581423893250685674168779316716757120390570183938689139868051223481419225334775454486811107365786484373320612155502661336731231872868802789693914573
10994714550330258371810663487720673390387798331677820354188967349293116242898177643166372296689178768515969881718797850983047600452577344095925263261808564
9443105395811252019857701808067412528372766074647046764048354209415440375691060245713754137425424289282317467748238898288698314757728175642139272414688569
7842805546821453632931659197405939874133572978784003347009003358685747363027786838136962507747251858413931952521300274581125224343658880626466055543288581
6291382365300122043696585596554497111531944807044097029033660013501483639060038721405594602184693262731505774925709299459672200359223337563538870135079633
4658964761163802524733447365477893277823104512967112476614435154216472900876306888900459623019794723756060833044470694732304585263329649945456817902284296
3016256789454673883063620332930295832916863921512971608513687392006579325070933228025049310765732930143012803153440391086603984995489906749856166118949225
1412164418390140735334672670992792913324306710652848542290070193305576433482476064604441768406629401037767412711223397630801891825978611182081875293013321
138245508992446242712569560040249512226782470844569307563646355527108189745293143798263008854460632735617918184951364858092162565208561528487197048584747
1660693594373079362210693232738137557562466308444334672335304910795671961293909910872357329123812297466113028936222792606508277042037727433078055603787715
3219841089692172443157198259435454977409432677982856501110569654418304320669784239451840357105696139677672532198675033414702293037037052984537212238429532
4818250712647638906780017513888157298183234086954821339395413606590067444718579264008564321712852766880593724673430018532034878200832744859264108471613443
6383520148444222600430425567625365337950314936736447888064230217701191402382137082323406598815567996586055559450906896617289653729711102972694984047965360
7901771767872388069412537972766263958170308690160950205424058345717406770523351903519066169519629801345849508264757990609880977717863326506439918839526256
9452756246446125928914070448922062852730285346275947784812036290328880040737794430937582658612693809419053145605785736639962033651110359941961596695335275
10968762027846680742257340464457567222691790943051934826177852944524790013807602331541267586134037902213896882985500406208581512090818138628354341896659843
12489016791784659245901096543362727779370655487659725283902927475543719380104699546725212680391145201665267412833428871737048191934978979382333835214504843
12842292542433043821300890207994389338546098500357685420561496349758765515872161048580456035103674224654075441162725211535712816754886800626765764217283669
11355826124287509299807094546467938193448090809317809762249630379530011209685615772778294677510213530143086535357441308138924367614226103055071498770084865
9862035195454170305973293468370133646978690114542413237750330010198457355223217612147543210085968806509058115210391710686588146375634985464621402858168901
8340270744731120662427954285095091947076154052028049177242231298228296568344584464509735434773895089185161840687648984040966475817013958675683481791214573
6843317093975501215796987758098419776623777929052740629459064710276991960200633888397359135002516565342479310166976568056650611085109190370268445359512997
5328304409795486622414726078097099705202598984937093461764639840447761259392850514921145454344255414696220711197528414517434209910500442579539916080035489
3770574598421335294505286973873454460232650920338575788448946847674285697637682002957606269130649967362994240771488910544495158870459829581720506172063861
2257831329212422870897163993030393516731954686056728385505809530828167921835430432034897538967734884784337097145499556347799607003133822964553538759789457
745255871113091499816770446687131116058540357669797368368379041715003176623277729243150365784879077248204174333282151741190569314364611408910591140977202
738595584571824213535674977359913346798950503818847423560050509473501340714995065546802386598483050912184886419046971159034691754888389624325643969856974
2228688986324805738901688233675186116268030342814918951180729804382988003747475402249365818358583757725264463877068288652035594190139948599591402199037246
3721697838571564622265578635462018850484394167505874672841869745195298099650575803608356292030787783447067131382075339265290118155300054886117330153646348
5241214717924869668645654614427937918124193028801325425741405653990698743900724859289121455999244441854968096549330446886481694339023398179929576118104815
6737915022568046439593032822428515865985550004564174621146374636378930591663104059003929799674244023399204782104607144469205967371914217343506605612857574
8221098115434140983324934672282021907898424480156426381310017202274640483519626725087462096230992973463665435318717939104416207071442247024096303484313847
9717337848808346061755740256136778459825936751782539366461055276194664934136915489541342354810543615708916000854291127800884132334933096059801857473031980
11200299514379935994796204487508876984150007191498172711402183537798651257798578451481028984323677244092594889520993796033586187869468705275337550200672326
12681791996581842390939787006857746905804800662261238078684799285751149843584969366918853169513003553263093307094669970767827334755821381731048955341232620
12639630256746081195494294067437271172874488817976104667963824014604956666633337688318528559317592650658662825458046627308931158999947768435218289010628333
11153994104930123365369204076512444143788831192553140089524045087232263389780196827625143641965427494162191778494437940151489214077050845376505255925748093
9670951366132374730887490358832306159149192785652017467260658113425915210426785378279100023695263213032023493955206236874310660365144726171928401824437565
8187100523849596362760836582103905212541435787103080025699393834467366815533931050484258519560662890928406204908891494594875484749021405041557562755418933
6703903964971298549787012499102923063739682910296196688861780721860882015036850683127095359880400761168355054365145205416654035115332923362555433256135337
5220050100536311976320732848639546909387447586331658819320381492105085614167173513320847546075106236740283922169719556872777890364292838192348890949279426
3724019407614700571596078790655780137251137500352127409113914917062364126909130357524121863786951301631069136737863965161212489889936976397143549030461034
2242306454763316024658566481979064952049457934767670241511752231746343430732562788802163643616018278335761616152794507300144103987812063369969345434351353
759626358861674224824046482002979572321253934561656211748813272637602786936568218851396164303942913660248556832409422304776790672597639632789998207695049
734253908434404626047412270808788259107717565365100327518820951436438131512875158732627292092796031685070217387524448126456661513540284866741972961952662
2219802892737673446567545379394533858651927534760612999790590804668053814491945726151518363768856345392502960166614650751190102457094407491410226148790119
3703510110434290366368048665006032012781656232693748833459823096537670450548712840876897021476581312713962850705808904928435849029806072315163784879380380
5187350420530720910988763245737621332436642224599308731559833710376147219685709824760635255356183837707699224061026039590032678527991267689837667935787823
6669179491142730846306247547901849289202170969976841331536361716604815423962973580032838582064672509722149846843296339161404324106450401292967357713946615
8163994471117334593531381373952670979905086825244511000969324087544951038846348898988932639927119509500747411827824428143715249160716341565588282952335923
9647501802437279995578078689400380564076585532877573451389990750462409090230548188733361901801459468990830025181698146312207330899341997052021163504144012
11144022950898906209990340124338168420504010054972960897275693638777043240936840248331383031050368157179379133797735923030785277360614936045029695625287603
12643759875161075586439969588308628628401864140983436400587751848142744012127356154816783507229779649107000796182691169099542210893407950240686672669046636
12619300419930504134981426843260712769569990535632771514024958579490076327213988649002601109769072849705203539477962487301477006360419260590949411606718613
11095094285125530197010429799420558617498659875489876778454115690071411313875744164363829588178112041543484562327579294480799626909561384184078365502907252
9572814131652689756872940154784150630081600802905614324303156683072716004496412673326278690222323183342412095042929509887681646009954075876533440337437988
8079232660551106857434242569322717023509729774010384940590082157013154577034152501466640179365631052204702464153657386398310255021384128920950458724336753
6559066036393734476420853169040918500186814380246167218396367104991786832822312644914055909221926289809102308635378274669299961541449615457194014725030609
5068983984490227100661127064542040064857872428596266212042676406430643594872718240242331343804601990805700447887373262785448209934501260631116524621381480
3587131592338454221812615329474184058852870333420208049516126508661505392036233104245025575706143122305276699798991118565510527273213069438266625212916352
2090692988466271817925479112886799153169039509806859449063332649608403081988482899448667136356751284129979900001677693103759143353551204106528994020481876
586908416009535690800046881332563231066398421285254024453508064027696612974412632016298110919805636463896910426792843479915175083724496058562441809515258
971253609212286407605750424461576121280090663063307495927663988511455614736163932928588811354658591695986018300573126650049120929124044243593534455828124
2487306479549462515754898556446095353920511356045872114422603037855072962447304916065263324280965837807071634912673270880560138348357921507328241550640115
4008519274172179805974766246778573741647094118529426086346130441364071043308318820625384625563013860331980792552367694457680845610681342963152103057006774
5504758759352010550860412120866005793322573655859203776466849113410282922991688636497668685859553326652135695852857996958512650208128417983224312753999683
7042407030662033704620240133628613420068465403838424164374603791633937211671337860270581402545727261341847922242577689989031899535362807910822055562816775
8583644964873471620964735333200280463896547414883661941753561716167839307506213277168273771486698554731766154283654399159025814751336705200469052453181043
10105903542947837685128779223481830951956419643910064634106561854957845994604616464873776650975431831578946684422426366350968512692836278528396017475318991
11654121581189031314777672125381775207553377187858492815521100126183848377972878645162056282656097873508578551069071832577574127962005091730680021797347303
13248617655804173268990422968904198637195971746745757001012110389497082872353428686852213401565357525180912933173968224982879525339390836231471132830215207
11898707865021431291624572912912940424357854368113294946111869621966691736795069199029425627838686248188633481164976955834706768553775817775421992203353069
10297838079319564409605793915367388055345611337708836032369351770394409409466700987842835024983463166436886708135383074798024865216160319636303927517600928
8722652256858945225411164026991416589588340680270324008000556150489113741094628388166268698351507965692937194725157299458318627842286460554178740083261812
7146283545992124506119992319672300869437051432171728907905966512554944192016151253524210668591802346589526418978263064496056518493178112796026387486518753
5558424559246385055208045614796378013011633428715084552210530300326156525234061430313862941442805652557095235733977063497842730713343153028852231078057793
4038257548991907505524653615676754734178840375277525972347040452476198203358737270183472457985022399884290513441912991698631943938458876287008107704808925
2480862420181529290648599982926346383919572492724067718553674129732803299186073186040246178549456194432216737796599506553982556089809004028210984786232061
929214577131021195813476479218224509330918556844955341247611806778105427145465026477252127162024793262380999139553208954467581794064467070676720140795373
730132263274621742202957361439020563477897317457296013105744452977480379781333678266183651120881230283879785790932752595765265300012096683426652239202822
2346180648396497974765513280111472430257207011451688272747871422512285913249220802696526343743880493250015598762158851489376169297437758476792495269907996
3952252422940591652937290402389612233180989667549600514310001517684292740682863756076711297054731040557437602255422138139563579642842605492013476332493400
5510258692912635459281443347591991643211426069155513653989415740062725801959686032919379722440622882975120082637035045690290174042694749714480073081612723
7153155033925528849678636724912612142852127775706089772852978753984452015340705535192848408045372126873133892821761848686461451274881921993659457516164764
8783892774785870381904975479776832313862514582057760686615372543696891407077413508403202377856501715885864657676630877456482595847436035494089267999790771
10417807945399500282931798329507147351083643972327033999926768204652801834881357232373998239379062419116361165907726309258259517305949325619307012712830843
12086123884824660961629019684857383642831534623536318913172950975412440391555874192008363180705527010038567126293245346937625350295802612033963897029429439
12928749446932573136606906537912942354319197290319470839426208215565850993870651596555153967514137534635053871120580936841482303245076242971318079589572021
11153122269142776498298088097180629363782831529630138445805378032539215431610191970510926253818165225642553968730920863188554337860317977927595533943137396
9408288782295276208462579322887802024817298972362589437232943058583713984755521727614892764054630143489523297178637776926035262335701804199763946124088449
7740103212072748867001688035415573023060876209597870576090333129656488238560458544271178664330954445703462229046943786865737619099231808833617163110372753
5995612499923865940434965592717813122400632467029127833568552509423453758862499704698162221763755929766419965420894723782690933165508110004446592175709978
4378308360750919820432030422968406185710641195133578999704205141429875946661262933684444012985334505771295929665448573944026900677614846651665592610431636
2726086374276457574771971941565450741643435521624743845489267922855976612853567384332104099121694659184962805395438789979665804448363753324410951518943189
1057807599738230600764309638842998507623887906163012466148267441373263163545958093923109576255953920834833743729843057381154609562593442249896391277880008
766208347935326599113032687189325064964852312019157009609674817900334035412617037133886104121585267747656761241828417399774631990103497558154465848309086
2524674323678596369106371711686480197721977544141488324111443043098673219137819526352647517964340690407786734565603531182723400907866151507073445197274710
4267910103245362895369357133011056295952629026183581175004724092644710630560363822847201602637192870325023682042428089550370014486046746088957827860015939
5943821132936066890469809760920768713838247074778340831450896723124284326764518453003601417777519822338693636771565978039690334934271913776497583199820792
7782779831518961507768286126265179732356013286319499158797031342769924539891029064620889593519085923035869644074533049673054772155585608315391250798003543
9526528840284924744967772246826120287540678023907781051728563089579750249323374742662629596304924608994688417829534398680984133935831751808774545442448782
11368898097960861595414626981967208668586322383265568664910231043690490336092251435309590150515485333483051888385945724974193712275446698935461580852294007
13294890602996272097132717632101818498556487600650361020188001877886970771450679021681590262811645157455685917331685139345494524988684771935166479315129726
11424049380638406071712209449934742217898465694531249458657265920772358891441437526043492295064862511224782792601248445479304820882170227218723919681245917
9472900461291045192886581711136130635717858479567726512616675944180040205181373668033542737477569759796866029337877802600917517567620498849816851258609058
7626132389211119158853006436879395549769465162945034654017784616421657916397183630682841541065968753439265271476339505025896234135269626041569613478839569
5678124683905070314240142640485705890686700088630037484696747331613042782229014241816158559016999108398501238029451621414927832773902988210288287706737746
3929930587601251146792388172702773455785213633490378399435129503095534455192518986166086832246693286665329797800476268494506619939323005669189650953794024
2095947118286351972693665540323323896749890865431436472716263831225533282935351112643432597894400925006785150813812599339070310643432383162884458424259581
173972827918348250920972892776405490828792431379374025648568421469152097645600448413928558956795173034312673780183352466669775467042580868617391795215577
1930052072640185201482419866532239022264663008017614042785377315781332282066408098962358623071761518958827520223933026920415828595501653918049261895554486
3883959882085874329643769381481315400304505179135680633303778591125420626633842745982529937518159698395361112309467252557328578034650465814212279773819886
5725913529023537177652240697630876511074269989724501506610170644817722608669628266006591453142621958594002355713042437154107397478197712838955091899377102
7808578733200632234844590943444284986752998810725151947939999561320163027755813631170401933157170891226853312268785287918151888691986809838300637285400268
9776762971186881969073701845376526975024968316644390941747075965236748087516747355631077791471977422844260350844376267993061622976726660994220921366028486
11910636672357470742577832557901782133870398765528000381313379986464355643195456849497433816590226300805117605507934181981380691900281271886435179289047379
12517518370877865151945649507707537789355282094920280696684984556138484421663555815827179991260732361919352384911942563480620204628407934069149888426796345
10227373798409105508574574313162554659404696898467323190937177883145728969212387852787199966514726849267624894931445119142546432935457199948223271302474393
8059078911668484487390848594353958243446870801414846118312455942175826858342206311482435233637472043955897647792759234973953983675352160795707454388110861
5812977732948963029093597740724206187510828153594980221445727090452766231971641852625902495313617278131562848360735278315404282978816773479757634350305610
3851687949909830921032168177918436676625998751687430393511840217557333078035399511211345807401653564575281419502826027082894292686277996005476241222170309
1752614775704267757404657015687564693666595362299656383767019473035947416635100304901933485094785743099292387982344389258024991835020957855178160176182408
606935319152690029835460380015642980960313626567059491317074920914786919501220994940703805485563753778735848651751681832961702521942540678191782090495388
2916227494812623169261026853163097827798313700820364429302509628604141564097461393682954914998087152411940143574574066741912068748202528117228108992304323
5105604660989465568539879333752886686561719501159287756984931189447482472298095801908242307521028081953981796847395150658796417724795602961609648083818438
7474005740458807762837952920514695782125959027362000685381201385153607259850905155810209775163276609291192078838200147512712726150383466717048787086972952
9777315834375222646080198532410742263506861573839881490576522597667368723369512946611479083500880644360501775452237250629785848152864319954569513897896515
12302337443557855422182354329589000259338449337184705739922803214996117839397114599142828592036374354167295959832107024030343663427696286698977285808507615
11585332324690833536608559840512769497019724774651382792209623387406852683875902646827581611851509878328481689740512203397444372809607718001200746261806121
8946912378965671784622860519602801723344757755103092550881415531079474698850193683452127841815436361633498936704140490125671604763267268465585868131278090
6289782306824286847084352933619701277150563280158788307759553589232366424463166579173669209614596792239154484536404410907453565270596808956778874119737498
3961513016498167579930045899378572267890142867103879332886427987737877400398042707832182942675573667347496414075696142474644564314743457115223984960340613
1472157360624541262187182280110072887510657366278275525535017044281162919764150579959759151902440225601715885314063835173379381343680007221899564783384132
1385408161184713540213726982964226862034786554909349501166222903368743525708160463573499740050991249608886736403355469143211176757213089813091230841070102
4109860168431562779222804998151836845819442465605726110889999648696599742868681523551257726927099154024940908063168372426647105648961524760289290896698275
6730708054546169438801969785266456972778924552891058766234355303514973053574876789839374391853238898184358671969326053906114117725269897917891680806385110
9575215478893447550339452807506488613124511790996226260320779566540248409973270697074575857246115320251519275912047924585015238928519321364549380246189839
12663655690246345816452432763004665549671596237209292239945252348226156733672284398375521283691812475647681298399855503266407425921359763704447320647707430
10593958140982201246790298881299535656804357143716323650123596239482282458103727122551043233365363058409108922010187789108661296823602047699176371055931684
7399030500605973625881790397954365566398389772603035111978705365791759119834985623866139406553124791533837729794340787274799030195815873780989663414872242
4369172333661978274962295731162545627374793860409978961292174721925975432609181719180617720893930393998530356884446150861124974094874530321821541914003268
1382161045636034960361331493730145625743630030519992589337500383121131332141326739245152411901684828254918388559039335975890379583878026256225262144386853
2173920010878282975982218973202148888546939636957916480066628500351271560471255903558009211187756732430764035620719085901640928058937080415214674967027251
5368865408219118118778435457783176284335492698003427086637325670259764330492989395594547348979437733795868366223029361698511201268403253049589583688652743
8920580762531358028431613853426804543720839952105386991305415866246010904564474207761588941293465282579780512287280123983300804240413369178901580132208238
12674002470781973401534854205932159491189862167147571398717316000696019209385676686769912214600604184447344399622138912680976243271835936485117895473967576
9580927479410658625858072879745388718627394831697894951945478979880003175204243668566855464871852739790197654058372776981314561810288265419125803477932693
5604719012398945788186359785561839461435390601939412125374541807065695983086999114218376195701080842385219344121255842232557566850005323116136629631274433
2036944089104175888452858026070520819068982000728673273491062237559901552716599678724056347592369160885551154165469436489666057714085218976854006264549717
2382470080319482840670863460102217368969253926198856842149407315480478214081087120459193389123288361404113630531597622301950925502074487152883745517508366
6480171696329815439738782900980476254253938762254731895582578052546008442645431315994539055204818204681707037287260851197284473981004456627115015062838588
11200115299367520756442348927907733590161742216314172258914843044954889410963888647917623823323058042365644946958100340881948418887682629186807578323011955
9790891004615314972843020427054474734933738051686519962557507212325304898411138306387103708899186069545709155731795621779251379280568175838872318461311697
4727972089277517386592379597253015216773391222819130263119422364132078491911318824083923181337961076728928107966467519564923279425048726821786359478703969
349316835392314339190880212825944939339744418495774537642065674107252110243703268572263206363491609941040079846006365271366241957953736082375430992843399
5848951913470551649324214290093366091996362948057315066412111289506024217406212807887397777026446235453638483474980682001199856326654841618769897139227094
12173185468731102930651150860612165029947931646996800307886403125567609422960387882053706606918220807969267180754747969736576654720694852712862164060946663
7008855873717385818887007126468163739596454595430173688319098049544179702511926238657872824388187954753622443745192997500593911581745656081239237384165076
487679295833045703289776137177658502296250763125392576497565438152005253731899233963192063472355061315727589390842000757657410105763260099543125869625490
7417745846745345500079847347472190513258442659749144577056423855215670739187849869016840064143439770722044910588540137853034972184889006843142277859565792
9552195561262952111517386095074747953300132536361769712617882752789801131890526428109102791649483973598289482241927735657835732199299494368416127028113988
418014568892081144417331925960422650782405462197801282060829864767233146303359100631081804118396250154805707360254520490277227611570272118887043193707442
10918275385958487583355399937258153039936547090954688551042342424812117026062557710705999109830735619793694531317091731009584043224598873011129205902033235
1957991201551046325710897399778221629301110192951052557755172838284013016361685146679793195008288103357431921826153890059876111819017169609206474003636925
11137944946167764278554775162828991652913705784527876194384520110537516780798720277599375369111220690902754978145245093743780860311136842870808564158207897
10794023769198685622864487911628939521880973653246808540965057406475822618107593114708465778693191476285612948005071290590284112982064750174274344555977692
4866297833802528041123607817378395968721927192394799255960463889673753266021695493729625131685029346618046276549759642359522164422617712272686998886258002
